ARM GAS  C:\Users\SWAPNIL\AppData\Local\Temp\ccq6fckd.s 			page 1


   1              		.syntax unified
   2              		.cpu cortex-m3
   3              		.fpu softvfp
   4              		.eabi_attribute 20, 1
   5              		.eabi_attribute 21, 1
   6              		.eabi_attribute 23, 3
   7              		.eabi_attribute 24, 1
   8              		.eabi_attribute 25, 1
   9              		.eabi_attribute 26, 1
  10              		.eabi_attribute 30, 1
  11              		.eabi_attribute 34, 1
  12              		.eabi_attribute 18, 4
  13              		.thumb
  14              		.syntax unified
  15              		.file	"main.c"
  16              		.text
  17              	.Ltext0:
  18              		.cfi_sections	.debug_frame
  19              		.global	__aeabi_i2d
  20              		.global	__aeabi_ddiv
  21              		.global	__aeabi_d2uiz
  22              		.section	.text.main,"ax",%progbits
  23              		.align	2
  24              		.global	main
  25              		.thumb
  26              		.thumb_func
  27              		.type	main, %function
  28              	main:
  29              	.LFB63:
  30              		.file 1 "main.c"
   1:main.c        **** /* ========================================
   2:main.c        ****  *
   3:main.c        ****  * Copyright YOUR COMPANY, THE YEAR
   4:main.c        ****  * All Rights Reserved
   5:main.c        ****  * UNPUBLISHED, LICENSED SOFTWARE.
   6:main.c        ****  *
   7:main.c        ****  * CONFIDENTIAL AND PROPRIETARY INFORMATION
   8:main.c        ****  * WHICH IS THE PROPERTY OF your company.
   9:main.c        ****  *
  10:main.c        ****  * ========================================
  11:main.c        **** */
  12:main.c        **** #include "project.h"
  13:main.c        **** #include "math.h"
  14:main.c        **** #include "float.h"
  15:main.c        **** 
  16:main.c        **** uint16 voltage_measured, rpm, voltage, back_emf,current_1,current;
  17:main.c        **** uint8 a;
  18:main.c        **** float  back_emf_in_volts;
  19:main.c        **** int dac;
  20:main.c        **** 
  21:main.c        **** int main(void)
  22:main.c        **** {
  31              		.loc 1 22 0
  32              		.cfi_startproc
  33              		@ Volatile: function does not return.
  34              		@ args = 0, pretend = 0, frame = 0
  35              		@ frame_needed = 0, uses_anonymous_args = 0
ARM GAS  C:\Users\SWAPNIL\AppData\Local\Temp\ccq6fckd.s 			page 2


  36 0000 08B5     		push	{r3, lr}
  37              		.cfi_def_cfa_offset 8
  38              		.cfi_offset 3, -8
  39              		.cfi_offset 14, -4
  23:main.c        ****     CyGlobalIntEnable; /* Enable global interrupts. */
  40              		.loc 1 23 0
  41              		.syntax unified
  42              	@ 23 "main.c" 1
  43 0002 62B6     		CPSIE   i
  44              	@ 0 "" 2
  24:main.c        ****     ADC_Start();
  45              		.loc 1 24 0
  46              		.thumb
  47              		.syntax unified
  48 0004 FFF7FEFF 		bl	ADC_Start
  49              	.LVL0:
  25:main.c        ****     PWM_Start();
  50              		.loc 1 25 0
  51 0008 FFF7FEFF 		bl	PWM_Start
  52              	.LVL1:
  26:main.c        ****     Comp_Start();
  53              		.loc 1 26 0
  54 000c FFF7FEFF 		bl	Comp_Start
  55              	.LVL2:
  27:main.c        ****     Sample_Hold_Start();
  56              		.loc 1 27 0
  57 0010 FFF7FEFF 		bl	Sample_Hold_Start
  58              	.LVL3:
  28:main.c        ****     VDAC8_Start();
  59              		.loc 1 28 0
  60 0014 FFF7FEFF 		bl	VDAC8_Start
  61              	.LVL4:
  29:main.c        ****     PGA_Start();
  62              		.loc 1 29 0
  63 0018 FFF7FEFF 		bl	PGA_Start
  64              	.LVL5:
  30:main.c        ****     Clock_1_Start();
  65              		.loc 1 30 0
  66 001c FFF7FEFF 		bl	Clock_1_Start
  67              	.LVL6:
  31:main.c        ****     Clock_2_Start();
  68              		.loc 1 31 0
  69 0020 FFF7FEFF 		bl	Clock_2_Start
  70              	.LVL7:
  32:main.c        ****     LCD_Start();
  71              		.loc 1 32 0
  72 0024 FFF7FEFF 		bl	LCD_Start
  73              	.LVL8:
  33:main.c        ****     
  34:main.c        ****     
  35:main.c        ****     LCD_Position(0,0);
  74              		.loc 1 35 0
  75 0028 0021     		movs	r1, #0
  76 002a 0846     		mov	r0, r1
  77 002c FFF7FEFF 		bl	LCD_Position
  78              	.LVL9:
  36:main.c        ****     LCD_PrintString("Motor Loop Ctrl");
ARM GAS  C:\Users\SWAPNIL\AppData\Local\Temp\ccq6fckd.s 			page 3


  79              		.loc 1 36 0
  80 0030 3348     		ldr	r0, .L6+8
  81 0032 FFF7FEFF 		bl	LCD_PrintString
  82              	.LVL10:
  37:main.c        ****     CyDelay(1000);
  83              		.loc 1 37 0
  84 0036 4FF47A70 		mov	r0, #1000
  85 003a FFF7FEFF 		bl	CyDelay
  86              	.LVL11:
  38:main.c        ****     LCD_Position(0,0);
  87              		.loc 1 38 0
  88 003e 0021     		movs	r1, #0
  89 0040 0846     		mov	r0, r1
  90 0042 FFF7FEFF 		bl	LCD_Position
  91              	.LVL12:
  39:main.c        ****     LCD_ClearDisplay();
  92              		.loc 1 39 0
  93 0046 0120     		movs	r0, #1
  94 0048 FFF7FEFF 		bl	LCD_WriteControl
  95              	.LVL13:
  96              	.L4:
  40:main.c        ****     
  41:main.c        **** 
  42:main.c        ****     /* Place your initialization/startup code here (e.g. MyInst_Start()) */
  43:main.c        **** 
  44:main.c        ****     while(1)
  45:main.c        ****     {
  46:main.c        ****         /* Place your application code here. */
  47:main.c        ****         for( dac=0; dac<=200;dac++)
  97              		.loc 1 47 0
  98 004c 0022     		movs	r2, #0
  99 004e 2D4B     		ldr	r3, .L6+12
 100 0050 1A60     		str	r2, [r3]
 101 0052 4AE0     		b	.L2
 102              	.L3:
  48:main.c        ****         {
  49:main.c        ****         VDAC8_SetValue(dac);
 103              		.loc 1 49 0 discriminator 3
 104 0054 C0B2     		uxtb	r0, r0
 105 0056 FFF7FEFF 		bl	VDAC8_SetValue
 106              	.LVL14:
  50:main.c        ****         
  51:main.c        ****         CyDelay(100);
 107              		.loc 1 51 0 discriminator 3
 108 005a 6420     		movs	r0, #100
 109 005c FFF7FEFF 		bl	CyDelay
 110              	.LVL15:
  52:main.c        ****     
  53:main.c        ****         ADC_StartConvert();
 111              		.loc 1 53 0 discriminator 3
 112 0060 FFF7FEFF 		bl	ADC_StartConvert
 113              	.LVL16:
  54:main.c        ****         a = ADC_IsEndConversion(ADC_WAIT_FOR_RESULT);
 114              		.loc 1 54 0 discriminator 3
 115 0064 0020     		movs	r0, #0
 116 0066 FFF7FEFF 		bl	ADC_IsEndConversion
 117              	.LVL17:
ARM GAS  C:\Users\SWAPNIL\AppData\Local\Temp\ccq6fckd.s 			page 4


 118 006a 274B     		ldr	r3, .L6+16
 119 006c 1870     		strb	r0, [r3]
  55:main.c        ****         voltage_measured = ADC_GetResult16();
 120              		.loc 1 55 0 discriminator 3
 121 006e FFF7FEFF 		bl	ADC_GetResult16
 122              	.LVL18:
 123 0072 264B     		ldr	r3, .L6+20
 124 0074 1880     		strh	r0, [r3]	@ movhi
  56:main.c        ****         voltage = ADC_CountsTo_mVolts(voltage_measured);
 125              		.loc 1 56 0 discriminator 3
 126 0076 FFF7FEFF 		bl	ADC_CountsTo_mVolts
 127              	.LVL19:
 128 007a 80B2     		uxth	r0, r0
 129 007c 244B     		ldr	r3, .L6+24
 130 007e 1880     		strh	r0, [r3]	@ movhi
  57:main.c        ****        
  58:main.c        ****         current = voltage / 0.6;
 131              		.loc 1 58 0 discriminator 3
 132 0080 FFF7FEFF 		bl	__aeabi_i2d
 133              	.LVL20:
 134 0084 1CA3     		adr	r3, .L6
 135 0086 D3E90023 		ldrd	r2, [r3]
 136 008a FFF7FEFF 		bl	__aeabi_ddiv
 137              	.LVL21:
 138 008e FFF7FEFF 		bl	__aeabi_d2uiz
 139              	.LVL22:
 140 0092 80B2     		uxth	r0, r0
 141 0094 1F4C     		ldr	r4, .L6+28
 142 0096 2080     		strh	r0, [r4]	@ movhi
  59:main.c        ****         current_1= current;
 143              		.loc 1 59 0 discriminator 3
 144 0098 1F4B     		ldr	r3, .L6+32
 145 009a 1880     		strh	r0, [r3]	@ movhi
  60:main.c        ****         
  61:main.c        ****        
  62:main.c        ****         /* Display values on LCD*/
  63:main.c        ****         LCD_Position(0,0);
 146              		.loc 1 63 0 discriminator 3
 147 009c 0021     		movs	r1, #0
 148 009e 0846     		mov	r0, r1
 149 00a0 FFF7FEFF 		bl	LCD_Position
 150              	.LVL23:
  64:main.c        ****         LCD_PrintString("I=    ");
 151              		.loc 1 64 0 discriminator 3
 152 00a4 1D48     		ldr	r0, .L6+36
 153 00a6 FFF7FEFF 		bl	LCD_PrintString
 154              	.LVL24:
  65:main.c        ****         LCD_Position(0,2);
 155              		.loc 1 65 0 discriminator 3
 156 00aa 0221     		movs	r1, #2
 157 00ac 0020     		movs	r0, #0
 158 00ae FFF7FEFF 		bl	LCD_Position
 159              	.LVL25:
  66:main.c        ****         LCD_PrintNumber(current);
 160              		.loc 1 66 0 discriminator 3
 161 00b2 2088     		ldrh	r0, [r4]
 162 00b4 FFF7FEFF 		bl	LCD_PrintU32Number
ARM GAS  C:\Users\SWAPNIL\AppData\Local\Temp\ccq6fckd.s 			page 5


 163              	.LVL26:
  67:main.c        ****         LCD_Position(0,3);
 164              		.loc 1 67 0 discriminator 3
 165 00b8 0321     		movs	r1, #3
 166 00ba 0020     		movs	r0, #0
 167 00bc FFF7FEFF 		bl	LCD_Position
 168              	.LVL27:
  68:main.c        ****         LCD_PrintString(".");             
 169              		.loc 1 68 0 discriminator 3
 170 00c0 1748     		ldr	r0, .L6+40
 171 00c2 FFF7FEFF 		bl	LCD_PrintString
 172              	.LVL28:
  69:main.c        ****      
  70:main.c        ****       
  71:main.c        ****         // display value of DAC
  72:main.c        ****         LCD_Position(1,0);
 173              		.loc 1 72 0 discriminator 3
 174 00c6 0021     		movs	r1, #0
 175 00c8 0120     		movs	r0, #1
 176 00ca FFF7FEFF 		bl	LCD_Position
 177              	.LVL29:
  73:main.c        ****         LCD_PrintString("DAC=      ");
 178              		.loc 1 73 0 discriminator 3
 179 00ce 1548     		ldr	r0, .L6+44
 180 00d0 FFF7FEFF 		bl	LCD_PrintString
 181              	.LVL30:
  74:main.c        ****         LCD_Position(1,5);
 182              		.loc 1 74 0 discriminator 3
 183 00d4 0521     		movs	r1, #5
 184 00d6 0120     		movs	r0, #1
 185 00d8 FFF7FEFF 		bl	LCD_Position
 186              	.LVL31:
  75:main.c        ****         LCD_PrintNumber(dac);
 187              		.loc 1 75 0 discriminator 3
 188 00dc 094C     		ldr	r4, .L6+12
 189 00de 2088     		ldrh	r0, [r4]
 190 00e0 FFF7FEFF 		bl	LCD_PrintU32Number
 191              	.LVL32:
  47:main.c        ****         {
 192              		.loc 1 47 0 discriminator 3
 193 00e4 2368     		ldr	r3, [r4]
 194 00e6 0133     		adds	r3, r3, #1
 195 00e8 2360     		str	r3, [r4]
 196              	.L2:
  47:main.c        ****         {
 197              		.loc 1 47 0 is_stmt 0 discriminator 1
 198 00ea 064B     		ldr	r3, .L6+12
 199 00ec 1868     		ldr	r0, [r3]
 200 00ee C828     		cmp	r0, #200
 201 00f0 B0DD     		ble	.L3
 202 00f2 ABE7     		b	.L4
 203              	.L7:
 204 00f4 AFF30080 		.align	3
 205              	.L6:
 206 00f8 33333333 		.word	858993459
 207 00fc 3333E33F 		.word	1071854387
 208 0100 00000000 		.word	.LC0
ARM GAS  C:\Users\SWAPNIL\AppData\Local\Temp\ccq6fckd.s 			page 6


 209 0104 00000000 		.word	dac
 210 0108 00000000 		.word	a
 211 010c 00000000 		.word	voltage_measured
 212 0110 00000000 		.word	voltage
 213 0114 00000000 		.word	current
 214 0118 00000000 		.word	current_1
 215 011c 10000000 		.word	.LC1
 216 0120 18000000 		.word	.LC2
 217 0124 1C000000 		.word	.LC3
 218              		.cfi_endproc
 219              	.LFE63:
 220              		.size	main, .-main
 221              		.comm	dac,4,4
 222              		.comm	back_emf_in_volts,4,4
 223              		.comm	a,1,1
 224              		.comm	current,2,2
 225              		.comm	current_1,2,2
 226              		.comm	back_emf,2,2
 227              		.comm	voltage,2,2
 228              		.comm	rpm,2,2
 229              		.comm	voltage_measured,2,2
 230              		.section	.rodata.str1.4,"aMS",%progbits,1
 231              		.align	2
 232              	.LC0:
 233 0000 4D6F746F 		.ascii	"Motor Loop Ctrl\000"
 233      72204C6F 
 233      6F702043 
 233      74726C00 
 234              	.LC1:
 235 0010 493D2020 		.ascii	"I=    \000"
 235      202000
 236 0017 00       		.space	1
 237              	.LC2:
 238 0018 2E00     		.ascii	".\000"
 239 001a 0000     		.space	2
 240              	.LC3:
 241 001c 4441433D 		.ascii	"DAC=      \000"
 241      20202020 
 241      202000
 242              		.text
 243              	.Letext0:
 244              		.file 2 "c:\\program files (x86)\\cypress\\psoc creator\\4.4\\psoc creator\\import\\gnu\\arm\\5.4.
 245              		.file 3 "c:\\program files (x86)\\cypress\\psoc creator\\4.4\\psoc creator\\import\\gnu\\arm\\5.4.
 246              		.file 4 "Generated_Source\\PSoC5/cytypes.h"
 247              		.file 5 "Generated_Source\\PSoC5/core_cm3.h"
 248              		.file 6 "Generated_Source\\PSoC5/ADC.h"
 249              		.file 7 "Generated_Source\\PSoC5/PWM.h"
 250              		.file 8 "Generated_Source\\PSoC5/Comp.h"
 251              		.file 9 "Generated_Source\\PSoC5/Sample_Hold.h"
 252              		.file 10 "Generated_Source\\PSoC5/VDAC8.h"
 253              		.file 11 "Generated_Source\\PSoC5/PGA.h"
 254              		.file 12 "Generated_Source\\PSoC5/Clock_1.h"
 255              		.file 13 "Generated_Source\\PSoC5/Clock_2.h"
 256              		.file 14 "Generated_Source\\PSoC5/LCD.h"
 257              		.file 15 "Generated_Source\\PSoC5/CyLib.h"
 258              		.section	.debug_info,"",%progbits
 259              	.Ldebug_info0:
ARM GAS  C:\Users\SWAPNIL\AppData\Local\Temp\ccq6fckd.s 			page 7


 260 0000 26040000 		.4byte	0x426
 261 0004 0400     		.2byte	0x4
 262 0006 00000000 		.4byte	.Ldebug_abbrev0
 263 000a 04       		.byte	0x4
 264 000b 01       		.uleb128 0x1
 265 000c E9000000 		.4byte	.LASF44
 266 0010 0C       		.byte	0xc
 267 0011 9B020000 		.4byte	.LASF45
 268 0015 7E000000 		.4byte	.LASF46
 269 0019 00000000 		.4byte	.Ldebug_ranges0+0
 270 001d 00000000 		.4byte	0
 271 0021 00000000 		.4byte	.Ldebug_line0
 272 0025 02       		.uleb128 0x2
 273 0026 01       		.byte	0x1
 274 0027 06       		.byte	0x6
 275 0028 E4020000 		.4byte	.LASF0
 276 002c 02       		.uleb128 0x2
 277 002d 01       		.byte	0x1
 278 002e 08       		.byte	0x8
 279 002f DB000000 		.4byte	.LASF1
 280 0033 02       		.uleb128 0x2
 281 0034 02       		.byte	0x2
 282 0035 05       		.byte	0x5
 283 0036 A7020000 		.4byte	.LASF2
 284 003a 02       		.uleb128 0x2
 285 003b 02       		.byte	0x2
 286 003c 07       		.byte	0x7
 287 003d 9C010000 		.4byte	.LASF3
 288 0041 03       		.uleb128 0x3
 289 0042 2E000000 		.4byte	.LASF9
 290 0046 02       		.byte	0x2
 291 0047 3F       		.byte	0x3f
 292 0048 4C000000 		.4byte	0x4c
 293 004c 02       		.uleb128 0x2
 294 004d 04       		.byte	0x4
 295 004e 05       		.byte	0x5
 296 004f D1020000 		.4byte	.LASF4
 297 0053 02       		.uleb128 0x2
 298 0054 04       		.byte	0x4
 299 0055 07       		.byte	0x7
 300 0056 D2010000 		.4byte	.LASF5
 301 005a 02       		.uleb128 0x2
 302 005b 08       		.byte	0x8
 303 005c 05       		.byte	0x5
 304 005d 8D020000 		.4byte	.LASF6
 305 0061 02       		.uleb128 0x2
 306 0062 08       		.byte	0x8
 307 0063 07       		.byte	0x7
 308 0064 16020000 		.4byte	.LASF7
 309 0068 04       		.uleb128 0x4
 310 0069 04       		.byte	0x4
 311 006a 05       		.byte	0x5
 312 006b 696E7400 		.ascii	"int\000"
 313 006f 02       		.uleb128 0x2
 314 0070 04       		.byte	0x4
 315 0071 07       		.byte	0x7
 316 0072 00020000 		.4byte	.LASF8
ARM GAS  C:\Users\SWAPNIL\AppData\Local\Temp\ccq6fckd.s 			page 8


 317 0076 03       		.uleb128 0x3
 318 0077 BD000000 		.4byte	.LASF10
 319 007b 03       		.byte	0x3
 320 007c 2C       		.byte	0x2c
 321 007d 41000000 		.4byte	0x41
 322 0081 05       		.uleb128 0x5
 323 0082 D5000000 		.4byte	.LASF11
 324 0086 04       		.byte	0x4
 325 0087 E801     		.2byte	0x1e8
 326 0089 2C000000 		.4byte	0x2c
 327 008d 05       		.uleb128 0x5
 328 008e F9010000 		.4byte	.LASF12
 329 0092 04       		.byte	0x4
 330 0093 E901     		.2byte	0x1e9
 331 0095 3A000000 		.4byte	0x3a
 332 0099 02       		.uleb128 0x2
 333 009a 04       		.byte	0x4
 334 009b 04       		.byte	0x4
 335 009c C5000000 		.4byte	.LASF13
 336 00a0 02       		.uleb128 0x2
 337 00a1 08       		.byte	0x8
 338 00a2 04       		.byte	0x4
 339 00a3 56000000 		.4byte	.LASF14
 340 00a7 02       		.uleb128 0x2
 341 00a8 01       		.byte	0x1
 342 00a9 08       		.byte	0x8
 343 00aa A2020000 		.4byte	.LASF15
 344 00ae 02       		.uleb128 0x2
 345 00af 08       		.byte	0x8
 346 00b0 04       		.byte	0x4
 347 00b1 78020000 		.4byte	.LASF16
 348 00b5 02       		.uleb128 0x2
 349 00b6 04       		.byte	0x4
 350 00b7 07       		.byte	0x7
 351 00b8 84020000 		.4byte	.LASF17
 352 00bc 06       		.uleb128 0x6
 353 00bd E4010000 		.4byte	.LASF47
 354 00c1 01       		.byte	0x1
 355 00c2 15       		.byte	0x15
 356 00c3 68000000 		.4byte	0x68
 357 00c7 00000000 		.4byte	.LFB63
 358 00cb 28010000 		.4byte	.LFE63-.LFB63
 359 00cf 01       		.uleb128 0x1
 360 00d0 9C       		.byte	0x9c
 361 00d1 B0020000 		.4byte	0x2b0
 362 00d5 07       		.uleb128 0x7
 363 00d6 08000000 		.4byte	.LVL0
 364 00da 58030000 		.4byte	0x358
 365 00de 07       		.uleb128 0x7
 366 00df 0C000000 		.4byte	.LVL1
 367 00e3 63030000 		.4byte	0x363
 368 00e7 07       		.uleb128 0x7
 369 00e8 10000000 		.4byte	.LVL2
 370 00ec 6E030000 		.4byte	0x36e
 371 00f0 07       		.uleb128 0x7
 372 00f1 14000000 		.4byte	.LVL3
 373 00f5 79030000 		.4byte	0x379
ARM GAS  C:\Users\SWAPNIL\AppData\Local\Temp\ccq6fckd.s 			page 9


 374 00f9 07       		.uleb128 0x7
 375 00fa 18000000 		.4byte	.LVL4
 376 00fe 84030000 		.4byte	0x384
 377 0102 07       		.uleb128 0x7
 378 0103 1C000000 		.4byte	.LVL5
 379 0107 8F030000 		.4byte	0x38f
 380 010b 07       		.uleb128 0x7
 381 010c 20000000 		.4byte	.LVL6
 382 0110 9A030000 		.4byte	0x39a
 383 0114 07       		.uleb128 0x7
 384 0115 24000000 		.4byte	.LVL7
 385 0119 A5030000 		.4byte	0x3a5
 386 011d 07       		.uleb128 0x7
 387 011e 28000000 		.4byte	.LVL8
 388 0122 B0030000 		.4byte	0x3b0
 389 0126 08       		.uleb128 0x8
 390 0127 30000000 		.4byte	.LVL9
 391 012b BB030000 		.4byte	0x3bb
 392 012f 3E010000 		.4byte	0x13e
 393 0133 09       		.uleb128 0x9
 394 0134 01       		.uleb128 0x1
 395 0135 50       		.byte	0x50
 396 0136 01       		.uleb128 0x1
 397 0137 30       		.byte	0x30
 398 0138 09       		.uleb128 0x9
 399 0139 01       		.uleb128 0x1
 400 013a 51       		.byte	0x51
 401 013b 01       		.uleb128 0x1
 402 013c 30       		.byte	0x30
 403 013d 00       		.byte	0
 404 013e 08       		.uleb128 0x8
 405 013f 36000000 		.4byte	.LVL10
 406 0143 C6030000 		.4byte	0x3c6
 407 0147 55010000 		.4byte	0x155
 408 014b 09       		.uleb128 0x9
 409 014c 01       		.uleb128 0x1
 410 014d 50       		.byte	0x50
 411 014e 05       		.uleb128 0x5
 412 014f 03       		.byte	0x3
 413 0150 00000000 		.4byte	.LC0
 414 0154 00       		.byte	0
 415 0155 08       		.uleb128 0x8
 416 0156 3E000000 		.4byte	.LVL11
 417 015a D1030000 		.4byte	0x3d1
 418 015e 6A010000 		.4byte	0x16a
 419 0162 09       		.uleb128 0x9
 420 0163 01       		.uleb128 0x1
 421 0164 50       		.byte	0x50
 422 0165 03       		.uleb128 0x3
 423 0166 0A       		.byte	0xa
 424 0167 E803     		.2byte	0x3e8
 425 0169 00       		.byte	0
 426 016a 08       		.uleb128 0x8
 427 016b 46000000 		.4byte	.LVL12
 428 016f BB030000 		.4byte	0x3bb
 429 0173 82010000 		.4byte	0x182
 430 0177 09       		.uleb128 0x9
ARM GAS  C:\Users\SWAPNIL\AppData\Local\Temp\ccq6fckd.s 			page 10


 431 0178 01       		.uleb128 0x1
 432 0179 50       		.byte	0x50
 433 017a 01       		.uleb128 0x1
 434 017b 30       		.byte	0x30
 435 017c 09       		.uleb128 0x9
 436 017d 01       		.uleb128 0x1
 437 017e 51       		.byte	0x51
 438 017f 01       		.uleb128 0x1
 439 0180 30       		.byte	0x30
 440 0181 00       		.byte	0
 441 0182 08       		.uleb128 0x8
 442 0183 4C000000 		.4byte	.LVL13
 443 0187 DC030000 		.4byte	0x3dc
 444 018b 95010000 		.4byte	0x195
 445 018f 09       		.uleb128 0x9
 446 0190 01       		.uleb128 0x1
 447 0191 50       		.byte	0x50
 448 0192 01       		.uleb128 0x1
 449 0193 31       		.byte	0x31
 450 0194 00       		.byte	0
 451 0195 07       		.uleb128 0x7
 452 0196 5A000000 		.4byte	.LVL14
 453 019a E7030000 		.4byte	0x3e7
 454 019e 08       		.uleb128 0x8
 455 019f 60000000 		.4byte	.LVL15
 456 01a3 D1030000 		.4byte	0x3d1
 457 01a7 B2010000 		.4byte	0x1b2
 458 01ab 09       		.uleb128 0x9
 459 01ac 01       		.uleb128 0x1
 460 01ad 50       		.byte	0x50
 461 01ae 02       		.uleb128 0x2
 462 01af 08       		.byte	0x8
 463 01b0 64       		.byte	0x64
 464 01b1 00       		.byte	0
 465 01b2 07       		.uleb128 0x7
 466 01b3 64000000 		.4byte	.LVL16
 467 01b7 F2030000 		.4byte	0x3f2
 468 01bb 08       		.uleb128 0x8
 469 01bc 6A000000 		.4byte	.LVL17
 470 01c0 FD030000 		.4byte	0x3fd
 471 01c4 CE010000 		.4byte	0x1ce
 472 01c8 09       		.uleb128 0x9
 473 01c9 01       		.uleb128 0x1
 474 01ca 50       		.byte	0x50
 475 01cb 01       		.uleb128 0x1
 476 01cc 30       		.byte	0x30
 477 01cd 00       		.byte	0
 478 01ce 07       		.uleb128 0x7
 479 01cf 72000000 		.4byte	.LVL18
 480 01d3 08040000 		.4byte	0x408
 481 01d7 07       		.uleb128 0x7
 482 01d8 7A000000 		.4byte	.LVL19
 483 01dc 13040000 		.4byte	0x413
 484 01e0 08       		.uleb128 0x8
 485 01e1 A4000000 		.4byte	.LVL23
 486 01e5 BB030000 		.4byte	0x3bb
 487 01e9 F8010000 		.4byte	0x1f8
ARM GAS  C:\Users\SWAPNIL\AppData\Local\Temp\ccq6fckd.s 			page 11


 488 01ed 09       		.uleb128 0x9
 489 01ee 01       		.uleb128 0x1
 490 01ef 50       		.byte	0x50
 491 01f0 01       		.uleb128 0x1
 492 01f1 30       		.byte	0x30
 493 01f2 09       		.uleb128 0x9
 494 01f3 01       		.uleb128 0x1
 495 01f4 51       		.byte	0x51
 496 01f5 01       		.uleb128 0x1
 497 01f6 30       		.byte	0x30
 498 01f7 00       		.byte	0
 499 01f8 08       		.uleb128 0x8
 500 01f9 AA000000 		.4byte	.LVL24
 501 01fd C6030000 		.4byte	0x3c6
 502 0201 0F020000 		.4byte	0x20f
 503 0205 09       		.uleb128 0x9
 504 0206 01       		.uleb128 0x1
 505 0207 50       		.byte	0x50
 506 0208 05       		.uleb128 0x5
 507 0209 03       		.byte	0x3
 508 020a 10000000 		.4byte	.LC1
 509 020e 00       		.byte	0
 510 020f 08       		.uleb128 0x8
 511 0210 B2000000 		.4byte	.LVL25
 512 0214 BB030000 		.4byte	0x3bb
 513 0218 27020000 		.4byte	0x227
 514 021c 09       		.uleb128 0x9
 515 021d 01       		.uleb128 0x1
 516 021e 50       		.byte	0x50
 517 021f 01       		.uleb128 0x1
 518 0220 30       		.byte	0x30
 519 0221 09       		.uleb128 0x9
 520 0222 01       		.uleb128 0x1
 521 0223 51       		.byte	0x51
 522 0224 01       		.uleb128 0x1
 523 0225 32       		.byte	0x32
 524 0226 00       		.byte	0
 525 0227 07       		.uleb128 0x7
 526 0228 B8000000 		.4byte	.LVL26
 527 022c 1E040000 		.4byte	0x41e
 528 0230 08       		.uleb128 0x8
 529 0231 C0000000 		.4byte	.LVL27
 530 0235 BB030000 		.4byte	0x3bb
 531 0239 48020000 		.4byte	0x248
 532 023d 09       		.uleb128 0x9
 533 023e 01       		.uleb128 0x1
 534 023f 50       		.byte	0x50
 535 0240 01       		.uleb128 0x1
 536 0241 30       		.byte	0x30
 537 0242 09       		.uleb128 0x9
 538 0243 01       		.uleb128 0x1
 539 0244 51       		.byte	0x51
 540 0245 01       		.uleb128 0x1
 541 0246 33       		.byte	0x33
 542 0247 00       		.byte	0
 543 0248 08       		.uleb128 0x8
 544 0249 C6000000 		.4byte	.LVL28
ARM GAS  C:\Users\SWAPNIL\AppData\Local\Temp\ccq6fckd.s 			page 12


 545 024d C6030000 		.4byte	0x3c6
 546 0251 5F020000 		.4byte	0x25f
 547 0255 09       		.uleb128 0x9
 548 0256 01       		.uleb128 0x1
 549 0257 50       		.byte	0x50
 550 0258 05       		.uleb128 0x5
 551 0259 03       		.byte	0x3
 552 025a 18000000 		.4byte	.LC2
 553 025e 00       		.byte	0
 554 025f 08       		.uleb128 0x8
 555 0260 CE000000 		.4byte	.LVL29
 556 0264 BB030000 		.4byte	0x3bb
 557 0268 77020000 		.4byte	0x277
 558 026c 09       		.uleb128 0x9
 559 026d 01       		.uleb128 0x1
 560 026e 50       		.byte	0x50
 561 026f 01       		.uleb128 0x1
 562 0270 31       		.byte	0x31
 563 0271 09       		.uleb128 0x9
 564 0272 01       		.uleb128 0x1
 565 0273 51       		.byte	0x51
 566 0274 01       		.uleb128 0x1
 567 0275 30       		.byte	0x30
 568 0276 00       		.byte	0
 569 0277 08       		.uleb128 0x8
 570 0278 D4000000 		.4byte	.LVL30
 571 027c C6030000 		.4byte	0x3c6
 572 0280 8E020000 		.4byte	0x28e
 573 0284 09       		.uleb128 0x9
 574 0285 01       		.uleb128 0x1
 575 0286 50       		.byte	0x50
 576 0287 05       		.uleb128 0x5
 577 0288 03       		.byte	0x3
 578 0289 1C000000 		.4byte	.LC3
 579 028d 00       		.byte	0
 580 028e 08       		.uleb128 0x8
 581 028f DC000000 		.4byte	.LVL31
 582 0293 BB030000 		.4byte	0x3bb
 583 0297 A6020000 		.4byte	0x2a6
 584 029b 09       		.uleb128 0x9
 585 029c 01       		.uleb128 0x1
 586 029d 50       		.byte	0x50
 587 029e 01       		.uleb128 0x1
 588 029f 31       		.byte	0x31
 589 02a0 09       		.uleb128 0x9
 590 02a1 01       		.uleb128 0x1
 591 02a2 51       		.byte	0x51
 592 02a3 01       		.uleb128 0x1
 593 02a4 35       		.byte	0x35
 594 02a5 00       		.byte	0
 595 02a6 07       		.uleb128 0x7
 596 02a7 E4000000 		.4byte	.LVL32
 597 02ab 1E040000 		.4byte	0x41e
 598 02af 00       		.byte	0
 599 02b0 0A       		.uleb128 0xa
 600 02b1 B7010000 		.4byte	.LASF18
 601 02b5 05       		.byte	0x5
ARM GAS  C:\Users\SWAPNIL\AppData\Local\Temp\ccq6fckd.s 			page 13


 602 02b6 1207     		.2byte	0x712
 603 02b8 BC020000 		.4byte	0x2bc
 604 02bc 0B       		.uleb128 0xb
 605 02bd 76000000 		.4byte	0x76
 606 02c1 0C       		.uleb128 0xc
 607 02c2 5D000000 		.4byte	.LASF19
 608 02c6 01       		.byte	0x1
 609 02c7 10       		.byte	0x10
 610 02c8 8D000000 		.4byte	0x8d
 611 02cc 05       		.uleb128 0x5
 612 02cd 03       		.byte	0x3
 613 02ce 00000000 		.4byte	voltage_measured
 614 02d2 0D       		.uleb128 0xd
 615 02d3 72706D00 		.ascii	"rpm\000"
 616 02d7 01       		.byte	0x1
 617 02d8 10       		.byte	0x10
 618 02d9 8D000000 		.4byte	0x8d
 619 02dd 05       		.uleb128 0x5
 620 02de 03       		.byte	0x3
 621 02df 00000000 		.4byte	rpm
 622 02e3 0C       		.uleb128 0xc
 623 02e4 AF010000 		.4byte	.LASF20
 624 02e8 01       		.byte	0x1
 625 02e9 10       		.byte	0x10
 626 02ea 8D000000 		.4byte	0x8d
 627 02ee 05       		.uleb128 0x5
 628 02ef 03       		.byte	0x3
 629 02f0 00000000 		.4byte	voltage
 630 02f4 0C       		.uleb128 0xc
 631 02f5 0D020000 		.4byte	.LASF21
 632 02f9 01       		.byte	0x1
 633 02fa 10       		.byte	0x10
 634 02fb 8D000000 		.4byte	0x8d
 635 02ff 05       		.uleb128 0x5
 636 0300 03       		.byte	0x3
 637 0301 00000000 		.4byte	back_emf
 638 0305 0C       		.uleb128 0xc
 639 0306 B1020000 		.4byte	.LASF22
 640 030a 01       		.byte	0x1
 641 030b 10       		.byte	0x10
 642 030c 8D000000 		.4byte	0x8d
 643 0310 05       		.uleb128 0x5
 644 0311 03       		.byte	0x3
 645 0312 00000000 		.4byte	current_1
 646 0316 0C       		.uleb128 0xc
 647 0317 BB020000 		.4byte	.LASF23
 648 031b 01       		.byte	0x1
 649 031c 10       		.byte	0x10
 650 031d 8D000000 		.4byte	0x8d
 651 0321 05       		.uleb128 0x5
 652 0322 03       		.byte	0x3
 653 0323 00000000 		.4byte	current
 654 0327 0D       		.uleb128 0xd
 655 0328 6100     		.ascii	"a\000"
 656 032a 01       		.byte	0x1
 657 032b 11       		.byte	0x11
 658 032c 81000000 		.4byte	0x81
ARM GAS  C:\Users\SWAPNIL\AppData\Local\Temp\ccq6fckd.s 			page 14


 659 0330 05       		.uleb128 0x5
 660 0331 03       		.byte	0x3
 661 0332 00000000 		.4byte	a
 662 0336 0C       		.uleb128 0xc
 663 0337 66020000 		.4byte	.LASF24
 664 033b 01       		.byte	0x1
 665 033c 12       		.byte	0x12
 666 033d 99000000 		.4byte	0x99
 667 0341 05       		.uleb128 0x5
 668 0342 03       		.byte	0x3
 669 0343 00000000 		.4byte	back_emf_in_volts
 670 0347 0D       		.uleb128 0xd
 671 0348 64616300 		.ascii	"dac\000"
 672 034c 01       		.byte	0x1
 673 034d 13       		.byte	0x13
 674 034e 68000000 		.4byte	0x68
 675 0352 05       		.uleb128 0x5
 676 0353 03       		.byte	0x3
 677 0354 00000000 		.4byte	dac
 678 0358 0E       		.uleb128 0xe
 679 0359 5C020000 		.4byte	.LASF25
 680 035d 5C020000 		.4byte	.LASF25
 681 0361 06       		.byte	0x6
 682 0362 34       		.byte	0x34
 683 0363 0E       		.uleb128 0xe
 684 0364 4C000000 		.4byte	.LASF26
 685 0368 4C000000 		.4byte	.LASF26
 686 036c 07       		.byte	0x7
 687 036d 92       		.byte	0x92
 688 036e 0E       		.uleb128 0xe
 689 036f 00000000 		.4byte	.LASF27
 690 0373 00000000 		.4byte	.LASF27
 691 0377 08       		.byte	0x8
 692 0378 3F       		.byte	0x3f
 693 0379 0E       		.uleb128 0xe
 694 037a 1C000000 		.4byte	.LASF28
 695 037e 1C000000 		.4byte	.LASF28
 696 0382 09       		.byte	0x9
 697 0383 40       		.byte	0x40
 698 0384 0E       		.uleb128 0xe
 699 0385 F0020000 		.4byte	.LASF29
 700 0389 F0020000 		.4byte	.LASF29
 701 038d 0A       		.byte	0xa
 702 038e 33       		.byte	0x33
 703 038f 0E       		.uleb128 0xe
 704 0390 DA020000 		.4byte	.LASF30
 705 0394 DA020000 		.4byte	.LASF30
 706 0398 0B       		.byte	0xb
 707 0399 3E       		.byte	0x3e
 708 039a 0E       		.uleb128 0xe
 709 039b C3020000 		.4byte	.LASF31
 710 039f C3020000 		.4byte	.LASF31
 711 03a3 0C       		.byte	0xc
 712 03a4 27       		.byte	0x27
 713 03a5 0E       		.uleb128 0xe
 714 03a6 C4010000 		.4byte	.LASF32
 715 03aa C4010000 		.4byte	.LASF32
ARM GAS  C:\Users\SWAPNIL\AppData\Local\Temp\ccq6fckd.s 			page 15


 716 03ae 0D       		.byte	0xd
 717 03af 27       		.byte	0x27
 718 03b0 0E       		.uleb128 0xe
 719 03b1 CB000000 		.4byte	.LASF33
 720 03b5 CB000000 		.4byte	.LASF33
 721 03b9 0E       		.byte	0xe
 722 03ba 38       		.byte	0x38
 723 03bb 0E       		.uleb128 0xe
 724 03bc 2D020000 		.4byte	.LASF34
 725 03c0 2D020000 		.4byte	.LASF34
 726 03c4 0E       		.byte	0xe
 727 03c5 3D       		.byte	0x3d
 728 03c6 0E       		.uleb128 0xe
 729 03c7 E9010000 		.4byte	.LASF35
 730 03cb E9010000 		.4byte	.LASF35
 731 03cf 0E       		.byte	0xe
 732 03d0 3C       		.byte	0x3c
 733 03d1 0E       		.uleb128 0xe
 734 03d2 FC020000 		.4byte	.LASF36
 735 03d6 FC020000 		.4byte	.LASF36
 736 03da 0F       		.byte	0xf
 737 03db 76       		.byte	0x76
 738 03dc 0E       		.uleb128 0xe
 739 03dd 0B000000 		.4byte	.LASF37
 740 03e1 0B000000 		.4byte	.LASF37
 741 03e5 0E       		.byte	0xe
 742 03e6 3A       		.byte	0x3a
 743 03e7 0E       		.uleb128 0xe
 744 03e8 4D020000 		.4byte	.LASF38
 745 03ec 4D020000 		.4byte	.LASF38
 746 03f0 0A       		.byte	0xa
 747 03f1 37       		.byte	0x37
 748 03f2 0E       		.uleb128 0xe
 749 03f3 77010000 		.4byte	.LASF39
 750 03f7 77010000 		.4byte	.LASF39
 751 03fb 06       		.byte	0x6
 752 03fc D1       		.byte	0xd1
 753 03fd 0E       		.uleb128 0xe
 754 03fe 88010000 		.4byte	.LASF40
 755 0402 88010000 		.4byte	.LASF40
 756 0406 06       		.byte	0x6
 757 0407 39       		.byte	0x39
 758 0408 0E       		.uleb128 0xe
 759 0409 6E000000 		.4byte	.LASF41
 760 040d 6E000000 		.4byte	.LASF41
 761 0411 06       		.byte	0x6
 762 0412 3B       		.byte	0x3b
 763 0413 0E       		.uleb128 0xe
 764 0414 38000000 		.4byte	.LASF42
 765 0418 38000000 		.4byte	.LASF42
 766 041c 06       		.byte	0x6
 767 041d 3F       		.byte	0x3f
 768 041e 0E       		.uleb128 0xe
 769 041f 3A020000 		.4byte	.LASF43
 770 0423 3A020000 		.4byte	.LASF43
 771 0427 0E       		.byte	0xe
 772 0428 61       		.byte	0x61
ARM GAS  C:\Users\SWAPNIL\AppData\Local\Temp\ccq6fckd.s 			page 16


 773 0429 00       		.byte	0
 774              		.section	.debug_abbrev,"",%progbits
 775              	.Ldebug_abbrev0:
 776 0000 01       		.uleb128 0x1
 777 0001 11       		.uleb128 0x11
 778 0002 01       		.byte	0x1
 779 0003 25       		.uleb128 0x25
 780 0004 0E       		.uleb128 0xe
 781 0005 13       		.uleb128 0x13
 782 0006 0B       		.uleb128 0xb
 783 0007 03       		.uleb128 0x3
 784 0008 0E       		.uleb128 0xe
 785 0009 1B       		.uleb128 0x1b
 786 000a 0E       		.uleb128 0xe
 787 000b 55       		.uleb128 0x55
 788 000c 17       		.uleb128 0x17
 789 000d 11       		.uleb128 0x11
 790 000e 01       		.uleb128 0x1
 791 000f 10       		.uleb128 0x10
 792 0010 17       		.uleb128 0x17
 793 0011 00       		.byte	0
 794 0012 00       		.byte	0
 795 0013 02       		.uleb128 0x2
 796 0014 24       		.uleb128 0x24
 797 0015 00       		.byte	0
 798 0016 0B       		.uleb128 0xb
 799 0017 0B       		.uleb128 0xb
 800 0018 3E       		.uleb128 0x3e
 801 0019 0B       		.uleb128 0xb
 802 001a 03       		.uleb128 0x3
 803 001b 0E       		.uleb128 0xe
 804 001c 00       		.byte	0
 805 001d 00       		.byte	0
 806 001e 03       		.uleb128 0x3
 807 001f 16       		.uleb128 0x16
 808 0020 00       		.byte	0
 809 0021 03       		.uleb128 0x3
 810 0022 0E       		.uleb128 0xe
 811 0023 3A       		.uleb128 0x3a
 812 0024 0B       		.uleb128 0xb
 813 0025 3B       		.uleb128 0x3b
 814 0026 0B       		.uleb128 0xb
 815 0027 49       		.uleb128 0x49
 816 0028 13       		.uleb128 0x13
 817 0029 00       		.byte	0
 818 002a 00       		.byte	0
 819 002b 04       		.uleb128 0x4
 820 002c 24       		.uleb128 0x24
 821 002d 00       		.byte	0
 822 002e 0B       		.uleb128 0xb
 823 002f 0B       		.uleb128 0xb
 824 0030 3E       		.uleb128 0x3e
 825 0031 0B       		.uleb128 0xb
 826 0032 03       		.uleb128 0x3
 827 0033 08       		.uleb128 0x8
 828 0034 00       		.byte	0
 829 0035 00       		.byte	0
ARM GAS  C:\Users\SWAPNIL\AppData\Local\Temp\ccq6fckd.s 			page 17


 830 0036 05       		.uleb128 0x5
 831 0037 16       		.uleb128 0x16
 832 0038 00       		.byte	0
 833 0039 03       		.uleb128 0x3
 834 003a 0E       		.uleb128 0xe
 835 003b 3A       		.uleb128 0x3a
 836 003c 0B       		.uleb128 0xb
 837 003d 3B       		.uleb128 0x3b
 838 003e 05       		.uleb128 0x5
 839 003f 49       		.uleb128 0x49
 840 0040 13       		.uleb128 0x13
 841 0041 00       		.byte	0
 842 0042 00       		.byte	0
 843 0043 06       		.uleb128 0x6
 844 0044 2E       		.uleb128 0x2e
 845 0045 01       		.byte	0x1
 846 0046 3F       		.uleb128 0x3f
 847 0047 19       		.uleb128 0x19
 848 0048 03       		.uleb128 0x3
 849 0049 0E       		.uleb128 0xe
 850 004a 3A       		.uleb128 0x3a
 851 004b 0B       		.uleb128 0xb
 852 004c 3B       		.uleb128 0x3b
 853 004d 0B       		.uleb128 0xb
 854 004e 27       		.uleb128 0x27
 855 004f 19       		.uleb128 0x19
 856 0050 49       		.uleb128 0x49
 857 0051 13       		.uleb128 0x13
 858 0052 8701     		.uleb128 0x87
 859 0054 19       		.uleb128 0x19
 860 0055 11       		.uleb128 0x11
 861 0056 01       		.uleb128 0x1
 862 0057 12       		.uleb128 0x12
 863 0058 06       		.uleb128 0x6
 864 0059 40       		.uleb128 0x40
 865 005a 18       		.uleb128 0x18
 866 005b 9642     		.uleb128 0x2116
 867 005d 19       		.uleb128 0x19
 868 005e 01       		.uleb128 0x1
 869 005f 13       		.uleb128 0x13
 870 0060 00       		.byte	0
 871 0061 00       		.byte	0
 872 0062 07       		.uleb128 0x7
 873 0063 898201   		.uleb128 0x4109
 874 0066 00       		.byte	0
 875 0067 11       		.uleb128 0x11
 876 0068 01       		.uleb128 0x1
 877 0069 31       		.uleb128 0x31
 878 006a 13       		.uleb128 0x13
 879 006b 00       		.byte	0
 880 006c 00       		.byte	0
 881 006d 08       		.uleb128 0x8
 882 006e 898201   		.uleb128 0x4109
 883 0071 01       		.byte	0x1
 884 0072 11       		.uleb128 0x11
 885 0073 01       		.uleb128 0x1
 886 0074 31       		.uleb128 0x31
ARM GAS  C:\Users\SWAPNIL\AppData\Local\Temp\ccq6fckd.s 			page 18


 887 0075 13       		.uleb128 0x13
 888 0076 01       		.uleb128 0x1
 889 0077 13       		.uleb128 0x13
 890 0078 00       		.byte	0
 891 0079 00       		.byte	0
 892 007a 09       		.uleb128 0x9
 893 007b 8A8201   		.uleb128 0x410a
 894 007e 00       		.byte	0
 895 007f 02       		.uleb128 0x2
 896 0080 18       		.uleb128 0x18
 897 0081 9142     		.uleb128 0x2111
 898 0083 18       		.uleb128 0x18
 899 0084 00       		.byte	0
 900 0085 00       		.byte	0
 901 0086 0A       		.uleb128 0xa
 902 0087 34       		.uleb128 0x34
 903 0088 00       		.byte	0
 904 0089 03       		.uleb128 0x3
 905 008a 0E       		.uleb128 0xe
 906 008b 3A       		.uleb128 0x3a
 907 008c 0B       		.uleb128 0xb
 908 008d 3B       		.uleb128 0x3b
 909 008e 05       		.uleb128 0x5
 910 008f 49       		.uleb128 0x49
 911 0090 13       		.uleb128 0x13
 912 0091 3F       		.uleb128 0x3f
 913 0092 19       		.uleb128 0x19
 914 0093 3C       		.uleb128 0x3c
 915 0094 19       		.uleb128 0x19
 916 0095 00       		.byte	0
 917 0096 00       		.byte	0
 918 0097 0B       		.uleb128 0xb
 919 0098 35       		.uleb128 0x35
 920 0099 00       		.byte	0
 921 009a 49       		.uleb128 0x49
 922 009b 13       		.uleb128 0x13
 923 009c 00       		.byte	0
 924 009d 00       		.byte	0
 925 009e 0C       		.uleb128 0xc
 926 009f 34       		.uleb128 0x34
 927 00a0 00       		.byte	0
 928 00a1 03       		.uleb128 0x3
 929 00a2 0E       		.uleb128 0xe
 930 00a3 3A       		.uleb128 0x3a
 931 00a4 0B       		.uleb128 0xb
 932 00a5 3B       		.uleb128 0x3b
 933 00a6 0B       		.uleb128 0xb
 934 00a7 49       		.uleb128 0x49
 935 00a8 13       		.uleb128 0x13
 936 00a9 3F       		.uleb128 0x3f
 937 00aa 19       		.uleb128 0x19
 938 00ab 02       		.uleb128 0x2
 939 00ac 18       		.uleb128 0x18
 940 00ad 00       		.byte	0
 941 00ae 00       		.byte	0
 942 00af 0D       		.uleb128 0xd
 943 00b0 34       		.uleb128 0x34
ARM GAS  C:\Users\SWAPNIL\AppData\Local\Temp\ccq6fckd.s 			page 19


 944 00b1 00       		.byte	0
 945 00b2 03       		.uleb128 0x3
 946 00b3 08       		.uleb128 0x8
 947 00b4 3A       		.uleb128 0x3a
 948 00b5 0B       		.uleb128 0xb
 949 00b6 3B       		.uleb128 0x3b
 950 00b7 0B       		.uleb128 0xb
 951 00b8 49       		.uleb128 0x49
 952 00b9 13       		.uleb128 0x13
 953 00ba 3F       		.uleb128 0x3f
 954 00bb 19       		.uleb128 0x19
 955 00bc 02       		.uleb128 0x2
 956 00bd 18       		.uleb128 0x18
 957 00be 00       		.byte	0
 958 00bf 00       		.byte	0
 959 00c0 0E       		.uleb128 0xe
 960 00c1 2E       		.uleb128 0x2e
 961 00c2 00       		.byte	0
 962 00c3 3F       		.uleb128 0x3f
 963 00c4 19       		.uleb128 0x19
 964 00c5 3C       		.uleb128 0x3c
 965 00c6 19       		.uleb128 0x19
 966 00c7 6E       		.uleb128 0x6e
 967 00c8 0E       		.uleb128 0xe
 968 00c9 03       		.uleb128 0x3
 969 00ca 0E       		.uleb128 0xe
 970 00cb 3A       		.uleb128 0x3a
 971 00cc 0B       		.uleb128 0xb
 972 00cd 3B       		.uleb128 0x3b
 973 00ce 0B       		.uleb128 0xb
 974 00cf 00       		.byte	0
 975 00d0 00       		.byte	0
 976 00d1 00       		.byte	0
 977              		.section	.debug_aranges,"",%progbits
 978 0000 1C000000 		.4byte	0x1c
 979 0004 0200     		.2byte	0x2
 980 0006 00000000 		.4byte	.Ldebug_info0
 981 000a 04       		.byte	0x4
 982 000b 00       		.byte	0
 983 000c 0000     		.2byte	0
 984 000e 0000     		.2byte	0
 985 0010 00000000 		.4byte	.LFB63
 986 0014 28010000 		.4byte	.LFE63-.LFB63
 987 0018 00000000 		.4byte	0
 988 001c 00000000 		.4byte	0
 989              		.section	.debug_ranges,"",%progbits
 990              	.Ldebug_ranges0:
 991 0000 00000000 		.4byte	.LFB63
 992 0004 28010000 		.4byte	.LFE63
 993 0008 00000000 		.4byte	0
 994 000c 00000000 		.4byte	0
 995              		.section	.debug_line,"",%progbits
 996              	.Ldebug_line0:
 997 0000 47020000 		.section	.debug_str,"MS",%progbits,1
 997      0200BB01 
 997      00000201 
 997      FB0E0D00 
ARM GAS  C:\Users\SWAPNIL\AppData\Local\Temp\ccq6fckd.s 			page 20


 997      01010101 
 998              	.LASF27:
 999 0000 436F6D70 		.ascii	"Comp_Start\000"
 999      5F537461 
 999      727400
 1000              	.LASF37:
 1001 000b 4C43445F 		.ascii	"LCD_WriteControl\000"
 1001      57726974 
 1001      65436F6E 
 1001      74726F6C 
 1001      00
 1002              	.LASF28:
 1003 001c 53616D70 		.ascii	"Sample_Hold_Start\000"
 1003      6C655F48 
 1003      6F6C645F 
 1003      53746172 
 1003      7400
 1004              	.LASF9:
 1005 002e 5F5F696E 		.ascii	"__int32_t\000"
 1005      7433325F 
 1005      7400
 1006              	.LASF42:
 1007 0038 4144435F 		.ascii	"ADC_CountsTo_mVolts\000"
 1007      436F756E 
 1007      7473546F 
 1007      5F6D566F 
 1007      6C747300 
 1008              	.LASF26:
 1009 004c 50574D5F 		.ascii	"PWM_Start\000"
 1009      53746172 
 1009      7400
 1010              	.LASF14:
 1011 0056 646F7562 		.ascii	"double\000"
 1011      6C6500
 1012              	.LASF19:
 1013 005d 766F6C74 		.ascii	"voltage_measured\000"
 1013      6167655F 
 1013      6D656173 
 1013      75726564 
 1013      00
 1014              	.LASF41:
 1015 006e 4144435F 		.ascii	"ADC_GetResult16\000"
 1015      47657452 
 1015      6573756C 
 1015      74313600 
 1016              	.LASF46:
 1017 007e 433A5C55 		.ascii	"C:\\Users\\SWAPNIL\\Documents\\PSoC Creator\\Worksp"
 1017      73657273 
 1017      5C535741 
 1017      504E494C 
 1017      5C446F63 
 1018 00ac 61636530 		.ascii	"ace03\\LAB5.cydsn\000"
 1018      335C4C41 
 1018      42352E63 
 1018      7964736E 
 1018      00
 1019              	.LASF10:
ARM GAS  C:\Users\SWAPNIL\AppData\Local\Temp\ccq6fckd.s 			page 21


 1020 00bd 696E7433 		.ascii	"int32_t\000"
 1020      325F7400 
 1021              	.LASF13:
 1022 00c5 666C6F61 		.ascii	"float\000"
 1022      7400
 1023              	.LASF33:
 1024 00cb 4C43445F 		.ascii	"LCD_Start\000"
 1024      53746172 
 1024      7400
 1025              	.LASF11:
 1026 00d5 75696E74 		.ascii	"uint8\000"
 1026      3800
 1027              	.LASF1:
 1028 00db 756E7369 		.ascii	"unsigned char\000"
 1028      676E6564 
 1028      20636861 
 1028      7200
 1029              	.LASF44:
 1030 00e9 474E5520 		.ascii	"GNU C11 5.4.1 20160609 (release) [ARM/embedded-5-br"
 1030      43313120 
 1030      352E342E 
 1030      31203230 
 1030      31363036 
 1031 011c 616E6368 		.ascii	"anch revision 237715] -mcpu=cortex-m3 -mthumb -g -O"
 1031      20726576 
 1031      6973696F 
 1031      6E203233 
 1031      37373135 
 1032 014f 67202D66 		.ascii	"g -ffunction-sections -ffat-lto-objects\000"
 1032      66756E63 
 1032      74696F6E 
 1032      2D736563 
 1032      74696F6E 
 1033              	.LASF39:
 1034 0177 4144435F 		.ascii	"ADC_StartConvert\000"
 1034      53746172 
 1034      74436F6E 
 1034      76657274 
 1034      00
 1035              	.LASF40:
 1036 0188 4144435F 		.ascii	"ADC_IsEndConversion\000"
 1036      4973456E 
 1036      64436F6E 
 1036      76657273 
 1036      696F6E00 
 1037              	.LASF3:
 1038 019c 73686F72 		.ascii	"short unsigned int\000"
 1038      7420756E 
 1038      7369676E 
 1038      65642069 
 1038      6E7400
 1039              	.LASF20:
 1040 01af 766F6C74 		.ascii	"voltage\000"
 1040      61676500 
 1041              	.LASF18:
 1042 01b7 49544D5F 		.ascii	"ITM_RxBuffer\000"
 1042      52784275 
ARM GAS  C:\Users\SWAPNIL\AppData\Local\Temp\ccq6fckd.s 			page 22


 1042      66666572 
 1042      00
 1043              	.LASF32:
 1044 01c4 436C6F63 		.ascii	"Clock_2_Start\000"
 1044      6B5F325F 
 1044      53746172 
 1044      7400
 1045              	.LASF5:
 1046 01d2 6C6F6E67 		.ascii	"long unsigned int\000"
 1046      20756E73 
 1046      69676E65 
 1046      6420696E 
 1046      7400
 1047              	.LASF47:
 1048 01e4 6D61696E 		.ascii	"main\000"
 1048      00
 1049              	.LASF35:
 1050 01e9 4C43445F 		.ascii	"LCD_PrintString\000"
 1050      5072696E 
 1050      74537472 
 1050      696E6700 
 1051              	.LASF12:
 1052 01f9 75696E74 		.ascii	"uint16\000"
 1052      313600
 1053              	.LASF8:
 1054 0200 756E7369 		.ascii	"unsigned int\000"
 1054      676E6564 
 1054      20696E74 
 1054      00
 1055              	.LASF21:
 1056 020d 6261636B 		.ascii	"back_emf\000"
 1056      5F656D66 
 1056      00
 1057              	.LASF7:
 1058 0216 6C6F6E67 		.ascii	"long long unsigned int\000"
 1058      206C6F6E 
 1058      6720756E 
 1058      7369676E 
 1058      65642069 
 1059              	.LASF34:
 1060 022d 4C43445F 		.ascii	"LCD_Position\000"
 1060      506F7369 
 1060      74696F6E 
 1060      00
 1061              	.LASF43:
 1062 023a 4C43445F 		.ascii	"LCD_PrintU32Number\000"
 1062      5072696E 
 1062      74553332 
 1062      4E756D62 
 1062      657200
 1063              	.LASF38:
 1064 024d 56444143 		.ascii	"VDAC8_SetValue\000"
 1064      385F5365 
 1064      7456616C 
 1064      756500
 1065              	.LASF25:
 1066 025c 4144435F 		.ascii	"ADC_Start\000"
ARM GAS  C:\Users\SWAPNIL\AppData\Local\Temp\ccq6fckd.s 			page 23


 1066      53746172 
 1066      7400
 1067              	.LASF24:
 1068 0266 6261636B 		.ascii	"back_emf_in_volts\000"
 1068      5F656D66 
 1068      5F696E5F 
 1068      766F6C74 
 1068      7300
 1069              	.LASF16:
 1070 0278 6C6F6E67 		.ascii	"long double\000"
 1070      20646F75 
 1070      626C6500 
 1071              	.LASF17:
 1072 0284 73697A65 		.ascii	"sizetype\000"
 1072      74797065 
 1072      00
 1073              	.LASF6:
 1074 028d 6C6F6E67 		.ascii	"long long int\000"
 1074      206C6F6E 
 1074      6720696E 
 1074      7400
 1075              	.LASF45:
 1076 029b 6D61696E 		.ascii	"main.c\000"
 1076      2E6300
 1077              	.LASF15:
 1078 02a2 63686172 		.ascii	"char\000"
 1078      00
 1079              	.LASF2:
 1080 02a7 73686F72 		.ascii	"short int\000"
 1080      7420696E 
 1080      7400
 1081              	.LASF22:
 1082 02b1 63757272 		.ascii	"current_1\000"
 1082      656E745F 
 1082      3100
 1083              	.LASF23:
 1084 02bb 63757272 		.ascii	"current\000"
 1084      656E7400 
 1085              	.LASF31:
 1086 02c3 436C6F63 		.ascii	"Clock_1_Start\000"
 1086      6B5F315F 
 1086      53746172 
 1086      7400
 1087              	.LASF4:
 1088 02d1 6C6F6E67 		.ascii	"long int\000"
 1088      20696E74 
 1088      00
 1089              	.LASF30:
 1090 02da 5047415F 		.ascii	"PGA_Start\000"
 1090      53746172 
 1090      7400
 1091              	.LASF0:
 1092 02e4 7369676E 		.ascii	"signed char\000"
 1092      65642063 
 1092      68617200 
 1093              	.LASF29:
 1094 02f0 56444143 		.ascii	"VDAC8_Start\000"
ARM GAS  C:\Users\SWAPNIL\AppData\Local\Temp\ccq6fckd.s 			page 24


 1094      385F5374 
 1094      61727400 
 1095              	.LASF36:
 1096 02fc 43794465 		.ascii	"CyDelay\000"
 1096      6C617900 
 1097              		.ident	"GCC: (GNU Tools for ARM Embedded Processors) 5.4.1 20160609 (release) [ARM/embedded-5-bran
