--------------- Rebuild Started: 09/23/2021 15:17:40 Project: Assignment_1, Configuration: ARM GCC 5.4-2016-q2-update Debug ---------------
Deleting file ".\CortexM3\ARM_GCC_541\Debug\main.o"
Deleting file ".\CortexM3\ARM_GCC_541\Debug\cyfitter_cfg.o"
Deleting file ".\CortexM3\ARM_GCC_541\Debug\cymetadata.o"
Deleting file ".\CortexM3\ARM_GCC_541\Debug\ADC_DelSig_1.o"
Deleting file ".\CortexM3\ARM_GCC_541\Debug\ADC_DelSig_1_PM.o"
Deleting file ".\CortexM3\ARM_GCC_541\Debug\ADC_DelSig_1_INT.o"
Deleting file ".\CortexM3\ARM_GCC_541\Debug\AMux_1.o"
Deleting file ".\CortexM3\ARM_GCC_541\Debug\Thermistor_1.o"
Deleting file ".\CortexM3\ARM_GCC_541\Debug\LCD.o"
Deleting file ".\CortexM3\ARM_GCC_541\Debug\LCD_PM.o"
Deleting file ".\CortexM3\ARM_GCC_541\Debug\P3_4.o"
Deleting file ".\CortexM3\ARM_GCC_541\Debug\P3_3.o"
Deleting file ".\CortexM3\ARM_GCC_541\Debug\P0_1.o"
Deleting file ".\CortexM3\ARM_GCC_541\Debug\P0_0.o"
Deleting file ".\CortexM3\ARM_GCC_541\Debug\ADC_DelSig_1_Ext_CP_Clk.o"
Deleting file ".\CortexM3\ARM_GCC_541\Debug\ADC_DelSig_1_IRQ.o"
Deleting file ".\CortexM3\ARM_GCC_541\Debug\ADC_DelSig_1_theACLK.o"
Deleting file ".\CortexM3\ARM_GCC_541\Debug\LCD_LCDPort.o"
Deleting file ".\CortexM3\ARM_GCC_541\Debug\Cm3Start.o"
Deleting file ".\CortexM3\ARM_GCC_541\Debug\CyBootAsmGnu.o"
Deleting file ".\CortexM3\ARM_GCC_541\Debug\CyDmac.o"
Deleting file ".\CortexM3\ARM_GCC_541\Debug\CyFlash.o"
Deleting file ".\CortexM3\ARM_GCC_541\Debug\CyLib.o"
Deleting file ".\CortexM3\ARM_GCC_541\Debug\cyPm.o"
Deleting file ".\CortexM3\ARM_GCC_541\Debug\CySpc.o"
Deleting file ".\CortexM3\ARM_GCC_541\Debug\cyutils.o"
Deleting file ".\CortexM3\ARM_GCC_541\Debug\cy_em_eeprom.o"
Deleting file ".\CortexM3\ARM_GCC_541\Debug\P5_0.o"
Deleting file ".\CortexM3\ARM_GCC_541\Debug\P5_1.o"
Deleting file ".\CortexM3\ARM_GCC_541\Debug\P0_2.o"
Deleting file ".\CortexM3\ARM_GCC_541\Debug\Assignment_1.hex"
Deleting file ".\CortexM3\ARM_GCC_541\Debug\Assignment_1.map"
Deleting file ".\Assignment_1.rpt"
Deleting file ".\Assignment_1_timing.html"
Deleting file ".\CortexM3\ARM_GCC_541\Debug\.deps\SOURCE_C__ARM_GCC_GENERIC.P"
Deleting file ".\CortexM3\ARM_GCC_541\Debug\.deps\SOURCE_ASM__ARM_GCC_GENERIC.P"
cydsfit.exe -.appdatapath "C:\Users\SWAPNIL\AppData\Local\Cypress Semiconductor\PSoC Creator\4.4" -.fdsnotice -.fdswarpdepfile=warp_dependencies.txt -.fdselabdepfile=elab_dependencies.txt -.fdsbldfile=generated_files.txt -.fdsreffile=referenced_files.txt -p "C:\Users\SWAPNIL\Documents\PSoC Creator\Workspace01\Assignment_1.cydsn\Assignment_1.cyprj" -d CY8C5868AXI-LP035 -s "C:\Users\SWAPNIL\Documents\PSoC Creator\Workspace01\Assignment_1.cydsn\Generated_Source\PSoC5" -- -yv2 -q10 -ygs -o2 -v3 -.fftcfgtype=LE
Elaborating Design...
ADD: sdb.M0025: error: No input on Instance "Pin3_1", terminal "y_0".
 * C:\Users\SWAPNIL\Documents\PSoC Creator\Workspace01\Assignment_1.cydsn\TopDesign\TopDesign.cysch (Signal: Net_76)
 * C:\Users\SWAPNIL\Documents\PSoC Creator\Workspace01\Assignment_1.cydsn\TopDesign\TopDesign.cysch (Shape_112.2)
ADD: sdb.M0050: error: Terminal "y_0" requires connection when it is visible.
 * C:\Users\SWAPNIL\Documents\PSoC Creator\Workspace01\Assignment_1.cydsn\TopDesign\TopDesign.cysch (Signal: Net_76)
 * C:\Users\SWAPNIL\Documents\PSoC Creator\Workspace01\Assignment_1.cydsn\TopDesign\TopDesign.cysch (Shape_112.2)
ADD: sdb.M0025: error: No input on Instance "Pin1_7", terminal "y_0".
 * C:\Users\SWAPNIL\Documents\PSoC Creator\Workspace01\Assignment_1.cydsn\TopDesign\TopDesign.cysch (Signal: Net_78)
 * C:\Users\SWAPNIL\Documents\PSoC Creator\Workspace01\Assignment_1.cydsn\TopDesign\TopDesign.cysch (Shape_111.2)
ADD: sdb.M0050: error: Terminal "y_0" requires connection when it is visible.
 * C:\Users\SWAPNIL\Documents\PSoC Creator\Workspace01\Assignment_1.cydsn\TopDesign\TopDesign.cysch (Signal: Net_78)
 * C:\Users\SWAPNIL\Documents\PSoC Creator\Workspace01\Assignment_1.cydsn\TopDesign\TopDesign.cysch (Shape_111.2)
Error: fit.M0050: The fitter aborted due to errors, please address all errors and rebuild. (App=cydsfit)
--------------- Rebuild Failed: 09/23/2021 15:17:43 ---------------
