ARM GAS  C:\Users\SWAPNIL\AppData\Local\Temp\cc8zzm4p.s 			page 1


   1              		.syntax unified
   2              		.cpu cortex-m3
   3              		.fpu softvfp
   4              		.eabi_attribute 20, 1
   5              		.eabi_attribute 21, 1
   6              		.eabi_attribute 23, 3
   7              		.eabi_attribute 24, 1
   8              		.eabi_attribute 25, 1
   9              		.eabi_attribute 26, 1
  10              		.eabi_attribute 30, 1
  11              		.eabi_attribute 34, 1
  12              		.eabi_attribute 18, 4
  13              		.thumb
  14              		.syntax unified
  15              		.file	"cymetadata.c"
  16              		.text
  17              	.Ltext0:
  18              		.cfi_sections	.debug_frame
  19              		.global	cy_metadata
  20              		.global	cy_meta_flashprotect
  21              		.global	cy_meta_wonvl
  22              		.global	cy_meta_custnvl
  23              		.global	cy_meta_configecc
  24              		.section	.cyconfigecc,"a",%progbits
  25              		.align	2
  26              		.type	cy_meta_configecc, %object
  27              		.size	cy_meta_configecc, 1184
  28              	cy_meta_configecc:
  29 0000 01       		.byte	1
  30 0001 45       		.byte	69
  31 0002 00       		.byte	0
  32 0003 40       		.byte	64
  33 0004 03       		.byte	3
  34 0005 52       		.byte	82
  35 0006 00       		.byte	0
  36 0007 40       		.byte	64
  37 0008 03       		.byte	3
  38 0009 64       		.byte	100
  39 000a 00       		.byte	0
  40 000b 40       		.byte	64
  41 000c 52       		.byte	82
  42 000d 00       		.byte	0
  43 000e 01       		.byte	1
  44 000f 40       		.byte	64
  45 0010 35       		.byte	53
  46 0011 01       		.byte	1
  47 0012 01       		.byte	1
  48 0013 40       		.byte	64
  49 0014 53       		.byte	83
  50 0015 02       		.byte	2
  51 0016 01       		.byte	1
  52 0017 40       		.byte	64
  53 0018 46       		.byte	70
  54 0019 03       		.byte	3
  55 001a 01       		.byte	1
  56 001b 40       		.byte	64
  57 001c 0D       		.byte	13
ARM GAS  C:\Users\SWAPNIL\AppData\Local\Temp\cc8zzm4p.s 			page 2


  58 001d 04       		.byte	4
  59 001e 01       		.byte	1
  60 001f 40       		.byte	64
  61 0020 3B       		.byte	59
  62 0021 05       		.byte	5
  63 0022 01       		.byte	1
  64 0023 40       		.byte	64
  65 0024 04       		.byte	4
  66 0025 06       		.byte	6
  67 0026 01       		.byte	1
  68 0027 40       		.byte	64
  69 0028 03       		.byte	3
  70 0029 07       		.byte	7
  71 002a 01       		.byte	1
  72 002b 40       		.byte	64
  73 002c 01       		.byte	1
  74 002d 15       		.byte	21
  75 002e 01       		.byte	1
  76 002f 40       		.byte	64
  77 0030 03       		.byte	3
  78 0031 17       		.byte	23
  79 0032 01       		.byte	1
  80 0033 40       		.byte	64
  81 0034 03       		.byte	3
  82 0035 19       		.byte	25
  83 0036 01       		.byte	1
  84 0037 40       		.byte	64
  85 0038 01       		.byte	1
  86 0039 1B       		.byte	27
  87 003a 01       		.byte	1
  88 003b 40       		.byte	64
  89 003c 05       		.byte	5
  90 003d 40       		.byte	64
  91 003e 01       		.byte	1
  92 003f 40       		.byte	64
  93 0040 05       		.byte	5
  94 0041 41       		.byte	65
  95 0042 01       		.byte	1
  96 0043 40       		.byte	64
  97 0044 07       		.byte	7
  98 0045 42       		.byte	66
  99 0046 01       		.byte	1
 100 0047 40       		.byte	64
 101 0048 07       		.byte	7
 102 0049 43       		.byte	67
 103 004a 01       		.byte	1
 104 004b 40       		.byte	64
 105 004c 02       		.byte	2
 106 004d 44       		.byte	68
 107 004e 01       		.byte	1
 108 004f 40       		.byte	64
 109 0050 01       		.byte	1
 110 0051 45       		.byte	69
 111 0052 01       		.byte	1
 112 0053 40       		.byte	64
 113 0054 03       		.byte	3
 114 0055 46       		.byte	70
ARM GAS  C:\Users\SWAPNIL\AppData\Local\Temp\cc8zzm4p.s 			page 3


 115 0056 01       		.byte	1
 116 0057 40       		.byte	64
 117 0058 06       		.byte	6
 118 0059 47       		.byte	71
 119 005a 01       		.byte	1
 120 005b 40       		.byte	64
 121 005c 06       		.byte	6
 122 005d 48       		.byte	72
 123 005e 01       		.byte	1
 124 005f 40       		.byte	64
 125 0060 01       		.byte	1
 126 0061 49       		.byte	73
 127 0062 01       		.byte	1
 128 0063 40       		.byte	64
 129 0064 05       		.byte	5
 130 0065 4C       		.byte	76
 131 0066 01       		.byte	1
 132 0067 40       		.byte	64
 133 0068 02       		.byte	2
 134 0069 4D       		.byte	77
 135 006a 01       		.byte	1
 136 006b 40       		.byte	64
 137 006c 03       		.byte	3
 138 006d 50       		.byte	80
 139 006e 01       		.byte	1
 140 006f 40       		.byte	64
 141 0070 01       		.byte	1
 142 0071 51       		.byte	81
 143 0072 01       		.byte	1
 144 0073 40       		.byte	64
 145 0074 7E       		.byte	126
 146 0075 02       		.byte	2
 147 0076 21       		.byte	33
 148 0077 80       		.byte	-128
 149 0078 64       		.byte	100
 150 0079 04       		.byte	4
 151 007a 7C       		.byte	124
 152 007b 40       		.byte	64
 153 007c 81       		.byte	-127
 154 007d 0F       		.byte	15
 155 007e 83       		.byte	-125
 156 007f 72       		.byte	114
 157 0080 84       		.byte	-124
 158 0081 38       		.byte	56
 159 0082 00       		.byte	0
 160 0083 03       		.byte	3
 161 0084 01       		.byte	1
 162 0085 04       		.byte	4
 163 0086 02       		.byte	2
 164 0087 0C       		.byte	12
 165 0088 04       		.byte	4
 166 0089 01       		.byte	1
 167 008a 05       		.byte	5
 168 008b 0E       		.byte	14
 169 008c 07       		.byte	7
 170 008d 01       		.byte	1
 171 008e 09       		.byte	9
ARM GAS  C:\Users\SWAPNIL\AppData\Local\Temp\cc8zzm4p.s 			page 4


 172 008f 06       		.byte	6
 173 0090 0A       		.byte	10
 174 0091 03       		.byte	3
 175 0092 0C       		.byte	12
 176 0093 03       		.byte	3
 177 0094 14       		.byte	20
 178 0095 0C       		.byte	12
 179 0096 15       		.byte	21
 180 0097 0F       		.byte	15
 181 0098 18       		.byte	24
 182 0099 0F       		.byte	15
 183 009a 19       		.byte	25
 184 009b 0E       		.byte	14
 185 009c 1B       		.byte	27
 186 009d 01       		.byte	1
 187 009e 1C       		.byte	28
 188 009f 08       		.byte	8
 189 00a0 20       		.byte	32
 190 00a1 02       		.byte	2
 191 00a2 21       		.byte	33
 192 00a3 09       		.byte	9
 193 00a4 23       		.byte	35
 194 00a5 06       		.byte	6
 195 00a6 24       		.byte	36
 196 00a7 04       		.byte	4
 197 00a8 27       		.byte	39
 198 00a9 01       		.byte	1
 199 00aa 28       		.byte	40
 200 00ab 0F       		.byte	15
 201 00ac 29       		.byte	41
 202 00ad 02       		.byte	2
 203 00ae 2C       		.byte	44
 204 00af 0C       		.byte	12
 205 00b0 2E       		.byte	46
 206 00b1 03       		.byte	3
 207 00b2 30       		.byte	48
 208 00b3 0F       		.byte	15
 209 00b4 35       		.byte	53
 210 00b5 07       		.byte	7
 211 00b6 37       		.byte	55
 212 00b7 08       		.byte	8
 213 00b8 3A       		.byte	58
 214 00b9 02       		.byte	2
 215 00ba 3B       		.byte	59
 216 00bb 20       		.byte	32
 217 00bc 3F       		.byte	63
 218 00bd 40       		.byte	64
 219 00be 58       		.byte	88
 220 00bf 04       		.byte	4
 221 00c0 59       		.byte	89
 222 00c1 04       		.byte	4
 223 00c2 5C       		.byte	92
 224 00c3 11       		.byte	17
 225 00c4 5F       		.byte	95
 226 00c5 01       		.byte	1
 227 00c6 81       		.byte	-127
 228 00c7 01       		.byte	1
ARM GAS  C:\Users\SWAPNIL\AppData\Local\Temp\cc8zzm4p.s 			page 5


 229 00c8 83       		.byte	-125
 230 00c9 06       		.byte	6
 231 00ca 87       		.byte	-121
 232 00cb 0C       		.byte	12
 233 00cc 88       		.byte	-120
 234 00cd 10       		.byte	16
 235 00ce 8B       		.byte	-117
 236 00cf 08       		.byte	8
 237 00d0 8D       		.byte	-115
 238 00d1 10       		.byte	16
 239 00d2 91       		.byte	-111
 240 00d3 01       		.byte	1
 241 00d4 93       		.byte	-109
 242 00d5 0E       		.byte	14
 243 00d6 96       		.byte	-106
 244 00d7 03       		.byte	3
 245 00d8 98       		.byte	-104
 246 00d9 09       		.byte	9
 247 00da 9A       		.byte	-102
 248 00db 10       		.byte	16
 249 00dc 9C       		.byte	-100
 250 00dd 0C       		.byte	12
 251 00de 9E       		.byte	-98
 252 00df 11       		.byte	17
 253 00e0 A0       		.byte	-96
 254 00e1 1C       		.byte	28
 255 00e2 A1       		.byte	-95
 256 00e3 0C       		.byte	12
 257 00e4 A2       		.byte	-94
 258 00e5 02       		.byte	2
 259 00e6 A3       		.byte	-93
 260 00e7 03       		.byte	3
 261 00e8 A8       		.byte	-88
 262 00e9 14       		.byte	20
 263 00ea AC       		.byte	-84
 264 00eb 10       		.byte	16
 265 00ec AE       		.byte	-82
 266 00ed 0C       		.byte	12
 267 00ee AF       		.byte	-81
 268 00ef 03       		.byte	3
 269 00f0 B2       		.byte	-78
 270 00f1 1F       		.byte	31
 271 00f2 B3       		.byte	-77
 272 00f3 10       		.byte	16
 273 00f4 B7       		.byte	-73
 274 00f5 0F       		.byte	15
 275 00f6 BB       		.byte	-69
 276 00f7 80       		.byte	-128
 277 00f8 BF       		.byte	-65
 278 00f9 04       		.byte	4
 279 00fa C0       		.byte	-64
 280 00fb 41       		.byte	65
 281 00fc C1       		.byte	-63
 282 00fd 05       		.byte	5
 283 00fe C6       		.byte	-58
 284 00ff CE       		.byte	-50
 285 0100 C7       		.byte	-57
ARM GAS  C:\Users\SWAPNIL\AppData\Local\Temp\cc8zzm4p.s 			page 6


 286 0101 0B       		.byte	11
 287 0102 C8       		.byte	-56
 288 0103 1C       		.byte	28
 289 0104 C9       		.byte	-55
 290 0105 FF       		.byte	-1
 291 0106 CA       		.byte	-54
 292 0107 FF       		.byte	-1
 293 0108 CB       		.byte	-53
 294 0109 FF       		.byte	-1
 295 010a CE       		.byte	-50
 296 010b F0       		.byte	-16
 297 010c CF       		.byte	-49
 298 010d 44       		.byte	68
 299 010e D0       		.byte	-48
 300 010f 0C       		.byte	12
 301 0110 D4       		.byte	-44
 302 0111 01       		.byte	1
 303 0112 D8       		.byte	-40
 304 0113 04       		.byte	4
 305 0114 D9       		.byte	-39
 306 0115 04       		.byte	4
 307 0116 DA       		.byte	-38
 308 0117 04       		.byte	4
 309 0118 DB       		.byte	-37
 310 0119 04       		.byte	4
 311 011a DC       		.byte	-36
 312 011b 11       		.byte	17
 313 011c DD       		.byte	-35
 314 011d 11       		.byte	17
 315 011e DF       		.byte	-33
 316 011f 01       		.byte	1
 317 0120 E6       		.byte	-26
 318 0121 C0       		.byte	-64
 319 0122 EA       		.byte	-22
 320 0123 40       		.byte	64
 321 0124 EB       		.byte	-21
 322 0125 02       		.byte	2
 323 0126 00       		.byte	0
 324 0127 20       		.byte	32
 325 0128 01       		.byte	1
 326 0129 8A       		.byte	-118
 327 012a 02       		.byte	2
 328 012b 04       		.byte	4
 329 012c 04       		.byte	4
 330 012d 10       		.byte	16
 331 012e 0B       		.byte	11
 332 012f 1A       		.byte	26
 333 0130 0E       		.byte	14
 334 0131 12       		.byte	18
 335 0132 0F       		.byte	15
 336 0133 04       		.byte	4
 337 0134 10       		.byte	16
 338 0135 04       		.byte	4
 339 0136 11       		.byte	17
 340 0137 41       		.byte	65
 341 0138 13       		.byte	19
 342 0139 08       		.byte	8
ARM GAS  C:\Users\SWAPNIL\AppData\Local\Temp\cc8zzm4p.s 			page 7


 343 013a 16       		.byte	22
 344 013b 08       		.byte	8
 345 013c 17       		.byte	23
 346 013d 41       		.byte	65
 347 013e 18       		.byte	24
 348 013f 40       		.byte	64
 349 0140 19       		.byte	25
 350 0141 02       		.byte	2
 351 0142 1E       		.byte	30
 352 0143 10       		.byte	16
 353 0144 20       		.byte	32
 354 0145 04       		.byte	4
 355 0146 22       		.byte	34
 356 0147 40       		.byte	64
 357 0148 26       		.byte	38
 358 0149 04       		.byte	4
 359 014a 27       		.byte	39
 360 014b 01       		.byte	1
 361 014c 29       		.byte	41
 362 014d 12       		.byte	18
 363 014e 2A       		.byte	42
 364 014f 04       		.byte	4
 365 0150 2C       		.byte	44
 366 0151 41       		.byte	65
 367 0152 30       		.byte	48
 368 0153 04       		.byte	4
 369 0154 31       		.byte	49
 370 0155 08       		.byte	8
 371 0156 32       		.byte	50
 372 0157 10       		.byte	16
 373 0158 36       		.byte	54
 374 0159 01       		.byte	1
 375 015a 38       		.byte	56
 376 015b 04       		.byte	4
 377 015c 3A       		.byte	58
 378 015d 02       		.byte	2
 379 015e 3B       		.byte	59
 380 015f 1A       		.byte	26
 381 0160 3C       		.byte	60
 382 0161 10       		.byte	16
 383 0162 3D       		.byte	61
 384 0163 22       		.byte	34
 385 0164 3E       		.byte	62
 386 0165 80       		.byte	-128
 387 0166 3F       		.byte	63
 388 0167 04       		.byte	4
 389 0168 44       		.byte	68
 390 0169 21       		.byte	33
 391 016a 45       		.byte	69
 392 016b 01       		.byte	1
 393 016c 46       		.byte	70
 394 016d 11       		.byte	17
 395 016e 4F       		.byte	79
 396 016f 40       		.byte	64
 397 0170 56       		.byte	86
 398 0171 98       		.byte	-104
 399 0172 5C       		.byte	92
ARM GAS  C:\Users\SWAPNIL\AppData\Local\Temp\cc8zzm4p.s 			page 8


 400 0173 22       		.byte	34
 401 0174 5E       		.byte	94
 402 0175 48       		.byte	72
 403 0176 64       		.byte	100
 404 0177 02       		.byte	2
 405 0178 66       		.byte	102
 406 0179 80       		.byte	-128
 407 017a 80       		.byte	-128
 408 017b 04       		.byte	4
 409 017c 83       		.byte	-125
 410 017d 02       		.byte	2
 411 017e C0       		.byte	-64
 412 017f 4F       		.byte	79
 413 0180 C2       		.byte	-62
 414 0181 E7       		.byte	-25
 415 0182 C4       		.byte	-60
 416 0183 DF       		.byte	-33
 417 0184 CA       		.byte	-54
 418 0185 97       		.byte	-105
 419 0186 CC       		.byte	-52
 420 0187 86       		.byte	-122
 421 0188 CE       		.byte	-50
 422 0189 F7       		.byte	-9
 423 018a D0       		.byte	-48
 424 018b 90       		.byte	-112
 425 018c D2       		.byte	-46
 426 018d 10       		.byte	16
 427 018e D6       		.byte	-42
 428 018f F0       		.byte	-16
 429 0190 00       		.byte	0
 430 0191 01       		.byte	1
 431 0192 02       		.byte	2
 432 0193 14       		.byte	20
 433 0194 03       		.byte	3
 434 0195 05       		.byte	5
 435 0196 06       		.byte	6
 436 0197 18       		.byte	24
 437 0198 07       		.byte	7
 438 0199 08       		.byte	8
 439 019a 0A       		.byte	10
 440 019b 08       		.byte	8
 441 019c 0E       		.byte	14
 442 019d 05       		.byte	5
 443 019e 11       		.byte	17
 444 019f 0A       		.byte	10
 445 01a0 13       		.byte	19
 446 01a1 04       		.byte	4
 447 01a2 14       		.byte	20
 448 01a3 02       		.byte	2
 449 01a4 15       		.byte	21
 450 01a5 03       		.byte	3
 451 01a6 17       		.byte	23
 452 01a7 04       		.byte	4
 453 01a8 1C       		.byte	28
 454 01a9 01       		.byte	1
 455 01aa 1D       		.byte	29
 456 01ab 03       		.byte	3
ARM GAS  C:\Users\SWAPNIL\AppData\Local\Temp\cc8zzm4p.s 			page 9


 457 01ac 1E       		.byte	30
 458 01ad 0C       		.byte	12
 459 01ae 1F       		.byte	31
 460 01af 0C       		.byte	12
 461 01b0 20       		.byte	32
 462 01b1 18       		.byte	24
 463 01b2 21       		.byte	33
 464 01b3 03       		.byte	3
 465 01b4 22       		.byte	34
 466 01b5 05       		.byte	5
 467 01b6 23       		.byte	35
 468 01b7 04       		.byte	4
 469 01b8 26       		.byte	38
 470 01b9 01       		.byte	1
 471 01ba 30       		.byte	48
 472 01bb 01       		.byte	1
 473 01bc 31       		.byte	49
 474 01bd 0F       		.byte	15
 475 01be 34       		.byte	52
 476 01bf 02       		.byte	2
 477 01c0 36       		.byte	54
 478 01c1 1C       		.byte	28
 479 01c2 3A       		.byte	58
 480 01c3 80       		.byte	-128
 481 01c4 3B       		.byte	59
 482 01c5 02       		.byte	2
 483 01c6 3E       		.byte	62
 484 01c7 11       		.byte	17
 485 01c8 40       		.byte	64
 486 01c9 06       		.byte	6
 487 01ca 46       		.byte	70
 488 01cb 40       		.byte	64
 489 01cc 49       		.byte	73
 490 01cd FF       		.byte	-1
 491 01ce 4A       		.byte	74
 492 01cf 07       		.byte	7
 493 01d0 4B       		.byte	75
 494 01d1 FF       		.byte	-1
 495 01d2 4C       		.byte	76
 496 01d3 40       		.byte	64
 497 01d4 4D       		.byte	77
 498 01d5 20       		.byte	32
 499 01d6 4E       		.byte	78
 500 01d7 F0       		.byte	-16
 501 01d8 4F       		.byte	79
 502 01d9 05       		.byte	5
 503 01da 50       		.byte	80
 504 01db 08       		.byte	8
 505 01dc 58       		.byte	88
 506 01dd 04       		.byte	4
 507 01de 59       		.byte	89
 508 01df 04       		.byte	4
 509 01e0 5A       		.byte	90
 510 01e1 04       		.byte	4
 511 01e2 5C       		.byte	92
 512 01e3 11       		.byte	17
 513 01e4 5D       		.byte	93
ARM GAS  C:\Users\SWAPNIL\AppData\Local\Temp\cc8zzm4p.s 			page 10


 514 01e5 01       		.byte	1
 515 01e6 5F       		.byte	95
 516 01e7 01       		.byte	1
 517 01e8 60       		.byte	96
 518 01e9 40       		.byte	64
 519 01ea 61       		.byte	97
 520 01eb A8       		.byte	-88
 521 01ec 62       		.byte	98
 522 01ed 40       		.byte	64
 523 01ee 63       		.byte	99
 524 01ef 20       		.byte	32
 525 01f0 80       		.byte	-128
 526 01f1 50       		.byte	80
 527 01f2 81       		.byte	-127
 528 01f3 04       		.byte	4
 529 01f4 82       		.byte	-126
 530 01f5 28       		.byte	40
 531 01f6 84       		.byte	-124
 532 01f7 24       		.byte	36
 533 01f8 85       		.byte	-123
 534 01f9 01       		.byte	1
 535 01fa 86       		.byte	-122
 536 01fb 48       		.byte	72
 537 01fc 89       		.byte	-119
 538 01fd 01       		.byte	1
 539 01fe 8C       		.byte	-116
 540 01ff 02       		.byte	2
 541 0200 90       		.byte	-112
 542 0201 03       		.byte	3
 543 0202 91       		.byte	-111
 544 0203 01       		.byte	1
 545 0204 9C       		.byte	-100
 546 0205 08       		.byte	8
 547 0206 9D       		.byte	-99
 548 0207 02       		.byte	2
 549 0208 9E       		.byte	-98
 550 0209 14       		.byte	20
 551 020a A2       		.byte	-94
 552 020b 01       		.byte	1
 553 020c A3       		.byte	-93
 554 020d 02       		.byte	2
 555 020e A4       		.byte	-92
 556 020f 7C       		.byte	124
 557 0210 A8       		.byte	-88
 558 0211 7C       		.byte	124
 559 0212 AC       		.byte	-84
 560 0213 03       		.byte	3
 561 0214 AD       		.byte	-83
 562 0215 02       		.byte	2
 563 0216 B0       		.byte	-80
 564 0217 60       		.byte	96
 565 0218 B3       		.byte	-77
 566 0219 01       		.byte	1
 567 021a B4       		.byte	-76
 568 021b 03       		.byte	3
 569 021c B5       		.byte	-75
 570 021d 06       		.byte	6
ARM GAS  C:\Users\SWAPNIL\AppData\Local\Temp\cc8zzm4p.s 			page 11


 571 021e B6       		.byte	-74
 572 021f 1C       		.byte	28
 573 0220 B8       		.byte	-72
 574 0221 20       		.byte	32
 575 0222 B9       		.byte	-71
 576 0223 20       		.byte	32
 577 0224 BE       		.byte	-66
 578 0225 10       		.byte	16
 579 0226 D6       		.byte	-42
 580 0227 02       		.byte	2
 581 0228 D7       		.byte	-41
 582 0229 10       		.byte	16
 583 022a D8       		.byte	-40
 584 022b 04       		.byte	4
 585 022c D9       		.byte	-39
 586 022d 04       		.byte	4
 587 022e DB       		.byte	-37
 588 022f 04       		.byte	4
 589 0230 DC       		.byte	-36
 590 0231 11       		.byte	17
 591 0232 DD       		.byte	-35
 592 0233 10       		.byte	16
 593 0234 DF       		.byte	-33
 594 0235 01       		.byte	1
 595 0236 01       		.byte	1
 596 0237 0A       		.byte	10
 597 0238 03       		.byte	3
 598 0239 01       		.byte	1
 599 023a 04       		.byte	4
 600 023b 94       		.byte	-108
 601 023c 06       		.byte	6
 602 023d 01       		.byte	1
 603 023e 07       		.byte	7
 604 023f 40       		.byte	64
 605 0240 0A       		.byte	10
 606 0241 01       		.byte	1
 607 0242 0B       		.byte	11
 608 0243 C0       		.byte	-64
 609 0244 0E       		.byte	14
 610 0245 12       		.byte	18
 611 0246 11       		.byte	17
 612 0247 14       		.byte	20
 613 0248 12       		.byte	18
 614 0249 02       		.byte	2
 615 024a 13       		.byte	19
 616 024b 01       		.byte	1
 617 024c 14       		.byte	20
 618 024d 40       		.byte	64
 619 024e 16       		.byte	22
 620 024f 10       		.byte	16
 621 0250 17       		.byte	23
 622 0251 05       		.byte	5
 623 0252 19       		.byte	25
 624 0253 82       		.byte	-126
 625 0254 1A       		.byte	26
 626 0255 01       		.byte	1
 627 0256 1B       		.byte	27
ARM GAS  C:\Users\SWAPNIL\AppData\Local\Temp\cc8zzm4p.s 			page 12


 628 0257 10       		.byte	16
 629 0258 1D       		.byte	29
 630 0259 40       		.byte	64
 631 025a 1E       		.byte	30
 632 025b 42       		.byte	66
 633 025c 1F       		.byte	31
 634 025d 60       		.byte	96
 635 025e 20       		.byte	32
 636 025f 24       		.byte	36
 637 0260 21       		.byte	33
 638 0261 04       		.byte	4
 639 0262 23       		.byte	35
 640 0263 04       		.byte	4
 641 0264 25       		.byte	37
 642 0265 01       		.byte	1
 643 0266 26       		.byte	38
 644 0267 02       		.byte	2
 645 0268 27       		.byte	39
 646 0269 40       		.byte	64
 647 026a 28       		.byte	40
 648 026b 40       		.byte	64
 649 026c 29       		.byte	41
 650 026d 40       		.byte	64
 651 026e 2F       		.byte	47
 652 026f 40       		.byte	64
 653 0270 30       		.byte	48
 654 0271 02       		.byte	2
 655 0272 33       		.byte	51
 656 0273 40       		.byte	64
 657 0274 37       		.byte	55
 658 0275 45       		.byte	69
 659 0276 39       		.byte	57
 660 0277 14       		.byte	20
 661 0278 3B       		.byte	59
 662 0279 01       		.byte	1
 663 027a 3F       		.byte	63
 664 027b 05       		.byte	5
 665 027c 4C       		.byte	76
 666 027d 40       		.byte	64
 667 027e 4F       		.byte	79
 668 027f 21       		.byte	33
 669 0280 55       		.byte	85
 670 0281 10       		.byte	16
 671 0282 5A       		.byte	90
 672 0283 80       		.byte	-128
 673 0284 5D       		.byte	93
 674 0285 03       		.byte	3
 675 0286 68       		.byte	104
 676 0287 02       		.byte	2
 677 0288 69       		.byte	105
 678 0289 14       		.byte	20
 679 028a 71       		.byte	113
 680 028b 10       		.byte	16
 681 028c 72       		.byte	114
 682 028d 0A       		.byte	10
 683 028e 73       		.byte	115
 684 028f 1A       		.byte	26
ARM GAS  C:\Users\SWAPNIL\AppData\Local\Temp\cc8zzm4p.s 			page 13


 685 0290 90       		.byte	-112
 686 0291 50       		.byte	80
 687 0292 92       		.byte	-110
 688 0293 90       		.byte	-112
 689 0294 95       		.byte	-107
 690 0295 01       		.byte	1
 691 0296 96       		.byte	-106
 692 0297 60       		.byte	96
 693 0298 97       		.byte	-105
 694 0299 54       		.byte	84
 695 029a 9A       		.byte	-102
 696 029b 10       		.byte	16
 697 029c 9B       		.byte	-101
 698 029d 01       		.byte	1
 699 029e 9C       		.byte	-100
 700 029f 40       		.byte	64
 701 02a0 9D       		.byte	-99
 702 02a1 98       		.byte	-104
 703 02a2 9E       		.byte	-98
 704 02a3 03       		.byte	3
 705 02a4 9F       		.byte	-97
 706 02a5 48       		.byte	72
 707 02a6 A3       		.byte	-93
 708 02a7 02       		.byte	2
 709 02a8 A4       		.byte	-92
 710 02a9 10       		.byte	16
 711 02aa A5       		.byte	-91
 712 02ab 19       		.byte	25
 713 02ac A6       		.byte	-90
 714 02ad 01       		.byte	1
 715 02ae A9       		.byte	-87
 716 02af 40       		.byte	64
 717 02b0 AA       		.byte	-86
 718 02b1 10       		.byte	16
 719 02b2 C0       		.byte	-64
 720 02b3 FD       		.byte	-3
 721 02b4 C2       		.byte	-62
 722 02b5 A9       		.byte	-87
 723 02b6 C4       		.byte	-60
 724 02b7 3F       		.byte	63
 725 02b8 CA       		.byte	-54
 726 02b9 89       		.byte	-119
 727 02ba CC       		.byte	-52
 728 02bb D9       		.byte	-39
 729 02bc CE       		.byte	-50
 730 02bd C7       		.byte	-57
 731 02be D2       		.byte	-46
 732 02bf 20       		.byte	32
 733 02c0 D6       		.byte	-42
 734 02c1 08       		.byte	8
 735 02c2 87       		.byte	-121
 736 02c3 02       		.byte	2
 737 02c4 8D       		.byte	-115
 738 02c5 02       		.byte	2
 739 02c6 95       		.byte	-107
 740 02c7 02       		.byte	2
 741 02c8 9F       		.byte	-97
ARM GAS  C:\Users\SWAPNIL\AppData\Local\Temp\cc8zzm4p.s 			page 14


 742 02c9 01       		.byte	1
 743 02ca AB       		.byte	-85
 744 02cb 01       		.byte	1
 745 02cc AF       		.byte	-81
 746 02cd 02       		.byte	2
 747 02ce B1       		.byte	-79
 748 02cf 02       		.byte	2
 749 02d0 B5       		.byte	-75
 750 02d1 01       		.byte	1
 751 02d2 B9       		.byte	-71
 752 02d3 02       		.byte	2
 753 02d4 BF       		.byte	-65
 754 02d5 10       		.byte	16
 755 02d6 D9       		.byte	-39
 756 02d7 04       		.byte	4
 757 02d8 DC       		.byte	-36
 758 02d9 10       		.byte	16
 759 02da DF       		.byte	-33
 760 02db 01       		.byte	1
 761 02dc 01       		.byte	1
 762 02dd 8A       		.byte	-118
 763 02de 03       		.byte	3
 764 02df 04       		.byte	4
 765 02e0 0A       		.byte	10
 766 02e1 68       		.byte	104
 767 02e2 10       		.byte	16
 768 02e3 42       		.byte	66
 769 02e4 13       		.byte	19
 770 02e5 1A       		.byte	26
 771 02e6 18       		.byte	24
 772 02e7 01       		.byte	1
 773 02e8 19       		.byte	25
 774 02e9 11       		.byte	17
 775 02ea 1A       		.byte	26
 776 02eb 04       		.byte	4
 777 02ec 21       		.byte	33
 778 02ed 08       		.byte	8
 779 02ee 22       		.byte	34
 780 02ef 9D       		.byte	-99
 781 02f0 23       		.byte	35
 782 02f1 04       		.byte	4
 783 02f2 24       		.byte	36
 784 02f3 04       		.byte	4
 785 02f4 27       		.byte	39
 786 02f5 80       		.byte	-128
 787 02f6 29       		.byte	41
 788 02f7 10       		.byte	16
 789 02f8 2A       		.byte	42
 790 02f9 09       		.byte	9
 791 02fa 2B       		.byte	43
 792 02fb 02       		.byte	2
 793 02fc 2C       		.byte	44
 794 02fd 02       		.byte	2
 795 02fe 2F       		.byte	47
 796 02ff 0A       		.byte	10
 797 0300 30       		.byte	48
 798 0301 40       		.byte	64
ARM GAS  C:\Users\SWAPNIL\AppData\Local\Temp\cc8zzm4p.s 			page 15


 799 0302 31       		.byte	49
 800 0303 08       		.byte	8
 801 0304 32       		.byte	50
 802 0305 11       		.byte	17
 803 0306 36       		.byte	54
 804 0307 08       		.byte	8
 805 0308 37       		.byte	55
 806 0309 80       		.byte	-128
 807 030a 38       		.byte	56
 808 030b 42       		.byte	66
 809 030c 39       		.byte	57
 810 030d 08       		.byte	8
 811 030e 3B       		.byte	59
 812 030f 10       		.byte	16
 813 0310 3C       		.byte	60
 814 0311 40       		.byte	64
 815 0312 3F       		.byte	63
 816 0313 04       		.byte	4
 817 0314 40       		.byte	64
 818 0315 41       		.byte	65
 819 0316 41       		.byte	65
 820 0317 04       		.byte	4
 821 0318 42       		.byte	66
 822 0319 44       		.byte	68
 823 031a 43       		.byte	67
 824 031b 04       		.byte	4
 825 031c 4A       		.byte	74
 826 031d 08       		.byte	8
 827 031e 52       		.byte	82
 828 031f 01       		.byte	1
 829 0320 53       		.byte	83
 830 0321 08       		.byte	8
 831 0322 59       		.byte	89
 832 0323 01       		.byte	1
 833 0324 60       		.byte	96
 834 0325 04       		.byte	4
 835 0326 62       		.byte	98
 836 0327 80       		.byte	-128
 837 0328 90       		.byte	-112
 838 0329 40       		.byte	64
 839 032a 91       		.byte	-111
 840 032b 08       		.byte	8
 841 032c 93       		.byte	-109
 842 032d 10       		.byte	16
 843 032e 96       		.byte	-106
 844 032f 20       		.byte	32
 845 0330 99       		.byte	-103
 846 0331 82       		.byte	-126
 847 0332 9A       		.byte	-102
 848 0333 08       		.byte	8
 849 0334 9B       		.byte	-101
 850 0335 0A       		.byte	10
 851 0336 9D       		.byte	-99
 852 0337 08       		.byte	8
 853 0338 A3       		.byte	-93
 854 0339 02       		.byte	2
 855 033a A5       		.byte	-91
ARM GAS  C:\Users\SWAPNIL\AppData\Local\Temp\cc8zzm4p.s 			page 16


 856 033b 08       		.byte	8
 857 033c AB       		.byte	-85
 858 033d 20       		.byte	32
 859 033e C0       		.byte	-64
 860 033f 0F       		.byte	15
 861 0340 C2       		.byte	-62
 862 0341 0E       		.byte	14
 863 0342 C4       		.byte	-60
 864 0343 0F       		.byte	15
 865 0344 CA       		.byte	-54
 866 0345 3F       		.byte	63
 867 0346 CC       		.byte	-52
 868 0347 5F       		.byte	95
 869 0348 CE       		.byte	-50
 870 0349 5F       		.byte	95
 871 034a D0       		.byte	-48
 872 034b 0F       		.byte	15
 873 034c D2       		.byte	-46
 874 034d 04       		.byte	4
 875 034e D6       		.byte	-42
 876 034f 01       		.byte	1
 877 0350 D8       		.byte	-40
 878 0351 0C       		.byte	12
 879 0352 39       		.byte	57
 880 0353 80       		.byte	-128
 881 0354 3F       		.byte	63
 882 0355 40       		.byte	64
 883 0356 59       		.byte	89
 884 0357 04       		.byte	4
 885 0358 5F       		.byte	95
 886 0359 01       		.byte	1
 887 035a 24       		.byte	36
 888 035b 02       		.byte	2
 889 035c A8       		.byte	-88
 890 035d 01       		.byte	1
 891 035e A9       		.byte	-87
 892 035f 08       		.byte	8
 893 0360 EC       		.byte	-20
 894 0361 10       		.byte	16
 895 0362 B4       		.byte	-76
 896 0363 01       		.byte	1
 897 0364 EA       		.byte	-22
 898 0365 02       		.byte	2
 899 0366 EE       		.byte	-18
 900 0367 0A       		.byte	10
 901 0368 E8       		.byte	-24
 902 0369 40       		.byte	64
 903 036a EA       		.byte	-22
 904 036b 02       		.byte	2
 905 036c EE       		.byte	-18
 906 036d 0A       		.byte	10
 907 036e EC       		.byte	-20
 908 036f 10       		.byte	16
 909 0370 33       		.byte	51
 910 0371 81       		.byte	-127
 911 0372 36       		.byte	54
 912 0373 40       		.byte	64
ARM GAS  C:\Users\SWAPNIL\AppData\Local\Temp\cc8zzm4p.s 			page 17


 913 0374 63       		.byte	99
 914 0375 08       		.byte	8
 915 0376 CC       		.byte	-52
 916 0377 70       		.byte	112
 917 0378 D8       		.byte	-40
 918 0379 40       		.byte	64
 919 037a 52       		.byte	82
 920 037b 08       		.byte	8
 921 037c 9F       		.byte	-97
 922 037d 01       		.byte	1
 923 037e A6       		.byte	-90
 924 037f 40       		.byte	64
 925 0380 A7       		.byte	-89
 926 0381 84       		.byte	-124
 927 0382 D4       		.byte	-44
 928 0383 20       		.byte	32
 929 0384 03       		.byte	3
 930 0385 20       		.byte	32
 931 0386 9F       		.byte	-97
 932 0387 01       		.byte	1
 933 0388 A6       		.byte	-90
 934 0389 48       		.byte	72
 935 038a A7       		.byte	-89
 936 038b 80       		.byte	-128
 937 038c AB       		.byte	-85
 938 038d 04       		.byte	4
 939 038e C0       		.byte	-64
 940 038f 10       		.byte	16
 941 0390 EE       		.byte	-18
 942 0391 20       		.byte	32
 943 0392 12       		.byte	18
 944 0393 08       		.byte	8
 945 0394 9F       		.byte	-97
 946 0395 01       		.byte	1
 947 0396 A6       		.byte	-90
 948 0397 48       		.byte	72
 949 0398 A7       		.byte	-89
 950 0399 80       		.byte	-128
 951 039a AB       		.byte	-85
 952 039b 20       		.byte	32
 953 039c C4       		.byte	-60
 954 039d 40       		.byte	64
 955 039e EC       		.byte	-20
 956 039f 20       		.byte	32
 957 03a0 7C       		.byte	124
 958 03a1 20       		.byte	32
 959 03a2 DE       		.byte	-34
 960 03a3 01       		.byte	1
 961 03a4 9C       		.byte	-100
 962 03a5 20       		.byte	32
 963 03a6 45       		.byte	69
 964 03a7 08       		.byte	8
 965 03a8 9C       		.byte	-100
 966 03a9 20       		.byte	32
 967 03aa D0       		.byte	-48
 968 03ab 01       		.byte	1
 969 03ac 08       		.byte	8
ARM GAS  C:\Users\SWAPNIL\AppData\Local\Temp\cc8zzm4p.s 			page 18


 970 03ad 08       		.byte	8
 971 03ae 0B       		.byte	11
 972 03af 04       		.byte	4
 973 03b0 0F       		.byte	15
 974 03b1 40       		.byte	64
 975 03b2 9C       		.byte	-100
 976 03b3 20       		.byte	32
 977 03b4 A5       		.byte	-91
 978 03b5 08       		.byte	8
 979 03b6 C2       		.byte	-62
 980 03b7 0E       		.byte	14
 981 03b8 25       		.byte	37
 982 03b9 10       		.byte	16
 983 03ba AE       		.byte	-82
 984 03bb 40       		.byte	64
 985 03bc AF       		.byte	-81
 986 03bd 81       		.byte	-127
 987 03be C8       		.byte	-56
 988 03bf 20       		.byte	32
 989 03c0 EA       		.byte	-22
 990 03c1 40       		.byte	64
 991 03c2 EE       		.byte	-18
 992 03c3 50       		.byte	80
 993 03c4 B5       		.byte	-75
 994 03c5 10       		.byte	16
 995 03c6 A5       		.byte	-91
 996 03c7 08       		.byte	8
 997 03c8 AC       		.byte	-84
 998 03c9 08       		.byte	8
 999 03ca AF       		.byte	-81
 1000 03cb 44       		.byte	68
 1001 03cc B4       		.byte	-76
 1002 03cd 20       		.byte	32
 1003 03ce E8       		.byte	-24
 1004 03cf 02       		.byte	2
 1005 03d0 B5       		.byte	-75
 1006 03d1 08       		.byte	8
 1007 03d2 EC       		.byte	-20
 1008 03d3 08       		.byte	8
 1009 03d4 00       		.byte	0
 1010 03d5 02       		.byte	2
 1011 03d6 08       		.byte	8
 1012 03d7 02       		.byte	2
 1013 03d8 0A       		.byte	10
 1014 03d9 02       		.byte	2
 1015 03da 00       		.byte	0
 1016 03db 2A       		.byte	42
 1017 03dc 02       		.byte	2
 1018 03dd 01       		.byte	1
 1019 03de 20       		.byte	32
 1020 03df 40       		.byte	64
 1021 03e0 01       		.byte	1
 1022 03e1 00       		.byte	0
 1023 03e2 20       		.byte	32
 1024 03e3 06       		.byte	6
 1025 03e4 00       		.byte	0
 1026 03e5 18       		.byte	24
ARM GAS  C:\Users\SWAPNIL\AppData\Local\Temp\cc8zzm4p.s 			page 19


 1027 03e6 07       		.byte	7
 1028 03e7 00       		.byte	0
 1029 03e8 03       		.byte	3
 1030 03e9 07       		.byte	7
 1031 03ea 40       		.byte	64
 1032 03eb 18       		.byte	24
 1033 03ec 07       		.byte	7
 1034 03ed 00       		.byte	0
 1035 03ee 18       		.byte	24
 1036 03ef 01       		.byte	1
 1037 03f0 1C       		.byte	28
 1038 03f1 1F       		.byte	31
 1039 03f2 03       		.byte	3
 1040 03f3 00       		.byte	0
 1041 03f4 1F       		.byte	31
 1042 03f5 19       		.byte	25
 1043 03f6 00       		.byte	0
 1044 03f7 04       		.byte	4
 1045 03f8 00       		.byte	0
 1046 03f9 10       		.byte	16
 1047 03fa 00       		.byte	0
 1048 03fb 00       		.byte	0
 1049 03fc 10       		.byte	16
 1050 03fd 00       		.byte	0
 1051 03fe 00       		.byte	0
 1052 03ff 20       		.byte	32
 1053 0400 08       		.byte	8
 1054 0401 08       		.byte	8
 1055 0402 00       		.byte	0
 1056 0403 00       		.byte	0
 1057 0404 18       		.byte	24
 1058 0405 00       		.byte	0
 1059 0406 00       		.byte	0
 1060 0407 20       		.byte	32
 1061 0408 18       		.byte	24
 1062 0409 19       		.byte	25
 1063 040a 07       		.byte	7
 1064 040b 02       		.byte	2
 1065 040c 03       		.byte	3
 1066 040d 40       		.byte	64
 1067 040e 00       		.byte	0
 1068 040f 00       		.byte	0
 1069 0410 1C       		.byte	28
 1070 0411 1F       		.byte	31
 1071 0412 60       		.byte	96
 1072 0413 20       		.byte	32
 1073 0414 00       		.byte	0
 1074 0415 00       		.byte	0
 1075 0416 00       		.byte	0
 1076 0417 28       		.byte	40
 1077 0418 00       		.byte	0
 1078 0419 00       		.byte	0
 1079 041a 40       		.byte	64
 1080 041b 40       		.byte	64
 1081 041c 43       		.byte	67
 1082 041d 06       		.byte	6
 1083 041e 02       		.byte	2
ARM GAS  C:\Users\SWAPNIL\AppData\Local\Temp\cc8zzm4p.s 			page 20


 1084 041f 00       		.byte	0
 1085 0420 01       		.byte	1
 1086 0421 00       		.byte	0
 1087 0422 00       		.byte	0
 1088 0423 CE       		.byte	-50
 1089 0424 30       		.byte	48
 1090 0425 FF       		.byte	-1
 1091 0426 FF       		.byte	-1
 1092 0427 FF       		.byte	-1
 1093 0428 62       		.byte	98
 1094 0429 A0       		.byte	-96
 1095 042a F0       		.byte	-16
 1096 042b 41       		.byte	65
 1097 042c 0C       		.byte	12
 1098 042d 00       		.byte	0
 1099 042e 00       		.byte	0
 1100 042f 00       		.byte	0
 1101 0430 18       		.byte	24
 1102 0431 00       		.byte	0
 1103 0432 00       		.byte	0
 1104 0433 00       		.byte	0
 1105 0434 04       		.byte	4
 1106 0435 04       		.byte	4
 1107 0436 04       		.byte	4
 1108 0437 04       		.byte	4
 1109 0438 11       		.byte	17
 1110 0439 11       		.byte	17
 1111 043a 00       		.byte	0
 1112 043b 01       		.byte	1
 1113 043c 00       		.byte	0
 1114 043d 00       		.byte	0
 1115 043e 00       		.byte	0
 1116 043f 00       		.byte	0
 1117 0440 00       		.byte	0
 1118 0441 00       		.byte	0
 1119 0442 40       		.byte	64
 1120 0443 02       		.byte	2
 1121 0444 00       		.byte	0
 1122 0445 10       		.byte	16
 1123 0446 30       		.byte	48
 1124 0447 10       		.byte	16
 1125 0448 00       		.byte	0
 1126 0449 10       		.byte	16
 1127 044a 10       		.byte	16
 1128 044b 12       		.byte	18
 1129 044c 00       		.byte	0
 1130 044d 00       		.byte	0
 1131 044e 00       		.byte	0
 1132 044f 00       		.byte	0
 1133 0450 00       		.byte	0
 1134 0451 00       		.byte	0
 1135 0452 00       		.byte	0
 1136 0453 00       		.byte	0
 1137 0454 00       		.byte	0
 1138 0455 00       		.byte	0
 1139 0456 00       		.byte	0
 1140 0457 00       		.byte	0
ARM GAS  C:\Users\SWAPNIL\AppData\Local\Temp\cc8zzm4p.s 			page 21


 1141 0458 00       		.byte	0
 1142 0459 00       		.byte	0
 1143 045a 00       		.byte	0
 1144 045b 00       		.byte	0
 1145 045c 00       		.byte	0
 1146 045d 04       		.byte	4
 1147 045e 04       		.byte	4
 1148 045f 00       		.byte	0
 1149 0460 04       		.byte	4
 1150 0461 00       		.byte	0
 1151 0462 83       		.byte	-125
 1152 0463 00       		.byte	0
 1153 0464 04       		.byte	4
 1154 0465 00       		.byte	0
 1155 0466 00       		.byte	0
 1156 0467 00       		.byte	0
 1157 0468 00       		.byte	0
 1158 0469 00       		.byte	0
 1159 046a 00       		.byte	0
 1160 046b 00       		.byte	0
 1161 046c 40       		.byte	64
 1162 046d 00       		.byte	0
 1163 046e 00       		.byte	0
 1164 046f 00       		.byte	0
 1165 0470 00       		.byte	0
 1166 0471 00       		.byte	0
 1167 0472 00       		.byte	0
 1168 0473 00       		.byte	0
 1169 0474 C0       		.byte	-64
 1170 0475 00       		.byte	0
 1171 0476 00       		.byte	0
 1172 0477 00       		.byte	0
 1173 0478 00       		.byte	0
 1174 0479 0B       		.byte	11
 1175 047a 0B       		.byte	11
 1176 047b 00       		.byte	0
 1177 047c 00       		.byte	0
 1178 047d 00       		.byte	0
 1179 047e 00       		.byte	0
 1180 047f 00       		.byte	0
 1181 0480 00       		.byte	0
 1182 0481 7F       		.byte	127
 1183 0482 7F       		.byte	127
 1184 0483 00       		.byte	0
 1185 0484 00       		.byte	0
 1186 0485 00       		.byte	0
 1187 0486 00       		.byte	0
 1188 0487 00       		.byte	0
 1189 0488 00       		.byte	0
 1190 0489 00       		.byte	0
 1191 048a 00       		.byte	0
 1192 048b 00       		.byte	0
 1193 048c 00       		.byte	0
 1194 048d 00       		.byte	0
 1195 048e 80       		.byte	-128
 1196 048f 00       		.byte	0
 1197 0490 80       		.byte	-128
ARM GAS  C:\Users\SWAPNIL\AppData\Local\Temp\cc8zzm4p.s 			page 22


 1198 0491 00       		.byte	0
 1199 0492 00       		.byte	0
 1200 0493 80       		.byte	-128
 1201 0494 80       		.byte	-128
 1202 0495 00       		.byte	0
 1203 0496 80       		.byte	-128
 1204 0497 00       		.byte	0
 1205 0498 00       		.byte	0
 1206 0499 00       		.byte	0
 1207 049a 00       		.byte	0
 1208 049b 00       		.byte	0
 1209 049c 25       		.byte	37
 1210 049d 00       		.byte	0
 1211 049e 18       		.byte	24
 1212 049f 01       		.byte	1
 1213              		.section	.cywolatch,"a",%progbits
 1214              		.align	2
 1215              		.type	cy_meta_wonvl, %object
 1216              		.size	cy_meta_wonvl, 4
 1217              	cy_meta_wonvl:
 1218 0000 BC       		.byte	-68
 1219 0001 90       		.byte	-112
 1220 0002 AC       		.byte	-84
 1221 0003 AF       		.byte	-81
 1222              		.section	.cycustnvl,"a",%progbits
 1223              		.align	2
 1224              		.type	cy_meta_custnvl, %object
 1225              		.size	cy_meta_custnvl, 4
 1226              	cy_meta_custnvl:
 1227 0000 00       		.byte	0
 1228 0001 00       		.byte	0
 1229 0002 40       		.byte	64
 1230 0003 05       		.byte	5
 1231              		.section	.cymeta,"a",%progbits
 1232              		.align	2
 1233              		.type	cy_metadata, %object
 1234              		.size	cy_metadata, 12
 1235              	cy_metadata:
 1236 0000 00       		.byte	0
 1237 0001 01       		.byte	1
 1238 0002 2E       		.byte	46
 1239 0003 12       		.byte	18
 1240 0004 30       		.byte	48
 1241 0005 69       		.byte	105
 1242 0006 00       		.byte	0
 1243 0007 01       		.byte	1
 1244 0008 00       		.byte	0
 1245 0009 00       		.byte	0
 1246 000a 00       		.byte	0
 1247 000b 00       		.byte	0
 1248              		.section	.cyflashprotect,"a",%progbits
 1249              		.align	2
 1250              		.type	cy_meta_flashprotect, %object
 1251              		.size	cy_meta_flashprotect, 256
 1252              	cy_meta_flashprotect:
 1253 0000 00000000 		.space	256
 1253      00000000 
ARM GAS  C:\Users\SWAPNIL\AppData\Local\Temp\cc8zzm4p.s 			page 23


 1253      00000000 
 1253      00000000 
 1253      00000000 
 1254              		.text
 1255              	.Letext0:
 1256              		.file 1 "c:\\program files (x86)\\cypress\\psoc creator\\4.4\\psoc creator\\import\\gnu\\arm\\5.4.
 1257              		.file 2 "c:\\program files (x86)\\cypress\\psoc creator\\4.4\\psoc creator\\import\\gnu\\arm\\5.4.
 1258              		.file 3 "Generated_Source\\PSoC5\\cymetadata.c"
 1259              		.section	.debug_info,"",%progbits
 1260              	.Ldebug_info0:
 1261 0000 32010000 		.4byte	0x132
 1262 0004 0400     		.2byte	0x4
 1263 0006 00000000 		.4byte	.Ldebug_abbrev0
 1264 000a 04       		.byte	0x4
 1265 000b 01       		.uleb128 0x1
 1266 000c 5C000000 		.4byte	.LASF17
 1267 0010 0C       		.byte	0xc
 1268 0011 B6010000 		.4byte	.LASF18
 1269 0015 0A000000 		.4byte	.LASF19
 1270 0019 00000000 		.4byte	.Ldebug_line0
 1271 001d 02       		.uleb128 0x2
 1272 001e 01       		.byte	0x1
 1273 001f 06       		.byte	0x6
 1274 0020 AA010000 		.4byte	.LASF0
 1275 0024 03       		.uleb128 0x3
 1276 0025 00000000 		.4byte	.LASF9
 1277 0029 01       		.byte	0x1
 1278 002a 1D       		.byte	0x1d
 1279 002b 2F000000 		.4byte	0x2f
 1280 002f 02       		.uleb128 0x2
 1281 0030 01       		.byte	0x1
 1282 0031 08       		.byte	0x8
 1283 0032 4E000000 		.4byte	.LASF1
 1284 0036 02       		.uleb128 0x2
 1285 0037 02       		.byte	0x2
 1286 0038 05       		.byte	0x5
 1287 0039 97010000 		.4byte	.LASF2
 1288 003d 02       		.uleb128 0x2
 1289 003e 02       		.byte	0x2
 1290 003f 07       		.byte	0x7
 1291 0040 FC000000 		.4byte	.LASF3
 1292 0044 02       		.uleb128 0x2
 1293 0045 04       		.byte	0x4
 1294 0046 05       		.byte	0x5
 1295 0047 A1010000 		.4byte	.LASF4
 1296 004b 02       		.uleb128 0x2
 1297 004c 04       		.byte	0x4
 1298 004d 07       		.byte	0x7
 1299 004e EA000000 		.4byte	.LASF5
 1300 0052 02       		.uleb128 0x2
 1301 0053 08       		.byte	0x8
 1302 0054 05       		.byte	0x5
 1303 0055 89010000 		.4byte	.LASF6
 1304 0059 02       		.uleb128 0x2
 1305 005a 08       		.byte	0x8
 1306 005b 07       		.byte	0x7
 1307 005c 3E010000 		.4byte	.LASF7
ARM GAS  C:\Users\SWAPNIL\AppData\Local\Temp\cc8zzm4p.s 			page 24


 1308 0060 04       		.uleb128 0x4
 1309 0061 04       		.byte	0x4
 1310 0062 05       		.byte	0x5
 1311 0063 696E7400 		.ascii	"int\000"
 1312 0067 02       		.uleb128 0x2
 1313 0068 04       		.byte	0x4
 1314 0069 07       		.byte	0x7
 1315 006a 31010000 		.4byte	.LASF8
 1316 006e 03       		.uleb128 0x3
 1317 006f 55010000 		.4byte	.LASF10
 1318 0073 02       		.byte	0x2
 1319 0074 18       		.byte	0x18
 1320 0075 24000000 		.4byte	0x24
 1321 0079 05       		.uleb128 0x5
 1322 007a 91000000 		.4byte	0x91
 1323 007e 8A000000 		.4byte	0x8a
 1324 0082 06       		.uleb128 0x6
 1325 0083 8A000000 		.4byte	0x8a
 1326 0087 9F04     		.2byte	0x49f
 1327 0089 00       		.byte	0
 1328 008a 02       		.uleb128 0x2
 1329 008b 04       		.byte	0x4
 1330 008c 07       		.byte	0x7
 1331 008d 80010000 		.4byte	.LASF11
 1332 0091 07       		.uleb128 0x7
 1333 0092 6E000000 		.4byte	0x6e
 1334 0096 08       		.uleb128 0x8
 1335 0097 1F010000 		.4byte	.LASF12
 1336 009b 03       		.byte	0x3
 1337 009c 1F       		.byte	0x1f
 1338 009d A7000000 		.4byte	0xa7
 1339 00a1 05       		.uleb128 0x5
 1340 00a2 03       		.byte	0x3
 1341 00a3 00000000 		.4byte	cy_meta_configecc
 1342 00a7 07       		.uleb128 0x7
 1343 00a8 79000000 		.4byte	0x79
 1344 00ac 05       		.uleb128 0x5
 1345 00ad 91000000 		.4byte	0x91
 1346 00b1 BC000000 		.4byte	0xbc
 1347 00b5 09       		.uleb128 0x9
 1348 00b6 8A000000 		.4byte	0x8a
 1349 00ba 03       		.byte	0x3
 1350 00bb 00       		.byte	0
 1351 00bc 08       		.uleb128 0x8
 1352 00bd 0F010000 		.4byte	.LASF13
 1353 00c1 03       		.byte	0x3
 1354 00c2 C0       		.byte	0xc0
 1355 00c3 CD000000 		.4byte	0xcd
 1356 00c7 05       		.uleb128 0x5
 1357 00c8 03       		.byte	0x3
 1358 00c9 00000000 		.4byte	cy_meta_custnvl
 1359 00cd 07       		.uleb128 0x7
 1360 00ce AC000000 		.4byte	0xac
 1361 00d2 08       		.uleb128 0x8
 1362 00d3 72010000 		.4byte	.LASF14
 1363 00d7 03       		.byte	0x3
 1364 00d8 CE       		.byte	0xce
ARM GAS  C:\Users\SWAPNIL\AppData\Local\Temp\cc8zzm4p.s 			page 25


 1365 00d9 E3000000 		.4byte	0xe3
 1366 00dd 05       		.uleb128 0x5
 1367 00de 03       		.byte	0x3
 1368 00df 00000000 		.4byte	cy_meta_wonvl
 1369 00e3 07       		.uleb128 0x7
 1370 00e4 AC000000 		.4byte	0xac
 1371 00e8 05       		.uleb128 0x5
 1372 00e9 91000000 		.4byte	0x91
 1373 00ed F8000000 		.4byte	0xf8
 1374 00f1 09       		.uleb128 0x9
 1375 00f2 8A000000 		.4byte	0x8a
 1376 00f6 FF       		.byte	0xff
 1377 00f7 00       		.byte	0
 1378 00f8 08       		.uleb128 0x8
 1379 00f9 5D010000 		.4byte	.LASF15
 1380 00fd 03       		.byte	0x3
 1381 00fe DC       		.byte	0xdc
 1382 00ff 09010000 		.4byte	0x109
 1383 0103 05       		.uleb128 0x5
 1384 0104 03       		.byte	0x3
 1385 0105 00000000 		.4byte	cy_meta_flashprotect
 1386 0109 07       		.uleb128 0x7
 1387 010a E8000000 		.4byte	0xe8
 1388 010e 05       		.uleb128 0x5
 1389 010f 91000000 		.4byte	0x91
 1390 0113 1E010000 		.4byte	0x11e
 1391 0117 09       		.uleb128 0x9
 1392 0118 8A000000 		.4byte	0x8a
 1393 011c 0B       		.byte	0xb
 1394 011d 00       		.byte	0
 1395 011e 0A       		.uleb128 0xa
 1396 011f 42000000 		.4byte	.LASF16
 1397 0123 03       		.byte	0x3
 1398 0124 0901     		.2byte	0x109
 1399 0126 30010000 		.4byte	0x130
 1400 012a 05       		.uleb128 0x5
 1401 012b 03       		.byte	0x3
 1402 012c 00000000 		.4byte	cy_metadata
 1403 0130 07       		.uleb128 0x7
 1404 0131 0E010000 		.4byte	0x10e
 1405 0135 00       		.byte	0
 1406              		.section	.debug_abbrev,"",%progbits
 1407              	.Ldebug_abbrev0:
 1408 0000 01       		.uleb128 0x1
 1409 0001 11       		.uleb128 0x11
 1410 0002 01       		.byte	0x1
 1411 0003 25       		.uleb128 0x25
 1412 0004 0E       		.uleb128 0xe
 1413 0005 13       		.uleb128 0x13
 1414 0006 0B       		.uleb128 0xb
 1415 0007 03       		.uleb128 0x3
 1416 0008 0E       		.uleb128 0xe
 1417 0009 1B       		.uleb128 0x1b
 1418 000a 0E       		.uleb128 0xe
 1419 000b 10       		.uleb128 0x10
 1420 000c 17       		.uleb128 0x17
 1421 000d 00       		.byte	0
ARM GAS  C:\Users\SWAPNIL\AppData\Local\Temp\cc8zzm4p.s 			page 26


 1422 000e 00       		.byte	0
 1423 000f 02       		.uleb128 0x2
 1424 0010 24       		.uleb128 0x24
 1425 0011 00       		.byte	0
 1426 0012 0B       		.uleb128 0xb
 1427 0013 0B       		.uleb128 0xb
 1428 0014 3E       		.uleb128 0x3e
 1429 0015 0B       		.uleb128 0xb
 1430 0016 03       		.uleb128 0x3
 1431 0017 0E       		.uleb128 0xe
 1432 0018 00       		.byte	0
 1433 0019 00       		.byte	0
 1434 001a 03       		.uleb128 0x3
 1435 001b 16       		.uleb128 0x16
 1436 001c 00       		.byte	0
 1437 001d 03       		.uleb128 0x3
 1438 001e 0E       		.uleb128 0xe
 1439 001f 3A       		.uleb128 0x3a
 1440 0020 0B       		.uleb128 0xb
 1441 0021 3B       		.uleb128 0x3b
 1442 0022 0B       		.uleb128 0xb
 1443 0023 49       		.uleb128 0x49
 1444 0024 13       		.uleb128 0x13
 1445 0025 00       		.byte	0
 1446 0026 00       		.byte	0
 1447 0027 04       		.uleb128 0x4
 1448 0028 24       		.uleb128 0x24
 1449 0029 00       		.byte	0
 1450 002a 0B       		.uleb128 0xb
 1451 002b 0B       		.uleb128 0xb
 1452 002c 3E       		.uleb128 0x3e
 1453 002d 0B       		.uleb128 0xb
 1454 002e 03       		.uleb128 0x3
 1455 002f 08       		.uleb128 0x8
 1456 0030 00       		.byte	0
 1457 0031 00       		.byte	0
 1458 0032 05       		.uleb128 0x5
 1459 0033 01       		.uleb128 0x1
 1460 0034 01       		.byte	0x1
 1461 0035 49       		.uleb128 0x49
 1462 0036 13       		.uleb128 0x13
 1463 0037 01       		.uleb128 0x1
 1464 0038 13       		.uleb128 0x13
 1465 0039 00       		.byte	0
 1466 003a 00       		.byte	0
 1467 003b 06       		.uleb128 0x6
 1468 003c 21       		.uleb128 0x21
 1469 003d 00       		.byte	0
 1470 003e 49       		.uleb128 0x49
 1471 003f 13       		.uleb128 0x13
 1472 0040 2F       		.uleb128 0x2f
 1473 0041 05       		.uleb128 0x5
 1474 0042 00       		.byte	0
 1475 0043 00       		.byte	0
 1476 0044 07       		.uleb128 0x7
 1477 0045 26       		.uleb128 0x26
 1478 0046 00       		.byte	0
ARM GAS  C:\Users\SWAPNIL\AppData\Local\Temp\cc8zzm4p.s 			page 27


 1479 0047 49       		.uleb128 0x49
 1480 0048 13       		.uleb128 0x13
 1481 0049 00       		.byte	0
 1482 004a 00       		.byte	0
 1483 004b 08       		.uleb128 0x8
 1484 004c 34       		.uleb128 0x34
 1485 004d 00       		.byte	0
 1486 004e 03       		.uleb128 0x3
 1487 004f 0E       		.uleb128 0xe
 1488 0050 3A       		.uleb128 0x3a
 1489 0051 0B       		.uleb128 0xb
 1490 0052 3B       		.uleb128 0x3b
 1491 0053 0B       		.uleb128 0xb
 1492 0054 49       		.uleb128 0x49
 1493 0055 13       		.uleb128 0x13
 1494 0056 3F       		.uleb128 0x3f
 1495 0057 19       		.uleb128 0x19
 1496 0058 02       		.uleb128 0x2
 1497 0059 18       		.uleb128 0x18
 1498 005a 00       		.byte	0
 1499 005b 00       		.byte	0
 1500 005c 09       		.uleb128 0x9
 1501 005d 21       		.uleb128 0x21
 1502 005e 00       		.byte	0
 1503 005f 49       		.uleb128 0x49
 1504 0060 13       		.uleb128 0x13
 1505 0061 2F       		.uleb128 0x2f
 1506 0062 0B       		.uleb128 0xb
 1507 0063 00       		.byte	0
 1508 0064 00       		.byte	0
 1509 0065 0A       		.uleb128 0xa
 1510 0066 34       		.uleb128 0x34
 1511 0067 00       		.byte	0
 1512 0068 03       		.uleb128 0x3
 1513 0069 0E       		.uleb128 0xe
 1514 006a 3A       		.uleb128 0x3a
 1515 006b 0B       		.uleb128 0xb
 1516 006c 3B       		.uleb128 0x3b
 1517 006d 05       		.uleb128 0x5
 1518 006e 49       		.uleb128 0x49
 1519 006f 13       		.uleb128 0x13
 1520 0070 3F       		.uleb128 0x3f
 1521 0071 19       		.uleb128 0x19
 1522 0072 02       		.uleb128 0x2
 1523 0073 18       		.uleb128 0x18
 1524 0074 00       		.byte	0
 1525 0075 00       		.byte	0
 1526 0076 00       		.byte	0
 1527              		.section	.debug_aranges,"",%progbits
 1528 0000 14000000 		.4byte	0x14
 1529 0004 0200     		.2byte	0x2
 1530 0006 00000000 		.4byte	.Ldebug_info0
 1531 000a 04       		.byte	0x4
 1532 000b 00       		.byte	0
 1533 000c 0000     		.2byte	0
 1534 000e 0000     		.2byte	0
 1535 0010 00000000 		.4byte	0
ARM GAS  C:\Users\SWAPNIL\AppData\Local\Temp\cc8zzm4p.s 			page 28


 1536 0014 00000000 		.4byte	0
 1537              		.section	.debug_line,"",%progbits
 1538              	.Ldebug_line0:
 1539 0000 3D010000 		.section	.debug_str,"MS",%progbits,1
 1539      02003701 
 1539      00000201 
 1539      FB0E0D00 
 1539      01010101 
 1540              	.LASF9:
 1541 0000 5F5F7569 		.ascii	"__uint8_t\000"
 1541      6E74385F 
 1541      7400
 1542              	.LASF19:
 1543 000a 433A5C55 		.ascii	"C:\\Users\\SWAPNIL\\Documents\\PSoC Creator\\Lab4\\"
 1543      73657273 
 1543      5C535741 
 1543      504E494C 
 1543      5C446F63 
 1544 0037 6C616234 		.ascii	"lab4.cydsn\000"
 1544      2E637964 
 1544      736E00
 1545              	.LASF16:
 1546 0042 63795F6D 		.ascii	"cy_metadata\000"
 1546      65746164 
 1546      61746100 
 1547              	.LASF1:
 1548 004e 756E7369 		.ascii	"unsigned char\000"
 1548      676E6564 
 1548      20636861 
 1548      7200
 1549              	.LASF17:
 1550 005c 474E5520 		.ascii	"GNU C11 5.4.1 20160609 (release) [ARM/embedded-5-br"
 1550      43313120 
 1550      352E342E 
 1550      31203230 
 1550      31363036 
 1551 008f 616E6368 		.ascii	"anch revision 237715] -mcpu=cortex-m3 -mthumb -g -O"
 1551      20726576 
 1551      6973696F 
 1551      6E203233 
 1551      37373135 
 1552 00c2 67202D66 		.ascii	"g -ffunction-sections -ffat-lto-objects\000"
 1552      66756E63 
 1552      74696F6E 
 1552      2D736563 
 1552      74696F6E 
 1553              	.LASF5:
 1554 00ea 6C6F6E67 		.ascii	"long unsigned int\000"
 1554      20756E73 
 1554      69676E65 
 1554      6420696E 
 1554      7400
 1555              	.LASF3:
 1556 00fc 73686F72 		.ascii	"short unsigned int\000"
 1556      7420756E 
 1556      7369676E 
 1556      65642069 
ARM GAS  C:\Users\SWAPNIL\AppData\Local\Temp\cc8zzm4p.s 			page 29


 1556      6E7400
 1557              	.LASF13:
 1558 010f 63795F6D 		.ascii	"cy_meta_custnvl\000"
 1558      6574615F 
 1558      63757374 
 1558      6E766C00 
 1559              	.LASF12:
 1560 011f 63795F6D 		.ascii	"cy_meta_configecc\000"
 1560      6574615F 
 1560      636F6E66 
 1560      69676563 
 1560      6300
 1561              	.LASF8:
 1562 0131 756E7369 		.ascii	"unsigned int\000"
 1562      676E6564 
 1562      20696E74 
 1562      00
 1563              	.LASF7:
 1564 013e 6C6F6E67 		.ascii	"long long unsigned int\000"
 1564      206C6F6E 
 1564      6720756E 
 1564      7369676E 
 1564      65642069 
 1565              	.LASF10:
 1566 0155 75696E74 		.ascii	"uint8_t\000"
 1566      385F7400 
 1567              	.LASF15:
 1568 015d 63795F6D 		.ascii	"cy_meta_flashprotect\000"
 1568      6574615F 
 1568      666C6173 
 1568      6870726F 
 1568      74656374 
 1569              	.LASF14:
 1570 0172 63795F6D 		.ascii	"cy_meta_wonvl\000"
 1570      6574615F 
 1570      776F6E76 
 1570      6C00
 1571              	.LASF11:
 1572 0180 73697A65 		.ascii	"sizetype\000"
 1572      74797065 
 1572      00
 1573              	.LASF6:
 1574 0189 6C6F6E67 		.ascii	"long long int\000"
 1574      206C6F6E 
 1574      6720696E 
 1574      7400
 1575              	.LASF2:
 1576 0197 73686F72 		.ascii	"short int\000"
 1576      7420696E 
 1576      7400
 1577              	.LASF4:
 1578 01a1 6C6F6E67 		.ascii	"long int\000"
 1578      20696E74 
 1578      00
 1579              	.LASF0:
 1580 01aa 7369676E 		.ascii	"signed char\000"
 1580      65642063 
ARM GAS  C:\Users\SWAPNIL\AppData\Local\Temp\cc8zzm4p.s 			page 30


 1580      68617200 
 1581              	.LASF18:
 1582 01b6 47656E65 		.ascii	"Generated_Source\\PSoC5\\cymetadata.c\000"
 1582      72617465 
 1582      645F536F 
 1582      75726365 
 1582      5C50536F 
 1583              		.ident	"GCC: (GNU Tools for ARM Embedded Processors) 5.4.1 20160609 (release) [ARM/embedded-5-bran
