ARM GAS  C:\Users\SWAPNIL\AppData\Local\Temp\ccNz7Gwg.s 			page 1


   1              		.syntax unified
   2              		.cpu cortex-m3
   3              		.fpu softvfp
   4              		.eabi_attribute 20, 1
   5              		.eabi_attribute 21, 1
   6              		.eabi_attribute 23, 3
   7              		.eabi_attribute 24, 1
   8              		.eabi_attribute 25, 1
   9              		.eabi_attribute 26, 1
  10              		.eabi_attribute 30, 1
  11              		.eabi_attribute 34, 1
  12              		.eabi_attribute 18, 4
  13              		.thumb
  14              		.syntax unified
  15              		.file	"main.c"
  16              		.text
  17              	.Ltext0:
  18              		.cfi_sections	.debug_frame
  19              		.section	.text.main,"ax",%progbits
  20              		.align	2
  21              		.global	main
  22              		.thumb
  23              		.thumb_func
  24              		.type	main, %function
  25              	main:
  26              	.LFB64:
  27              		.file 1 "main.c"
   1:main.c        **** /* ========================================
   2:main.c        ****  *
   3:main.c        ****  * Copyright YOUR COMPANY, THE YEAR
   4:main.c        ****  * All Rights Reserved
   5:main.c        ****  * UNPUBLISHED, LICENSED SOFTWARE.
   6:main.c        ****  *
   7:main.c        ****  * CONFIDENTIAL AND PROPRIETARY INFORMATION
   8:main.c        ****  * WHICH IS THE PROPERTY OF your company.
   9:main.c        ****  *
  10:main.c        ****  * ========================================
  11:main.c        **** */
  12:main.c        **** #include "project.h"
  13:main.c        **** #include "stdio.h"
  14:main.c        **** 
  15:main.c        **** 
  16:main.c        **** #define SAMPLE_LIMIT 250
  17:main.c        **** 
  18:main.c        **** uint8 current_1 = 50, source = 0;
  19:main.c        **** uint32 adc_wait_count, last_adc_wait_count, test_mode = 0;
  20:main.c        **** uint32 button_not_pushed_count;
  21:main.c        **** uint16 adc_result;
  22:main.c        **** uint16 adc_limit = 4000;
  23:main.c        **** int sample_count = 0;
  24:main.c        **** 
  25:main.c        **** char TransmitBuffer[16];
  26:main.c        **** 
  27:main.c        **** //Variables forPID Control
  28:main.c        **** uint8 Vmeas_raw, Vmeas_buffer[SAMPLE_LIMIT];
  29:main.c        **** uint32 Vmeas_buffer_index = 0, buffer_limit_reached;
  30:main.c        **** int32 Vref = 90, Vmeas, Vmeas_last, Vmeas_delta, Verror, Vout, Vout_limited;
ARM GAS  C:\Users\SWAPNIL\AppData\Local\Temp\ccNz7Gwg.s 			page 2


  31:main.c        **** int32 Verror_sum, Verror_sum_limit = 10000;
  32:main.c        **** int32 Kp = 120, Kd = -500, Ki = 0;
  33:main.c        **** int32 Kp_term, Kd_term, Ki_term, FF_term = 95;
  34:main.c        **** int32 Kp_term_limited, Kd_term_limited, Ki_term_limited;
  35:main.c        **** uint32 Kp_term_overflow_count, Kp_term_underflow_count, loop_count;
  36:main.c        **** uint32 Kd_term_overflow_count, Kd_term_underflow_count;
  37:main.c        **** uint32 Kd_display_gain = 8;
  38:main.c        **** uint32 Ki_term_overflow_count, Ki_term_underflow_count;
  39:main.c        **** uint32 Vout_term_underflow_count, Vout_term_overflow_count;
  40:main.c        **** int32 Kp_scale_factor = 128, Kd_scale_factor = 128, Ki_scale_factor = 1024;
  41:main.c        **** int32 feedforward_only = 0;
  42:main.c        **** 
  43:main.c        **** 
  44:main.c        **** int main(void)
  45:main.c        **** {
  28              		.loc 1 45 0
  29              		.cfi_startproc
  30              		@ Volatile: function does not return.
  31              		@ args = 0, pretend = 0, frame = 0
  32              		@ frame_needed = 0, uses_anonymous_args = 0
  33 0000 08B5     		push	{r3, lr}
  34              		.cfi_def_cfa_offset 8
  35              		.cfi_offset 3, -8
  36              		.cfi_offset 14, -4
  46:main.c        ****     CyGlobalIntEnable; /* Enable global interrupts. */
  37              		.loc 1 46 0
  38              		.syntax unified
  39              	@ 46 "main.c" 1
  40 0002 62B6     		CPSIE   i
  41              	@ 0 "" 2
  47:main.c        **** 
  48:main.c        ****     /* Place your initialization/startup code here (e.g. MyInst_Start()) */
  49:main.c        ****     ADC_Start(); 
  42              		.loc 1 49 0
  43              		.thumb
  44              		.syntax unified
  45 0004 FFF7FEFF 		bl	ADC_Start
  46              	.LVL0:
  50:main.c        ****     ADC_StartConvert();
  47              		.loc 1 50 0
  48 0008 FFF7FEFF 		bl	ADC_StartConvert
  49              	.LVL1:
  51:main.c        ****     DAC_1_Start(); DAC_2_Start(); DAC_3_Start();
  50              		.loc 1 51 0
  51 000c FFF7FEFF 		bl	DAC_1_Start
  52              	.LVL2:
  53 0010 FFF7FEFF 		bl	DAC_2_Start
  54              	.LVL3:
  55 0014 FFF7FEFF 		bl	DAC_3_Start
  56              	.LVL4:
  52:main.c        ****     Opamp_1_Start(); Opamp_2_Start(); Opamp_3_Start(); Opamp_4_Start();
  57              		.loc 1 52 0
  58 0018 FFF7FEFF 		bl	Opamp_1_Start
  59              	.LVL5:
  60 001c FFF7FEFF 		bl	Opamp_2_Start
  61              	.LVL6:
  62 0020 FFF7FEFF 		bl	Opamp_3_Start
ARM GAS  C:\Users\SWAPNIL\AppData\Local\Temp\ccNz7Gwg.s 			page 3


  63              	.LVL7:
  64 0024 FFF7FEFF 		bl	Opamp_4_Start
  65              	.LVL8:
  66              	.L16:
  53:main.c        ****     //UART_Start();
  54:main.c        **** 
  55:main.c        ****     //UART_PutString("\r\n\n\n\n\n\n\n");
  56:main.c        ****     //UART_PutString("\rXXXXXXXX\r\n\n");
  57:main.c        ****    // CyDelay(500);
  58:main.c        ****     //UART_PutString("PID_Lab\n\n\r");
  59:main.c        **** 
  60:main.c        ****     /*P1_6_Write(1);
  61:main.c        ****     P1_6_Write(0);
  62:main.c        ****     P1_6_Write(1);
  63:main.c        ****     P1_6_Write(0);*/
  64:main.c        **** 
  65:main.c        ****     
  66:main.c        ****     while(1)
  67:main.c        ****     {
  68:main.c        ****         /* Place your application code here. */
  69:main.c        ****      loop_count++;
  67              		.loc 1 69 0
  68 0028 7B4A     		ldr	r2, .L21
  69 002a 1368     		ldr	r3, [r2]
  70 002c 0133     		adds	r3, r3, #1
  71 002e 1360     		str	r3, [r2]
  70:main.c        ****     Vmeas_last = Vmeas;
  72              		.loc 1 70 0
  73 0030 7A4B     		ldr	r3, .L21+4
  74 0032 1A68     		ldr	r2, [r3]
  75 0034 7A4B     		ldr	r3, .L21+8
  76 0036 1A60     		str	r2, [r3]
  71:main.c        ****     adc_wait_count = 0;
  77              		.loc 1 71 0
  78 0038 0022     		movs	r2, #0
  79 003a 7A4B     		ldr	r3, .L21+12
  80 003c 1A60     		str	r2, [r3]
  72:main.c        ****    // P1_6_Write(1);
  73:main.c        ****     ADC_StartConvert();
  81              		.loc 1 73 0
  82 003e FFF7FEFF 		bl	ADC_StartConvert
  83              	.LVL9:
  74:main.c        **** 
  75:main.c        ****     while(ADC_IsEndConversion(ADC_RETURN_STATUS) == 0)
  84              		.loc 1 75 0
  85 0042 03E0     		b	.L2
  86              	.L3:
  76:main.c        ****     adc_wait_count++;
  87              		.loc 1 76 0
  88 0044 774A     		ldr	r2, .L21+12
  89 0046 1368     		ldr	r3, [r2]
  90 0048 0133     		adds	r3, r3, #1
  91 004a 1360     		str	r3, [r2]
  92              	.L2:
  75:main.c        ****     adc_wait_count++;
  93              		.loc 1 75 0
  94 004c 0120     		movs	r0, #1
ARM GAS  C:\Users\SWAPNIL\AppData\Local\Temp\ccNz7Gwg.s 			page 4


  95 004e FFF7FEFF 		bl	ADC_IsEndConversion
  96              	.LVL10:
  97 0052 0028     		cmp	r0, #0
  98 0054 F6D0     		beq	.L3
  77:main.c        **** 
  78:main.c        ****     //P1_6_Write(0);
  79:main.c        ****     last_adc_wait_count = adc_wait_count;
  99              		.loc 1 79 0
 100 0056 734B     		ldr	r3, .L21+12
 101 0058 1A68     		ldr	r2, [r3]
 102 005a 734B     		ldr	r3, .L21+16
 103 005c 1A60     		str	r2, [r3]
  80:main.c        **** 
  81:main.c        ****     Vmeas_raw = (int32)ADC_GetResult8();
 104              		.loc 1 81 0
 105 005e FFF7FEFF 		bl	ADC_GetResult8
 106              	.LVL11:
 107 0062 C0B2     		uxtb	r0, r0
 108 0064 714C     		ldr	r4, .L21+20
 109 0066 2070     		strb	r0, [r4]
  82:main.c        ****     DAC_2_SetValue(127 + Vmeas_raw);
 110              		.loc 1 82 0
 111 0068 7F30     		adds	r0, r0, #127
 112 006a C0B2     		uxtb	r0, r0
 113 006c FFF7FEFF 		bl	DAC_2_SetValue
 114              	.LVL12:
  83:main.c        **** 
  84:main.c        ****     Vmeas_buffer[loop_count] = Vmeas_raw;
 115              		.loc 1 84 0
 116 0070 694B     		ldr	r3, .L21
 117 0072 1A68     		ldr	r2, [r3]
 118 0074 2378     		ldrb	r3, [r4]	@ zero_extendqisi2
 119 0076 6E49     		ldr	r1, .L21+24
 120 0078 8B54     		strb	r3, [r1, r2]
  85:main.c        **** 
  86:main.c        ****     Vmeas = (uint32)Vmeas_raw;
 121              		.loc 1 86 0
 122 007a 6849     		ldr	r1, .L21+4
 123 007c 0B60     		str	r3, [r1]
  87:main.c        **** 
  88:main.c        ****     if(loop_count == 1)
 124              		.loc 1 88 0
 125 007e 012A     		cmp	r2, #1
 126 0080 03D1     		bne	.L4
  89:main.c        ****     {
  90:main.c        ****         Vmeas_delta = 0;
 127              		.loc 1 90 0
 128 0082 0022     		movs	r2, #0
 129 0084 6B4B     		ldr	r3, .L21+28
 130 0086 1A60     		str	r2, [r3]
 131 0088 04E0     		b	.L5
 132              	.L4:
  91:main.c        ****     }
  92:main.c        ****     else
  93:main.c        ****     {
  94:main.c        ****         Vmeas_delta = Vmeas - Vmeas_last;
 133              		.loc 1 94 0
ARM GAS  C:\Users\SWAPNIL\AppData\Local\Temp\ccNz7Gwg.s 			page 5


 134 008a 654A     		ldr	r2, .L21+8
 135 008c 1268     		ldr	r2, [r2]
 136 008e 9B1A     		subs	r3, r3, r2
 137 0090 684A     		ldr	r2, .L21+28
 138 0092 1360     		str	r3, [r2]
 139              	.L5:
  95:main.c        ****     }
  96:main.c        **** 	
  97:main.c        **** 
  98:main.c        ****     DAC_3_SetValue(127 + Kd_display_gain * Vmeas_delta);
 140              		.loc 1 98 0
 141 0094 684D     		ldr	r5, .L21+32
 142 0096 2B68     		ldr	r3, [r5]
 143 0098 664C     		ldr	r4, .L21+28
 144 009a 2068     		ldr	r0, [r4]
 145 009c 03FB00F3 		mul	r3, r3, r0
 146 00a0 03F17F00 		add	r0, r3, #127
 147 00a4 C0B2     		uxtb	r0, r0
 148 00a6 FFF7FEFF 		bl	DAC_3_SetValue
 149              	.LVL13:
  99:main.c        **** 
 100:main.c        ****     Kd_term = Kd * Vmeas_delta / Kd_scale_factor;
 150              		.loc 1 100 0
 151 00aa 6A68     		ldr	r2, [r5, #4]
 152 00ac 2368     		ldr	r3, [r4]
 153 00ae 03FB02F3 		mul	r3, r3, r2
 154 00b2 AA68     		ldr	r2, [r5, #8]
 155 00b4 93FBF2F3 		sdiv	r3, r3, r2
 156 00b8 604A     		ldr	r2, .L21+36
 157 00ba 1360     		str	r3, [r2]
 101:main.c        **** 
 102:main.c        ****     Kd_term_limited = Kd_term;
 158              		.loc 1 102 0
 159 00bc 604A     		ldr	r2, .L21+40
 160 00be 1360     		str	r3, [r2]
 103:main.c        ****     if(Kd_term_limited > 127)
 161              		.loc 1 103 0
 162 00c0 7F2B     		cmp	r3, #127
 163 00c2 05DD     		ble	.L6
 104:main.c        ****     {
 105:main.c        ****         Kd_term_limited = 127; 
 164              		.loc 1 105 0
 165 00c4 7F21     		movs	r1, #127
 166 00c6 1160     		str	r1, [r2]
 106:main.c        ****         Kd_term_overflow_count++;
 167              		.loc 1 106 0
 168 00c8 5E49     		ldr	r1, .L21+44
 169 00ca 0A68     		ldr	r2, [r1]
 170 00cc 0132     		adds	r2, r2, #1
 171 00ce 0A60     		str	r2, [r1]
 172              	.L6:
 107:main.c        ****     }
 108:main.c        ****     if(Kd_term_limited < -127) 
 173              		.loc 1 108 0
 174 00d0 5B4A     		ldr	r2, .L21+40
 175 00d2 1268     		ldr	r2, [r2]
 176 00d4 12F17F0F 		cmn	r2, #127
ARM GAS  C:\Users\SWAPNIL\AppData\Local\Temp\ccNz7Gwg.s 			page 6


 177 00d8 07DA     		bge	.L7
 109:main.c        ****     {
 110:main.c        ****         Kd_term_limited = -127; 
 178              		.loc 1 110 0
 179 00da 6FF07E01 		mvn	r1, #126
 180 00de 584A     		ldr	r2, .L21+40
 181 00e0 1160     		str	r1, [r2]
 111:main.c        ****         Kd_term_underflow_count++;
 182              		.loc 1 111 0
 183 00e2 5949     		ldr	r1, .L21+48
 184 00e4 0A68     		ldr	r2, [r1]
 185 00e6 0132     		adds	r2, r2, #1
 186 00e8 0A60     		str	r2, [r1]
 187              	.L7:
 112:main.c        ****     }
 113:main.c        **** 
 114:main.c        ****     Verror = Vref - Vmeas;
 188              		.loc 1 114 0
 189 00ea 5348     		ldr	r0, .L21+32
 190 00ec C168     		ldr	r1, [r0, #12]
 191 00ee 4B4A     		ldr	r2, .L21+4
 192 00f0 1268     		ldr	r2, [r2]
 193 00f2 891A     		subs	r1, r1, r2
 194 00f4 554A     		ldr	r2, .L21+52
 195 00f6 1160     		str	r1, [r2]
 115:main.c        **** 
 116:main.c        ****     Kp_term = Kp * Verror / Kp_scale_factor;
 196              		.loc 1 116 0
 197 00f8 0269     		ldr	r2, [r0, #16]
 198 00fa 02FB01F2 		mul	r2, r2, r1
 199 00fe 4069     		ldr	r0, [r0, #20]
 200 0100 92FBF0F2 		sdiv	r2, r2, r0
 201 0104 5248     		ldr	r0, .L21+56
 202 0106 0260     		str	r2, [r0]
 117:main.c        **** 
 118:main.c        ****     Kp_term_limited = Kp_term;
 203              		.loc 1 118 0
 204 0108 5248     		ldr	r0, .L21+60
 205 010a 0260     		str	r2, [r0]
 119:main.c        ****     if(Kp_term_limited > 127) 
 206              		.loc 1 119 0
 207 010c 7F2A     		cmp	r2, #127
 208 010e 05DD     		ble	.L8
 120:main.c        ****     {
 121:main.c        ****         Kp_term_limited = 127;
 209              		.loc 1 121 0
 210 0110 7F24     		movs	r4, #127
 211 0112 0460     		str	r4, [r0]
 122:main.c        ****         Kp_term_overflow_count++;
 212              		.loc 1 122 0
 213 0114 504C     		ldr	r4, .L21+64
 214 0116 2068     		ldr	r0, [r4]
 215 0118 0130     		adds	r0, r0, #1
 216 011a 2060     		str	r0, [r4]
 217              	.L8:
 123:main.c        ****     }
 124:main.c        ****     if(Kp_term_limited < -127) 
ARM GAS  C:\Users\SWAPNIL\AppData\Local\Temp\ccNz7Gwg.s 			page 7


 218              		.loc 1 124 0
 219 011c 4D48     		ldr	r0, .L21+60
 220 011e 0068     		ldr	r0, [r0]
 221 0120 10F17F0F 		cmn	r0, #127
 222 0124 07DA     		bge	.L9
 125:main.c        ****     {
 126:main.c        ****         Kp_term_limited = -127; 
 223              		.loc 1 126 0
 224 0126 6FF07E04 		mvn	r4, #126
 225 012a 4A48     		ldr	r0, .L21+60
 226 012c 0460     		str	r4, [r0]
 127:main.c        ****         Kp_term_underflow_count++;
 227              		.loc 1 127 0
 228 012e 4B4C     		ldr	r4, .L21+68
 229 0130 2068     		ldr	r0, [r4]
 230 0132 0130     		adds	r0, r0, #1
 231 0134 2060     		str	r0, [r4]
 232              	.L9:
 128:main.c        ****     }
 129:main.c        ****     Verror_sum += Verror;
 233              		.loc 1 129 0
 234 0136 4A4C     		ldr	r4, .L21+72
 235 0138 2068     		ldr	r0, [r4]
 236 013a 0144     		add	r1, r1, r0
 237 013c 2160     		str	r1, [r4]
 130:main.c        **** 
 131:main.c        ****     if(Verror_sum > Verror_sum_limit) 
 238              		.loc 1 131 0
 239 013e 3E48     		ldr	r0, .L21+32
 240 0140 8069     		ldr	r0, [r0, #24]
 241 0142 8142     		cmp	r1, r0
 242 0144 04DD     		ble	.L10
 132:main.c        ****     {
 133:main.c        ****         Verror_sum = Verror_sum_limit; 
 243              		.loc 1 133 0
 244 0146 2060     		str	r0, [r4]
 134:main.c        ****         Ki_term_overflow_count++;
 245              		.loc 1 134 0
 246 0148 464C     		ldr	r4, .L21+76
 247 014a 2168     		ldr	r1, [r4]
 248 014c 0131     		adds	r1, r1, #1
 249 014e 2160     		str	r1, [r4]
 250              	.L10:
 135:main.c        ****     }
 136:main.c        ****     if(Verror_sum < -Verror_sum_limit)
 251              		.loc 1 136 0
 252 0150 4042     		negs	r0, r0
 253 0152 4349     		ldr	r1, .L21+72
 254 0154 0968     		ldr	r1, [r1]
 255 0156 8842     		cmp	r0, r1
 256 0158 05DD     		ble	.L11
 137:main.c        ****     {
 138:main.c        ****         Verror_sum = -Verror_sum_limit;
 257              		.loc 1 138 0
 258 015a 4149     		ldr	r1, .L21+72
 259 015c 0860     		str	r0, [r1]
 139:main.c        ****         Ki_term_underflow_count++;
ARM GAS  C:\Users\SWAPNIL\AppData\Local\Temp\ccNz7Gwg.s 			page 8


 260              		.loc 1 139 0
 261 015e 4248     		ldr	r0, .L21+80
 262 0160 0168     		ldr	r1, [r0]
 263 0162 0131     		adds	r1, r1, #1
 264 0164 0160     		str	r1, [r0]
 265              	.L11:
 140:main.c        ****     }
 141:main.c        **** 
 142:main.c        ****     Ki_term = Ki * Verror_sum / Ki_scale_factor;
 266              		.loc 1 142 0
 267 0166 4148     		ldr	r0, .L21+84
 268 0168 0468     		ldr	r4, [r0]
 269 016a 3D49     		ldr	r1, .L21+72
 270 016c 0968     		ldr	r1, [r1]
 271 016e 01FB04F1 		mul	r1, r1, r4
 272 0172 314C     		ldr	r4, .L21+32
 273 0174 E469     		ldr	r4, [r4, #28]
 274 0176 91FBF4F1 		sdiv	r1, r1, r4
 275 017a 3D4C     		ldr	r4, .L21+88
 276 017c 2160     		str	r1, [r4]
 143:main.c        **** 
 144:main.c        ****     if(feedforward_only == 1)
 277              		.loc 1 144 0
 278 017e 4068     		ldr	r0, [r0, #4]
 279 0180 0128     		cmp	r0, #1
 280 0182 04D1     		bne	.L12
 145:main.c        ****     {
 146:main.c        ****         Vout = FF_term;
 281              		.loc 1 146 0
 282 0184 2C4B     		ldr	r3, .L21+32
 283 0186 1A6A     		ldr	r2, [r3, #32]
 284 0188 3A4B     		ldr	r3, .L21+92
 285 018a 1A60     		str	r2, [r3]
 286 018c 06E0     		b	.L13
 287              	.L12:
 147:main.c        ****     }
 148:main.c        ****     else
 149:main.c        ****     {
 150:main.c        ****         Vout = FF_term + Kp_term + Ki_term + Kd_term;
 288              		.loc 1 150 0
 289 018e 2A48     		ldr	r0, .L21+32
 290 0190 006A     		ldr	r0, [r0, #32]
 291 0192 0244     		add	r2, r2, r0
 292 0194 1144     		add	r1, r1, r2
 293 0196 0B44     		add	r3, r3, r1
 294 0198 364A     		ldr	r2, .L21+92
 295 019a 1360     		str	r3, [r2]
 296              	.L13:
 151:main.c        ****     }
 152:main.c        **** 
 153:main.c        ****     Vout_limited = Vout;
 297              		.loc 1 153 0
 298 019c 354B     		ldr	r3, .L21+92
 299 019e 1B68     		ldr	r3, [r3]
 300 01a0 354A     		ldr	r2, .L21+96
 301 01a2 1360     		str	r3, [r2]
 154:main.c        ****     if(Vout_limited > 255)
ARM GAS  C:\Users\SWAPNIL\AppData\Local\Temp\ccNz7Gwg.s 			page 9


 302              		.loc 1 154 0
 303 01a4 FF2B     		cmp	r3, #255
 304 01a6 06DD     		ble	.L14
 155:main.c        ****     {
 156:main.c        ****         Vout_limited = 255; 
 305              		.loc 1 156 0
 306 01a8 FF22     		movs	r2, #255
 307 01aa 334B     		ldr	r3, .L21+96
 308 01ac 1A60     		str	r2, [r3]
 157:main.c        ****         Vout_term_overflow_count++;
 309              		.loc 1 157 0
 310 01ae 334A     		ldr	r2, .L21+100
 311 01b0 1368     		ldr	r3, [r2]
 312 01b2 0133     		adds	r3, r3, #1
 313 01b4 1360     		str	r3, [r2]
 314              	.L14:
 158:main.c        ****     }
 159:main.c        ****     
 160:main.c        ****     if(Vout_limited < 0) 
 315              		.loc 1 160 0
 316 01b6 304B     		ldr	r3, .L21+96
 317 01b8 1B68     		ldr	r3, [r3]
 318 01ba 002B     		cmp	r3, #0
 319 01bc 06DA     		bge	.L15
 161:main.c        ****     {
 162:main.c        ****         Vout_limited = 0;
 320              		.loc 1 162 0
 321 01be 0022     		movs	r2, #0
 322 01c0 2D4B     		ldr	r3, .L21+96
 323 01c2 1A60     		str	r2, [r3]
 163:main.c        ****         Vout_term_underflow_count++;
 324              		.loc 1 163 0
 325 01c4 2E4A     		ldr	r2, .L21+104
 326 01c6 1368     		ldr	r3, [r2]
 327 01c8 0133     		adds	r3, r3, #1
 328 01ca 1360     		str	r3, [r2]
 329              	.L15:
 164:main.c        ****     }
 165:main.c        **** 
 166:main.c        ****     DAC_1_SetValue(Vout_limited);
 330              		.loc 1 166 0
 331 01cc 2A4B     		ldr	r3, .L21+96
 332 01ce 1878     		ldrb	r0, [r3]	@ zero_extendqisi2
 333 01d0 FFF7FEFF 		bl	DAC_1_SetValue
 334              	.LVL14:
 167:main.c        **** 
 168:main.c        ****     if(loop_count < SAMPLE_LIMIT)
 169:main.c        **** 
 170:main.c        ****     {
 171:main.c        ****     }
 172:main.c        ****     if(loop_count >= SAMPLE_LIMIT)
 335              		.loc 1 172 0
 336 01d4 104B     		ldr	r3, .L21
 337 01d6 1B68     		ldr	r3, [r3]
 338 01d8 F92B     		cmp	r3, #249
 339 01da 7FF625AF 		bls	.L16
 173:main.c        ****     {
ARM GAS  C:\Users\SWAPNIL\AppData\Local\Temp\ccNz7Gwg.s 			page 10


 174:main.c        ****     loop_count = 0;
 340              		.loc 1 174 0
 341 01de 0024     		movs	r4, #0
 342 01e0 0D4B     		ldr	r3, .L21
 343 01e2 1C60     		str	r4, [r3]
 175:main.c        ****    // P12_3_Write(0);
 176:main.c        **** 
 177:main.c        ****     DAC_1_SetValue(0);
 344              		.loc 1 177 0
 345 01e4 2046     		mov	r0, r4
 346 01e6 FFF7FEFF 		bl	DAC_1_SetValue
 347              	.LVL15:
 178:main.c        **** 
 179:main.c        ****     /*CyDelay(100);
 180:main.c        ****     UART_PutString("\r\n    Index     Vcap \n\r");
 181:main.c        ****     UART_PutString("    ____    ____  \n\n\r");*/
 182:main.c        **** 
 183:main.c        ****     Vmeas_buffer_index = 0;
 348              		.loc 1 183 0
 349 01ea 204B     		ldr	r3, .L21+84
 350 01ec 9C60     		str	r4, [r3, #8]
 184:main.c        **** 
 185:main.c        ****     while(Vmeas_buffer_index < SAMPLE_LIMIT)
 351              		.loc 1 185 0
 352 01ee 0AE0     		b	.L17
 353              	.L18:
 186:main.c        ****     {
 187:main.c        ****     sprintf(TransmitBuffer, "    %d     %d \r\n",
 354              		.loc 1 187 0
 355 01f0 0F4B     		ldr	r3, .L21+24
 356 01f2 9B5C     		ldrb	r3, [r3, r2]	@ zero_extendqisi2
 357 01f4 92B2     		uxth	r2, r2
 358 01f6 2349     		ldr	r1, .L21+108
 359 01f8 2348     		ldr	r0, .L21+112
 360 01fa FFF7FEFF 		bl	sprintf
 361              	.LVL16:
 188:main.c        ****     	(uint16) Vmeas_buffer_index, Vmeas_buffer[Vmeas_buffer_index]);
 189:main.c        **** 
 190:main.c        ****     //UART_PutString(TransmitBuffer);
 191:main.c        ****     Vmeas_buffer_index++;
 362              		.loc 1 191 0
 363 01fe 1B4A     		ldr	r2, .L21+84
 364 0200 9368     		ldr	r3, [r2, #8]
 365 0202 0133     		adds	r3, r3, #1
 366 0204 9360     		str	r3, [r2, #8]
 367              	.L17:
 185:main.c        ****     {
 368              		.loc 1 185 0
 369 0206 194B     		ldr	r3, .L21+84
 370 0208 9A68     		ldr	r2, [r3, #8]
 371 020a F92A     		cmp	r2, #249
 372 020c F0D9     		bls	.L18
 192:main.c        ****     }
 193:main.c        ****     /*UART_PutString("\r\n\nTest Complete.\n\n");
 194:main.c        ****     UART_PutString("\r************\n\n\n\n\n");*/
 195:main.c        ****     loop_count = 0;
 373              		.loc 1 195 0
ARM GAS  C:\Users\SWAPNIL\AppData\Local\Temp\ccNz7Gwg.s 			page 11


 374 020e 0022     		movs	r2, #0
 375 0210 014B     		ldr	r3, .L21
 376 0212 1A60     		str	r2, [r3]
 377 0214 08E7     		b	.L16
 378              	.L22:
 379 0216 00BF     		.align	2
 380              	.L21:
 381 0218 00000000 		.word	loop_count
 382 021c 00000000 		.word	Vmeas
 383 0220 00000000 		.word	Vmeas_last
 384 0224 00000000 		.word	adc_wait_count
 385 0228 00000000 		.word	last_adc_wait_count
 386 022c 00000000 		.word	Vmeas_raw
 387 0230 00000000 		.word	Vmeas_buffer
 388 0234 00000000 		.word	Vmeas_delta
 389 0238 00000000 		.word	.LANCHOR0
 390 023c 00000000 		.word	Kd_term
 391 0240 00000000 		.word	Kd_term_limited
 392 0244 00000000 		.word	Kd_term_overflow_count
 393 0248 00000000 		.word	Kd_term_underflow_count
 394 024c 00000000 		.word	Verror
 395 0250 00000000 		.word	Kp_term
 396 0254 00000000 		.word	Kp_term_limited
 397 0258 00000000 		.word	Kp_term_overflow_count
 398 025c 00000000 		.word	Kp_term_underflow_count
 399 0260 00000000 		.word	Verror_sum
 400 0264 00000000 		.word	Ki_term_overflow_count
 401 0268 00000000 		.word	Ki_term_underflow_count
 402 026c 00000000 		.word	.LANCHOR1
 403 0270 00000000 		.word	Ki_term
 404 0274 00000000 		.word	Vout
 405 0278 00000000 		.word	Vout_limited
 406 027c 00000000 		.word	Vout_term_overflow_count
 407 0280 00000000 		.word	Vout_term_underflow_count
 408 0284 00000000 		.word	.LC0
 409 0288 00000000 		.word	TransmitBuffer
 410              		.cfi_endproc
 411              	.LFE64:
 412              		.size	main, .-main
 413              		.global	feedforward_only
 414              		.global	Ki_scale_factor
 415              		.global	Kd_scale_factor
 416              		.global	Kp_scale_factor
 417              		.comm	Vout_term_overflow_count,4,4
 418              		.comm	Vout_term_underflow_count,4,4
 419              		.comm	Ki_term_underflow_count,4,4
 420              		.comm	Ki_term_overflow_count,4,4
 421              		.global	Kd_display_gain
 422              		.comm	Kd_term_underflow_count,4,4
 423              		.comm	Kd_term_overflow_count,4,4
 424              		.comm	loop_count,4,4
 425              		.comm	Kp_term_underflow_count,4,4
 426              		.comm	Kp_term_overflow_count,4,4
 427              		.comm	Ki_term_limited,4,4
 428              		.comm	Kd_term_limited,4,4
 429              		.comm	Kp_term_limited,4,4
 430              		.global	FF_term
ARM GAS  C:\Users\SWAPNIL\AppData\Local\Temp\ccNz7Gwg.s 			page 12


 431              		.comm	Ki_term,4,4
 432              		.comm	Kd_term,4,4
 433              		.comm	Kp_term,4,4
 434              		.global	Ki
 435              		.global	Kd
 436              		.global	Kp
 437              		.global	Verror_sum_limit
 438              		.comm	Verror_sum,4,4
 439              		.comm	Vout_limited,4,4
 440              		.comm	Vout,4,4
 441              		.comm	Verror,4,4
 442              		.comm	Vmeas_delta,4,4
 443              		.comm	Vmeas_last,4,4
 444              		.comm	Vmeas,4,4
 445              		.global	Vref
 446              		.comm	buffer_limit_reached,4,4
 447              		.global	Vmeas_buffer_index
 448              		.comm	Vmeas_buffer,250,4
 449              		.comm	Vmeas_raw,1,1
 450              		.comm	TransmitBuffer,16,4
 451              		.global	sample_count
 452              		.global	adc_limit
 453              		.comm	adc_result,2,2
 454              		.comm	button_not_pushed_count,4,4
 455              		.global	test_mode
 456              		.comm	last_adc_wait_count,4,4
 457              		.comm	adc_wait_count,4,4
 458              		.global	source
 459              		.global	current_1
 460              		.data
 461              		.align	2
 462              		.set	.LANCHOR0,. + 0
 463              		.type	Kd_display_gain, %object
 464              		.size	Kd_display_gain, 4
 465              	Kd_display_gain:
 466 0000 08000000 		.word	8
 467              		.type	Kd, %object
 468              		.size	Kd, 4
 469              	Kd:
 470 0004 0CFEFFFF 		.word	-500
 471              		.type	Kd_scale_factor, %object
 472              		.size	Kd_scale_factor, 4
 473              	Kd_scale_factor:
 474 0008 80000000 		.word	128
 475              		.type	Vref, %object
 476              		.size	Vref, 4
 477              	Vref:
 478 000c 5A000000 		.word	90
 479              		.type	Kp, %object
 480              		.size	Kp, 4
 481              	Kp:
 482 0010 78000000 		.word	120
 483              		.type	Kp_scale_factor, %object
 484              		.size	Kp_scale_factor, 4
 485              	Kp_scale_factor:
 486 0014 80000000 		.word	128
 487              		.type	Verror_sum_limit, %object
ARM GAS  C:\Users\SWAPNIL\AppData\Local\Temp\ccNz7Gwg.s 			page 13


 488              		.size	Verror_sum_limit, 4
 489              	Verror_sum_limit:
 490 0018 10270000 		.word	10000
 491              		.type	Ki_scale_factor, %object
 492              		.size	Ki_scale_factor, 4
 493              	Ki_scale_factor:
 494 001c 00040000 		.word	1024
 495              		.type	FF_term, %object
 496              		.size	FF_term, 4
 497              	FF_term:
 498 0020 5F000000 		.word	95
 499              		.type	adc_limit, %object
 500              		.size	adc_limit, 2
 501              	adc_limit:
 502 0024 A00F     		.short	4000
 503              		.type	current_1, %object
 504              		.size	current_1, 1
 505              	current_1:
 506 0026 32       		.byte	50
 507              		.section	.rodata.str1.4,"aMS",%progbits,1
 508              		.align	2
 509              	.LC0:
 510 0000 20202020 		.ascii	"    %d     %d \015\012\000"
 510      25642020 
 510      20202025 
 510      64200D0A 
 510      00
 511              		.bss
 512              		.align	2
 513              		.set	.LANCHOR1,. + 0
 514              		.type	Ki, %object
 515              		.size	Ki, 4
 516              	Ki:
 517 0000 00000000 		.space	4
 518              		.type	feedforward_only, %object
 519              		.size	feedforward_only, 4
 520              	feedforward_only:
 521 0004 00000000 		.space	4
 522              		.type	Vmeas_buffer_index, %object
 523              		.size	Vmeas_buffer_index, 4
 524              	Vmeas_buffer_index:
 525 0008 00000000 		.space	4
 526              		.type	sample_count, %object
 527              		.size	sample_count, 4
 528              	sample_count:
 529 000c 00000000 		.space	4
 530              		.type	test_mode, %object
 531              		.size	test_mode, 4
 532              	test_mode:
 533 0010 00000000 		.space	4
 534              		.type	source, %object
 535              		.size	source, 1
 536              	source:
 537 0014 00       		.space	1
 538              		.text
 539              	.Letext0:
 540              		.file 2 "c:\\program files (x86)\\cypress\\psoc creator\\4.4\\psoc creator\\import\\gnu\\arm\\5.4.
ARM GAS  C:\Users\SWAPNIL\AppData\Local\Temp\ccNz7Gwg.s 			page 14


 541              		.file 3 "c:\\program files (x86)\\cypress\\psoc creator\\4.4\\psoc creator\\import\\gnu\\arm\\5.4.
 542              		.file 4 "Generated_Source\\PSoC5/cytypes.h"
 543              		.file 5 "Generated_Source\\PSoC5/core_cm3.h"
 544              		.file 6 "Generated_Source\\PSoC5/ADC.h"
 545              		.file 7 "Generated_Source\\PSoC5/DAC_1.h"
 546              		.file 8 "Generated_Source\\PSoC5/DAC_2.h"
 547              		.file 9 "Generated_Source\\PSoC5/DAC_3.h"
 548              		.file 10 "Generated_Source\\PSoC5/Opamp_1.h"
 549              		.file 11 "Generated_Source\\PSoC5/Opamp_2.h"
 550              		.file 12 "Generated_Source\\PSoC5/Opamp_3.h"
 551              		.file 13 "Generated_Source\\PSoC5/Opamp_4.h"
 552              		.file 14 "c:\\program files (x86)\\cypress\\psoc creator\\4.4\\psoc creator\\import\\gnu\\arm\\5.4
 553              		.section	.debug_info,"",%progbits
 554              	.Ldebug_info0:
 555 0000 9E050000 		.4byte	0x59e
 556 0004 0400     		.2byte	0x4
 557 0006 00000000 		.4byte	.Ldebug_abbrev0
 558 000a 04       		.byte	0x4
 559 000b 01       		.uleb128 0x1
 560 000c 30040000 		.4byte	.LASF80
 561 0010 0C       		.byte	0xc
 562 0011 57030000 		.4byte	.LASF81
 563 0015 BF020000 		.4byte	.LASF82
 564 0019 00000000 		.4byte	.Ldebug_ranges0+0
 565 001d 00000000 		.4byte	0
 566 0021 00000000 		.4byte	.Ldebug_line0
 567 0025 02       		.uleb128 0x2
 568 0026 01       		.byte	0x1
 569 0027 06       		.byte	0x6
 570 0028 2C020000 		.4byte	.LASF0
 571 002c 02       		.uleb128 0x2
 572 002d 01       		.byte	0x1
 573 002e 08       		.byte	0x8
 574 002f E9010000 		.4byte	.LASF1
 575 0033 02       		.uleb128 0x2
 576 0034 02       		.byte	0x2
 577 0035 05       		.byte	0x5
 578 0036 54000000 		.4byte	.LASF2
 579 003a 02       		.uleb128 0x2
 580 003b 02       		.byte	0x2
 581 003c 07       		.byte	0x7
 582 003d AC020000 		.4byte	.LASF3
 583 0041 03       		.uleb128 0x3
 584 0042 AE030000 		.4byte	.LASF9
 585 0046 02       		.byte	0x2
 586 0047 3F       		.byte	0x3f
 587 0048 4C000000 		.4byte	0x4c
 588 004c 02       		.uleb128 0x2
 589 004d 04       		.byte	0x4
 590 004e 05       		.byte	0x5
 591 004f 7A010000 		.4byte	.LASF4
 592 0053 02       		.uleb128 0x2
 593 0054 04       		.byte	0x4
 594 0055 07       		.byte	0x7
 595 0056 5E030000 		.4byte	.LASF5
 596 005a 02       		.uleb128 0x2
 597 005b 08       		.byte	0x8
ARM GAS  C:\Users\SWAPNIL\AppData\Local\Temp\ccNz7Gwg.s 			page 15


 598 005c 05       		.byte	0x5
 599 005d 4B010000 		.4byte	.LASF6
 600 0061 02       		.uleb128 0x2
 601 0062 08       		.byte	0x8
 602 0063 07       		.byte	0x7
 603 0064 59010000 		.4byte	.LASF7
 604 0068 04       		.uleb128 0x4
 605 0069 04       		.byte	0x4
 606 006a 05       		.byte	0x5
 607 006b 696E7400 		.ascii	"int\000"
 608 006f 02       		.uleb128 0x2
 609 0070 04       		.byte	0x4
 610 0071 07       		.byte	0x7
 611 0072 BE040000 		.4byte	.LASF8
 612 0076 03       		.uleb128 0x3
 613 0077 07030000 		.4byte	.LASF10
 614 007b 03       		.byte	0x3
 615 007c 2C       		.byte	0x2c
 616 007d 41000000 		.4byte	0x41
 617 0081 05       		.uleb128 0x5
 618 0082 F6000000 		.4byte	.LASF11
 619 0086 04       		.byte	0x4
 620 0087 E801     		.2byte	0x1e8
 621 0089 2C000000 		.4byte	0x2c
 622 008d 05       		.uleb128 0x5
 623 008e C8000000 		.4byte	.LASF12
 624 0092 04       		.byte	0x4
 625 0093 E901     		.2byte	0x1e9
 626 0095 3A000000 		.4byte	0x3a
 627 0099 05       		.uleb128 0x5
 628 009a 50030000 		.4byte	.LASF13
 629 009e 04       		.byte	0x4
 630 009f EA01     		.2byte	0x1ea
 631 00a1 53000000 		.4byte	0x53
 632 00a5 05       		.uleb128 0x5
 633 00a6 70030000 		.4byte	.LASF14
 634 00aa 04       		.byte	0x4
 635 00ab ED01     		.2byte	0x1ed
 636 00ad 4C000000 		.4byte	0x4c
 637 00b1 02       		.uleb128 0x2
 638 00b2 04       		.byte	0x4
 639 00b3 04       		.byte	0x4
 640 00b4 45010000 		.4byte	.LASF15
 641 00b8 02       		.uleb128 0x2
 642 00b9 08       		.byte	0x8
 643 00ba 04       		.byte	0x4
 644 00bb 76030000 		.4byte	.LASF16
 645 00bf 02       		.uleb128 0x2
 646 00c0 01       		.byte	0x1
 647 00c1 08       		.byte	0x8
 648 00c2 02030000 		.4byte	.LASF17
 649 00c6 02       		.uleb128 0x2
 650 00c7 08       		.byte	0x8
 651 00c8 04       		.byte	0x4
 652 00c9 DD010000 		.4byte	.LASF18
 653 00cd 02       		.uleb128 0x2
 654 00ce 04       		.byte	0x4
ARM GAS  C:\Users\SWAPNIL\AppData\Local\Temp\ccNz7Gwg.s 			page 16


 655 00cf 07       		.byte	0x7
 656 00d0 E0030000 		.4byte	.LASF19
 657 00d4 06       		.uleb128 0x6
 658 00d5 A0000000 		.4byte	.LASF83
 659 00d9 01       		.byte	0x1
 660 00da 2C       		.byte	0x2c
 661 00db 68000000 		.4byte	0x68
 662 00df 00000000 		.4byte	.LFB64
 663 00e3 8C020000 		.4byte	.LFE64-.LFB64
 664 00e7 01       		.uleb128 0x1
 665 00e8 9C       		.byte	0x9c
 666 00e9 AF010000 		.4byte	0x1af
 667 00ed 07       		.uleb128 0x7
 668 00ee 08000000 		.4byte	.LVL0
 669 00f2 FC040000 		.4byte	0x4fc
 670 00f6 07       		.uleb128 0x7
 671 00f7 0C000000 		.4byte	.LVL1
 672 00fb 07050000 		.4byte	0x507
 673 00ff 07       		.uleb128 0x7
 674 0100 10000000 		.4byte	.LVL2
 675 0104 12050000 		.4byte	0x512
 676 0108 07       		.uleb128 0x7
 677 0109 14000000 		.4byte	.LVL3
 678 010d 1D050000 		.4byte	0x51d
 679 0111 07       		.uleb128 0x7
 680 0112 18000000 		.4byte	.LVL4
 681 0116 28050000 		.4byte	0x528
 682 011a 07       		.uleb128 0x7
 683 011b 1C000000 		.4byte	.LVL5
 684 011f 33050000 		.4byte	0x533
 685 0123 07       		.uleb128 0x7
 686 0124 20000000 		.4byte	.LVL6
 687 0128 3E050000 		.4byte	0x53e
 688 012c 07       		.uleb128 0x7
 689 012d 24000000 		.4byte	.LVL7
 690 0131 49050000 		.4byte	0x549
 691 0135 07       		.uleb128 0x7
 692 0136 28000000 		.4byte	.LVL8
 693 013a 54050000 		.4byte	0x554
 694 013e 07       		.uleb128 0x7
 695 013f 42000000 		.4byte	.LVL9
 696 0143 07050000 		.4byte	0x507
 697 0147 08       		.uleb128 0x8
 698 0148 52000000 		.4byte	.LVL10
 699 014c 5F050000 		.4byte	0x55f
 700 0150 5A010000 		.4byte	0x15a
 701 0154 09       		.uleb128 0x9
 702 0155 01       		.uleb128 0x1
 703 0156 50       		.byte	0x50
 704 0157 01       		.uleb128 0x1
 705 0158 31       		.byte	0x31
 706 0159 00       		.byte	0
 707 015a 07       		.uleb128 0x7
 708 015b 62000000 		.4byte	.LVL11
 709 015f 6A050000 		.4byte	0x56a
 710 0163 07       		.uleb128 0x7
 711 0164 70000000 		.4byte	.LVL12
ARM GAS  C:\Users\SWAPNIL\AppData\Local\Temp\ccNz7Gwg.s 			page 17


 712 0168 75050000 		.4byte	0x575
 713 016c 07       		.uleb128 0x7
 714 016d AA000000 		.4byte	.LVL13
 715 0171 80050000 		.4byte	0x580
 716 0175 07       		.uleb128 0x7
 717 0176 D4010000 		.4byte	.LVL14
 718 017a 8B050000 		.4byte	0x58b
 719 017e 08       		.uleb128 0x8
 720 017f EA010000 		.4byte	.LVL15
 721 0183 8B050000 		.4byte	0x58b
 722 0187 92010000 		.4byte	0x192
 723 018b 09       		.uleb128 0x9
 724 018c 01       		.uleb128 0x1
 725 018d 50       		.byte	0x50
 726 018e 02       		.uleb128 0x2
 727 018f 74       		.byte	0x74
 728 0190 00       		.sleb128 0
 729 0191 00       		.byte	0
 730 0192 0A       		.uleb128 0xa
 731 0193 FE010000 		.4byte	.LVL16
 732 0197 96050000 		.4byte	0x596
 733 019b 09       		.uleb128 0x9
 734 019c 01       		.uleb128 0x1
 735 019d 50       		.byte	0x50
 736 019e 05       		.uleb128 0x5
 737 019f 03       		.byte	0x3
 738 01a0 00000000 		.4byte	TransmitBuffer
 739 01a4 09       		.uleb128 0x9
 740 01a5 01       		.uleb128 0x1
 741 01a6 51       		.byte	0x51
 742 01a7 05       		.uleb128 0x5
 743 01a8 03       		.byte	0x3
 744 01a9 00000000 		.4byte	.LC0
 745 01ad 00       		.byte	0
 746 01ae 00       		.byte	0
 747 01af 0B       		.uleb128 0xb
 748 01b0 23040000 		.4byte	.LASF20
 749 01b4 05       		.byte	0x5
 750 01b5 1207     		.2byte	0x712
 751 01b7 BB010000 		.4byte	0x1bb
 752 01bb 0C       		.uleb128 0xc
 753 01bc 76000000 		.4byte	0x76
 754 01c0 0D       		.uleb128 0xd
 755 01c1 22020000 		.4byte	.LASF21
 756 01c5 01       		.byte	0x1
 757 01c6 12       		.byte	0x12
 758 01c7 81000000 		.4byte	0x81
 759 01cb 05       		.uleb128 0x5
 760 01cc 03       		.byte	0x3
 761 01cd 00000000 		.4byte	current_1
 762 01d1 0D       		.uleb128 0xd
 763 01d2 BE010000 		.4byte	.LASF22
 764 01d6 01       		.byte	0x1
 765 01d7 12       		.byte	0x12
 766 01d8 81000000 		.4byte	0x81
 767 01dc 05       		.uleb128 0x5
 768 01dd 03       		.byte	0x3
ARM GAS  C:\Users\SWAPNIL\AppData\Local\Temp\ccNz7Gwg.s 			page 18


 769 01de 00000000 		.4byte	source
 770 01e2 0D       		.uleb128 0xd
 771 01e3 0C010000 		.4byte	.LASF23
 772 01e7 01       		.byte	0x1
 773 01e8 13       		.byte	0x13
 774 01e9 99000000 		.4byte	0x99
 775 01ed 05       		.uleb128 0x5
 776 01ee 03       		.byte	0x3
 777 01ef 00000000 		.4byte	adc_wait_count
 778 01f3 0D       		.uleb128 0xd
 779 01f4 7D030000 		.4byte	.LASF24
 780 01f8 01       		.byte	0x1
 781 01f9 13       		.byte	0x13
 782 01fa 99000000 		.4byte	0x99
 783 01fe 05       		.uleb128 0x5
 784 01ff 03       		.byte	0x3
 785 0200 00000000 		.4byte	last_adc_wait_count
 786 0204 0D       		.uleb128 0xd
 787 0205 9C010000 		.4byte	.LASF25
 788 0209 01       		.byte	0x1
 789 020a 13       		.byte	0x13
 790 020b 99000000 		.4byte	0x99
 791 020f 05       		.uleb128 0x5
 792 0210 03       		.byte	0x3
 793 0211 00000000 		.4byte	test_mode
 794 0215 0D       		.uleb128 0xd
 795 0216 A6010000 		.4byte	.LASF26
 796 021a 01       		.byte	0x1
 797 021b 14       		.byte	0x14
 798 021c 99000000 		.4byte	0x99
 799 0220 05       		.uleb128 0x5
 800 0221 03       		.byte	0x3
 801 0222 00000000 		.4byte	button_not_pushed_count
 802 0226 0D       		.uleb128 0xd
 803 0227 46020000 		.4byte	.LASF27
 804 022b 01       		.byte	0x1
 805 022c 15       		.byte	0x15
 806 022d 8D000000 		.4byte	0x8d
 807 0231 05       		.uleb128 0x5
 808 0232 03       		.byte	0x3
 809 0233 00000000 		.4byte	adc_result
 810 0237 0D       		.uleb128 0xd
 811 0238 F7010000 		.4byte	.LASF28
 812 023c 01       		.byte	0x1
 813 023d 16       		.byte	0x16
 814 023e 8D000000 		.4byte	0x8d
 815 0242 05       		.uleb128 0x5
 816 0243 03       		.byte	0x3
 817 0244 00000000 		.4byte	adc_limit
 818 0248 0D       		.uleb128 0xd
 819 0249 1F030000 		.4byte	.LASF29
 820 024d 01       		.byte	0x1
 821 024e 17       		.byte	0x17
 822 024f 68000000 		.4byte	0x68
 823 0253 05       		.uleb128 0x5
 824 0254 03       		.byte	0x3
 825 0255 00000000 		.4byte	sample_count
ARM GAS  C:\Users\SWAPNIL\AppData\Local\Temp\ccNz7Gwg.s 			page 19


 826 0259 0E       		.uleb128 0xe
 827 025a BF000000 		.4byte	0xbf
 828 025e 69020000 		.4byte	0x269
 829 0262 0F       		.uleb128 0xf
 830 0263 CD000000 		.4byte	0xcd
 831 0267 0F       		.byte	0xf
 832 0268 00       		.byte	0
 833 0269 0D       		.uleb128 0xd
 834 026a B9000000 		.4byte	.LASF30
 835 026e 01       		.byte	0x1
 836 026f 19       		.byte	0x19
 837 0270 59020000 		.4byte	0x259
 838 0274 05       		.uleb128 0x5
 839 0275 03       		.byte	0x3
 840 0276 00000000 		.4byte	TransmitBuffer
 841 027a 0D       		.uleb128 0xd
 842 027b C5010000 		.4byte	.LASF31
 843 027f 01       		.byte	0x1
 844 0280 1C       		.byte	0x1c
 845 0281 81000000 		.4byte	0x81
 846 0285 05       		.uleb128 0x5
 847 0286 03       		.byte	0x3
 848 0287 00000000 		.4byte	Vmeas_raw
 849 028b 0E       		.uleb128 0xe
 850 028c 81000000 		.4byte	0x81
 851 0290 9B020000 		.4byte	0x29b
 852 0294 0F       		.uleb128 0xf
 853 0295 CD000000 		.4byte	0xcd
 854 0299 F9       		.byte	0xf9
 855 029a 00       		.byte	0
 856 029b 0D       		.uleb128 0xd
 857 029c 2C030000 		.4byte	.LASF32
 858 02a0 01       		.byte	0x1
 859 02a1 1C       		.byte	0x1c
 860 02a2 8B020000 		.4byte	0x28b
 861 02a6 05       		.uleb128 0x5
 862 02a7 03       		.byte	0x3
 863 02a8 00000000 		.4byte	Vmeas_buffer
 864 02ac 0D       		.uleb128 0xd
 865 02ad E2040000 		.4byte	.LASF33
 866 02b1 01       		.byte	0x1
 867 02b2 1D       		.byte	0x1d
 868 02b3 99000000 		.4byte	0x99
 869 02b7 05       		.uleb128 0x5
 870 02b8 03       		.byte	0x3
 871 02b9 00000000 		.4byte	Vmeas_buffer_index
 872 02bd 0D       		.uleb128 0xd
 873 02be 97020000 		.4byte	.LASF34
 874 02c2 01       		.byte	0x1
 875 02c3 1D       		.byte	0x1d
 876 02c4 99000000 		.4byte	0x99
 877 02c8 05       		.uleb128 0x5
 878 02c9 03       		.byte	0x3
 879 02ca 00000000 		.4byte	buffer_limit_reached
 880 02ce 0D       		.uleb128 0xd
 881 02cf 8A000000 		.4byte	.LASF35
 882 02d3 01       		.byte	0x1
ARM GAS  C:\Users\SWAPNIL\AppData\Local\Temp\ccNz7Gwg.s 			page 20


 883 02d4 1E       		.byte	0x1e
 884 02d5 A5000000 		.4byte	0xa5
 885 02d9 05       		.uleb128 0x5
 886 02da 03       		.byte	0x3
 887 02db 00000000 		.4byte	Vref
 888 02df 0D       		.uleb128 0xd
 889 02e0 6A000000 		.4byte	.LASF36
 890 02e4 01       		.byte	0x1
 891 02e5 1E       		.byte	0x1e
 892 02e6 A5000000 		.4byte	0xa5
 893 02ea 05       		.uleb128 0x5
 894 02eb 03       		.byte	0x3
 895 02ec 00000000 		.4byte	Vmeas
 896 02f0 0D       		.uleb128 0xd
 897 02f1 F5040000 		.4byte	.LASF37
 898 02f5 01       		.byte	0x1
 899 02f6 1E       		.byte	0x1e
 900 02f7 A5000000 		.4byte	0xa5
 901 02fb 05       		.uleb128 0x5
 902 02fc 03       		.byte	0x3
 903 02fd 00000000 		.4byte	Vmeas_last
 904 0301 0D       		.uleb128 0xd
 905 0302 17040000 		.4byte	.LASF38
 906 0306 01       		.byte	0x1
 907 0307 1E       		.byte	0x1e
 908 0308 A5000000 		.4byte	0xa5
 909 030c 05       		.uleb128 0x5
 910 030d 03       		.byte	0x3
 911 030e 00000000 		.4byte	Vmeas_delta
 912 0312 0D       		.uleb128 0xd
 913 0313 90020000 		.4byte	.LASF39
 914 0317 01       		.byte	0x1
 915 0318 1E       		.byte	0x1e
 916 0319 A5000000 		.4byte	0xa5
 917 031d 05       		.uleb128 0x5
 918 031e 03       		.byte	0x3
 919 031f 00000000 		.4byte	Verror
 920 0323 0D       		.uleb128 0xd
 921 0324 91030000 		.4byte	.LASF40
 922 0328 01       		.byte	0x1
 923 0329 1E       		.byte	0x1e
 924 032a A5000000 		.4byte	0xa5
 925 032e 05       		.uleb128 0x5
 926 032f 03       		.byte	0x3
 927 0330 00000000 		.4byte	Vout
 928 0334 0D       		.uleb128 0xd
 929 0335 7B020000 		.4byte	.LASF41
 930 0339 01       		.byte	0x1
 931 033a 1E       		.byte	0x1e
 932 033b A5000000 		.4byte	0xa5
 933 033f 05       		.uleb128 0x5
 934 0340 03       		.byte	0x3
 935 0341 00000000 		.4byte	Vout_limited
 936 0345 0D       		.uleb128 0xd
 937 0346 F7020000 		.4byte	.LASF42
 938 034a 01       		.byte	0x1
 939 034b 1F       		.byte	0x1f
ARM GAS  C:\Users\SWAPNIL\AppData\Local\Temp\ccNz7Gwg.s 			page 21


 940 034c A5000000 		.4byte	0xa5
 941 0350 05       		.uleb128 0x5
 942 0351 03       		.byte	0x3
 943 0352 00000000 		.4byte	Verror_sum
 944 0356 0D       		.uleb128 0xd
 945 0357 8F000000 		.4byte	.LASF43
 946 035b 01       		.byte	0x1
 947 035c 1F       		.byte	0x1f
 948 035d A5000000 		.4byte	0xa5
 949 0361 05       		.uleb128 0x5
 950 0362 03       		.byte	0x3
 951 0363 00000000 		.4byte	Verror_sum_limit
 952 0367 10       		.uleb128 0x10
 953 0368 4B7000   		.ascii	"Kp\000"
 954 036b 01       		.byte	0x1
 955 036c 20       		.byte	0x20
 956 036d A5000000 		.4byte	0xa5
 957 0371 05       		.uleb128 0x5
 958 0372 03       		.byte	0x3
 959 0373 00000000 		.4byte	Kp
 960 0377 10       		.uleb128 0x10
 961 0378 4B6400   		.ascii	"Kd\000"
 962 037b 01       		.byte	0x1
 963 037c 20       		.byte	0x20
 964 037d A5000000 		.4byte	0xa5
 965 0381 05       		.uleb128 0x5
 966 0382 03       		.byte	0x3
 967 0383 00000000 		.4byte	Kd
 968 0387 10       		.uleb128 0x10
 969 0388 4B6900   		.ascii	"Ki\000"
 970 038b 01       		.byte	0x1
 971 038c 20       		.byte	0x20
 972 038d A5000000 		.4byte	0xa5
 973 0391 05       		.uleb128 0x5
 974 0392 03       		.byte	0x3
 975 0393 00000000 		.4byte	Ki
 976 0397 0D       		.uleb128 0xd
 977 0398 01020000 		.4byte	.LASF44
 978 039c 01       		.byte	0x1
 979 039d 21       		.byte	0x21
 980 039e A5000000 		.4byte	0xa5
 981 03a2 05       		.uleb128 0x5
 982 03a3 03       		.byte	0x3
 983 03a4 00000000 		.4byte	Kp_term
 984 03a8 0D       		.uleb128 0xd
 985 03a9 88020000 		.4byte	.LASF45
 986 03ad 01       		.byte	0x1
 987 03ae 21       		.byte	0x21
 988 03af A5000000 		.4byte	0xa5
 989 03b3 05       		.uleb128 0x5
 990 03b4 03       		.byte	0x3
 991 03b5 00000000 		.4byte	Kd_term
 992 03b9 0D       		.uleb128 0xd
 993 03ba 1C000000 		.4byte	.LASF46
 994 03be 01       		.byte	0x1
 995 03bf 21       		.byte	0x21
 996 03c0 A5000000 		.4byte	0xa5
ARM GAS  C:\Users\SWAPNIL\AppData\Local\Temp\ccNz7Gwg.s 			page 22


 997 03c4 05       		.uleb128 0x5
 998 03c5 03       		.byte	0x3
 999 03c6 00000000 		.4byte	Ki_term
 1000 03ca 0D       		.uleb128 0xd
 1001 03cb 34000000 		.4byte	.LASF47
 1002 03cf 01       		.byte	0x1
 1003 03d0 21       		.byte	0x21
 1004 03d1 A5000000 		.4byte	0xa5
 1005 03d5 05       		.uleb128 0x5
 1006 03d6 03       		.byte	0x3
 1007 03d7 00000000 		.4byte	FF_term
 1008 03db 0D       		.uleb128 0xd
 1009 03dc E6000000 		.4byte	.LASF48
 1010 03e0 01       		.byte	0x1
 1011 03e1 22       		.byte	0x22
 1012 03e2 A5000000 		.4byte	0xa5
 1013 03e6 05       		.uleb128 0x5
 1014 03e7 03       		.byte	0x3
 1015 03e8 00000000 		.4byte	Kp_term_limited
 1016 03ec 0D       		.uleb128 0xd
 1017 03ed D0030000 		.4byte	.LASF49
 1018 03f1 01       		.byte	0x1
 1019 03f2 22       		.byte	0x22
 1020 03f3 A5000000 		.4byte	0xa5
 1021 03f7 05       		.uleb128 0x5
 1022 03f8 03       		.byte	0x3
 1023 03f9 00000000 		.4byte	Kd_term_limited
 1024 03fd 0D       		.uleb128 0xd
 1025 03fe FC000000 		.4byte	.LASF50
 1026 0402 01       		.byte	0x1
 1027 0403 22       		.byte	0x22
 1028 0404 A5000000 		.4byte	0xa5
 1029 0408 05       		.uleb128 0x5
 1030 0409 03       		.byte	0x3
 1031 040a 00000000 		.4byte	Ki_term_limited
 1032 040e 0D       		.uleb128 0xd
 1033 040f 39030000 		.4byte	.LASF51
 1034 0413 01       		.byte	0x1
 1035 0414 23       		.byte	0x23
 1036 0415 99000000 		.4byte	0x99
 1037 0419 05       		.uleb128 0x5
 1038 041a 03       		.byte	0x3
 1039 041b 00000000 		.4byte	Kp_term_overflow_count
 1040 041f 0D       		.uleb128 0xd
 1041 0420 3C000000 		.4byte	.LASF52
 1042 0424 01       		.byte	0x1
 1043 0425 23       		.byte	0x23
 1044 0426 99000000 		.4byte	0x99
 1045 042a 05       		.uleb128 0x5
 1046 042b 03       		.byte	0x3
 1047 042c 00000000 		.4byte	Kp_term_underflow_count
 1048 0430 0D       		.uleb128 0xd
 1049 0431 7F000000 		.4byte	.LASF53
 1050 0435 01       		.byte	0x1
 1051 0436 23       		.byte	0x23
 1052 0437 99000000 		.4byte	0x99
 1053 043b 05       		.uleb128 0x5
ARM GAS  C:\Users\SWAPNIL\AppData\Local\Temp\ccNz7Gwg.s 			page 23


 1054 043c 03       		.byte	0x3
 1055 043d 00000000 		.4byte	loop_count
 1056 0441 0D       		.uleb128 0xd
 1057 0442 CB040000 		.4byte	.LASF54
 1058 0446 01       		.byte	0x1
 1059 0447 24       		.byte	0x24
 1060 0448 99000000 		.4byte	0x99
 1061 044c 05       		.uleb128 0x5
 1062 044d 03       		.byte	0x3
 1063 044e 00000000 		.4byte	Kd_term_overflow_count
 1064 0452 0D       		.uleb128 0xd
 1065 0453 96030000 		.4byte	.LASF55
 1066 0457 01       		.byte	0x1
 1067 0458 24       		.byte	0x24
 1068 0459 99000000 		.4byte	0x99
 1069 045d 05       		.uleb128 0x5
 1070 045e 03       		.byte	0x3
 1071 045f 00000000 		.4byte	Kd_term_underflow_count
 1072 0463 0D       		.uleb128 0xd
 1073 0464 0F030000 		.4byte	.LASF56
 1074 0468 01       		.byte	0x1
 1075 0469 25       		.byte	0x25
 1076 046a 99000000 		.4byte	0x99
 1077 046e 05       		.uleb128 0x5
 1078 046f 03       		.byte	0x3
 1079 0470 00000000 		.4byte	Kd_display_gain
 1080 0474 0D       		.uleb128 0xd
 1081 0475 CF000000 		.4byte	.LASF57
 1082 0479 01       		.byte	0x1
 1083 047a 26       		.byte	0x26
 1084 047b 99000000 		.4byte	0x99
 1085 047f 05       		.uleb128 0x5
 1086 0480 03       		.byte	0x3
 1087 0481 00000000 		.4byte	Ki_term_overflow_count
 1088 0485 0D       		.uleb128 0xd
 1089 0486 B8030000 		.4byte	.LASF58
 1090 048a 01       		.byte	0x1
 1091 048b 26       		.byte	0x26
 1092 048c 99000000 		.4byte	0x99
 1093 0490 05       		.uleb128 0x5
 1094 0491 03       		.byte	0x3
 1095 0492 00000000 		.4byte	Ki_term_underflow_count
 1096 0496 0D       		.uleb128 0xd
 1097 0497 2B010000 		.4byte	.LASF59
 1098 049b 01       		.byte	0x1
 1099 049c 27       		.byte	0x27
 1100 049d 99000000 		.4byte	0x99
 1101 04a1 05       		.uleb128 0x5
 1102 04a2 03       		.byte	0x3
 1103 04a3 00000000 		.4byte	Vout_term_underflow_count
 1104 04a7 0D       		.uleb128 0xd
 1105 04a8 83010000 		.4byte	.LASF60
 1106 04ac 01       		.byte	0x1
 1107 04ad 27       		.byte	0x27
 1108 04ae 99000000 		.4byte	0x99
 1109 04b2 05       		.uleb128 0x5
 1110 04b3 03       		.byte	0x3
ARM GAS  C:\Users\SWAPNIL\AppData\Local\Temp\ccNz7Gwg.s 			page 24


 1111 04b4 00000000 		.4byte	Vout_term_overflow_count
 1112 04b8 0D       		.uleb128 0xd
 1113 04b9 0C000000 		.4byte	.LASF61
 1114 04bd 01       		.byte	0x1
 1115 04be 28       		.byte	0x28
 1116 04bf A5000000 		.4byte	0xa5
 1117 04c3 05       		.uleb128 0x5
 1118 04c4 03       		.byte	0x3
 1119 04c5 00000000 		.4byte	Kp_scale_factor
 1120 04c9 0D       		.uleb128 0xd
 1121 04ca 1B010000 		.4byte	.LASF62
 1122 04ce 01       		.byte	0x1
 1123 04cf 28       		.byte	0x28
 1124 04d0 A5000000 		.4byte	0xa5
 1125 04d4 05       		.uleb128 0x5
 1126 04d5 03       		.byte	0x3
 1127 04d6 00000000 		.4byte	Kd_scale_factor
 1128 04da 0D       		.uleb128 0xd
 1129 04db 24000000 		.4byte	.LASF63
 1130 04df 01       		.byte	0x1
 1131 04e0 28       		.byte	0x28
 1132 04e1 A5000000 		.4byte	0xa5
 1133 04e5 05       		.uleb128 0x5
 1134 04e6 03       		.byte	0x3
 1135 04e7 00000000 		.4byte	Ki_scale_factor
 1136 04eb 0D       		.uleb128 0xd
 1137 04ec 11020000 		.4byte	.LASF64
 1138 04f0 01       		.byte	0x1
 1139 04f1 29       		.byte	0x29
 1140 04f2 A5000000 		.4byte	0xa5
 1141 04f6 05       		.uleb128 0x5
 1142 04f7 03       		.byte	0x3
 1143 04f8 00000000 		.4byte	feedforward_only
 1144 04fc 11       		.uleb128 0x11
 1145 04fd 70010000 		.4byte	.LASF65
 1146 0501 70010000 		.4byte	.LASF65
 1147 0505 06       		.byte	0x6
 1148 0506 34       		.byte	0x34
 1149 0507 11       		.uleb128 0x11
 1150 0508 E9030000 		.4byte	.LASF66
 1151 050c E9030000 		.4byte	.LASF66
 1152 0510 06       		.byte	0x6
 1153 0511 D1       		.byte	0xd1
 1154 0512 11       		.uleb128 0x11
 1155 0513 00000000 		.4byte	.LASF67
 1156 0517 00000000 		.4byte	.LASF67
 1157 051b 07       		.byte	0x7
 1158 051c 33       		.byte	0x33
 1159 051d 11       		.uleb128 0x11
 1160 051e 6F020000 		.4byte	.LASF68
 1161 0522 6F020000 		.4byte	.LASF68
 1162 0526 08       		.byte	0x8
 1163 0527 33       		.byte	0x33
 1164 0528 11       		.uleb128 0x11
 1165 0529 5E000000 		.4byte	.LASF69
 1166 052d 5E000000 		.4byte	.LASF69
 1167 0531 09       		.byte	0x9
ARM GAS  C:\Users\SWAPNIL\AppData\Local\Temp\ccNz7Gwg.s 			page 25


 1168 0532 33       		.byte	0x33
 1169 0533 11       		.uleb128 0x11
 1170 0534 09040000 		.4byte	.LASF70
 1171 0538 09040000 		.4byte	.LASF70
 1172 053c 0A       		.byte	0xa
 1173 053d 33       		.byte	0x33
 1174 053e 11       		.uleb128 0x11
 1175 053f CF010000 		.4byte	.LASF71
 1176 0543 CF010000 		.4byte	.LASF71
 1177 0547 0B       		.byte	0xb
 1178 0548 33       		.byte	0x33
 1179 0549 11       		.uleb128 0x11
 1180 054a 00050000 		.4byte	.LASF72
 1181 054e 00050000 		.4byte	.LASF72
 1182 0552 0C       		.byte	0xc
 1183 0553 33       		.byte	0x33
 1184 0554 11       		.uleb128 0x11
 1185 0555 38020000 		.4byte	.LASF73
 1186 0559 38020000 		.4byte	.LASF73
 1187 055d 0D       		.byte	0xd
 1188 055e 33       		.byte	0x33
 1189 055f 11       		.uleb128 0x11
 1190 0560 A5000000 		.4byte	.LASF74
 1191 0564 A5000000 		.4byte	.LASF74
 1192 0568 06       		.byte	0x6
 1193 0569 39       		.byte	0x39
 1194 056a 11       		.uleb128 0x11
 1195 056b 60020000 		.4byte	.LASF75
 1196 056f 60020000 		.4byte	.LASF75
 1197 0573 06       		.byte	0x6
 1198 0574 3A       		.byte	0x3a
 1199 0575 11       		.uleb128 0x11
 1200 0576 70000000 		.4byte	.LASF76
 1201 057a 70000000 		.4byte	.LASF76
 1202 057e 08       		.byte	0x8
 1203 057f 37       		.byte	0x37
 1204 0580 11       		.uleb128 0x11
 1205 0581 51020000 		.4byte	.LASF77
 1206 0585 51020000 		.4byte	.LASF77
 1207 0589 09       		.byte	0x9
 1208 058a 37       		.byte	0x37
 1209 058b 11       		.uleb128 0x11
 1210 058c FA030000 		.4byte	.LASF78
 1211 0590 FA030000 		.4byte	.LASF78
 1212 0594 07       		.byte	0x7
 1213 0595 37       		.byte	0x37
 1214 0596 11       		.uleb128 0x11
 1215 0597 09020000 		.4byte	.LASF79
 1216 059b 09020000 		.4byte	.LASF79
 1217 059f 0E       		.byte	0xe
 1218 05a0 E7       		.byte	0xe7
 1219 05a1 00       		.byte	0
 1220              		.section	.debug_abbrev,"",%progbits
 1221              	.Ldebug_abbrev0:
 1222 0000 01       		.uleb128 0x1
 1223 0001 11       		.uleb128 0x11
 1224 0002 01       		.byte	0x1
ARM GAS  C:\Users\SWAPNIL\AppData\Local\Temp\ccNz7Gwg.s 			page 26


 1225 0003 25       		.uleb128 0x25
 1226 0004 0E       		.uleb128 0xe
 1227 0005 13       		.uleb128 0x13
 1228 0006 0B       		.uleb128 0xb
 1229 0007 03       		.uleb128 0x3
 1230 0008 0E       		.uleb128 0xe
 1231 0009 1B       		.uleb128 0x1b
 1232 000a 0E       		.uleb128 0xe
 1233 000b 55       		.uleb128 0x55
 1234 000c 17       		.uleb128 0x17
 1235 000d 11       		.uleb128 0x11
 1236 000e 01       		.uleb128 0x1
 1237 000f 10       		.uleb128 0x10
 1238 0010 17       		.uleb128 0x17
 1239 0011 00       		.byte	0
 1240 0012 00       		.byte	0
 1241 0013 02       		.uleb128 0x2
 1242 0014 24       		.uleb128 0x24
 1243 0015 00       		.byte	0
 1244 0016 0B       		.uleb128 0xb
 1245 0017 0B       		.uleb128 0xb
 1246 0018 3E       		.uleb128 0x3e
 1247 0019 0B       		.uleb128 0xb
 1248 001a 03       		.uleb128 0x3
 1249 001b 0E       		.uleb128 0xe
 1250 001c 00       		.byte	0
 1251 001d 00       		.byte	0
 1252 001e 03       		.uleb128 0x3
 1253 001f 16       		.uleb128 0x16
 1254 0020 00       		.byte	0
 1255 0021 03       		.uleb128 0x3
 1256 0022 0E       		.uleb128 0xe
 1257 0023 3A       		.uleb128 0x3a
 1258 0024 0B       		.uleb128 0xb
 1259 0025 3B       		.uleb128 0x3b
 1260 0026 0B       		.uleb128 0xb
 1261 0027 49       		.uleb128 0x49
 1262 0028 13       		.uleb128 0x13
 1263 0029 00       		.byte	0
 1264 002a 00       		.byte	0
 1265 002b 04       		.uleb128 0x4
 1266 002c 24       		.uleb128 0x24
 1267 002d 00       		.byte	0
 1268 002e 0B       		.uleb128 0xb
 1269 002f 0B       		.uleb128 0xb
 1270 0030 3E       		.uleb128 0x3e
 1271 0031 0B       		.uleb128 0xb
 1272 0032 03       		.uleb128 0x3
 1273 0033 08       		.uleb128 0x8
 1274 0034 00       		.byte	0
 1275 0035 00       		.byte	0
 1276 0036 05       		.uleb128 0x5
 1277 0037 16       		.uleb128 0x16
 1278 0038 00       		.byte	0
 1279 0039 03       		.uleb128 0x3
 1280 003a 0E       		.uleb128 0xe
 1281 003b 3A       		.uleb128 0x3a
ARM GAS  C:\Users\SWAPNIL\AppData\Local\Temp\ccNz7Gwg.s 			page 27


 1282 003c 0B       		.uleb128 0xb
 1283 003d 3B       		.uleb128 0x3b
 1284 003e 05       		.uleb128 0x5
 1285 003f 49       		.uleb128 0x49
 1286 0040 13       		.uleb128 0x13
 1287 0041 00       		.byte	0
 1288 0042 00       		.byte	0
 1289 0043 06       		.uleb128 0x6
 1290 0044 2E       		.uleb128 0x2e
 1291 0045 01       		.byte	0x1
 1292 0046 3F       		.uleb128 0x3f
 1293 0047 19       		.uleb128 0x19
 1294 0048 03       		.uleb128 0x3
 1295 0049 0E       		.uleb128 0xe
 1296 004a 3A       		.uleb128 0x3a
 1297 004b 0B       		.uleb128 0xb
 1298 004c 3B       		.uleb128 0x3b
 1299 004d 0B       		.uleb128 0xb
 1300 004e 27       		.uleb128 0x27
 1301 004f 19       		.uleb128 0x19
 1302 0050 49       		.uleb128 0x49
 1303 0051 13       		.uleb128 0x13
 1304 0052 8701     		.uleb128 0x87
 1305 0054 19       		.uleb128 0x19
 1306 0055 11       		.uleb128 0x11
 1307 0056 01       		.uleb128 0x1
 1308 0057 12       		.uleb128 0x12
 1309 0058 06       		.uleb128 0x6
 1310 0059 40       		.uleb128 0x40
 1311 005a 18       		.uleb128 0x18
 1312 005b 9742     		.uleb128 0x2117
 1313 005d 19       		.uleb128 0x19
 1314 005e 01       		.uleb128 0x1
 1315 005f 13       		.uleb128 0x13
 1316 0060 00       		.byte	0
 1317 0061 00       		.byte	0
 1318 0062 07       		.uleb128 0x7
 1319 0063 898201   		.uleb128 0x4109
 1320 0066 00       		.byte	0
 1321 0067 11       		.uleb128 0x11
 1322 0068 01       		.uleb128 0x1
 1323 0069 31       		.uleb128 0x31
 1324 006a 13       		.uleb128 0x13
 1325 006b 00       		.byte	0
 1326 006c 00       		.byte	0
 1327 006d 08       		.uleb128 0x8
 1328 006e 898201   		.uleb128 0x4109
 1329 0071 01       		.byte	0x1
 1330 0072 11       		.uleb128 0x11
 1331 0073 01       		.uleb128 0x1
 1332 0074 31       		.uleb128 0x31
 1333 0075 13       		.uleb128 0x13
 1334 0076 01       		.uleb128 0x1
 1335 0077 13       		.uleb128 0x13
 1336 0078 00       		.byte	0
 1337 0079 00       		.byte	0
 1338 007a 09       		.uleb128 0x9
ARM GAS  C:\Users\SWAPNIL\AppData\Local\Temp\ccNz7Gwg.s 			page 28


 1339 007b 8A8201   		.uleb128 0x410a
 1340 007e 00       		.byte	0
 1341 007f 02       		.uleb128 0x2
 1342 0080 18       		.uleb128 0x18
 1343 0081 9142     		.uleb128 0x2111
 1344 0083 18       		.uleb128 0x18
 1345 0084 00       		.byte	0
 1346 0085 00       		.byte	0
 1347 0086 0A       		.uleb128 0xa
 1348 0087 898201   		.uleb128 0x4109
 1349 008a 01       		.byte	0x1
 1350 008b 11       		.uleb128 0x11
 1351 008c 01       		.uleb128 0x1
 1352 008d 31       		.uleb128 0x31
 1353 008e 13       		.uleb128 0x13
 1354 008f 00       		.byte	0
 1355 0090 00       		.byte	0
 1356 0091 0B       		.uleb128 0xb
 1357 0092 34       		.uleb128 0x34
 1358 0093 00       		.byte	0
 1359 0094 03       		.uleb128 0x3
 1360 0095 0E       		.uleb128 0xe
 1361 0096 3A       		.uleb128 0x3a
 1362 0097 0B       		.uleb128 0xb
 1363 0098 3B       		.uleb128 0x3b
 1364 0099 05       		.uleb128 0x5
 1365 009a 49       		.uleb128 0x49
 1366 009b 13       		.uleb128 0x13
 1367 009c 3F       		.uleb128 0x3f
 1368 009d 19       		.uleb128 0x19
 1369 009e 3C       		.uleb128 0x3c
 1370 009f 19       		.uleb128 0x19
 1371 00a0 00       		.byte	0
 1372 00a1 00       		.byte	0
 1373 00a2 0C       		.uleb128 0xc
 1374 00a3 35       		.uleb128 0x35
 1375 00a4 00       		.byte	0
 1376 00a5 49       		.uleb128 0x49
 1377 00a6 13       		.uleb128 0x13
 1378 00a7 00       		.byte	0
 1379 00a8 00       		.byte	0
 1380 00a9 0D       		.uleb128 0xd
 1381 00aa 34       		.uleb128 0x34
 1382 00ab 00       		.byte	0
 1383 00ac 03       		.uleb128 0x3
 1384 00ad 0E       		.uleb128 0xe
 1385 00ae 3A       		.uleb128 0x3a
 1386 00af 0B       		.uleb128 0xb
 1387 00b0 3B       		.uleb128 0x3b
 1388 00b1 0B       		.uleb128 0xb
 1389 00b2 49       		.uleb128 0x49
 1390 00b3 13       		.uleb128 0x13
 1391 00b4 3F       		.uleb128 0x3f
 1392 00b5 19       		.uleb128 0x19
 1393 00b6 02       		.uleb128 0x2
 1394 00b7 18       		.uleb128 0x18
 1395 00b8 00       		.byte	0
ARM GAS  C:\Users\SWAPNIL\AppData\Local\Temp\ccNz7Gwg.s 			page 29


 1396 00b9 00       		.byte	0
 1397 00ba 0E       		.uleb128 0xe
 1398 00bb 01       		.uleb128 0x1
 1399 00bc 01       		.byte	0x1
 1400 00bd 49       		.uleb128 0x49
 1401 00be 13       		.uleb128 0x13
 1402 00bf 01       		.uleb128 0x1
 1403 00c0 13       		.uleb128 0x13
 1404 00c1 00       		.byte	0
 1405 00c2 00       		.byte	0
 1406 00c3 0F       		.uleb128 0xf
 1407 00c4 21       		.uleb128 0x21
 1408 00c5 00       		.byte	0
 1409 00c6 49       		.uleb128 0x49
 1410 00c7 13       		.uleb128 0x13
 1411 00c8 2F       		.uleb128 0x2f
 1412 00c9 0B       		.uleb128 0xb
 1413 00ca 00       		.byte	0
 1414 00cb 00       		.byte	0
 1415 00cc 10       		.uleb128 0x10
 1416 00cd 34       		.uleb128 0x34
 1417 00ce 00       		.byte	0
 1418 00cf 03       		.uleb128 0x3
 1419 00d0 08       		.uleb128 0x8
 1420 00d1 3A       		.uleb128 0x3a
 1421 00d2 0B       		.uleb128 0xb
 1422 00d3 3B       		.uleb128 0x3b
 1423 00d4 0B       		.uleb128 0xb
 1424 00d5 49       		.uleb128 0x49
 1425 00d6 13       		.uleb128 0x13
 1426 00d7 3F       		.uleb128 0x3f
 1427 00d8 19       		.uleb128 0x19
 1428 00d9 02       		.uleb128 0x2
 1429 00da 18       		.uleb128 0x18
 1430 00db 00       		.byte	0
 1431 00dc 00       		.byte	0
 1432 00dd 11       		.uleb128 0x11
 1433 00de 2E       		.uleb128 0x2e
 1434 00df 00       		.byte	0
 1435 00e0 3F       		.uleb128 0x3f
 1436 00e1 19       		.uleb128 0x19
 1437 00e2 3C       		.uleb128 0x3c
 1438 00e3 19       		.uleb128 0x19
 1439 00e4 6E       		.uleb128 0x6e
 1440 00e5 0E       		.uleb128 0xe
 1441 00e6 03       		.uleb128 0x3
 1442 00e7 0E       		.uleb128 0xe
 1443 00e8 3A       		.uleb128 0x3a
 1444 00e9 0B       		.uleb128 0xb
 1445 00ea 3B       		.uleb128 0x3b
 1446 00eb 0B       		.uleb128 0xb
 1447 00ec 00       		.byte	0
 1448 00ed 00       		.byte	0
 1449 00ee 00       		.byte	0
 1450              		.section	.debug_aranges,"",%progbits
 1451 0000 1C000000 		.4byte	0x1c
 1452 0004 0200     		.2byte	0x2
ARM GAS  C:\Users\SWAPNIL\AppData\Local\Temp\ccNz7Gwg.s 			page 30


 1453 0006 00000000 		.4byte	.Ldebug_info0
 1454 000a 04       		.byte	0x4
 1455 000b 00       		.byte	0
 1456 000c 0000     		.2byte	0
 1457 000e 0000     		.2byte	0
 1458 0010 00000000 		.4byte	.LFB64
 1459 0014 8C020000 		.4byte	.LFE64-.LFB64
 1460 0018 00000000 		.4byte	0
 1461 001c 00000000 		.4byte	0
 1462              		.section	.debug_ranges,"",%progbits
 1463              	.Ldebug_ranges0:
 1464 0000 00000000 		.4byte	.LFB64
 1465 0004 8C020000 		.4byte	.LFE64
 1466 0008 00000000 		.4byte	0
 1467 000c 00000000 		.4byte	0
 1468              		.section	.debug_line,"",%progbits
 1469              	.Ldebug_line0:
 1470 0000 7A020000 		.section	.debug_str,"MS",%progbits,1
 1470      02001D02 
 1470      00000201 
 1470      FB0E0D00 
 1470      01010101 
 1471              	.LASF67:
 1472 0000 4441435F 		.ascii	"DAC_1_Start\000"
 1472      315F5374 
 1472      61727400 
 1473              	.LASF61:
 1474 000c 4B705F73 		.ascii	"Kp_scale_factor\000"
 1474      63616C65 
 1474      5F666163 
 1474      746F7200 
 1475              	.LASF46:
 1476 001c 4B695F74 		.ascii	"Ki_term\000"
 1476      65726D00 
 1477              	.LASF63:
 1478 0024 4B695F73 		.ascii	"Ki_scale_factor\000"
 1478      63616C65 
 1478      5F666163 
 1478      746F7200 
 1479              	.LASF47:
 1480 0034 46465F74 		.ascii	"FF_term\000"
 1480      65726D00 
 1481              	.LASF52:
 1482 003c 4B705F74 		.ascii	"Kp_term_underflow_count\000"
 1482      65726D5F 
 1482      756E6465 
 1482      72666C6F 
 1482      775F636F 
 1483              	.LASF2:
 1484 0054 73686F72 		.ascii	"short int\000"
 1484      7420696E 
 1484      7400
 1485              	.LASF69:
 1486 005e 4441435F 		.ascii	"DAC_3_Start\000"
 1486      335F5374 
 1486      61727400 
 1487              	.LASF36:
ARM GAS  C:\Users\SWAPNIL\AppData\Local\Temp\ccNz7Gwg.s 			page 31


 1488 006a 566D6561 		.ascii	"Vmeas\000"
 1488      7300
 1489              	.LASF76:
 1490 0070 4441435F 		.ascii	"DAC_2_SetValue\000"
 1490      325F5365 
 1490      7456616C 
 1490      756500
 1491              	.LASF53:
 1492 007f 6C6F6F70 		.ascii	"loop_count\000"
 1492      5F636F75 
 1492      6E7400
 1493              	.LASF35:
 1494 008a 56726566 		.ascii	"Vref\000"
 1494      00
 1495              	.LASF43:
 1496 008f 56657272 		.ascii	"Verror_sum_limit\000"
 1496      6F725F73 
 1496      756D5F6C 
 1496      696D6974 
 1496      00
 1497              	.LASF83:
 1498 00a0 6D61696E 		.ascii	"main\000"
 1498      00
 1499              	.LASF74:
 1500 00a5 4144435F 		.ascii	"ADC_IsEndConversion\000"
 1500      4973456E 
 1500      64436F6E 
 1500      76657273 
 1500      696F6E00 
 1501              	.LASF30:
 1502 00b9 5472616E 		.ascii	"TransmitBuffer\000"
 1502      736D6974 
 1502      42756666 
 1502      657200
 1503              	.LASF12:
 1504 00c8 75696E74 		.ascii	"uint16\000"
 1504      313600
 1505              	.LASF57:
 1506 00cf 4B695F74 		.ascii	"Ki_term_overflow_count\000"
 1506      65726D5F 
 1506      6F766572 
 1506      666C6F77 
 1506      5F636F75 
 1507              	.LASF48:
 1508 00e6 4B705F74 		.ascii	"Kp_term_limited\000"
 1508      65726D5F 
 1508      6C696D69 
 1508      74656400 
 1509              	.LASF11:
 1510 00f6 75696E74 		.ascii	"uint8\000"
 1510      3800
 1511              	.LASF50:
 1512 00fc 4B695F74 		.ascii	"Ki_term_limited\000"
 1512      65726D5F 
 1512      6C696D69 
 1512      74656400 
 1513              	.LASF23:
ARM GAS  C:\Users\SWAPNIL\AppData\Local\Temp\ccNz7Gwg.s 			page 32


 1514 010c 6164635F 		.ascii	"adc_wait_count\000"
 1514      77616974 
 1514      5F636F75 
 1514      6E7400
 1515              	.LASF62:
 1516 011b 4B645F73 		.ascii	"Kd_scale_factor\000"
 1516      63616C65 
 1516      5F666163 
 1516      746F7200 
 1517              	.LASF59:
 1518 012b 566F7574 		.ascii	"Vout_term_underflow_count\000"
 1518      5F746572 
 1518      6D5F756E 
 1518      64657266 
 1518      6C6F775F 
 1519              	.LASF15:
 1520 0145 666C6F61 		.ascii	"float\000"
 1520      7400
 1521              	.LASF6:
 1522 014b 6C6F6E67 		.ascii	"long long int\000"
 1522      206C6F6E 
 1522      6720696E 
 1522      7400
 1523              	.LASF7:
 1524 0159 6C6F6E67 		.ascii	"long long unsigned int\000"
 1524      206C6F6E 
 1524      6720756E 
 1524      7369676E 
 1524      65642069 
 1525              	.LASF65:
 1526 0170 4144435F 		.ascii	"ADC_Start\000"
 1526      53746172 
 1526      7400
 1527              	.LASF4:
 1528 017a 6C6F6E67 		.ascii	"long int\000"
 1528      20696E74 
 1528      00
 1529              	.LASF60:
 1530 0183 566F7574 		.ascii	"Vout_term_overflow_count\000"
 1530      5F746572 
 1530      6D5F6F76 
 1530      6572666C 
 1530      6F775F63 
 1531              	.LASF25:
 1532 019c 74657374 		.ascii	"test_mode\000"
 1532      5F6D6F64 
 1532      6500
 1533              	.LASF26:
 1534 01a6 62757474 		.ascii	"button_not_pushed_count\000"
 1534      6F6E5F6E 
 1534      6F745F70 
 1534      75736865 
 1534      645F636F 
 1535              	.LASF22:
 1536 01be 736F7572 		.ascii	"source\000"
 1536      636500
 1537              	.LASF31:
ARM GAS  C:\Users\SWAPNIL\AppData\Local\Temp\ccNz7Gwg.s 			page 33


 1538 01c5 566D6561 		.ascii	"Vmeas_raw\000"
 1538      735F7261 
 1538      7700
 1539              	.LASF71:
 1540 01cf 4F70616D 		.ascii	"Opamp_2_Start\000"
 1540      705F325F 
 1540      53746172 
 1540      7400
 1541              	.LASF18:
 1542 01dd 6C6F6E67 		.ascii	"long double\000"
 1542      20646F75 
 1542      626C6500 
 1543              	.LASF1:
 1544 01e9 756E7369 		.ascii	"unsigned char\000"
 1544      676E6564 
 1544      20636861 
 1544      7200
 1545              	.LASF28:
 1546 01f7 6164635F 		.ascii	"adc_limit\000"
 1546      6C696D69 
 1546      7400
 1547              	.LASF44:
 1548 0201 4B705F74 		.ascii	"Kp_term\000"
 1548      65726D00 
 1549              	.LASF79:
 1550 0209 73707269 		.ascii	"sprintf\000"
 1550      6E746600 
 1551              	.LASF64:
 1552 0211 66656564 		.ascii	"feedforward_only\000"
 1552      666F7277 
 1552      6172645F 
 1552      6F6E6C79 
 1552      00
 1553              	.LASF21:
 1554 0222 63757272 		.ascii	"current_1\000"
 1554      656E745F 
 1554      3100
 1555              	.LASF0:
 1556 022c 7369676E 		.ascii	"signed char\000"
 1556      65642063 
 1556      68617200 
 1557              	.LASF73:
 1558 0238 4F70616D 		.ascii	"Opamp_4_Start\000"
 1558      705F345F 
 1558      53746172 
 1558      7400
 1559              	.LASF27:
 1560 0246 6164635F 		.ascii	"adc_result\000"
 1560      72657375 
 1560      6C7400
 1561              	.LASF77:
 1562 0251 4441435F 		.ascii	"DAC_3_SetValue\000"
 1562      335F5365 
 1562      7456616C 
 1562      756500
 1563              	.LASF75:
 1564 0260 4144435F 		.ascii	"ADC_GetResult8\000"
ARM GAS  C:\Users\SWAPNIL\AppData\Local\Temp\ccNz7Gwg.s 			page 34


 1564      47657452 
 1564      6573756C 
 1564      743800
 1565              	.LASF68:
 1566 026f 4441435F 		.ascii	"DAC_2_Start\000"
 1566      325F5374 
 1566      61727400 
 1567              	.LASF41:
 1568 027b 566F7574 		.ascii	"Vout_limited\000"
 1568      5F6C696D 
 1568      69746564 
 1568      00
 1569              	.LASF45:
 1570 0288 4B645F74 		.ascii	"Kd_term\000"
 1570      65726D00 
 1571              	.LASF39:
 1572 0290 56657272 		.ascii	"Verror\000"
 1572      6F7200
 1573              	.LASF34:
 1574 0297 62756666 		.ascii	"buffer_limit_reached\000"
 1574      65725F6C 
 1574      696D6974 
 1574      5F726561 
 1574      63686564 
 1575              	.LASF3:
 1576 02ac 73686F72 		.ascii	"short unsigned int\000"
 1576      7420756E 
 1576      7369676E 
 1576      65642069 
 1576      6E7400
 1577              	.LASF82:
 1578 02bf 433A5C55 		.ascii	"C:\\Users\\SWAPNIL\\Documents\\PSoC Creator\\Lab6\\"
 1578      73657273 
 1578      5C535741 
 1578      504E494C 
 1578      5C446F63 
 1579 02ec 4C616236 		.ascii	"Lab6.cydsn\000"
 1579      2E637964 
 1579      736E00
 1580              	.LASF42:
 1581 02f7 56657272 		.ascii	"Verror_sum\000"
 1581      6F725F73 
 1581      756D00
 1582              	.LASF17:
 1583 0302 63686172 		.ascii	"char\000"
 1583      00
 1584              	.LASF10:
 1585 0307 696E7433 		.ascii	"int32_t\000"
 1585      325F7400 
 1586              	.LASF56:
 1587 030f 4B645F64 		.ascii	"Kd_display_gain\000"
 1587      6973706C 
 1587      61795F67 
 1587      61696E00 
 1588              	.LASF29:
 1589 031f 73616D70 		.ascii	"sample_count\000"
 1589      6C655F63 
ARM GAS  C:\Users\SWAPNIL\AppData\Local\Temp\ccNz7Gwg.s 			page 35


 1589      6F756E74 
 1589      00
 1590              	.LASF32:
 1591 032c 566D6561 		.ascii	"Vmeas_buffer\000"
 1591      735F6275 
 1591      66666572 
 1591      00
 1592              	.LASF51:
 1593 0339 4B705F74 		.ascii	"Kp_term_overflow_count\000"
 1593      65726D5F 
 1593      6F766572 
 1593      666C6F77 
 1593      5F636F75 
 1594              	.LASF13:
 1595 0350 75696E74 		.ascii	"uint32\000"
 1595      333200
 1596              	.LASF81:
 1597 0357 6D61696E 		.ascii	"main.c\000"
 1597      2E6300
 1598              	.LASF5:
 1599 035e 6C6F6E67 		.ascii	"long unsigned int\000"
 1599      20756E73 
 1599      69676E65 
 1599      6420696E 
 1599      7400
 1600              	.LASF14:
 1601 0370 696E7433 		.ascii	"int32\000"
 1601      3200
 1602              	.LASF16:
 1603 0376 646F7562 		.ascii	"double\000"
 1603      6C6500
 1604              	.LASF24:
 1605 037d 6C617374 		.ascii	"last_adc_wait_count\000"
 1605      5F616463 
 1605      5F776169 
 1605      745F636F 
 1605      756E7400 
 1606              	.LASF40:
 1607 0391 566F7574 		.ascii	"Vout\000"
 1607      00
 1608              	.LASF55:
 1609 0396 4B645F74 		.ascii	"Kd_term_underflow_count\000"
 1609      65726D5F 
 1609      756E6465 
 1609      72666C6F 
 1609      775F636F 
 1610              	.LASF9:
 1611 03ae 5F5F696E 		.ascii	"__int32_t\000"
 1611      7433325F 
 1611      7400
 1612              	.LASF58:
 1613 03b8 4B695F74 		.ascii	"Ki_term_underflow_count\000"
 1613      65726D5F 
 1613      756E6465 
 1613      72666C6F 
 1613      775F636F 
 1614              	.LASF49:
ARM GAS  C:\Users\SWAPNIL\AppData\Local\Temp\ccNz7Gwg.s 			page 36


 1615 03d0 4B645F74 		.ascii	"Kd_term_limited\000"
 1615      65726D5F 
 1615      6C696D69 
 1615      74656400 
 1616              	.LASF19:
 1617 03e0 73697A65 		.ascii	"sizetype\000"
 1617      74797065 
 1617      00
 1618              	.LASF66:
 1619 03e9 4144435F 		.ascii	"ADC_StartConvert\000"
 1619      53746172 
 1619      74436F6E 
 1619      76657274 
 1619      00
 1620              	.LASF78:
 1621 03fa 4441435F 		.ascii	"DAC_1_SetValue\000"
 1621      315F5365 
 1621      7456616C 
 1621      756500
 1622              	.LASF70:
 1623 0409 4F70616D 		.ascii	"Opamp_1_Start\000"
 1623      705F315F 
 1623      53746172 
 1623      7400
 1624              	.LASF38:
 1625 0417 566D6561 		.ascii	"Vmeas_delta\000"
 1625      735F6465 
 1625      6C746100 
 1626              	.LASF20:
 1627 0423 49544D5F 		.ascii	"ITM_RxBuffer\000"
 1627      52784275 
 1627      66666572 
 1627      00
 1628              	.LASF80:
 1629 0430 474E5520 		.ascii	"GNU C11 5.4.1 20160609 (release) [ARM/embedded-5-br"
 1629      43313120 
 1629      352E342E 
 1629      31203230 
 1629      31363036 
 1630 0463 616E6368 		.ascii	"anch revision 237715] -mcpu=cortex-m3 -mthumb -g -O"
 1630      20726576 
 1630      6973696F 
 1630      6E203233 
 1630      37373135 
 1631 0496 67202D66 		.ascii	"g -ffunction-sections -ffat-lto-objects\000"
 1631      66756E63 
 1631      74696F6E 
 1631      2D736563 
 1631      74696F6E 
 1632              	.LASF8:
 1633 04be 756E7369 		.ascii	"unsigned int\000"
 1633      676E6564 
 1633      20696E74 
 1633      00
 1634              	.LASF54:
 1635 04cb 4B645F74 		.ascii	"Kd_term_overflow_count\000"
 1635      65726D5F 
ARM GAS  C:\Users\SWAPNIL\AppData\Local\Temp\ccNz7Gwg.s 			page 37


 1635      6F766572 
 1635      666C6F77 
 1635      5F636F75 
 1636              	.LASF33:
 1637 04e2 566D6561 		.ascii	"Vmeas_buffer_index\000"
 1637      735F6275 
 1637      66666572 
 1637      5F696E64 
 1637      657800
 1638              	.LASF37:
 1639 04f5 566D6561 		.ascii	"Vmeas_last\000"
 1639      735F6C61 
 1639      737400
 1640              	.LASF72:
 1641 0500 4F70616D 		.ascii	"Opamp_3_Start\000"
 1641      705F335F 
 1641      53746172 
 1641      7400
 1642              		.ident	"GCC: (GNU Tools for ARM Embedded Processors) 5.4.1 20160609 (release) [ARM/embedded-5-bran
