ARM GAS  C:\Users\SWAPNIL\AppData\Local\Temp\ccK2BF3v.s 			page 1


   1              		.syntax unified
   2              		.cpu cortex-m3
   3              		.fpu softvfp
   4              		.eabi_attribute 20, 1
   5              		.eabi_attribute 21, 1
   6              		.eabi_attribute 23, 3
   7              		.eabi_attribute 24, 1
   8              		.eabi_attribute 25, 1
   9              		.eabi_attribute 26, 1
  10              		.eabi_attribute 30, 1
  11              		.eabi_attribute 34, 1
  12              		.eabi_attribute 18, 4
  13              		.thumb
  14              		.syntax unified
  15              		.file	"cymetadata.c"
  16              		.text
  17              	.Ltext0:
  18              		.cfi_sections	.debug_frame
  19              		.global	cy_metadata
  20              		.global	cy_meta_flashprotect
  21              		.global	cy_meta_wonvl
  22              		.global	cy_meta_custnvl
  23              		.global	cy_meta_configecc
  24              		.section	.cyconfigecc,"a",%progbits
  25              		.align	2
  26              		.type	cy_meta_configecc, %object
  27              		.size	cy_meta_configecc, 100
  28              	cy_meta_configecc:
  29 0000 01       		.byte	1
  30 0001 15       		.byte	21
  31 0002 01       		.byte	1
  32 0003 40       		.byte	64
  33 0004 01       		.byte	1
  34 0005 1B       		.byte	27
  35 0006 01       		.byte	1
  36 0007 40       		.byte	64
  37 0008 02       		.byte	2
  38 0009 40       		.byte	64
  39 000a 01       		.byte	1
  40 000b 40       		.byte	64
  41 000c 01       		.byte	1
  42 000d 41       		.byte	65
  43 000e 01       		.byte	1
  44 000f 40       		.byte	64
  45 0010 01       		.byte	1
  46 0011 42       		.byte	66
  47 0012 01       		.byte	1
  48 0013 40       		.byte	64
  49 0014 01       		.byte	1
  50 0015 43       		.byte	67
  51 0016 01       		.byte	1
  52 0017 40       		.byte	64
  53 0018 01       		.byte	1
  54 0019 48       		.byte	72
  55 001a 01       		.byte	1
  56 001b 40       		.byte	64
  57 001c 02       		.byte	2
ARM GAS  C:\Users\SWAPNIL\AppData\Local\Temp\ccK2BF3v.s 			page 2


  58 001d 49       		.byte	73
  59 001e 01       		.byte	1
  60 001f 40       		.byte	64
  61 0020 02       		.byte	2
  62 0021 4C       		.byte	76
  63 0022 01       		.byte	1
  64 0023 40       		.byte	64
  65 0024 01       		.byte	1
  66 0025 4D       		.byte	77
  67 0026 01       		.byte	1
  68 0027 40       		.byte	64
  69 0028 01       		.byte	1
  70 0029 51       		.byte	81
  71 002a 01       		.byte	1
  72 002b 40       		.byte	64
  73 002c EE       		.byte	-18
  74 002d 08       		.byte	8
  75 002e EE       		.byte	-18
  76 002f 08       		.byte	8
  77 0030 33       		.byte	51
  78 0031 20       		.byte	32
  79 0032 CC       		.byte	-52
  80 0033 10       		.byte	16
  81 0034 A7       		.byte	-89
  82 0035 20       		.byte	32
  83 0036 A7       		.byte	-89
  84 0037 20       		.byte	32
  85 0038 A7       		.byte	-89
  86 0039 20       		.byte	32
  87 003a A7       		.byte	-89
  88 003b 20       		.byte	32
  89 003c AF       		.byte	-81
  90 003d 20       		.byte	32
  91 003e EE       		.byte	-18
  92 003f 10       		.byte	16
  93 0040 1F       		.byte	31
  94 0041 80       		.byte	-128
  95 0042 C6       		.byte	-58
  96 0043 01       		.byte	1
  97 0044 AF       		.byte	-81
  98 0045 80       		.byte	-128
  99 0046 00       		.byte	0
 100 0047 03       		.byte	3
 101 0048 00       		.byte	0
 102 0049 0B       		.byte	11
 103 004a 0B       		.byte	11
 104 004b 00       		.byte	0
 105 004c 00       		.byte	0
 106 004d 00       		.byte	0
 107 004e 00       		.byte	0
 108 004f 00       		.byte	0
 109 0050 00       		.byte	0
 110 0051 7F       		.byte	127
 111 0052 7F       		.byte	127
 112 0053 00       		.byte	0
 113 0054 00       		.byte	0
 114 0055 00       		.byte	0
ARM GAS  C:\Users\SWAPNIL\AppData\Local\Temp\ccK2BF3v.s 			page 3


 115 0056 00       		.byte	0
 116 0057 00       		.byte	0
 117 0058 00       		.byte	0
 118 0059 60       		.byte	96
 119 005a 60       		.byte	96
 120 005b 00       		.byte	0
 121 005c 00       		.byte	0
 122 005d 00       		.byte	0
 123 005e 1E       		.byte	30
 124 005f 00       		.byte	0
 125 0060 0E       		.byte	14
 126 0061 00       		.byte	0
 127 0062 18       		.byte	24
 128 0063 01       		.byte	1
 129              		.section	.cywolatch,"a",%progbits
 130              		.align	2
 131              		.type	cy_meta_wonvl, %object
 132              		.size	cy_meta_wonvl, 4
 133              	cy_meta_wonvl:
 134 0000 BC       		.byte	-68
 135 0001 90       		.byte	-112
 136 0002 AC       		.byte	-84
 137 0003 AF       		.byte	-81
 138              		.section	.cycustnvl,"a",%progbits
 139              		.align	2
 140              		.type	cy_meta_custnvl, %object
 141              		.size	cy_meta_custnvl, 4
 142              	cy_meta_custnvl:
 143 0000 00       		.byte	0
 144 0001 00       		.byte	0
 145 0002 40       		.byte	64
 146 0003 05       		.byte	5
 147              		.section	.cymeta,"a",%progbits
 148              		.align	2
 149              		.type	cy_metadata, %object
 150              		.size	cy_metadata, 12
 151              	cy_metadata:
 152 0000 00       		.byte	0
 153 0001 01       		.byte	1
 154 0002 2E       		.byte	46
 155 0003 12       		.byte	18
 156 0004 30       		.byte	48
 157 0005 69       		.byte	105
 158 0006 00       		.byte	0
 159 0007 01       		.byte	1
 160 0008 00       		.byte	0
 161 0009 00       		.byte	0
 162 000a 00       		.byte	0
 163 000b 00       		.byte	0
 164              		.section	.cyflashprotect,"a",%progbits
 165              		.align	2
 166              		.type	cy_meta_flashprotect, %object
 167              		.size	cy_meta_flashprotect, 256
 168              	cy_meta_flashprotect:
 169 0000 00000000 		.space	256
 169      00000000 
 169      00000000 
ARM GAS  C:\Users\SWAPNIL\AppData\Local\Temp\ccK2BF3v.s 			page 4


 169      00000000 
 169      00000000 
 170              		.text
 171              	.Letext0:
 172              		.file 1 "c:\\program files (x86)\\cypress\\psoc creator\\4.4\\psoc creator\\import\\gnu\\arm\\5.4.
 173              		.file 2 "c:\\program files (x86)\\cypress\\psoc creator\\4.4\\psoc creator\\import\\gnu\\arm\\5.4.
 174              		.file 3 "Generated_Source\\PSoC5\\cymetadata.c"
 175              		.section	.debug_info,"",%progbits
 176              	.Ldebug_info0:
 177 0000 30010000 		.4byte	0x130
 178 0004 0400     		.2byte	0x4
 179 0006 00000000 		.4byte	.Ldebug_abbrev0
 180 000a 04       		.byte	0x4
 181 000b 01       		.uleb128 0x1
 182 000c 24000000 		.4byte	.LASF17
 183 0010 0C       		.byte	0xc
 184 0011 C0010000 		.4byte	.LASF18
 185 0015 69010000 		.4byte	.LASF19
 186 0019 00000000 		.4byte	.Ldebug_line0
 187 001d 02       		.uleb128 0x2
 188 001e 01       		.byte	0x1
 189 001f 06       		.byte	0x6
 190 0020 B4010000 		.4byte	.LASF0
 191 0024 03       		.uleb128 0x3
 192 0025 00000000 		.4byte	.LASF9
 193 0029 01       		.byte	0x1
 194 002a 1D       		.byte	0x1d
 195 002b 2F000000 		.4byte	0x2f
 196 002f 02       		.uleb128 0x2
 197 0030 01       		.byte	0x1
 198 0031 08       		.byte	0x8
 199 0032 16000000 		.4byte	.LASF1
 200 0036 02       		.uleb128 0x2
 201 0037 02       		.byte	0x2
 202 0038 05       		.byte	0x5
 203 0039 5F010000 		.4byte	.LASF2
 204 003d 02       		.uleb128 0x2
 205 003e 02       		.byte	0x2
 206 003f 07       		.byte	0x7
 207 0040 C4000000 		.4byte	.LASF3
 208 0044 02       		.uleb128 0x2
 209 0045 04       		.byte	0x4
 210 0046 05       		.byte	0x5
 211 0047 AB010000 		.4byte	.LASF4
 212 004b 02       		.uleb128 0x2
 213 004c 04       		.byte	0x4
 214 004d 07       		.byte	0x7
 215 004e B2000000 		.4byte	.LASF5
 216 0052 02       		.uleb128 0x2
 217 0053 08       		.byte	0x8
 218 0054 05       		.byte	0x5
 219 0055 51010000 		.4byte	.LASF6
 220 0059 02       		.uleb128 0x2
 221 005a 08       		.byte	0x8
 222 005b 07       		.byte	0x7
 223 005c 06010000 		.4byte	.LASF7
 224 0060 04       		.uleb128 0x4
ARM GAS  C:\Users\SWAPNIL\AppData\Local\Temp\ccK2BF3v.s 			page 5


 225 0061 04       		.byte	0x4
 226 0062 05       		.byte	0x5
 227 0063 696E7400 		.ascii	"int\000"
 228 0067 02       		.uleb128 0x2
 229 0068 04       		.byte	0x4
 230 0069 07       		.byte	0x7
 231 006a F9000000 		.4byte	.LASF8
 232 006e 03       		.uleb128 0x3
 233 006f 1D010000 		.4byte	.LASF10
 234 0073 02       		.byte	0x2
 235 0074 18       		.byte	0x18
 236 0075 24000000 		.4byte	0x24
 237 0079 05       		.uleb128 0x5
 238 007a 90000000 		.4byte	0x90
 239 007e 89000000 		.4byte	0x89
 240 0082 06       		.uleb128 0x6
 241 0083 89000000 		.4byte	0x89
 242 0087 63       		.byte	0x63
 243 0088 00       		.byte	0
 244 0089 02       		.uleb128 0x2
 245 008a 04       		.byte	0x4
 246 008b 07       		.byte	0x7
 247 008c 48010000 		.4byte	.LASF11
 248 0090 07       		.uleb128 0x7
 249 0091 6E000000 		.4byte	0x6e
 250 0095 08       		.uleb128 0x8
 251 0096 E7000000 		.4byte	.LASF12
 252 009a 03       		.byte	0x3
 253 009b 1F       		.byte	0x1f
 254 009c A6000000 		.4byte	0xa6
 255 00a0 05       		.uleb128 0x5
 256 00a1 03       		.byte	0x3
 257 00a2 00000000 		.4byte	cy_meta_configecc
 258 00a6 07       		.uleb128 0x7
 259 00a7 79000000 		.4byte	0x79
 260 00ab 05       		.uleb128 0x5
 261 00ac 90000000 		.4byte	0x90
 262 00b0 BB000000 		.4byte	0xbb
 263 00b4 06       		.uleb128 0x6
 264 00b5 89000000 		.4byte	0x89
 265 00b9 03       		.byte	0x3
 266 00ba 00       		.byte	0
 267 00bb 08       		.uleb128 0x8
 268 00bc D7000000 		.4byte	.LASF13
 269 00c0 03       		.byte	0x3
 270 00c1 39       		.byte	0x39
 271 00c2 CC000000 		.4byte	0xcc
 272 00c6 05       		.uleb128 0x5
 273 00c7 03       		.byte	0x3
 274 00c8 00000000 		.4byte	cy_meta_custnvl
 275 00cc 07       		.uleb128 0x7
 276 00cd AB000000 		.4byte	0xab
 277 00d1 08       		.uleb128 0x8
 278 00d2 3A010000 		.4byte	.LASF14
 279 00d6 03       		.byte	0x3
 280 00d7 47       		.byte	0x47
 281 00d8 E2000000 		.4byte	0xe2
ARM GAS  C:\Users\SWAPNIL\AppData\Local\Temp\ccK2BF3v.s 			page 6


 282 00dc 05       		.uleb128 0x5
 283 00dd 03       		.byte	0x3
 284 00de 00000000 		.4byte	cy_meta_wonvl
 285 00e2 07       		.uleb128 0x7
 286 00e3 AB000000 		.4byte	0xab
 287 00e7 05       		.uleb128 0x5
 288 00e8 90000000 		.4byte	0x90
 289 00ec F7000000 		.4byte	0xf7
 290 00f0 06       		.uleb128 0x6
 291 00f1 89000000 		.4byte	0x89
 292 00f5 FF       		.byte	0xff
 293 00f6 00       		.byte	0
 294 00f7 08       		.uleb128 0x8
 295 00f8 25010000 		.4byte	.LASF15
 296 00fc 03       		.byte	0x3
 297 00fd 55       		.byte	0x55
 298 00fe 08010000 		.4byte	0x108
 299 0102 05       		.uleb128 0x5
 300 0103 03       		.byte	0x3
 301 0104 00000000 		.4byte	cy_meta_flashprotect
 302 0108 07       		.uleb128 0x7
 303 0109 E7000000 		.4byte	0xe7
 304 010d 05       		.uleb128 0x5
 305 010e 90000000 		.4byte	0x90
 306 0112 1D010000 		.4byte	0x11d
 307 0116 06       		.uleb128 0x6
 308 0117 89000000 		.4byte	0x89
 309 011b 0B       		.byte	0xb
 310 011c 00       		.byte	0
 311 011d 08       		.uleb128 0x8
 312 011e 0A000000 		.4byte	.LASF16
 313 0122 03       		.byte	0x3
 314 0123 82       		.byte	0x82
 315 0124 2E010000 		.4byte	0x12e
 316 0128 05       		.uleb128 0x5
 317 0129 03       		.byte	0x3
 318 012a 00000000 		.4byte	cy_metadata
 319 012e 07       		.uleb128 0x7
 320 012f 0D010000 		.4byte	0x10d
 321 0133 00       		.byte	0
 322              		.section	.debug_abbrev,"",%progbits
 323              	.Ldebug_abbrev0:
 324 0000 01       		.uleb128 0x1
 325 0001 11       		.uleb128 0x11
 326 0002 01       		.byte	0x1
 327 0003 25       		.uleb128 0x25
 328 0004 0E       		.uleb128 0xe
 329 0005 13       		.uleb128 0x13
 330 0006 0B       		.uleb128 0xb
 331 0007 03       		.uleb128 0x3
 332 0008 0E       		.uleb128 0xe
 333 0009 1B       		.uleb128 0x1b
 334 000a 0E       		.uleb128 0xe
 335 000b 10       		.uleb128 0x10
 336 000c 17       		.uleb128 0x17
 337 000d 00       		.byte	0
 338 000e 00       		.byte	0
ARM GAS  C:\Users\SWAPNIL\AppData\Local\Temp\ccK2BF3v.s 			page 7


 339 000f 02       		.uleb128 0x2
 340 0010 24       		.uleb128 0x24
 341 0011 00       		.byte	0
 342 0012 0B       		.uleb128 0xb
 343 0013 0B       		.uleb128 0xb
 344 0014 3E       		.uleb128 0x3e
 345 0015 0B       		.uleb128 0xb
 346 0016 03       		.uleb128 0x3
 347 0017 0E       		.uleb128 0xe
 348 0018 00       		.byte	0
 349 0019 00       		.byte	0
 350 001a 03       		.uleb128 0x3
 351 001b 16       		.uleb128 0x16
 352 001c 00       		.byte	0
 353 001d 03       		.uleb128 0x3
 354 001e 0E       		.uleb128 0xe
 355 001f 3A       		.uleb128 0x3a
 356 0020 0B       		.uleb128 0xb
 357 0021 3B       		.uleb128 0x3b
 358 0022 0B       		.uleb128 0xb
 359 0023 49       		.uleb128 0x49
 360 0024 13       		.uleb128 0x13
 361 0025 00       		.byte	0
 362 0026 00       		.byte	0
 363 0027 04       		.uleb128 0x4
 364 0028 24       		.uleb128 0x24
 365 0029 00       		.byte	0
 366 002a 0B       		.uleb128 0xb
 367 002b 0B       		.uleb128 0xb
 368 002c 3E       		.uleb128 0x3e
 369 002d 0B       		.uleb128 0xb
 370 002e 03       		.uleb128 0x3
 371 002f 08       		.uleb128 0x8
 372 0030 00       		.byte	0
 373 0031 00       		.byte	0
 374 0032 05       		.uleb128 0x5
 375 0033 01       		.uleb128 0x1
 376 0034 01       		.byte	0x1
 377 0035 49       		.uleb128 0x49
 378 0036 13       		.uleb128 0x13
 379 0037 01       		.uleb128 0x1
 380 0038 13       		.uleb128 0x13
 381 0039 00       		.byte	0
 382 003a 00       		.byte	0
 383 003b 06       		.uleb128 0x6
 384 003c 21       		.uleb128 0x21
 385 003d 00       		.byte	0
 386 003e 49       		.uleb128 0x49
 387 003f 13       		.uleb128 0x13
 388 0040 2F       		.uleb128 0x2f
 389 0041 0B       		.uleb128 0xb
 390 0042 00       		.byte	0
 391 0043 00       		.byte	0
 392 0044 07       		.uleb128 0x7
 393 0045 26       		.uleb128 0x26
 394 0046 00       		.byte	0
 395 0047 49       		.uleb128 0x49
ARM GAS  C:\Users\SWAPNIL\AppData\Local\Temp\ccK2BF3v.s 			page 8


 396 0048 13       		.uleb128 0x13
 397 0049 00       		.byte	0
 398 004a 00       		.byte	0
 399 004b 08       		.uleb128 0x8
 400 004c 34       		.uleb128 0x34
 401 004d 00       		.byte	0
 402 004e 03       		.uleb128 0x3
 403 004f 0E       		.uleb128 0xe
 404 0050 3A       		.uleb128 0x3a
 405 0051 0B       		.uleb128 0xb
 406 0052 3B       		.uleb128 0x3b
 407 0053 0B       		.uleb128 0xb
 408 0054 49       		.uleb128 0x49
 409 0055 13       		.uleb128 0x13
 410 0056 3F       		.uleb128 0x3f
 411 0057 19       		.uleb128 0x19
 412 0058 02       		.uleb128 0x2
 413 0059 18       		.uleb128 0x18
 414 005a 00       		.byte	0
 415 005b 00       		.byte	0
 416 005c 00       		.byte	0
 417              		.section	.debug_aranges,"",%progbits
 418 0000 14000000 		.4byte	0x14
 419 0004 0200     		.2byte	0x2
 420 0006 00000000 		.4byte	.Ldebug_info0
 421 000a 04       		.byte	0x4
 422 000b 00       		.byte	0
 423 000c 0000     		.2byte	0
 424 000e 0000     		.2byte	0
 425 0010 00000000 		.4byte	0
 426 0014 00000000 		.4byte	0
 427              		.section	.debug_line,"",%progbits
 428              	.Ldebug_line0:
 429 0000 3D010000 		.section	.debug_str,"MS",%progbits,1
 429      02003701 
 429      00000201 
 429      FB0E0D00 
 429      01010101 
 430              	.LASF9:
 431 0000 5F5F7569 		.ascii	"__uint8_t\000"
 431      6E74385F 
 431      7400
 432              	.LASF16:
 433 000a 63795F6D 		.ascii	"cy_metadata\000"
 433      65746164 
 433      61746100 
 434              	.LASF1:
 435 0016 756E7369 		.ascii	"unsigned char\000"
 435      676E6564 
 435      20636861 
 435      7200
 436              	.LASF17:
 437 0024 474E5520 		.ascii	"GNU C11 5.4.1 20160609 (release) [ARM/embedded-5-br"
 437      43313120 
 437      352E342E 
 437      31203230 
 437      31363036 
ARM GAS  C:\Users\SWAPNIL\AppData\Local\Temp\ccK2BF3v.s 			page 9


 438 0057 616E6368 		.ascii	"anch revision 237715] -mcpu=cortex-m3 -mthumb -g -O"
 438      20726576 
 438      6973696F 
 438      6E203233 
 438      37373135 
 439 008a 67202D66 		.ascii	"g -ffunction-sections -ffat-lto-objects\000"
 439      66756E63 
 439      74696F6E 
 439      2D736563 
 439      74696F6E 
 440              	.LASF5:
 441 00b2 6C6F6E67 		.ascii	"long unsigned int\000"
 441      20756E73 
 441      69676E65 
 441      6420696E 
 441      7400
 442              	.LASF3:
 443 00c4 73686F72 		.ascii	"short unsigned int\000"
 443      7420756E 
 443      7369676E 
 443      65642069 
 443      6E7400
 444              	.LASF13:
 445 00d7 63795F6D 		.ascii	"cy_meta_custnvl\000"
 445      6574615F 
 445      63757374 
 445      6E766C00 
 446              	.LASF12:
 447 00e7 63795F6D 		.ascii	"cy_meta_configecc\000"
 447      6574615F 
 447      636F6E66 
 447      69676563 
 447      6300
 448              	.LASF8:
 449 00f9 756E7369 		.ascii	"unsigned int\000"
 449      676E6564 
 449      20696E74 
 449      00
 450              	.LASF7:
 451 0106 6C6F6E67 		.ascii	"long long unsigned int\000"
 451      206C6F6E 
 451      6720756E 
 451      7369676E 
 451      65642069 
 452              	.LASF10:
 453 011d 75696E74 		.ascii	"uint8_t\000"
 453      385F7400 
 454              	.LASF15:
 455 0125 63795F6D 		.ascii	"cy_meta_flashprotect\000"
 455      6574615F 
 455      666C6173 
 455      6870726F 
 455      74656374 
 456              	.LASF14:
 457 013a 63795F6D 		.ascii	"cy_meta_wonvl\000"
 457      6574615F 
 457      776F6E76 
ARM GAS  C:\Users\SWAPNIL\AppData\Local\Temp\ccK2BF3v.s 			page 10


 457      6C00
 458              	.LASF11:
 459 0148 73697A65 		.ascii	"sizetype\000"
 459      74797065 
 459      00
 460              	.LASF6:
 461 0151 6C6F6E67 		.ascii	"long long int\000"
 461      206C6F6E 
 461      6720696E 
 461      7400
 462              	.LASF2:
 463 015f 73686F72 		.ascii	"short int\000"
 463      7420696E 
 463      7400
 464              	.LASF19:
 465 0169 433A5C55 		.ascii	"C:\\Users\\SWAPNIL\\Documents\\PSoC Creator\\Worksp"
 465      73657273 
 465      5C535741 
 465      504E494C 
 465      5C446F63 
 466 0197 61636530 		.ascii	"ace02\\Lab -02.cydsn\000"
 466      325C4C61 
 466      62202D30 
 466      322E6379 
 466      64736E00 
 467              	.LASF4:
 468 01ab 6C6F6E67 		.ascii	"long int\000"
 468      20696E74 
 468      00
 469              	.LASF0:
 470 01b4 7369676E 		.ascii	"signed char\000"
 470      65642063 
 470      68617200 
 471              	.LASF18:
 472 01c0 47656E65 		.ascii	"Generated_Source\\PSoC5\\cymetadata.c\000"
 472      72617465 
 472      645F536F 
 472      75726365 
 472      5C50536F 
 473              		.ident	"GCC: (GNU Tools for ARM Embedded Processors) 5.4.1 20160609 (release) [ARM/embedded-5-bran
