ARM GAS  C:\Users\SWAPNIL\AppData\Local\Temp\ccAaYYEo.s 			page 1


   1              		.syntax unified
   2              		.cpu cortex-m3
   3              		.fpu softvfp
   4              		.eabi_attribute 20, 1
   5              		.eabi_attribute 21, 1
   6              		.eabi_attribute 23, 3
   7              		.eabi_attribute 24, 1
   8              		.eabi_attribute 25, 1
   9              		.eabi_attribute 26, 1
  10              		.eabi_attribute 30, 1
  11              		.eabi_attribute 34, 1
  12              		.eabi_attribute 18, 4
  13              		.thumb
  14              		.syntax unified
  15              		.file	"main.c"
  16              		.text
  17              	.Ltext0:
  18              		.cfi_sections	.debug_frame
  19              		.global	__aeabi_ui2f
  20              		.global	__aeabi_i2f
  21              		.global	__aeabi_fdiv
  22              		.section	.text.main,"ax",%progbits
  23              		.align	2
  24              		.global	main
  25              		.thumb
  26              		.thumb_func
  27              		.type	main, %function
  28              	main:
  29              	.LFB63:
  30              		.file 1 "main.c"
   1:main.c        **** /* ========================================
   2:main.c        ****  *
   3:main.c        ****  * Copyright YOUR COMPANY, THE YEAR
   4:main.c        ****  * All Rights Reserved
   5:main.c        ****  * UNPUBLISHED, LICENSED SOFTWARE.
   6:main.c        ****  *
   7:main.c        ****  * CONFIDENTIAL AND PROPRIETARY INFORMATION
   8:main.c        ****  * WHICH IS THE PROPERTY OF your company.
   9:main.c        ****  *
  10:main.c        ****  * ========================================
  11:main.c        **** */
  12:main.c        **** #include "project.h"
  13:main.c        **** #include "math.h."
  14:main.c        **** #include "float.h"
  15:main.c        **** 
  16:main.c        **** uint32 loop_counter, LCD_write_counter, thermistor_R;
  17:main.c        **** uint16 R_1_result, thermistor_result;
  18:main.c        **** int16 thermistor_mV, R_1_mV, temperature;
  19:main.c        **** float R_1_result_f, R_1_mV_f, thermistor_mV_f, ratio_f, voltage_f;
  20:main.c        **** float thermistor_RA_f, thermistor_RB_f;
  21:main.c        **** float current_mA_f, temperature_K_f;
  22:main.c        **** 
  23:main.c        **** int main(void)
  24:main.c        **** {
  31              		.loc 1 24 0
  32              		.cfi_startproc
  33              		@ Volatile: function does not return.
ARM GAS  C:\Users\SWAPNIL\AppData\Local\Temp\ccAaYYEo.s 			page 2


  34              		@ args = 0, pretend = 0, frame = 0
  35              		@ frame_needed = 0, uses_anonymous_args = 0
  36 0000 80B5     		push	{r7, lr}
  37              		.cfi_def_cfa_offset 8
  38              		.cfi_offset 7, -8
  39              		.cfi_offset 14, -4
  25:main.c        ****     CyGlobalIntEnable; /* Enable global interrupts. */
  40              		.loc 1 25 0
  41              		.syntax unified
  42              	@ 25 "main.c" 1
  43 0002 62B6     		CPSIE   i
  44              	@ 0 "" 2
  26:main.c        ****     /* Place your initialization/startup code here (e.g. MyInst_Start()) */
  27:main.c        ****     ADC_DelSig_1_Start();
  45              		.loc 1 27 0
  46              		.thumb
  47              		.syntax unified
  48 0004 FFF7FEFF 		bl	ADC_DelSig_1_Start
  49              	.LVL0:
  28:main.c        ****     AMux_1_Start();
  50              		.loc 1 28 0
  51 0008 FFF7FEFF 		bl	AMux_1_Start
  52              	.LVL1:
  29:main.c        ****     
  30:main.c        ****     LCD_Start();
  53              		.loc 1 30 0
  54 000c FFF7FEFF 		bl	LCD_Start
  55              	.LVL2:
  31:main.c        ****     LCD_Position(0,0);
  56              		.loc 1 31 0
  57 0010 0021     		movs	r1, #0
  58 0012 0846     		mov	r0, r1
  59 0014 FFF7FEFF 		bl	LCD_Position
  60              	.LVL3:
  32:main.c        ****     
  33:main.c        ****     LCD_PrintString("Thermistor Test ");
  61              		.loc 1 33 0
  62 0018 5A48     		ldr	r0, .L5
  63 001a FFF7FEFF 		bl	LCD_PrintString
  64              	.LVL4:
  34:main.c        ****     CyDelay(1000);
  65              		.loc 1 34 0
  66 001e 4FF47A70 		mov	r0, #1000
  67 0022 FFF7FEFF 		bl	CyDelay
  68              	.LVL5:
  35:main.c        ****     
  36:main.c        ****     LCD_Position(0,0);
  69              		.loc 1 36 0
  70 0026 0021     		movs	r1, #0
  71 0028 0846     		mov	r0, r1
  72 002a FFF7FEFF 		bl	LCD_Position
  73              	.LVL6:
  74              	.L2:
  37:main.c        ****     
  38:main.c        ****     while(1)
  39:main.c        ****     {
  40:main.c        ****         loop_counter++;
ARM GAS  C:\Users\SWAPNIL\AppData\Local\Temp\ccAaYYEo.s 			page 3


  75              		.loc 1 40 0
  76 002e 564A     		ldr	r2, .L5+4
  77 0030 1368     		ldr	r3, [r2]
  78 0032 0133     		adds	r3, r3, #1
  79 0034 1360     		str	r3, [r2]
  41:main.c        ****         LCD_write_counter++;
  80              		.loc 1 41 0
  81 0036 554C     		ldr	r4, .L5+8
  82 0038 2368     		ldr	r3, [r4]
  83 003a 0133     		adds	r3, r3, #1
  84 003c 2360     		str	r3, [r4]
  42:main.c        ****         Pin3_1_Write(1);
  85              		.loc 1 42 0
  86 003e 0120     		movs	r0, #1
  87 0040 FFF7FEFF 		bl	Pin3_1_Write
  88              	.LVL7:
  43:main.c        ****         
  44:main.c        ****         AMux_1_Select(0);
  89              		.loc 1 44 0
  90 0044 0020     		movs	r0, #0
  91 0046 FFF7FEFF 		bl	AMux_1_Select
  92              	.LVL8:
  45:main.c        ****         ADC_DelSig_1_StartConvert();
  93              		.loc 1 45 0
  94 004a FFF7FEFF 		bl	ADC_DelSig_1_StartConvert
  95              	.LVL9:
  46:main.c        ****         
  47:main.c        ****         ADC_DelSig_1_IsEndConversion(ADC_DelSig_1_WAIT_FOR_RESULT);
  96              		.loc 1 47 0
  97 004e 0020     		movs	r0, #0
  98 0050 FFF7FEFF 		bl	ADC_DelSig_1_IsEndConversion
  99              	.LVL10:
  48:main.c        ****         
  49:main.c        ****         
  50:main.c        ****         Pin3_1_Write(0);
 100              		.loc 1 50 0
 101 0054 0020     		movs	r0, #0
 102 0056 FFF7FEFF 		bl	Pin3_1_Write
 103              	.LVL11:
  51:main.c        ****         
  52:main.c        ****         R_1_result = ADC_DelSig_1_GetResult16();
 104              		.loc 1 52 0
 105 005a FFF7FEFF 		bl	ADC_DelSig_1_GetResult16
 106              	.LVL12:
 107 005e 85B2     		uxth	r5, r0
 108 0060 4B4B     		ldr	r3, .L5+12
 109 0062 1D80     		strh	r5, [r3]	@ movhi
  53:main.c        ****         R_1_result_f = (float)R_1_result;
 110              		.loc 1 53 0
 111 0064 2846     		mov	r0, r5
 112 0066 FFF7FEFF 		bl	__aeabi_ui2f
 113              	.LVL13:
 114 006a 4A4B     		ldr	r3, .L5+16
 115 006c 1860     		str	r0, [r3]	@ float
  54:main.c        ****         
  55:main.c        ****         R_1_mV = (int16)ADC_DelSig_1_CountsTo_mVolts(R_1_result);
 116              		.loc 1 55 0
ARM GAS  C:\Users\SWAPNIL\AppData\Local\Temp\ccAaYYEo.s 			page 4


 117 006e 2846     		mov	r0, r5
 118 0070 FFF7FEFF 		bl	ADC_DelSig_1_CountsTo_mVolts
 119              	.LVL14:
 120 0074 484D     		ldr	r5, .L5+20
 121 0076 2880     		strh	r0, [r5]	@ movhi
  56:main.c        ****         R_1_mV_f = (float)R_1_mV;
 122              		.loc 1 56 0
 123 0078 FFF7FEFF 		bl	__aeabi_i2f
 124              	.LVL15:
 125 007c 474B     		ldr	r3, .L5+24
 126 007e 1860     		str	r0, [r3]	@ float
  57:main.c        ****         
  58:main.c        ****         current_mA_f = R_1_mV_f/10000.;
 127              		.loc 1 58 0
 128 0080 474F     		ldr	r7, .L5+28
 129 0082 4849     		ldr	r1, .L5+32
 130 0084 FFF7FEFF 		bl	__aeabi_fdiv
 131              	.LVL16:
 132 0088 3860     		str	r0, [r7]	@ float
  59:main.c        ****         
  60:main.c        ****         AMux_1_Select(1);
 133              		.loc 1 60 0
 134 008a 0120     		movs	r0, #1
 135 008c FFF7FEFF 		bl	AMux_1_Select
 136              	.LVL17:
  61:main.c        ****        
  62:main.c        ****         ADC_DelSig_1_StartConvert();
 137              		.loc 1 62 0
 138 0090 FFF7FEFF 		bl	ADC_DelSig_1_StartConvert
 139              	.LVL18:
  63:main.c        ****         
  64:main.c        ****         ADC_DelSig_1_IsEndConversion(ADC_DelSig_1_WAIT_FOR_RESULT);
 140              		.loc 1 64 0
 141 0094 0020     		movs	r0, #0
 142 0096 FFF7FEFF 		bl	ADC_DelSig_1_IsEndConversion
 143              	.LVL19:
  65:main.c        ****         
  66:main.c        ****         thermistor_result = ADC_DelSig_1_GetResult16();
 144              		.loc 1 66 0
 145 009a FFF7FEFF 		bl	ADC_DelSig_1_GetResult16
 146              	.LVL20:
 147 009e 80B2     		uxth	r0, r0
 148 00a0 414B     		ldr	r3, .L5+36
 149 00a2 1880     		strh	r0, [r3]	@ movhi
  67:main.c        ****         
  68:main.c        ****         thermistor_mV = (int16)ADC_DelSig_1_CountsTo_mVolts(thermistor_result);
 150              		.loc 1 68 0
 151 00a4 FFF7FEFF 		bl	ADC_DelSig_1_CountsTo_mVolts
 152              	.LVL21:
 153 00a8 0646     		mov	r6, r0
 154 00aa 404B     		ldr	r3, .L5+40
 155 00ac 1880     		strh	r0, [r3]	@ movhi
  69:main.c        ****         
  70:main.c        ****         thermistor_mV_f = (float)thermistor_mV;
 156              		.loc 1 70 0
 157 00ae FFF7FEFF 		bl	__aeabi_i2f
 158              	.LVL22:
ARM GAS  C:\Users\SWAPNIL\AppData\Local\Temp\ccAaYYEo.s 			page 5


 159 00b2 3F4B     		ldr	r3, .L5+44
 160 00b4 1860     		str	r0, [r3]	@ float
  71:main.c        ****         
  72:main.c        ****         thermistor_RA_f = thermistor_mV_f / current_mA_f;
 161              		.loc 1 72 0
 162 00b6 3968     		ldr	r1, [r7]	@ float
 163 00b8 FFF7FEFF 		bl	__aeabi_fdiv
 164              	.LVL23:
 165 00bc 3D4B     		ldr	r3, .L5+48
 166 00be 1860     		str	r0, [r3]	@ float
  73:main.c        ****         
  74:main.c        ****         thermistor_R = Thermistor_1_GetResistance(R_1_mV, thermistor_mV);
 167              		.loc 1 74 0
 168 00c0 3146     		mov	r1, r6
 169 00c2 B5F90000 		ldrsh	r0, [r5]
 170 00c6 FFF7FEFF 		bl	Thermistor_1_GetResistance
 171              	.LVL24:
 172 00ca 0546     		mov	r5, r0
 173 00cc 3A4B     		ldr	r3, .L5+52
 174 00ce 1860     		str	r0, [r3]
  75:main.c        ****         
  76:main.c        ****         thermistor_RB_f = (float)thermistor_R;
 175              		.loc 1 76 0
 176 00d0 FFF7FEFF 		bl	__aeabi_ui2f
 177              	.LVL25:
 178 00d4 394B     		ldr	r3, .L5+56
 179 00d6 1860     		str	r0, [r3]	@ float
  77:main.c        ****         
  78:main.c        ****         temperature = Thermistor_1_GetTemperature(thermistor_R);
 180              		.loc 1 78 0
 181 00d8 2846     		mov	r0, r5
 182 00da FFF7FEFF 		bl	Thermistor_1_GetTemperature
 183              	.LVL26:
 184 00de 384B     		ldr	r3, .L5+60
 185 00e0 1880     		strh	r0, [r3]	@ movhi
  79:main.c        ****         
  80:main.c        ****         if(LCD_write_counter++ > 2500)
 186              		.loc 1 80 0
 187 00e2 2368     		ldr	r3, [r4]
 188 00e4 5A1C     		adds	r2, r3, #1
 189 00e6 2260     		str	r2, [r4]
 190 00e8 40F6C412 		movw	r2, #2500
 191 00ec 9342     		cmp	r3, r2
 192 00ee 9ED9     		bls	.L2
  81:main.c        ****         {
  82:main.c        ****             LCD_write_counter = 0;
 193              		.loc 1 82 0
 194 00f0 0024     		movs	r4, #0
 195 00f2 264B     		ldr	r3, .L5+8
 196 00f4 1C60     		str	r4, [r3]
  83:main.c        ****             Pin1_7_Write(1);
 197              		.loc 1 83 0
 198 00f6 0120     		movs	r0, #1
 199 00f8 FFF7FEFF 		bl	Pin1_7_Write
 200              	.LVL27:
  84:main.c        ****             LCD_IsReady();
 201              		.loc 1 84 0
ARM GAS  C:\Users\SWAPNIL\AppData\Local\Temp\ccAaYYEo.s 			page 6


 202 00fc FFF7FEFF 		bl	LCD_IsReady
 203              	.LVL28:
  85:main.c        ****             LCD_Position(0,0);
 204              		.loc 1 85 0
 205 0100 2146     		mov	r1, r4
 206 0102 2046     		mov	r0, r4
 207 0104 FFF7FEFF 		bl	LCD_Position
 208              	.LVL29:
  86:main.c        ****             LCD_PrintString("loop cnt:     ");
 209              		.loc 1 86 0
 210 0108 2E48     		ldr	r0, .L5+64
 211 010a FFF7FEFF 		bl	LCD_PrintString
 212              	.LVL30:
  87:main.c        ****             LCD_Position(0,10);
 213              		.loc 1 87 0
 214 010e 0A21     		movs	r1, #10
 215 0110 2046     		mov	r0, r4
 216 0112 FFF7FEFF 		bl	LCD_Position
 217              	.LVL31:
  88:main.c        ****             LCD_PrintU32Number(loop_counter);
 218              		.loc 1 88 0
 219 0116 1C4B     		ldr	r3, .L5+4
 220 0118 1868     		ldr	r0, [r3]
 221 011a FFF7FEFF 		bl	LCD_PrintU32Number
 222              	.LVL32:
  89:main.c        ****             LCD_Position(1,0);
 223              		.loc 1 89 0
 224 011e 2146     		mov	r1, r4
 225 0120 0120     		movs	r0, #1
 226 0122 FFF7FEFF 		bl	LCD_Position
 227              	.LVL33:
  90:main.c        ****             
  91:main.c        ****             LCD_Position(1,0);
 228              		.loc 1 91 0
 229 0126 2146     		mov	r1, r4
 230 0128 0120     		movs	r0, #1
 231 012a FFF7FEFF 		bl	LCD_Position
 232              	.LVL34:
  92:main.c        ****             LCD_PrintString("       degrees ");
 233              		.loc 1 92 0
 234 012e 2648     		ldr	r0, .L5+68
 235 0130 FFF7FEFF 		bl	LCD_PrintString
 236              	.LVL35:
  93:main.c        ****             LCD_Position(1,0);
 237              		.loc 1 93 0
 238 0134 2146     		mov	r1, r4
 239 0136 0120     		movs	r0, #1
 240 0138 FFF7FEFF 		bl	LCD_Position
 241              	.LVL36:
  94:main.c        ****             LCD_PrintNumber(temperature/100);
 242              		.loc 1 94 0
 243 013c 204E     		ldr	r6, .L5+60
 244 013e B6F90030 		ldrsh	r3, [r6]
 245 0142 224D     		ldr	r5, .L5+72
 246 0144 85FB0320 		smull	r2, r0, r5, r3
 247 0148 DB17     		asrs	r3, r3, #31
 248 014a C3EB6010 		rsb	r0, r3, r0, asr #5
ARM GAS  C:\Users\SWAPNIL\AppData\Local\Temp\ccAaYYEo.s 			page 7


 249 014e 80B2     		uxth	r0, r0
 250 0150 FFF7FEFF 		bl	LCD_PrintU32Number
 251              	.LVL37:
  95:main.c        ****             LCD_Position(1,2);
 252              		.loc 1 95 0
 253 0154 0221     		movs	r1, #2
 254 0156 0120     		movs	r0, #1
 255 0158 FFF7FEFF 		bl	LCD_Position
 256              	.LVL38:
  96:main.c        ****             LCD_PrintString(".");
 257              		.loc 1 96 0
 258 015c 1C48     		ldr	r0, .L5+76
 259 015e FFF7FEFF 		bl	LCD_PrintString
 260              	.LVL39:
  97:main.c        ****             LCD_PrintNumber(temperature%100);
 261              		.loc 1 97 0
 262 0162 B6F90020 		ldrsh	r2, [r6]
 263 0166 85FB0235 		smull	r3, r5, r5, r2
 264 016a D317     		asrs	r3, r2, #31
 265 016c C3EB6513 		rsb	r3, r3, r5, asr #5
 266 0170 6420     		movs	r0, #100
 267 0172 00FB1320 		mls	r0, r0, r3, r2
 268 0176 80B2     		uxth	r0, r0
 269 0178 FFF7FEFF 		bl	LCD_PrintU32Number
 270              	.LVL40:
  98:main.c        ****             
  99:main.c        ****             Pin1_7_Write(0); // Oscilloscope
 271              		.loc 1 99 0
 272 017c 2046     		mov	r0, r4
 273 017e FFF7FEFF 		bl	Pin1_7_Write
 274              	.LVL41:
 275 0182 54E7     		b	.L2
 276              	.L6:
 277              		.align	2
 278              	.L5:
 279 0184 00000000 		.word	.LC0
 280 0188 00000000 		.word	loop_counter
 281 018c 00000000 		.word	LCD_write_counter
 282 0190 00000000 		.word	R_1_result
 283 0194 00000000 		.word	R_1_result_f
 284 0198 00000000 		.word	R_1_mV
 285 019c 00000000 		.word	R_1_mV_f
 286 01a0 00000000 		.word	current_mA_f
 287 01a4 00401C46 		.word	1176256512
 288 01a8 00000000 		.word	thermistor_result
 289 01ac 00000000 		.word	thermistor_mV
 290 01b0 00000000 		.word	thermistor_mV_f
 291 01b4 00000000 		.word	thermistor_RA_f
 292 01b8 00000000 		.word	thermistor_R
 293 01bc 00000000 		.word	thermistor_RB_f
 294 01c0 00000000 		.word	temperature
 295 01c4 14000000 		.word	.LC1
 296 01c8 24000000 		.word	.LC2
 297 01cc 1F85EB51 		.word	1374389535
 298 01d0 34000000 		.word	.LC3
 299              		.cfi_endproc
 300              	.LFE63:
ARM GAS  C:\Users\SWAPNIL\AppData\Local\Temp\ccAaYYEo.s 			page 8


 301              		.size	main, .-main
 302              		.comm	temperature_K_f,4,4
 303              		.comm	current_mA_f,4,4
 304              		.comm	thermistor_RB_f,4,4
 305              		.comm	thermistor_RA_f,4,4
 306              		.comm	voltage_f,4,4
 307              		.comm	ratio_f,4,4
 308              		.comm	thermistor_mV_f,4,4
 309              		.comm	R_1_mV_f,4,4
 310              		.comm	R_1_result_f,4,4
 311              		.comm	temperature,2,2
 312              		.comm	R_1_mV,2,2
 313              		.comm	thermistor_mV,2,2
 314              		.comm	thermistor_result,2,2
 315              		.comm	R_1_result,2,2
 316              		.comm	thermistor_R,4,4
 317              		.comm	LCD_write_counter,4,4
 318              		.comm	loop_counter,4,4
 319              		.section	.rodata.str1.4,"aMS",%progbits,1
 320              		.align	2
 321              	.LC0:
 322 0000 54686572 		.ascii	"Thermistor Test \000"
 322      6D697374 
 322      6F722054 
 322      65737420 
 322      00
 323 0011 000000   		.space	3
 324              	.LC1:
 325 0014 6C6F6F70 		.ascii	"loop cnt:     \000"
 325      20636E74 
 325      3A202020 
 325      202000
 326 0023 00       		.space	1
 327              	.LC2:
 328 0024 20202020 		.ascii	"       degrees \000"
 328      20202064 
 328      65677265 
 328      65732000 
 329              	.LC3:
 330 0034 2E00     		.ascii	".\000"
 331              		.text
 332              	.Letext0:
 333              		.file 2 "c:\\program files (x86)\\cypress\\psoc creator\\4.4\\psoc creator\\import\\gnu\\arm\\5.4.
 334              		.file 3 "c:\\program files (x86)\\cypress\\psoc creator\\4.4\\psoc creator\\import\\gnu\\arm\\5.4.
 335              		.file 4 "Generated_Source\\PSoC5/cytypes.h"
 336              		.file 5 "Generated_Source\\PSoC5/core_cm3.h"
 337              		.file 6 "Generated_Source\\PSoC5/ADC_DelSig_1.h"
 338              		.file 7 "Generated_Source\\PSoC5/AMux_1.h"
 339              		.file 8 "Generated_Source\\PSoC5/LCD.h"
 340              		.file 9 "Generated_Source\\PSoC5/CyLib.h"
 341              		.file 10 "Generated_Source\\PSoC5/Pin3_1.h"
 342              		.file 11 "Generated_Source\\PSoC5/Thermistor_1.h"
 343              		.file 12 "Generated_Source\\PSoC5/Pin1_7.h"
 344              		.section	.debug_info,"",%progbits
 345              	.Ldebug_info0:
 346 0000 40050000 		.4byte	0x540
 347 0004 0400     		.2byte	0x4
ARM GAS  C:\Users\SWAPNIL\AppData\Local\Temp\ccAaYYEo.s 			page 9


 348 0006 00000000 		.4byte	.Ldebug_abbrev0
 349 000a 04       		.byte	0x4
 350 000b 01       		.uleb128 0x1
 351 000c C7000000 		.4byte	.LASF54
 352 0010 0C       		.byte	0xc
 353 0011 D3020000 		.4byte	.LASF55
 354 0015 91030000 		.4byte	.LASF56
 355 0019 00000000 		.4byte	.Ldebug_ranges0+0
 356 001d 00000000 		.4byte	0
 357 0021 00000000 		.4byte	.Ldebug_line0
 358 0025 02       		.uleb128 0x2
 359 0026 01       		.byte	0x1
 360 0027 06       		.byte	0x6
 361 0028 AD000000 		.4byte	.LASF0
 362 002c 02       		.uleb128 0x2
 363 002d 01       		.byte	0x1
 364 002e 08       		.byte	0x8
 365 002f B9000000 		.4byte	.LASF1
 366 0033 02       		.uleb128 0x2
 367 0034 02       		.byte	0x2
 368 0035 05       		.byte	0x5
 369 0036 EC020000 		.4byte	.LASF2
 370 003a 02       		.uleb128 0x2
 371 003b 02       		.byte	0x2
 372 003c 07       		.byte	0x7
 373 003d 6D010000 		.4byte	.LASF3
 374 0041 03       		.uleb128 0x3
 375 0042 4E000000 		.4byte	.LASF9
 376 0046 02       		.byte	0x2
 377 0047 3F       		.byte	0x3f
 378 0048 4C000000 		.4byte	0x4c
 379 004c 02       		.uleb128 0x2
 380 004d 04       		.byte	0x4
 381 004e 05       		.byte	0x5
 382 004f 46030000 		.4byte	.LASF4
 383 0053 02       		.uleb128 0x2
 384 0054 04       		.byte	0x4
 385 0055 07       		.byte	0x7
 386 0056 5B010000 		.4byte	.LASF5
 387 005a 02       		.uleb128 0x2
 388 005b 08       		.byte	0x8
 389 005c 05       		.byte	0x5
 390 005d 00000000 		.4byte	.LASF6
 391 0061 02       		.uleb128 0x2
 392 0062 08       		.byte	0x8
 393 0063 07       		.byte	0x7
 394 0064 4D020000 		.4byte	.LASF7
 395 0068 04       		.uleb128 0x4
 396 0069 04       		.byte	0x4
 397 006a 05       		.byte	0x5
 398 006b 696E7400 		.ascii	"int\000"
 399 006f 02       		.uleb128 0x2
 400 0070 04       		.byte	0x4
 401 0071 07       		.byte	0x7
 402 0072 23020000 		.4byte	.LASF8
 403 0076 03       		.uleb128 0x3
 404 0077 9F020000 		.4byte	.LASF10
ARM GAS  C:\Users\SWAPNIL\AppData\Local\Temp\ccAaYYEo.s 			page 10


 405 007b 03       		.byte	0x3
 406 007c 2C       		.byte	0x2c
 407 007d 41000000 		.4byte	0x41
 408 0081 05       		.uleb128 0x5
 409 0082 DE010000 		.4byte	.LASF11
 410 0086 04       		.byte	0x4
 411 0087 E901     		.2byte	0x1e9
 412 0089 3A000000 		.4byte	0x3a
 413 008d 05       		.uleb128 0x5
 414 008e F2010000 		.4byte	.LASF12
 415 0092 04       		.byte	0x4
 416 0093 EA01     		.2byte	0x1ea
 417 0095 53000000 		.4byte	0x53
 418 0099 05       		.uleb128 0x5
 419 009a 55010000 		.4byte	.LASF13
 420 009e 04       		.byte	0x4
 421 009f EC01     		.2byte	0x1ec
 422 00a1 33000000 		.4byte	0x33
 423 00a5 02       		.uleb128 0x2
 424 00a6 04       		.byte	0x4
 425 00a7 04       		.byte	0x4
 426 00a8 75030000 		.4byte	.LASF14
 427 00ac 02       		.uleb128 0x2
 428 00ad 08       		.byte	0x8
 429 00ae 04       		.byte	0x4
 430 00af 72000000 		.4byte	.LASF15
 431 00b3 02       		.uleb128 0x2
 432 00b4 01       		.byte	0x1
 433 00b5 08       		.byte	0x8
 434 00b6 DA020000 		.4byte	.LASF16
 435 00ba 02       		.uleb128 0x2
 436 00bb 08       		.byte	0x8
 437 00bc 04       		.byte	0x4
 438 00bd 69030000 		.4byte	.LASF17
 439 00c1 02       		.uleb128 0x2
 440 00c2 04       		.byte	0x4
 441 00c3 07       		.byte	0x7
 442 00c4 A7020000 		.4byte	.LASF18
 443 00c8 06       		.uleb128 0x6
 444 00c9 F9010000 		.4byte	.LASF57
 445 00cd 01       		.byte	0x1
 446 00ce 17       		.byte	0x17
 447 00cf 68000000 		.4byte	0x68
 448 00d3 00000000 		.4byte	.LFB63
 449 00d7 D4010000 		.4byte	.LFE63-.LFB63
 450 00db 01       		.uleb128 0x1
 451 00dc 9C       		.byte	0x9c
 452 00dd 56030000 		.4byte	0x356
 453 00e1 07       		.uleb128 0x7
 454 00e2 08000000 		.4byte	.LVL0
 455 00e6 88040000 		.4byte	0x488
 456 00ea 07       		.uleb128 0x7
 457 00eb 0C000000 		.4byte	.LVL1
 458 00ef 93040000 		.4byte	0x493
 459 00f3 07       		.uleb128 0x7
 460 00f4 10000000 		.4byte	.LVL2
 461 00f8 9E040000 		.4byte	0x49e
ARM GAS  C:\Users\SWAPNIL\AppData\Local\Temp\ccAaYYEo.s 			page 11


 462 00fc 08       		.uleb128 0x8
 463 00fd 18000000 		.4byte	.LVL3
 464 0101 A9040000 		.4byte	0x4a9
 465 0105 14010000 		.4byte	0x114
 466 0109 09       		.uleb128 0x9
 467 010a 01       		.uleb128 0x1
 468 010b 50       		.byte	0x50
 469 010c 01       		.uleb128 0x1
 470 010d 30       		.byte	0x30
 471 010e 09       		.uleb128 0x9
 472 010f 01       		.uleb128 0x1
 473 0110 51       		.byte	0x51
 474 0111 01       		.uleb128 0x1
 475 0112 30       		.byte	0x30
 476 0113 00       		.byte	0
 477 0114 08       		.uleb128 0x8
 478 0115 1E000000 		.4byte	.LVL4
 479 0119 B4040000 		.4byte	0x4b4
 480 011d 2B010000 		.4byte	0x12b
 481 0121 09       		.uleb128 0x9
 482 0122 01       		.uleb128 0x1
 483 0123 50       		.byte	0x50
 484 0124 05       		.uleb128 0x5
 485 0125 03       		.byte	0x3
 486 0126 00000000 		.4byte	.LC0
 487 012a 00       		.byte	0
 488 012b 08       		.uleb128 0x8
 489 012c 26000000 		.4byte	.LVL5
 490 0130 BF040000 		.4byte	0x4bf
 491 0134 40010000 		.4byte	0x140
 492 0138 09       		.uleb128 0x9
 493 0139 01       		.uleb128 0x1
 494 013a 50       		.byte	0x50
 495 013b 03       		.uleb128 0x3
 496 013c 0A       		.byte	0xa
 497 013d E803     		.2byte	0x3e8
 498 013f 00       		.byte	0
 499 0140 08       		.uleb128 0x8
 500 0141 2E000000 		.4byte	.LVL6
 501 0145 A9040000 		.4byte	0x4a9
 502 0149 58010000 		.4byte	0x158
 503 014d 09       		.uleb128 0x9
 504 014e 01       		.uleb128 0x1
 505 014f 50       		.byte	0x50
 506 0150 01       		.uleb128 0x1
 507 0151 30       		.byte	0x30
 508 0152 09       		.uleb128 0x9
 509 0153 01       		.uleb128 0x1
 510 0154 51       		.byte	0x51
 511 0155 01       		.uleb128 0x1
 512 0156 30       		.byte	0x30
 513 0157 00       		.byte	0
 514 0158 08       		.uleb128 0x8
 515 0159 44000000 		.4byte	.LVL7
 516 015d CA040000 		.4byte	0x4ca
 517 0161 6B010000 		.4byte	0x16b
 518 0165 09       		.uleb128 0x9
ARM GAS  C:\Users\SWAPNIL\AppData\Local\Temp\ccAaYYEo.s 			page 12


 519 0166 01       		.uleb128 0x1
 520 0167 50       		.byte	0x50
 521 0168 01       		.uleb128 0x1
 522 0169 31       		.byte	0x31
 523 016a 00       		.byte	0
 524 016b 08       		.uleb128 0x8
 525 016c 4A000000 		.4byte	.LVL8
 526 0170 D5040000 		.4byte	0x4d5
 527 0174 7E010000 		.4byte	0x17e
 528 0178 09       		.uleb128 0x9
 529 0179 01       		.uleb128 0x1
 530 017a 50       		.byte	0x50
 531 017b 01       		.uleb128 0x1
 532 017c 30       		.byte	0x30
 533 017d 00       		.byte	0
 534 017e 07       		.uleb128 0x7
 535 017f 4E000000 		.4byte	.LVL9
 536 0183 E0040000 		.4byte	0x4e0
 537 0187 08       		.uleb128 0x8
 538 0188 54000000 		.4byte	.LVL10
 539 018c EB040000 		.4byte	0x4eb
 540 0190 9A010000 		.4byte	0x19a
 541 0194 09       		.uleb128 0x9
 542 0195 01       		.uleb128 0x1
 543 0196 50       		.byte	0x50
 544 0197 01       		.uleb128 0x1
 545 0198 30       		.byte	0x30
 546 0199 00       		.byte	0
 547 019a 08       		.uleb128 0x8
 548 019b 5A000000 		.4byte	.LVL11
 549 019f CA040000 		.4byte	0x4ca
 550 01a3 AD010000 		.4byte	0x1ad
 551 01a7 09       		.uleb128 0x9
 552 01a8 01       		.uleb128 0x1
 553 01a9 50       		.byte	0x50
 554 01aa 01       		.uleb128 0x1
 555 01ab 30       		.byte	0x30
 556 01ac 00       		.byte	0
 557 01ad 07       		.uleb128 0x7
 558 01ae 5E000000 		.4byte	.LVL12
 559 01b2 F6040000 		.4byte	0x4f6
 560 01b6 08       		.uleb128 0x8
 561 01b7 74000000 		.4byte	.LVL14
 562 01bb 01050000 		.4byte	0x501
 563 01bf CA010000 		.4byte	0x1ca
 564 01c3 09       		.uleb128 0x9
 565 01c4 01       		.uleb128 0x1
 566 01c5 50       		.byte	0x50
 567 01c6 02       		.uleb128 0x2
 568 01c7 75       		.byte	0x75
 569 01c8 00       		.sleb128 0
 570 01c9 00       		.byte	0
 571 01ca 08       		.uleb128 0x8
 572 01cb 90000000 		.4byte	.LVL17
 573 01cf D5040000 		.4byte	0x4d5
 574 01d3 DD010000 		.4byte	0x1dd
 575 01d7 09       		.uleb128 0x9
ARM GAS  C:\Users\SWAPNIL\AppData\Local\Temp\ccAaYYEo.s 			page 13


 576 01d8 01       		.uleb128 0x1
 577 01d9 50       		.byte	0x50
 578 01da 01       		.uleb128 0x1
 579 01db 31       		.byte	0x31
 580 01dc 00       		.byte	0
 581 01dd 07       		.uleb128 0x7
 582 01de 94000000 		.4byte	.LVL18
 583 01e2 E0040000 		.4byte	0x4e0
 584 01e6 08       		.uleb128 0x8
 585 01e7 9A000000 		.4byte	.LVL19
 586 01eb EB040000 		.4byte	0x4eb
 587 01ef F9010000 		.4byte	0x1f9
 588 01f3 09       		.uleb128 0x9
 589 01f4 01       		.uleb128 0x1
 590 01f5 50       		.byte	0x50
 591 01f6 01       		.uleb128 0x1
 592 01f7 30       		.byte	0x30
 593 01f8 00       		.byte	0
 594 01f9 07       		.uleb128 0x7
 595 01fa 9E000000 		.4byte	.LVL20
 596 01fe F6040000 		.4byte	0x4f6
 597 0202 07       		.uleb128 0x7
 598 0203 A8000000 		.4byte	.LVL21
 599 0207 01050000 		.4byte	0x501
 600 020b 08       		.uleb128 0x8
 601 020c CA000000 		.4byte	.LVL24
 602 0210 0C050000 		.4byte	0x50c
 603 0214 1F020000 		.4byte	0x21f
 604 0218 09       		.uleb128 0x9
 605 0219 01       		.uleb128 0x1
 606 021a 51       		.byte	0x51
 607 021b 02       		.uleb128 0x2
 608 021c 76       		.byte	0x76
 609 021d 00       		.sleb128 0
 610 021e 00       		.byte	0
 611 021f 08       		.uleb128 0x8
 612 0220 DE000000 		.4byte	.LVL26
 613 0224 17050000 		.4byte	0x517
 614 0228 33020000 		.4byte	0x233
 615 022c 09       		.uleb128 0x9
 616 022d 01       		.uleb128 0x1
 617 022e 50       		.byte	0x50
 618 022f 02       		.uleb128 0x2
 619 0230 75       		.byte	0x75
 620 0231 00       		.sleb128 0
 621 0232 00       		.byte	0
 622 0233 08       		.uleb128 0x8
 623 0234 FC000000 		.4byte	.LVL27
 624 0238 22050000 		.4byte	0x522
 625 023c 46020000 		.4byte	0x246
 626 0240 09       		.uleb128 0x9
 627 0241 01       		.uleb128 0x1
 628 0242 50       		.byte	0x50
 629 0243 01       		.uleb128 0x1
 630 0244 31       		.byte	0x31
 631 0245 00       		.byte	0
 632 0246 07       		.uleb128 0x7
ARM GAS  C:\Users\SWAPNIL\AppData\Local\Temp\ccAaYYEo.s 			page 14


 633 0247 00010000 		.4byte	.LVL28
 634 024b 2D050000 		.4byte	0x52d
 635 024f 08       		.uleb128 0x8
 636 0250 08010000 		.4byte	.LVL29
 637 0254 A9040000 		.4byte	0x4a9
 638 0258 69020000 		.4byte	0x269
 639 025c 09       		.uleb128 0x9
 640 025d 01       		.uleb128 0x1
 641 025e 50       		.byte	0x50
 642 025f 02       		.uleb128 0x2
 643 0260 74       		.byte	0x74
 644 0261 00       		.sleb128 0
 645 0262 09       		.uleb128 0x9
 646 0263 01       		.uleb128 0x1
 647 0264 51       		.byte	0x51
 648 0265 02       		.uleb128 0x2
 649 0266 74       		.byte	0x74
 650 0267 00       		.sleb128 0
 651 0268 00       		.byte	0
 652 0269 08       		.uleb128 0x8
 653 026a 0E010000 		.4byte	.LVL30
 654 026e B4040000 		.4byte	0x4b4
 655 0272 80020000 		.4byte	0x280
 656 0276 09       		.uleb128 0x9
 657 0277 01       		.uleb128 0x1
 658 0278 50       		.byte	0x50
 659 0279 05       		.uleb128 0x5
 660 027a 03       		.byte	0x3
 661 027b 14000000 		.4byte	.LC1
 662 027f 00       		.byte	0
 663 0280 08       		.uleb128 0x8
 664 0281 16010000 		.4byte	.LVL31
 665 0285 A9040000 		.4byte	0x4a9
 666 0289 99020000 		.4byte	0x299
 667 028d 09       		.uleb128 0x9
 668 028e 01       		.uleb128 0x1
 669 028f 50       		.byte	0x50
 670 0290 02       		.uleb128 0x2
 671 0291 74       		.byte	0x74
 672 0292 00       		.sleb128 0
 673 0293 09       		.uleb128 0x9
 674 0294 01       		.uleb128 0x1
 675 0295 51       		.byte	0x51
 676 0296 01       		.uleb128 0x1
 677 0297 3A       		.byte	0x3a
 678 0298 00       		.byte	0
 679 0299 07       		.uleb128 0x7
 680 029a 1E010000 		.4byte	.LVL32
 681 029e 38050000 		.4byte	0x538
 682 02a2 08       		.uleb128 0x8
 683 02a3 26010000 		.4byte	.LVL33
 684 02a7 A9040000 		.4byte	0x4a9
 685 02ab BB020000 		.4byte	0x2bb
 686 02af 09       		.uleb128 0x9
 687 02b0 01       		.uleb128 0x1
 688 02b1 50       		.byte	0x50
 689 02b2 01       		.uleb128 0x1
ARM GAS  C:\Users\SWAPNIL\AppData\Local\Temp\ccAaYYEo.s 			page 15


 690 02b3 31       		.byte	0x31
 691 02b4 09       		.uleb128 0x9
 692 02b5 01       		.uleb128 0x1
 693 02b6 51       		.byte	0x51
 694 02b7 02       		.uleb128 0x2
 695 02b8 74       		.byte	0x74
 696 02b9 00       		.sleb128 0
 697 02ba 00       		.byte	0
 698 02bb 08       		.uleb128 0x8
 699 02bc 2E010000 		.4byte	.LVL34
 700 02c0 A9040000 		.4byte	0x4a9
 701 02c4 D4020000 		.4byte	0x2d4
 702 02c8 09       		.uleb128 0x9
 703 02c9 01       		.uleb128 0x1
 704 02ca 50       		.byte	0x50
 705 02cb 01       		.uleb128 0x1
 706 02cc 31       		.byte	0x31
 707 02cd 09       		.uleb128 0x9
 708 02ce 01       		.uleb128 0x1
 709 02cf 51       		.byte	0x51
 710 02d0 02       		.uleb128 0x2
 711 02d1 74       		.byte	0x74
 712 02d2 00       		.sleb128 0
 713 02d3 00       		.byte	0
 714 02d4 08       		.uleb128 0x8
 715 02d5 34010000 		.4byte	.LVL35
 716 02d9 B4040000 		.4byte	0x4b4
 717 02dd EB020000 		.4byte	0x2eb
 718 02e1 09       		.uleb128 0x9
 719 02e2 01       		.uleb128 0x1
 720 02e3 50       		.byte	0x50
 721 02e4 05       		.uleb128 0x5
 722 02e5 03       		.byte	0x3
 723 02e6 24000000 		.4byte	.LC2
 724 02ea 00       		.byte	0
 725 02eb 08       		.uleb128 0x8
 726 02ec 3C010000 		.4byte	.LVL36
 727 02f0 A9040000 		.4byte	0x4a9
 728 02f4 04030000 		.4byte	0x304
 729 02f8 09       		.uleb128 0x9
 730 02f9 01       		.uleb128 0x1
 731 02fa 50       		.byte	0x50
 732 02fb 01       		.uleb128 0x1
 733 02fc 31       		.byte	0x31
 734 02fd 09       		.uleb128 0x9
 735 02fe 01       		.uleb128 0x1
 736 02ff 51       		.byte	0x51
 737 0300 02       		.uleb128 0x2
 738 0301 74       		.byte	0x74
 739 0302 00       		.sleb128 0
 740 0303 00       		.byte	0
 741 0304 07       		.uleb128 0x7
 742 0305 54010000 		.4byte	.LVL37
 743 0309 38050000 		.4byte	0x538
 744 030d 08       		.uleb128 0x8
 745 030e 5C010000 		.4byte	.LVL38
 746 0312 A9040000 		.4byte	0x4a9
ARM GAS  C:\Users\SWAPNIL\AppData\Local\Temp\ccAaYYEo.s 			page 16


 747 0316 25030000 		.4byte	0x325
 748 031a 09       		.uleb128 0x9
 749 031b 01       		.uleb128 0x1
 750 031c 50       		.byte	0x50
 751 031d 01       		.uleb128 0x1
 752 031e 31       		.byte	0x31
 753 031f 09       		.uleb128 0x9
 754 0320 01       		.uleb128 0x1
 755 0321 51       		.byte	0x51
 756 0322 01       		.uleb128 0x1
 757 0323 32       		.byte	0x32
 758 0324 00       		.byte	0
 759 0325 08       		.uleb128 0x8
 760 0326 62010000 		.4byte	.LVL39
 761 032a B4040000 		.4byte	0x4b4
 762 032e 3C030000 		.4byte	0x33c
 763 0332 09       		.uleb128 0x9
 764 0333 01       		.uleb128 0x1
 765 0334 50       		.byte	0x50
 766 0335 05       		.uleb128 0x5
 767 0336 03       		.byte	0x3
 768 0337 34000000 		.4byte	.LC3
 769 033b 00       		.byte	0
 770 033c 07       		.uleb128 0x7
 771 033d 7C010000 		.4byte	.LVL40
 772 0341 38050000 		.4byte	0x538
 773 0345 0A       		.uleb128 0xa
 774 0346 82010000 		.4byte	.LVL41
 775 034a 22050000 		.4byte	0x522
 776 034e 09       		.uleb128 0x9
 777 034f 01       		.uleb128 0x1
 778 0350 50       		.byte	0x50
 779 0351 02       		.uleb128 0x2
 780 0352 74       		.byte	0x74
 781 0353 00       		.sleb128 0
 782 0354 00       		.byte	0
 783 0355 00       		.byte	0
 784 0356 0B       		.uleb128 0xb
 785 0357 99010000 		.4byte	.LASF19
 786 035b 05       		.byte	0x5
 787 035c 1207     		.2byte	0x712
 788 035e 62030000 		.4byte	0x362
 789 0362 0C       		.uleb128 0xc
 790 0363 76000000 		.4byte	0x76
 791 0367 0D       		.uleb128 0xd
 792 0368 0E000000 		.4byte	.LASF20
 793 036c 01       		.byte	0x1
 794 036d 10       		.byte	0x10
 795 036e 8D000000 		.4byte	0x8d
 796 0372 05       		.uleb128 0x5
 797 0373 03       		.byte	0x3
 798 0374 00000000 		.4byte	loop_counter
 799 0378 0D       		.uleb128 0xd
 800 0379 FE010000 		.4byte	.LASF21
 801 037d 01       		.byte	0x1
 802 037e 10       		.byte	0x10
 803 037f 8D000000 		.4byte	0x8d
ARM GAS  C:\Users\SWAPNIL\AppData\Local\Temp\ccAaYYEo.s 			page 17


 804 0383 05       		.uleb128 0x5
 805 0384 03       		.byte	0x3
 806 0385 00000000 		.4byte	LCD_write_counter
 807 0389 0D       		.uleb128 0xd
 808 038a DF020000 		.4byte	.LASF22
 809 038e 01       		.byte	0x1
 810 038f 10       		.byte	0x10
 811 0390 8D000000 		.4byte	0x8d
 812 0394 05       		.uleb128 0x5
 813 0395 03       		.byte	0x3
 814 0396 00000000 		.4byte	thermistor_R
 815 039a 0D       		.uleb128 0xd
 816 039b B6010000 		.4byte	.LASF23
 817 039f 01       		.byte	0x1
 818 03a0 11       		.byte	0x11
 819 03a1 81000000 		.4byte	0x81
 820 03a5 05       		.uleb128 0x5
 821 03a6 03       		.byte	0x3
 822 03a7 00000000 		.4byte	R_1_result
 823 03ab 0D       		.uleb128 0xd
 824 03ac 79000000 		.4byte	.LASF24
 825 03b0 01       		.byte	0x1
 826 03b1 11       		.byte	0x11
 827 03b2 81000000 		.4byte	0x81
 828 03b6 05       		.uleb128 0x5
 829 03b7 03       		.byte	0x3
 830 03b8 00000000 		.4byte	thermistor_result
 831 03bc 0D       		.uleb128 0xd
 832 03bd 38030000 		.4byte	.LASF25
 833 03c1 01       		.byte	0x1
 834 03c2 12       		.byte	0x12
 835 03c3 99000000 		.4byte	0x99
 836 03c7 05       		.uleb128 0x5
 837 03c8 03       		.byte	0x3
 838 03c9 00000000 		.4byte	thermistor_mV
 839 03cd 0D       		.uleb128 0xd
 840 03ce CC020000 		.4byte	.LASF26
 841 03d2 01       		.byte	0x1
 842 03d3 12       		.byte	0x12
 843 03d4 99000000 		.4byte	0x99
 844 03d8 05       		.uleb128 0x5
 845 03d9 03       		.byte	0x3
 846 03da 00000000 		.4byte	R_1_mV
 847 03de 0D       		.uleb128 0xd
 848 03df 97000000 		.4byte	.LASF27
 849 03e3 01       		.byte	0x1
 850 03e4 12       		.byte	0x12
 851 03e5 99000000 		.4byte	0x99
 852 03e9 05       		.uleb128 0x5
 853 03ea 03       		.byte	0x3
 854 03eb 00000000 		.4byte	temperature
 855 03ef 0D       		.uleb128 0xd
 856 03f0 E5010000 		.4byte	.LASF28
 857 03f4 01       		.byte	0x1
 858 03f5 13       		.byte	0x13
 859 03f6 A5000000 		.4byte	0xa5
 860 03fa 05       		.uleb128 0x5
ARM GAS  C:\Users\SWAPNIL\AppData\Local\Temp\ccAaYYEo.s 			page 18


 861 03fb 03       		.byte	0x3
 862 03fc 00000000 		.4byte	R_1_result_f
 863 0400 0D       		.uleb128 0xd
 864 0401 3B000000 		.4byte	.LASF29
 865 0405 01       		.byte	0x1
 866 0406 13       		.byte	0x13
 867 0407 A5000000 		.4byte	0xa5
 868 040b 05       		.uleb128 0x5
 869 040c 03       		.byte	0x3
 870 040d 00000000 		.4byte	R_1_mV_f
 871 0411 0D       		.uleb128 0xd
 872 0412 2B000000 		.4byte	.LASF30
 873 0416 01       		.byte	0x1
 874 0417 13       		.byte	0x13
 875 0418 A5000000 		.4byte	0xa5
 876 041c 05       		.uleb128 0x5
 877 041d 03       		.byte	0x3
 878 041e 00000000 		.4byte	thermistor_mV_f
 879 0422 0D       		.uleb128 0xd
 880 0423 F6020000 		.4byte	.LASF31
 881 0427 01       		.byte	0x1
 882 0428 13       		.byte	0x13
 883 0429 A5000000 		.4byte	0xa5
 884 042d 05       		.uleb128 0x5
 885 042e 03       		.byte	0x3
 886 042f 00000000 		.4byte	ratio_f
 887 0433 0D       		.uleb128 0xd
 888 0434 44000000 		.4byte	.LASF32
 889 0438 01       		.byte	0x1
 890 0439 13       		.byte	0x13
 891 043a A5000000 		.4byte	0xa5
 892 043e 05       		.uleb128 0x5
 893 043f 03       		.byte	0x3
 894 0440 00000000 		.4byte	voltage_f
 895 0444 0D       		.uleb128 0xd
 896 0445 1B000000 		.4byte	.LASF33
 897 0449 01       		.byte	0x1
 898 044a 14       		.byte	0x14
 899 044b A5000000 		.4byte	0xa5
 900 044f 05       		.uleb128 0x5
 901 0450 03       		.byte	0x3
 902 0451 00000000 		.4byte	thermistor_RA_f
 903 0455 0D       		.uleb128 0xd
 904 0456 28030000 		.4byte	.LASF34
 905 045a 01       		.byte	0x1
 906 045b 14       		.byte	0x14
 907 045c A5000000 		.4byte	0xa5
 908 0460 05       		.uleb128 0x5
 909 0461 03       		.byte	0x3
 910 0462 00000000 		.4byte	thermistor_RB_f
 911 0466 0D       		.uleb128 0xd
 912 0467 58000000 		.4byte	.LASF35
 913 046b 01       		.byte	0x1
 914 046c 15       		.byte	0x15
 915 046d A5000000 		.4byte	0xa5
 916 0471 05       		.uleb128 0x5
 917 0472 03       		.byte	0x3
ARM GAS  C:\Users\SWAPNIL\AppData\Local\Temp\ccAaYYEo.s 			page 19


 918 0473 00000000 		.4byte	current_mA_f
 919 0477 0D       		.uleb128 0xd
 920 0478 A6010000 		.4byte	.LASF36
 921 047c 01       		.byte	0x1
 922 047d 15       		.byte	0x15
 923 047e A5000000 		.4byte	0xa5
 924 0482 05       		.uleb128 0x5
 925 0483 03       		.byte	0x3
 926 0484 00000000 		.4byte	temperature_K_f
 927 0488 0E       		.uleb128 0xe
 928 0489 10020000 		.4byte	.LASF37
 929 048d 10020000 		.4byte	.LASF37
 930 0491 06       		.byte	0x6
 931 0492 3A       		.byte	0x3a
 932 0493 0E       		.uleb128 0xe
 933 0494 C1010000 		.4byte	.LASF38
 934 0498 C1010000 		.4byte	.LASF38
 935 049c 07       		.byte	0x7
 936 049d 25       		.byte	0x25
 937 049e 0E       		.uleb128 0xe
 938 049f A3000000 		.4byte	.LASF39
 939 04a3 A3000000 		.4byte	.LASF39
 940 04a7 08       		.byte	0x8
 941 04a8 38       		.byte	0x38
 942 04a9 0E       		.uleb128 0xe
 943 04aa 64020000 		.4byte	.LASF40
 944 04ae 64020000 		.4byte	.LASF40
 945 04b2 08       		.byte	0x8
 946 04b3 3D       		.byte	0x3d
 947 04b4 0E       		.uleb128 0xe
 948 04b5 CE010000 		.4byte	.LASF41
 949 04b9 CE010000 		.4byte	.LASF41
 950 04bd 08       		.byte	0x8
 951 04be 3C       		.byte	0x3c
 952 04bf 0E       		.uleb128 0xe
 953 04c0 89030000 		.4byte	.LASF42
 954 04c4 89030000 		.4byte	.LASF42
 955 04c8 09       		.byte	0x9
 956 04c9 76       		.byte	0x76
 957 04ca 0E       		.uleb128 0xe
 958 04cb 65000000 		.4byte	.LASF43
 959 04cf 65000000 		.4byte	.LASF43
 960 04d3 0A       		.byte	0xa
 961 04d4 26       		.byte	0x26
 962 04d5 0E       		.uleb128 0xe
 963 04d6 7B030000 		.4byte	.LASF44
 964 04da 7B030000 		.4byte	.LASF44
 965 04de 07       		.byte	0x7
 966 04df 57       		.byte	0x57
 967 04e0 0E       		.uleb128 0xe
 968 04e1 4F030000 		.4byte	.LASF45
 969 04e5 4F030000 		.4byte	.LASF45
 970 04e9 06       		.byte	0x6
 971 04ea 3D       		.byte	0x3d
 972 04eb 0E       		.uleb128 0xe
 973 04ec FE020000 		.4byte	.LASF46
 974 04f0 FE020000 		.4byte	.LASF46
ARM GAS  C:\Users\SWAPNIL\AppData\Local\Temp\ccAaYYEo.s 			page 20


 975 04f4 06       		.byte	0x6
 976 04f5 3F       		.byte	0x3f
 977 04f6 0E       		.uleb128 0xe
 978 04f7 80010000 		.4byte	.LASF47
 979 04fb 80010000 		.4byte	.LASF47
 980 04ff 06       		.byte	0x6
 981 0500 41       		.byte	0x41
 982 0501 0E       		.uleb128 0xe
 983 0502 30020000 		.4byte	.LASF48
 984 0506 30020000 		.4byte	.LASF48
 985 050a 06       		.byte	0x6
 986 050b 47       		.byte	0x47
 987 050c 0E       		.uleb128 0xe
 988 050d 84020000 		.4byte	.LASF49
 989 0511 84020000 		.4byte	.LASF49
 990 0515 0B       		.byte	0xb
 991 0516 30       		.byte	0x30
 992 0517 0E       		.uleb128 0xe
 993 0518 B0020000 		.4byte	.LASF50
 994 051c B0020000 		.4byte	.LASF50
 995 0520 0B       		.byte	0xb
 996 0521 32       		.byte	0x32
 997 0522 0E       		.uleb128 0xe
 998 0523 1B030000 		.4byte	.LASF51
 999 0527 1B030000 		.4byte	.LASF51
 1000 052b 0C       		.byte	0xc
 1001 052c 26       		.byte	0x26
 1002 052d 0E       		.uleb128 0xe
 1003 052e 8B000000 		.4byte	.LASF52
 1004 0532 8B000000 		.4byte	.LASF52
 1005 0536 08       		.byte	0x8
 1006 0537 3F       		.byte	0x3f
 1007 0538 0E       		.uleb128 0xe
 1008 0539 71020000 		.4byte	.LASF53
 1009 053d 71020000 		.4byte	.LASF53
 1010 0541 08       		.byte	0x8
 1011 0542 61       		.byte	0x61
 1012 0543 00       		.byte	0
 1013              		.section	.debug_abbrev,"",%progbits
 1014              	.Ldebug_abbrev0:
 1015 0000 01       		.uleb128 0x1
 1016 0001 11       		.uleb128 0x11
 1017 0002 01       		.byte	0x1
 1018 0003 25       		.uleb128 0x25
 1019 0004 0E       		.uleb128 0xe
 1020 0005 13       		.uleb128 0x13
 1021 0006 0B       		.uleb128 0xb
 1022 0007 03       		.uleb128 0x3
 1023 0008 0E       		.uleb128 0xe
 1024 0009 1B       		.uleb128 0x1b
 1025 000a 0E       		.uleb128 0xe
 1026 000b 55       		.uleb128 0x55
 1027 000c 17       		.uleb128 0x17
 1028 000d 11       		.uleb128 0x11
 1029 000e 01       		.uleb128 0x1
 1030 000f 10       		.uleb128 0x10
 1031 0010 17       		.uleb128 0x17
ARM GAS  C:\Users\SWAPNIL\AppData\Local\Temp\ccAaYYEo.s 			page 21


 1032 0011 00       		.byte	0
 1033 0012 00       		.byte	0
 1034 0013 02       		.uleb128 0x2
 1035 0014 24       		.uleb128 0x24
 1036 0015 00       		.byte	0
 1037 0016 0B       		.uleb128 0xb
 1038 0017 0B       		.uleb128 0xb
 1039 0018 3E       		.uleb128 0x3e
 1040 0019 0B       		.uleb128 0xb
 1041 001a 03       		.uleb128 0x3
 1042 001b 0E       		.uleb128 0xe
 1043 001c 00       		.byte	0
 1044 001d 00       		.byte	0
 1045 001e 03       		.uleb128 0x3
 1046 001f 16       		.uleb128 0x16
 1047 0020 00       		.byte	0
 1048 0021 03       		.uleb128 0x3
 1049 0022 0E       		.uleb128 0xe
 1050 0023 3A       		.uleb128 0x3a
 1051 0024 0B       		.uleb128 0xb
 1052 0025 3B       		.uleb128 0x3b
 1053 0026 0B       		.uleb128 0xb
 1054 0027 49       		.uleb128 0x49
 1055 0028 13       		.uleb128 0x13
 1056 0029 00       		.byte	0
 1057 002a 00       		.byte	0
 1058 002b 04       		.uleb128 0x4
 1059 002c 24       		.uleb128 0x24
 1060 002d 00       		.byte	0
 1061 002e 0B       		.uleb128 0xb
 1062 002f 0B       		.uleb128 0xb
 1063 0030 3E       		.uleb128 0x3e
 1064 0031 0B       		.uleb128 0xb
 1065 0032 03       		.uleb128 0x3
 1066 0033 08       		.uleb128 0x8
 1067 0034 00       		.byte	0
 1068 0035 00       		.byte	0
 1069 0036 05       		.uleb128 0x5
 1070 0037 16       		.uleb128 0x16
 1071 0038 00       		.byte	0
 1072 0039 03       		.uleb128 0x3
 1073 003a 0E       		.uleb128 0xe
 1074 003b 3A       		.uleb128 0x3a
 1075 003c 0B       		.uleb128 0xb
 1076 003d 3B       		.uleb128 0x3b
 1077 003e 05       		.uleb128 0x5
 1078 003f 49       		.uleb128 0x49
 1079 0040 13       		.uleb128 0x13
 1080 0041 00       		.byte	0
 1081 0042 00       		.byte	0
 1082 0043 06       		.uleb128 0x6
 1083 0044 2E       		.uleb128 0x2e
 1084 0045 01       		.byte	0x1
 1085 0046 3F       		.uleb128 0x3f
 1086 0047 19       		.uleb128 0x19
 1087 0048 03       		.uleb128 0x3
 1088 0049 0E       		.uleb128 0xe
ARM GAS  C:\Users\SWAPNIL\AppData\Local\Temp\ccAaYYEo.s 			page 22


 1089 004a 3A       		.uleb128 0x3a
 1090 004b 0B       		.uleb128 0xb
 1091 004c 3B       		.uleb128 0x3b
 1092 004d 0B       		.uleb128 0xb
 1093 004e 27       		.uleb128 0x27
 1094 004f 19       		.uleb128 0x19
 1095 0050 49       		.uleb128 0x49
 1096 0051 13       		.uleb128 0x13
 1097 0052 8701     		.uleb128 0x87
 1098 0054 19       		.uleb128 0x19
 1099 0055 11       		.uleb128 0x11
 1100 0056 01       		.uleb128 0x1
 1101 0057 12       		.uleb128 0x12
 1102 0058 06       		.uleb128 0x6
 1103 0059 40       		.uleb128 0x40
 1104 005a 18       		.uleb128 0x18
 1105 005b 9642     		.uleb128 0x2116
 1106 005d 19       		.uleb128 0x19
 1107 005e 01       		.uleb128 0x1
 1108 005f 13       		.uleb128 0x13
 1109 0060 00       		.byte	0
 1110 0061 00       		.byte	0
 1111 0062 07       		.uleb128 0x7
 1112 0063 898201   		.uleb128 0x4109
 1113 0066 00       		.byte	0
 1114 0067 11       		.uleb128 0x11
 1115 0068 01       		.uleb128 0x1
 1116 0069 31       		.uleb128 0x31
 1117 006a 13       		.uleb128 0x13
 1118 006b 00       		.byte	0
 1119 006c 00       		.byte	0
 1120 006d 08       		.uleb128 0x8
 1121 006e 898201   		.uleb128 0x4109
 1122 0071 01       		.byte	0x1
 1123 0072 11       		.uleb128 0x11
 1124 0073 01       		.uleb128 0x1
 1125 0074 31       		.uleb128 0x31
 1126 0075 13       		.uleb128 0x13
 1127 0076 01       		.uleb128 0x1
 1128 0077 13       		.uleb128 0x13
 1129 0078 00       		.byte	0
 1130 0079 00       		.byte	0
 1131 007a 09       		.uleb128 0x9
 1132 007b 8A8201   		.uleb128 0x410a
 1133 007e 00       		.byte	0
 1134 007f 02       		.uleb128 0x2
 1135 0080 18       		.uleb128 0x18
 1136 0081 9142     		.uleb128 0x2111
 1137 0083 18       		.uleb128 0x18
 1138 0084 00       		.byte	0
 1139 0085 00       		.byte	0
 1140 0086 0A       		.uleb128 0xa
 1141 0087 898201   		.uleb128 0x4109
 1142 008a 01       		.byte	0x1
 1143 008b 11       		.uleb128 0x11
 1144 008c 01       		.uleb128 0x1
 1145 008d 31       		.uleb128 0x31
ARM GAS  C:\Users\SWAPNIL\AppData\Local\Temp\ccAaYYEo.s 			page 23


 1146 008e 13       		.uleb128 0x13
 1147 008f 00       		.byte	0
 1148 0090 00       		.byte	0
 1149 0091 0B       		.uleb128 0xb
 1150 0092 34       		.uleb128 0x34
 1151 0093 00       		.byte	0
 1152 0094 03       		.uleb128 0x3
 1153 0095 0E       		.uleb128 0xe
 1154 0096 3A       		.uleb128 0x3a
 1155 0097 0B       		.uleb128 0xb
 1156 0098 3B       		.uleb128 0x3b
 1157 0099 05       		.uleb128 0x5
 1158 009a 49       		.uleb128 0x49
 1159 009b 13       		.uleb128 0x13
 1160 009c 3F       		.uleb128 0x3f
 1161 009d 19       		.uleb128 0x19
 1162 009e 3C       		.uleb128 0x3c
 1163 009f 19       		.uleb128 0x19
 1164 00a0 00       		.byte	0
 1165 00a1 00       		.byte	0
 1166 00a2 0C       		.uleb128 0xc
 1167 00a3 35       		.uleb128 0x35
 1168 00a4 00       		.byte	0
 1169 00a5 49       		.uleb128 0x49
 1170 00a6 13       		.uleb128 0x13
 1171 00a7 00       		.byte	0
 1172 00a8 00       		.byte	0
 1173 00a9 0D       		.uleb128 0xd
 1174 00aa 34       		.uleb128 0x34
 1175 00ab 00       		.byte	0
 1176 00ac 03       		.uleb128 0x3
 1177 00ad 0E       		.uleb128 0xe
 1178 00ae 3A       		.uleb128 0x3a
 1179 00af 0B       		.uleb128 0xb
 1180 00b0 3B       		.uleb128 0x3b
 1181 00b1 0B       		.uleb128 0xb
 1182 00b2 49       		.uleb128 0x49
 1183 00b3 13       		.uleb128 0x13
 1184 00b4 3F       		.uleb128 0x3f
 1185 00b5 19       		.uleb128 0x19
 1186 00b6 02       		.uleb128 0x2
 1187 00b7 18       		.uleb128 0x18
 1188 00b8 00       		.byte	0
 1189 00b9 00       		.byte	0
 1190 00ba 0E       		.uleb128 0xe
 1191 00bb 2E       		.uleb128 0x2e
 1192 00bc 00       		.byte	0
 1193 00bd 3F       		.uleb128 0x3f
 1194 00be 19       		.uleb128 0x19
 1195 00bf 3C       		.uleb128 0x3c
 1196 00c0 19       		.uleb128 0x19
 1197 00c1 6E       		.uleb128 0x6e
 1198 00c2 0E       		.uleb128 0xe
 1199 00c3 03       		.uleb128 0x3
 1200 00c4 0E       		.uleb128 0xe
 1201 00c5 3A       		.uleb128 0x3a
 1202 00c6 0B       		.uleb128 0xb
ARM GAS  C:\Users\SWAPNIL\AppData\Local\Temp\ccAaYYEo.s 			page 24


 1203 00c7 3B       		.uleb128 0x3b
 1204 00c8 0B       		.uleb128 0xb
 1205 00c9 00       		.byte	0
 1206 00ca 00       		.byte	0
 1207 00cb 00       		.byte	0
 1208              		.section	.debug_aranges,"",%progbits
 1209 0000 1C000000 		.4byte	0x1c
 1210 0004 0200     		.2byte	0x2
 1211 0006 00000000 		.4byte	.Ldebug_info0
 1212 000a 04       		.byte	0x4
 1213 000b 00       		.byte	0
 1214 000c 0000     		.2byte	0
 1215 000e 0000     		.2byte	0
 1216 0010 00000000 		.4byte	.LFB63
 1217 0014 D4010000 		.4byte	.LFE63-.LFB63
 1218 0018 00000000 		.4byte	0
 1219 001c 00000000 		.4byte	0
 1220              		.section	.debug_ranges,"",%progbits
 1221              	.Ldebug_ranges0:
 1222 0000 00000000 		.4byte	.LFB63
 1223 0004 D4010000 		.4byte	.LFE63
 1224 0008 00000000 		.4byte	0
 1225 000c 00000000 		.4byte	0
 1226              		.section	.debug_line,"",%progbits
 1227              	.Ldebug_line0:
 1228 0000 EC010000 		.section	.debug_str,"MS",%progbits,1
 1228      0200A801 
 1228      00000201 
 1228      FB0E0D00 
 1228      01010101 
 1229              	.LASF6:
 1230 0000 6C6F6E67 		.ascii	"long long int\000"
 1230      206C6F6E 
 1230      6720696E 
 1230      7400
 1231              	.LASF20:
 1232 000e 6C6F6F70 		.ascii	"loop_counter\000"
 1232      5F636F75 
 1232      6E746572 
 1232      00
 1233              	.LASF33:
 1234 001b 74686572 		.ascii	"thermistor_RA_f\000"
 1234      6D697374 
 1234      6F725F52 
 1234      415F6600 
 1235              	.LASF30:
 1236 002b 74686572 		.ascii	"thermistor_mV_f\000"
 1236      6D697374 
 1236      6F725F6D 
 1236      565F6600 
 1237              	.LASF29:
 1238 003b 525F315F 		.ascii	"R_1_mV_f\000"
 1238      6D565F66 
 1238      00
 1239              	.LASF32:
 1240 0044 766F6C74 		.ascii	"voltage_f\000"
 1240      6167655F 
ARM GAS  C:\Users\SWAPNIL\AppData\Local\Temp\ccAaYYEo.s 			page 25


 1240      6600
 1241              	.LASF9:
 1242 004e 5F5F696E 		.ascii	"__int32_t\000"
 1242      7433325F 
 1242      7400
 1243              	.LASF35:
 1244 0058 63757272 		.ascii	"current_mA_f\000"
 1244      656E745F 
 1244      6D415F66 
 1244      00
 1245              	.LASF43:
 1246 0065 50696E33 		.ascii	"Pin3_1_Write\000"
 1246      5F315F57 
 1246      72697465 
 1246      00
 1247              	.LASF15:
 1248 0072 646F7562 		.ascii	"double\000"
 1248      6C6500
 1249              	.LASF24:
 1250 0079 74686572 		.ascii	"thermistor_result\000"
 1250      6D697374 
 1250      6F725F72 
 1250      6573756C 
 1250      7400
 1251              	.LASF52:
 1252 008b 4C43445F 		.ascii	"LCD_IsReady\000"
 1252      49735265 
 1252      61647900 
 1253              	.LASF27:
 1254 0097 74656D70 		.ascii	"temperature\000"
 1254      65726174 
 1254      75726500 
 1255              	.LASF39:
 1256 00a3 4C43445F 		.ascii	"LCD_Start\000"
 1256      53746172 
 1256      7400
 1257              	.LASF0:
 1258 00ad 7369676E 		.ascii	"signed char\000"
 1258      65642063 
 1258      68617200 
 1259              	.LASF1:
 1260 00b9 756E7369 		.ascii	"unsigned char\000"
 1260      676E6564 
 1260      20636861 
 1260      7200
 1261              	.LASF54:
 1262 00c7 474E5520 		.ascii	"GNU C11 5.4.1 20160609 (release) [ARM/embedded-5-br"
 1262      43313120 
 1262      352E342E 
 1262      31203230 
 1262      31363036 
 1263 00fa 616E6368 		.ascii	"anch revision 237715] -mcpu=cortex-m3 -mthumb -g -O"
 1263      20726576 
 1263      6973696F 
 1263      6E203233 
 1263      37373135 
 1264 012d 67202D66 		.ascii	"g -ffunction-sections -ffat-lto-objects\000"
ARM GAS  C:\Users\SWAPNIL\AppData\Local\Temp\ccAaYYEo.s 			page 26


 1264      66756E63 
 1264      74696F6E 
 1264      2D736563 
 1264      74696F6E 
 1265              	.LASF13:
 1266 0155 696E7431 		.ascii	"int16\000"
 1266      3600
 1267              	.LASF5:
 1268 015b 6C6F6E67 		.ascii	"long unsigned int\000"
 1268      20756E73 
 1268      69676E65 
 1268      6420696E 
 1268      7400
 1269              	.LASF3:
 1270 016d 73686F72 		.ascii	"short unsigned int\000"
 1270      7420756E 
 1270      7369676E 
 1270      65642069 
 1270      6E7400
 1271              	.LASF47:
 1272 0180 4144435F 		.ascii	"ADC_DelSig_1_GetResult16\000"
 1272      44656C53 
 1272      69675F31 
 1272      5F476574 
 1272      52657375 
 1273              	.LASF19:
 1274 0199 49544D5F 		.ascii	"ITM_RxBuffer\000"
 1274      52784275 
 1274      66666572 
 1274      00
 1275              	.LASF36:
 1276 01a6 74656D70 		.ascii	"temperature_K_f\000"
 1276      65726174 
 1276      7572655F 
 1276      4B5F6600 
 1277              	.LASF23:
 1278 01b6 525F315F 		.ascii	"R_1_result\000"
 1278      72657375 
 1278      6C7400
 1279              	.LASF38:
 1280 01c1 414D7578 		.ascii	"AMux_1_Start\000"
 1280      5F315F53 
 1280      74617274 
 1280      00
 1281              	.LASF41:
 1282 01ce 4C43445F 		.ascii	"LCD_PrintString\000"
 1282      5072696E 
 1282      74537472 
 1282      696E6700 
 1283              	.LASF11:
 1284 01de 75696E74 		.ascii	"uint16\000"
 1284      313600
 1285              	.LASF28:
 1286 01e5 525F315F 		.ascii	"R_1_result_f\000"
 1286      72657375 
 1286      6C745F66 
 1286      00
ARM GAS  C:\Users\SWAPNIL\AppData\Local\Temp\ccAaYYEo.s 			page 27


 1287              	.LASF12:
 1288 01f2 75696E74 		.ascii	"uint32\000"
 1288      333200
 1289              	.LASF57:
 1290 01f9 6D61696E 		.ascii	"main\000"
 1290      00
 1291              	.LASF21:
 1292 01fe 4C43445F 		.ascii	"LCD_write_counter\000"
 1292      77726974 
 1292      655F636F 
 1292      756E7465 
 1292      7200
 1293              	.LASF37:
 1294 0210 4144435F 		.ascii	"ADC_DelSig_1_Start\000"
 1294      44656C53 
 1294      69675F31 
 1294      5F537461 
 1294      727400
 1295              	.LASF8:
 1296 0223 756E7369 		.ascii	"unsigned int\000"
 1296      676E6564 
 1296      20696E74 
 1296      00
 1297              	.LASF48:
 1298 0230 4144435F 		.ascii	"ADC_DelSig_1_CountsTo_mVolts\000"
 1298      44656C53 
 1298      69675F31 
 1298      5F436F75 
 1298      6E747354 
 1299              	.LASF7:
 1300 024d 6C6F6E67 		.ascii	"long long unsigned int\000"
 1300      206C6F6E 
 1300      6720756E 
 1300      7369676E 
 1300      65642069 
 1301              	.LASF40:
 1302 0264 4C43445F 		.ascii	"LCD_Position\000"
 1302      506F7369 
 1302      74696F6E 
 1302      00
 1303              	.LASF53:
 1304 0271 4C43445F 		.ascii	"LCD_PrintU32Number\000"
 1304      5072696E 
 1304      74553332 
 1304      4E756D62 
 1304      657200
 1305              	.LASF49:
 1306 0284 54686572 		.ascii	"Thermistor_1_GetResistance\000"
 1306      6D697374 
 1306      6F725F31 
 1306      5F476574 
 1306      52657369 
 1307              	.LASF10:
 1308 029f 696E7433 		.ascii	"int32_t\000"
 1308      325F7400 
 1309              	.LASF18:
 1310 02a7 73697A65 		.ascii	"sizetype\000"
ARM GAS  C:\Users\SWAPNIL\AppData\Local\Temp\ccAaYYEo.s 			page 28


 1310      74797065 
 1310      00
 1311              	.LASF50:
 1312 02b0 54686572 		.ascii	"Thermistor_1_GetTemperature\000"
 1312      6D697374 
 1312      6F725F31 
 1312      5F476574 
 1312      54656D70 
 1313              	.LASF26:
 1314 02cc 525F315F 		.ascii	"R_1_mV\000"
 1314      6D5600
 1315              	.LASF55:
 1316 02d3 6D61696E 		.ascii	"main.c\000"
 1316      2E6300
 1317              	.LASF16:
 1318 02da 63686172 		.ascii	"char\000"
 1318      00
 1319              	.LASF22:
 1320 02df 74686572 		.ascii	"thermistor_R\000"
 1320      6D697374 
 1320      6F725F52 
 1320      00
 1321              	.LASF2:
 1322 02ec 73686F72 		.ascii	"short int\000"
 1322      7420696E 
 1322      7400
 1323              	.LASF31:
 1324 02f6 72617469 		.ascii	"ratio_f\000"
 1324      6F5F6600 
 1325              	.LASF46:
 1326 02fe 4144435F 		.ascii	"ADC_DelSig_1_IsEndConversion\000"
 1326      44656C53 
 1326      69675F31 
 1326      5F497345 
 1326      6E64436F 
 1327              	.LASF51:
 1328 031b 50696E31 		.ascii	"Pin1_7_Write\000"
 1328      5F375F57 
 1328      72697465 
 1328      00
 1329              	.LASF34:
 1330 0328 74686572 		.ascii	"thermistor_RB_f\000"
 1330      6D697374 
 1330      6F725F52 
 1330      425F6600 
 1331              	.LASF25:
 1332 0338 74686572 		.ascii	"thermistor_mV\000"
 1332      6D697374 
 1332      6F725F6D 
 1332      5600
 1333              	.LASF4:
 1334 0346 6C6F6E67 		.ascii	"long int\000"
 1334      20696E74 
 1334      00
 1335              	.LASF45:
 1336 034f 4144435F 		.ascii	"ADC_DelSig_1_StartConvert\000"
 1336      44656C53 
ARM GAS  C:\Users\SWAPNIL\AppData\Local\Temp\ccAaYYEo.s 			page 29


 1336      69675F31 
 1336      5F537461 
 1336      7274436F 
 1337              	.LASF17:
 1338 0369 6C6F6E67 		.ascii	"long double\000"
 1338      20646F75 
 1338      626C6500 
 1339              	.LASF14:
 1340 0375 666C6F61 		.ascii	"float\000"
 1340      7400
 1341              	.LASF44:
 1342 037b 414D7578 		.ascii	"AMux_1_Select\000"
 1342      5F315F53 
 1342      656C6563 
 1342      7400
 1343              	.LASF42:
 1344 0389 43794465 		.ascii	"CyDelay\000"
 1344      6C617900 
 1345              	.LASF56:
 1346 0391 433A5C55 		.ascii	"C:\\Users\\SWAPNIL\\Documents\\PSoC Creator\\Worksp"
 1346      73657273 
 1346      5C535741 
 1346      504E494C 
 1346      5C446F63 
 1347 03bf 61636530 		.ascii	"ace01\\Assignment_1.cydsn\000"
 1347      315C4173 
 1347      7369676E 
 1347      6D656E74 
 1347      5F312E63 
 1348              		.ident	"GCC: (GNU Tools for ARM Embedded Processors) 5.4.1 20160609 (release) [ARM/embedded-5-bran
