ARM GAS  C:\Users\SWAPNIL\AppData\Local\Temp\cc4Y72JG.s 			page 1


   1              		.syntax unified
   2              		.cpu cortex-m3
   3              		.fpu softvfp
   4              		.eabi_attribute 20, 1
   5              		.eabi_attribute 21, 1
   6              		.eabi_attribute 23, 3
   7              		.eabi_attribute 24, 1
   8              		.eabi_attribute 25, 1
   9              		.eabi_attribute 26, 1
  10              		.eabi_attribute 30, 1
  11              		.eabi_attribute 34, 1
  12              		.eabi_attribute 18, 4
  13              		.thumb
  14              		.syntax unified
  15              		.file	"Thermistor_1.c"
  16              		.text
  17              	.Ltext0:
  18              		.cfi_sections	.debug_frame
  19              		.section	.text.Thermistor_1_GetResistance,"ax",%progbits
  20              		.align	2
  21              		.global	Thermistor_1_GetResistance
  22              		.thumb
  23              		.thumb_func
  24              		.type	Thermistor_1_GetResistance, %function
  25              	Thermistor_1_GetResistance:
  26              	.LFB0:
  27              		.file 1 "Generated_Source\\PSoC5\\Thermistor_1.c"
   1:Generated_Source\PSoC5/Thermistor_1.c **** /*******************************************************************************
   2:Generated_Source\PSoC5/Thermistor_1.c **** * File Name: Thermistor_1.c
   3:Generated_Source\PSoC5/Thermistor_1.c **** * Version 1.20
   4:Generated_Source\PSoC5/Thermistor_1.c **** *
   5:Generated_Source\PSoC5/Thermistor_1.c **** * Description:
   6:Generated_Source\PSoC5/Thermistor_1.c **** *  This file provides the source code to the API for the ThermistorCalc
   7:Generated_Source\PSoC5/Thermistor_1.c **** *  Component.
   8:Generated_Source\PSoC5/Thermistor_1.c **** *
   9:Generated_Source\PSoC5/Thermistor_1.c **** * Note:
  10:Generated_Source\PSoC5/Thermistor_1.c **** *  None.
  11:Generated_Source\PSoC5/Thermistor_1.c **** *
  12:Generated_Source\PSoC5/Thermistor_1.c **** ********************************************************************************
  13:Generated_Source\PSoC5/Thermistor_1.c **** * Copyright 2013, Cypress Semiconductor Corporation.  All rights reserved.
  14:Generated_Source\PSoC5/Thermistor_1.c **** * You may use this file only in accordance with the license, terms, conditions,
  15:Generated_Source\PSoC5/Thermistor_1.c **** * disclaimers, and limitations in the end user license agreement accompanying
  16:Generated_Source\PSoC5/Thermistor_1.c **** * the software package with which this file was provided.
  17:Generated_Source\PSoC5/Thermistor_1.c **** *******************************************************************************/
  18:Generated_Source\PSoC5/Thermistor_1.c **** 
  19:Generated_Source\PSoC5/Thermistor_1.c **** #include "Thermistor_1.h"
  20:Generated_Source\PSoC5/Thermistor_1.c **** 
  21:Generated_Source\PSoC5/Thermistor_1.c **** 
  22:Generated_Source\PSoC5/Thermistor_1.c **** /*******************************************************************************
  23:Generated_Source\PSoC5/Thermistor_1.c **** * Function Name: Thermistor_1_GetResistance
  24:Generated_Source\PSoC5/Thermistor_1.c **** ********************************************************************************
  25:Generated_Source\PSoC5/Thermistor_1.c **** *
  26:Generated_Source\PSoC5/Thermistor_1.c **** * Summary:
  27:Generated_Source\PSoC5/Thermistor_1.c **** *  The digital values of the voltages across the reference resistor and the
  28:Generated_Source\PSoC5/Thermistor_1.c **** *  thermistor are passed to this function as parameters. The function returns
  29:Generated_Source\PSoC5/Thermistor_1.c **** *  the resistance, based on the voltage values.
  30:Generated_Source\PSoC5/Thermistor_1.c **** *
ARM GAS  C:\Users\SWAPNIL\AppData\Local\Temp\cc4Y72JG.s 			page 2


  31:Generated_Source\PSoC5/Thermistor_1.c **** * Parameters:
  32:Generated_Source\PSoC5/Thermistor_1.c **** *  vReference: the voltage across the reference resistor;
  33:Generated_Source\PSoC5/Thermistor_1.c **** *  vThermistor: the voltage across the thermistor.
  34:Generated_Source\PSoC5/Thermistor_1.c **** *  The ratio of these two voltages is used by this function. Therefore, the
  35:Generated_Source\PSoC5/Thermistor_1.c **** *  units for both parameters must be the same.
  36:Generated_Source\PSoC5/Thermistor_1.c **** *
  37:Generated_Source\PSoC5/Thermistor_1.c **** * Return:
  38:Generated_Source\PSoC5/Thermistor_1.c **** *  The return value is the resistance across the thermistor. The value returned
  39:Generated_Source\PSoC5/Thermistor_1.c **** *  is the resistance in Ohms.
  40:Generated_Source\PSoC5/Thermistor_1.c **** *
  41:Generated_Source\PSoC5/Thermistor_1.c **** *******************************************************************************/
  42:Generated_Source\PSoC5/Thermistor_1.c **** uint32 Thermistor_1_GetResistance(int16 vReference, int16 vThermistor)
  43:Generated_Source\PSoC5/Thermistor_1.c ****                                       
  44:Generated_Source\PSoC5/Thermistor_1.c **** {
  28              		.loc 1 44 0
  29              		.cfi_startproc
  30              		@ args = 0, pretend = 0, frame = 0
  31              		@ frame_needed = 0, uses_anonymous_args = 0
  32              		@ link register save eliminated.
  33              	.LVL0:
  45:Generated_Source\PSoC5/Thermistor_1.c ****     int32 resT;
  46:Generated_Source\PSoC5/Thermistor_1.c ****     int16 temp;
  47:Generated_Source\PSoC5/Thermistor_1.c **** 
  48:Generated_Source\PSoC5/Thermistor_1.c ****     /* Calculate thermistor resistance from the voltages */
  49:Generated_Source\PSoC5/Thermistor_1.c ****     resT = Thermistor_1_REF_RESISTOR * ((int32)vThermistor);
  34              		.loc 1 49 0
  35 0000 42F21073 		movw	r3, #10000
  36 0004 03FB01F1 		mul	r1, r3, r1
  37              	.LVL1:
  50:Generated_Source\PSoC5/Thermistor_1.c ****     if (vReference < 0)
  38              		.loc 1 50 0
  39 0008 0028     		cmp	r0, #0
  40              	.LVL2:
  41 000a 05DA     		bge	.L2
  51:Generated_Source\PSoC5/Thermistor_1.c ****     {
  52:Generated_Source\PSoC5/Thermistor_1.c ****         temp = -vReference;
  42              		.loc 1 52 0
  43 000c 4342     		negs	r3, r0
  44              	.LVL3:
  53:Generated_Source\PSoC5/Thermistor_1.c ****         temp = (int16)((uint16)((uint16)temp >> 1u));
  45              		.loc 1 53 0
  46 000e C3F34E03 		ubfx	r3, r3, #1, #15
  47              	.LVL4:
  54:Generated_Source\PSoC5/Thermistor_1.c ****         temp = -temp;
  48              		.loc 1 54 0
  49 0012 5B42     		negs	r3, r3
  50              	.LVL5:
  51 0014 1BB2     		sxth	r3, r3
  52              	.LVL6:
  53 0016 01E0     		b	.L3
  54              	.LVL7:
  55              	.L2:
  55:Generated_Source\PSoC5/Thermistor_1.c ****     }
  56:Generated_Source\PSoC5/Thermistor_1.c ****     else
  57:Generated_Source\PSoC5/Thermistor_1.c ****     {
  58:Generated_Source\PSoC5/Thermistor_1.c ****         temp = (int16)((uint16)((uint16)vReference >> 1u));
  56              		.loc 1 58 0
ARM GAS  C:\Users\SWAPNIL\AppData\Local\Temp\cc4Y72JG.s 			page 3


  57 0018 C0F34E03 		ubfx	r3, r0, #1, #15
  58              	.LVL8:
  59              	.L3:
  59:Generated_Source\PSoC5/Thermistor_1.c ****     }
  60:Generated_Source\PSoC5/Thermistor_1.c ****     resT += temp;
  60              		.loc 1 60 0
  61 001c 1944     		add	r1, r1, r3
  62              	.LVL9:
  61:Generated_Source\PSoC5/Thermistor_1.c ****     resT /= vReference;
  62:Generated_Source\PSoC5/Thermistor_1.c **** 
  63:Generated_Source\PSoC5/Thermistor_1.c ****     /* The ordering of Reference resistor value is specifically designed to keep the result from ov
  64:Generated_Source\PSoC5/Thermistor_1.c ****     return ((uint32)((uint32)resT << Thermistor_1_REF_RES_SHIFT));
  65:Generated_Source\PSoC5/Thermistor_1.c **** }
  63              		.loc 1 65 0
  64 001e 91FBF0F0 		sdiv	r0, r1, r0
  65              	.LVL10:
  66 0022 7047     		bx	lr
  67              		.cfi_endproc
  68              	.LFE0:
  69              		.size	Thermistor_1_GetResistance, .-Thermistor_1_GetResistance
  70              		.section	.text.Thermistor_1_GetTemperature,"ax",%progbits
  71              		.align	2
  72              		.global	Thermistor_1_GetTemperature
  73              		.thumb
  74              		.thumb_func
  75              		.type	Thermistor_1_GetTemperature, %function
  76              	Thermistor_1_GetTemperature:
  77              	.LFB1:
  66:Generated_Source\PSoC5/Thermistor_1.c **** 
  67:Generated_Source\PSoC5/Thermistor_1.c **** 
  68:Generated_Source\PSoC5/Thermistor_1.c **** /*******************************************************************************
  69:Generated_Source\PSoC5/Thermistor_1.c **** * Function Name: Thermistor_1_GetTemperature
  70:Generated_Source\PSoC5/Thermistor_1.c **** ********************************************************************************
  71:Generated_Source\PSoC5/Thermistor_1.c **** *
  72:Generated_Source\PSoC5/Thermistor_1.c **** * Summary:
  73:Generated_Source\PSoC5/Thermistor_1.c **** *  The value of the thermistor resistance is passed to this function as a
  74:Generated_Source\PSoC5/Thermistor_1.c **** *  parameter. The function returns the temperature, based on the resistance
  75:Generated_Source\PSoC5/Thermistor_1.c **** *  value. The method used to calculate the temperature is dependent on whether
  76:Generated_Source\PSoC5/Thermistor_1.c **** *  Equation or LUT was selected in the Customizer.
  77:Generated_Source\PSoC5/Thermistor_1.c **** *
  78:Generated_Source\PSoC5/Thermistor_1.c **** * Parameters:
  79:Generated_Source\PSoC5/Thermistor_1.c **** *  resT: the resistance across the thermistor in Ohms.
  80:Generated_Source\PSoC5/Thermistor_1.c **** *
  81:Generated_Source\PSoC5/Thermistor_1.c **** * Return:
  82:Generated_Source\PSoC5/Thermistor_1.c **** *  The return value is the temperature in 1/100ths of degrees C. For example,
  83:Generated_Source\PSoC5/Thermistor_1.c **** *  the return value is 2345, when the actual temperature is 23.45 degrees C.
  84:Generated_Source\PSoC5/Thermistor_1.c **** *
  85:Generated_Source\PSoC5/Thermistor_1.c **** *******************************************************************************/
  86:Generated_Source\PSoC5/Thermistor_1.c **** int16 Thermistor_1_GetTemperature(uint32 resT) 
  87:Generated_Source\PSoC5/Thermistor_1.c **** {
  78              		.loc 1 87 0
  79              		.cfi_startproc
  80              		@ args = 0, pretend = 0, frame = 0
  81              		@ frame_needed = 0, uses_anonymous_args = 0
  82              		@ link register save eliminated.
  83              	.LVL11:
  84 0000 30B4     		push	{r4, r5}
ARM GAS  C:\Users\SWAPNIL\AppData\Local\Temp\cc4Y72JG.s 			page 4


  85              		.cfi_def_cfa_offset 8
  86              		.cfi_offset 4, -8
  87              		.cfi_offset 5, -4
  88              	.LVL12:
  88:Generated_Source\PSoC5/Thermistor_1.c ****     int16 tempTR;
  89:Generated_Source\PSoC5/Thermistor_1.c ****     static const uint32 CYCODE Thermistor_1_LUT[] = { 32790u, 32626u, 32462u, 32300u, 32138u, 31977
  90:Generated_Source\PSoC5/Thermistor_1.c ****  31500u, 31343u, 31187u, 31031u, 30876u, 30722u, 30569u, 30417u, 30266u, 30115u, 29965u, 29817u, 29
  91:Generated_Source\PSoC5/Thermistor_1.c ****  29229u, 29084u, 28940u, 28796u, 28654u, 28512u, 28371u, 28231u, 28091u, 27952u, 27814u, 27677u, 27
  92:Generated_Source\PSoC5/Thermistor_1.c ****  27135u, 27001u, 26869u, 26736u, 26605u, 26474u, 26344u, 26215u, 26086u, 25958u, 25831u, 25704u, 25
  93:Generated_Source\PSoC5/Thermistor_1.c ****  25204u, 25081u, 24958u, 24836u, 24715u, 24594u, 24474u, 24355u, 24236u, 24118u, 24001u, 23884u, 23
  94:Generated_Source\PSoC5/Thermistor_1.c ****  23422u, 23309u, 23195u, 23083u, 22971u, 22860u, 22749u, 22639u, 22529u, 22420u, 22311u, 22203u, 22
  95:Generated_Source\PSoC5/Thermistor_1.c ****  21778u, 21672u, 21568u, 21464u, 21361u, 21258u, 21155u, 21054u, 20952u, 20852u, 20751u, 20652u, 20
  96:Generated_Source\PSoC5/Thermistor_1.c ****  20258u, 20161u, 20065u, 19968u, 19873u, 19778u, 19683u, 19589u, 19496u, 19402u, 19310u, 19218u, 19
  97:Generated_Source\PSoC5/Thermistor_1.c ****  18854u, 18764u, 18675u, 18586u, 18498u, 18410u, 18323u, 18236u, 18149u, 18063u, 17977u, 17892u, 17
  98:Generated_Source\PSoC5/Thermistor_1.c ****  17556u, 17473u, 17390u, 17308u, 17226u, 17145u, 17064u, 16984u, 16904u, 16824u, 16745u, 16666u, 16
  99:Generated_Source\PSoC5/Thermistor_1.c ****  16355u, 16278u, 16202u, 16125u, 16050u, 15975u, 15900u, 15825u, 15751u, 15678u, 15604u, 15531u, 15
 100:Generated_Source\PSoC5/Thermistor_1.c ****  15243u, 15172u, 15101u, 15031u, 14961u, 14891u, 14822u, 14753u, 14684u, 14616u, 14548u, 14481u, 14
 101:Generated_Source\PSoC5/Thermistor_1.c ****  14214u, 14148u, 14082u, 14017u, 13952u, 13888u, 13824u, 13760u, 13696u, 13633u, 13570u, 13507u, 13
 102:Generated_Source\PSoC5/Thermistor_1.c ****  13260u, 13199u, 13138u, 13078u, 13018u, 12958u, 12899u, 12839u, 12780u, 12722u, 12663u, 12605u, 12
 103:Generated_Source\PSoC5/Thermistor_1.c ****  12376u, 12320u, 12263u, 12207u, 12152u, 12096u, 12041u, 11986u, 11931u, 11877u, 11823u, 11769u, 11
 104:Generated_Source\PSoC5/Thermistor_1.c ****  11557u, 11504u, 11452u, 11400u, 11348u, 11297u, 11246u, 11195u, 11144u, 11093u, 11043u, 10993u, 10
 105:Generated_Source\PSoC5/Thermistor_1.c ****  10796u, 10747u, 10699u, 10651u, 10603u, 10555u, 10507u, 10460u, 10413u, 10366u, 10320u, 10273u, 10
 106:Generated_Source\PSoC5/Thermistor_1.c ****  10090u, 10045u, 10000u, 9955u, 9911u, 9866u, 9822u, 9778u, 9735u, 9691u, 9648u, 9605u, 9562u, 9519
 107:Generated_Source\PSoC5/Thermistor_1.c ****  9393u, 9351u, 9309u, 9268u, 9227u, 9186u, 9145u, 9104u, 9064u, 9024u, 8984u, 8944u, 8904u, 8865u, 
 108:Generated_Source\PSoC5/Thermistor_1.c ****  8709u, 8671u, 8632u, 8594u, 8556u, 8519u, 8481u, 8444u, 8407u, 8370u, 8333u, 8296u, 8260u, 8223u, 
 109:Generated_Source\PSoC5/Thermistor_1.c ****  8080u, 8045u, 8009u, 7974u, 7939u, 7904u, 7870u, 7836u, 7801u, 7767u, 7733u, 7699u, 7666u, 7632u, 
 110:Generated_Source\PSoC5/Thermistor_1.c ****  7500u, 7468u, 7435u, 7403u, 7371u, 7339u, 7307u, 7275u, 7244u, 7212u, 7181u, 7150u, 7119u, 7088u, 
 111:Generated_Source\PSoC5/Thermistor_1.c ****  6966u, 6936u, 6906u, 6876u, 6847u, 6817u, 6788u, 6758u, 6729u, 6700u, 6672u, 6643u, 6614u, 6586u, 
 112:Generated_Source\PSoC5/Thermistor_1.c ****  6474u, 6446u, 6418u, 6391u, 6363u, 6336u, 6309u, 6282u, 6255u, 6228u, 6202u, 6175u, 6149u, 6123u, 
 113:Generated_Source\PSoC5/Thermistor_1.c ****  6019u, 5993u, 5968u, 5943u, 5917u, 5892u, 5867u, 5842u, 5817u, 5793u, 5768u, 5744u, 5719u, 5695u, 
 114:Generated_Source\PSoC5/Thermistor_1.c ****  5599u, 5576u, 5552u, 5529u, 5506u, 5482u, 5459u, 5436u, 5413u, 5391u, 5368u, 5345u, 5323u, 5300u, 
 115:Generated_Source\PSoC5/Thermistor_1.c ****  5212u, 5190u, 5168u, 5147u, 5125u, 5104u, 5082u, 5061u, 5040u, 5019u, 4998u, 4977u, 4956u, 4936u, 
 116:Generated_Source\PSoC5/Thermistor_1.c ****  4854u, 4834u, 4813u, 4793u, 4773u, 4754u, 4734u, 4714u, 4695u, 4675u, 4656u, 4637u, 4617u, 4598u, 
 117:Generated_Source\PSoC5/Thermistor_1.c ****  4523u, 4504u, 4485u, 4467u, 4448u, 4430u, 4412u, 4393u, 4375u, 4357u, 4339u, 4322u, 4304u, 4286u, 
 118:Generated_Source\PSoC5/Thermistor_1.c ****  4216u, 4199u, 4182u, 4164u, 4147u, 4130u, 4114u, 4097u, 4080u, 4063u, 4047u, 4030u, 4014u, 3997u, 
 119:Generated_Source\PSoC5/Thermistor_1.c ****  3932u, 3916u, 3901u, 3885u, 3869u, 3853u, 3837u, 3822u, 3806u, 3791u, 3775u, 3760u, 3745u, 3730u, 
 120:Generated_Source\PSoC5/Thermistor_1.c ****  3670u, 3655u, 3640u, 3625u, 3611u, 3596u, 3582u, 3567u, 3553u, 3539u, 3524u, 3510u, 3496u, 3482u, 
 121:Generated_Source\PSoC5/Thermistor_1.c **** 
 122:Generated_Source\PSoC5/Thermistor_1.c **** 
 123:Generated_Source\PSoC5/Thermistor_1.c ****     #if (Thermistor_1_IMPLEMENTATION == Thermistor_1_EQUATION_METHOD)
 124:Generated_Source\PSoC5/Thermistor_1.c **** 
 125:Generated_Source\PSoC5/Thermistor_1.c ****         float32 stEqn;
 126:Generated_Source\PSoC5/Thermistor_1.c ****         float32 logrT;
 127:Generated_Source\PSoC5/Thermistor_1.c **** 
 128:Generated_Source\PSoC5/Thermistor_1.c ****         /* Calculate thermistor resistance from the voltages */
 129:Generated_Source\PSoC5/Thermistor_1.c ****         #if(!CY_PSOC3)
 130:Generated_Source\PSoC5/Thermistor_1.c ****             logrT = (float32)log((float64)resT);
 131:Generated_Source\PSoC5/Thermistor_1.c ****         #else
 132:Generated_Source\PSoC5/Thermistor_1.c ****             logrT = log((float32)resT);
 133:Generated_Source\PSoC5/Thermistor_1.c ****         #endif  /* (!CY_PSOC3) */
 134:Generated_Source\PSoC5/Thermistor_1.c **** 
 135:Generated_Source\PSoC5/Thermistor_1.c ****         /* Calculate temperature from the resistance of thermistor using Steinhart-Hart Equation */
 136:Generated_Source\PSoC5/Thermistor_1.c ****         #if(!CY_PSOC3)
 137:Generated_Source\PSoC5/Thermistor_1.c ****             stEqn = (float32)(Thermistor_1_THA + (Thermistor_1_THB * logrT) + 
 138:Generated_Source\PSoC5/Thermistor_1.c ****                              (Thermistor_1_THC * pow((float64)logrT, (float32)3)));
 139:Generated_Source\PSoC5/Thermistor_1.c ****         #else
 140:Generated_Source\PSoC5/Thermistor_1.c ****             stEqn = (float32)(Thermistor_1_THA + (Thermistor_1_THB * logrT) + 
ARM GAS  C:\Users\SWAPNIL\AppData\Local\Temp\cc4Y72JG.s 			page 5


 141:Generated_Source\PSoC5/Thermistor_1.c ****                              (Thermistor_1_THC * pow(logrT, (float32)3)));
 142:Generated_Source\PSoC5/Thermistor_1.c ****         #endif  /* (!CY_PSOC3) */
 143:Generated_Source\PSoC5/Thermistor_1.c **** 
 144:Generated_Source\PSoC5/Thermistor_1.c ****         tempTR = (int16)((float32)((((1.0 / stEqn) - Thermistor_1_K2C) * (float32)Thermistor_1_SCAL
 145:Generated_Source\PSoC5/Thermistor_1.c **** 
 146:Generated_Source\PSoC5/Thermistor_1.c ****     #else /* Thermistor_1_IMPLEMENTATION == Thermistor_1_LUT_METHOD */
 147:Generated_Source\PSoC5/Thermistor_1.c **** 
 148:Generated_Source\PSoC5/Thermistor_1.c ****         uint16 mid;
 149:Generated_Source\PSoC5/Thermistor_1.c ****         uint16 first = 0u;
 150:Generated_Source\PSoC5/Thermistor_1.c ****         uint16 last = Thermistor_1_LUT_SIZE - 1u;
  89              		.loc 1 150 0
  90 0002 4FF4FA71 		mov	r1, #500
 149:Generated_Source\PSoC5/Thermistor_1.c ****         uint16 last = Thermistor_1_LUT_SIZE - 1u;
  91              		.loc 1 149 0
  92 0006 0024     		movs	r4, #0
 151:Generated_Source\PSoC5/Thermistor_1.c **** 
 152:Generated_Source\PSoC5/Thermistor_1.c ****         /* Calculate temperature from the resistance of thermistor by using the LUT */
 153:Generated_Source\PSoC5/Thermistor_1.c ****         while (first < last)
  93              		.loc 1 153 0
  94 0008 11E0     		b	.L5
  95              	.LVL13:
  96              	.L9:
 154:Generated_Source\PSoC5/Thermistor_1.c ****         {
 155:Generated_Source\PSoC5/Thermistor_1.c ****             mid = (first + last) >> 1u;
  97              		.loc 1 155 0
  98 000a 6318     		adds	r3, r4, r1
  99 000c 5B10     		asrs	r3, r3, #1
 100 000e 9AB2     		uxth	r2, r3
 101              	.LVL14:
 156:Generated_Source\PSoC5/Thermistor_1.c **** 
 157:Generated_Source\PSoC5/Thermistor_1.c ****             if ((0u == mid) || ((Thermistor_1_LUT_SIZE - 1u) == mid) || (resT == Thermistor_1_LUT[m
 102              		.loc 1 157 0
 103 0010 82B1     		cbz	r2, .L6
 104              		.loc 1 157 0 is_stmt 0 discriminator 1
 105 0012 B2F5FA7F 		cmp	r2, #500
 106 0016 0DD0     		beq	.L6
 107              		.loc 1 157 0 discriminator 2
 108 0018 194D     		ldr	r5, .L13
 109 001a 55F82230 		ldr	r3, [r5, r2, lsl #2]
 110 001e 8342     		cmp	r3, r0
 111 0020 08D0     		beq	.L6
 158:Generated_Source\PSoC5/Thermistor_1.c ****             {
 159:Generated_Source\PSoC5/Thermistor_1.c ****                 last = mid;
 160:Generated_Source\PSoC5/Thermistor_1.c ****                 break;
 161:Generated_Source\PSoC5/Thermistor_1.c ****             }
 162:Generated_Source\PSoC5/Thermistor_1.c ****             else if (Thermistor_1_LUT[mid] > resT)
 112              		.loc 1 162 0 is_stmt 1
 113 0022 02D9     		bls	.L7
 163:Generated_Source\PSoC5/Thermistor_1.c ****             {
 164:Generated_Source\PSoC5/Thermistor_1.c ****                 first = mid + 1u;
 114              		.loc 1 164 0
 115 0024 0132     		adds	r2, r2, #1
 116              	.LVL15:
 117 0026 94B2     		uxth	r4, r2
 118              	.LVL16:
 119 0028 01E0     		b	.L5
 120              	.LVL17:
ARM GAS  C:\Users\SWAPNIL\AppData\Local\Temp\cc4Y72JG.s 			page 6


 121              	.L7:
 165:Generated_Source\PSoC5/Thermistor_1.c ****             }
 166:Generated_Source\PSoC5/Thermistor_1.c ****             else /* (Thermistor_1_LUT[mid] < resT) */
 167:Generated_Source\PSoC5/Thermistor_1.c ****             {
 168:Generated_Source\PSoC5/Thermistor_1.c ****                 last = mid - 1u;
 122              		.loc 1 168 0
 123 002a 511E     		subs	r1, r2, #1
 124              	.LVL18:
 125 002c 89B2     		uxth	r1, r1
 126              	.LVL19:
 127              	.L5:
 153:Generated_Source\PSoC5/Thermistor_1.c ****         {
 128              		.loc 1 153 0
 129 002e 8C42     		cmp	r4, r1
 130 0030 EBD3     		bcc	.L9
 131 0032 0A46     		mov	r2, r1
 132              	.L6:
 133              	.LVL20:
 169:Generated_Source\PSoC5/Thermistor_1.c ****             }
 170:Generated_Source\PSoC5/Thermistor_1.c ****         }
 171:Generated_Source\PSoC5/Thermistor_1.c **** 
 172:Generated_Source\PSoC5/Thermistor_1.c ****         /* Calculation the closest entry in the LUT */
 173:Generated_Source\PSoC5/Thermistor_1.c ****         if ((Thermistor_1_LUT[last] > resT) && (last < (Thermistor_1_LUT_SIZE - 1u)) &&
 134              		.loc 1 173 0
 135 0034 124B     		ldr	r3, .L13
 136 0036 53F82230 		ldr	r3, [r3, r2, lsl #2]
 137 003a 9842     		cmp	r0, r3
 138 003c 0DD2     		bcs	.L10
 139              		.loc 1 173 0 is_stmt 0 discriminator 1
 140 003e B2F5FA7F 		cmp	r2, #500
 141 0042 0AD2     		bcs	.L10
 174:Generated_Source\PSoC5/Thermistor_1.c ****            ((Thermistor_1_LUT[last] - resT) > (resT - Thermistor_1_LUT[last + 1u])))
 142              		.loc 1 174 0 is_stmt 1 discriminator 2
 143 0044 1C1A     		subs	r4, r3, r0
 144              	.LVL21:
 145 0046 511C     		adds	r1, r2, #1
 146 0048 0D4D     		ldr	r5, .L13
 147 004a 55F82110 		ldr	r1, [r5, r1, lsl #2]
 148 004e 411A     		subs	r1, r0, r1
 173:Generated_Source\PSoC5/Thermistor_1.c ****            ((Thermistor_1_LUT[last] - resT) > (resT - Thermistor_1_LUT[last + 1u])))
 149              		.loc 1 173 0 discriminator 2
 150 0050 8C42     		cmp	r4, r1
 151 0052 02D9     		bls	.L10
 175:Generated_Source\PSoC5/Thermistor_1.c ****         {
 176:Generated_Source\PSoC5/Thermistor_1.c ****             last++;
 152              		.loc 1 176 0
 153 0054 0132     		adds	r2, r2, #1
 154              	.LVL22:
 155 0056 92B2     		uxth	r2, r2
 156              	.LVL23:
 157 0058 0CE0     		b	.L11
 158              	.L10:
 177:Generated_Source\PSoC5/Thermistor_1.c ****         }
 178:Generated_Source\PSoC5/Thermistor_1.c ****         else if ((Thermistor_1_LUT[last] < resT) && (last > 0u) &&
 159              		.loc 1 178 0
 160 005a 9842     		cmp	r0, r3
 161 005c 0AD9     		bls	.L11
ARM GAS  C:\Users\SWAPNIL\AppData\Local\Temp\cc4Y72JG.s 			page 7


 162              		.loc 1 178 0 is_stmt 0 discriminator 1
 163 005e 4AB1     		cbz	r2, .L11
 179:Generated_Source\PSoC5/Thermistor_1.c ****                 ((Thermistor_1_LUT[last - 1u] - resT) < (resT - Thermistor_1_LUT[last])))
 164              		.loc 1 179 0 is_stmt 1 discriminator 2
 165 0060 511E     		subs	r1, r2, #1
 166 0062 074C     		ldr	r4, .L13
 167 0064 54F82110 		ldr	r1, [r4, r1, lsl #2]
 168 0068 091A     		subs	r1, r1, r0
 169 006a C01A     		subs	r0, r0, r3
 170              	.LVL24:
 178:Generated_Source\PSoC5/Thermistor_1.c ****                 ((Thermistor_1_LUT[last - 1u] - resT) < (resT - Thermistor_1_LUT[last])))
 171              		.loc 1 178 0 discriminator 2
 172 006c 8142     		cmp	r1, r0
 173 006e 01D2     		bcs	.L11
 180:Generated_Source\PSoC5/Thermistor_1.c ****         {
 181:Generated_Source\PSoC5/Thermistor_1.c ****             last--;
 174              		.loc 1 181 0
 175 0070 013A     		subs	r2, r2, #1
 176              	.LVL25:
 177 0072 92B2     		uxth	r2, r2
 178              	.LVL26:
 179              	.L11:
 182:Generated_Source\PSoC5/Thermistor_1.c ****         }
 183:Generated_Source\PSoC5/Thermistor_1.c ****         else
 184:Generated_Source\PSoC5/Thermistor_1.c ****         {
 185:Generated_Source\PSoC5/Thermistor_1.c ****             /* Closest entry in the LUT already found */
 186:Generated_Source\PSoC5/Thermistor_1.c ****         }
 187:Generated_Source\PSoC5/Thermistor_1.c **** 
 188:Generated_Source\PSoC5/Thermistor_1.c ****         tempTR = Thermistor_1_MIN_TEMP + (int16)((uint16)(last * Thermistor_1_ACCURACY));
 180              		.loc 1 188 0
 181 0074 02EB8202 		add	r2, r2, r2, lsl #2
 182              	.LVL27:
 183 0078 5000     		lsls	r0, r2, #1
 184              	.LVL28:
 189:Generated_Source\PSoC5/Thermistor_1.c **** 
 190:Generated_Source\PSoC5/Thermistor_1.c ****     #endif /* (Thermistor_1_IMPLEMENTATION == Thermistor_1_EQUATION_METHOD) */
 191:Generated_Source\PSoC5/Thermistor_1.c **** 
 192:Generated_Source\PSoC5/Thermistor_1.c ****     return (tempTR);
 193:Generated_Source\PSoC5/Thermistor_1.c **** }
 185              		.loc 1 193 0
 186 007a 00B2     		sxth	r0, r0
 187 007c 30BC     		pop	{r4, r5}
 188              		.cfi_restore 5
 189              		.cfi_restore 4
 190              		.cfi_def_cfa_offset 0
 191 007e 7047     		bx	lr
 192              	.L14:
 193              		.align	2
 194              	.L13:
 195 0080 00000000 		.word	.LANCHOR0
 196              		.cfi_endproc
 197              	.LFE1:
 198              		.size	Thermistor_1_GetTemperature, .-Thermistor_1_GetTemperature
 199              		.section	.rodata
 200              		.align	2
 201              		.set	.LANCHOR0,. + 0
 202              		.type	Thermistor_1_LUT.4945, %object
ARM GAS  C:\Users\SWAPNIL\AppData\Local\Temp\cc4Y72JG.s 			page 8


 203              		.size	Thermistor_1_LUT.4945, 2004
 204              	Thermistor_1_LUT.4945:
 205 0000 16800000 		.word	32790
 206 0004 727F0000 		.word	32626
 207 0008 CE7E0000 		.word	32462
 208 000c 2C7E0000 		.word	32300
 209 0010 8A7D0000 		.word	32138
 210 0014 E97C0000 		.word	31977
 211 0018 497C0000 		.word	31817
 212 001c AA7B0000 		.word	31658
 213 0020 0C7B0000 		.word	31500
 214 0024 6F7A0000 		.word	31343
 215 0028 D3790000 		.word	31187
 216 002c 37790000 		.word	31031
 217 0030 9C780000 		.word	30876
 218 0034 02780000 		.word	30722
 219 0038 69770000 		.word	30569
 220 003c D1760000 		.word	30417
 221 0040 3A760000 		.word	30266
 222 0044 A3750000 		.word	30115
 223 0048 0D750000 		.word	29965
 224 004c 79740000 		.word	29817
 225 0050 E4730000 		.word	29668
 226 0054 51730000 		.word	29521
 227 0058 BF720000 		.word	29375
 228 005c 2D720000 		.word	29229
 229 0060 9C710000 		.word	29084
 230 0064 0C710000 		.word	28940
 231 0068 7C700000 		.word	28796
 232 006c EE6F0000 		.word	28654
 233 0070 606F0000 		.word	28512
 234 0074 D36E0000 		.word	28371
 235 0078 476E0000 		.word	28231
 236 007c BB6D0000 		.word	28091
 237 0080 306D0000 		.word	27952
 238 0084 A66C0000 		.word	27814
 239 0088 1D6C0000 		.word	27677
 240 008c 946B0000 		.word	27540
 241 0090 0D6B0000 		.word	27405
 242 0094 856A0000 		.word	27269
 243 0098 FF690000 		.word	27135
 244 009c 79690000 		.word	27001
 245 00a0 F5680000 		.word	26869
 246 00a4 70680000 		.word	26736
 247 00a8 ED670000 		.word	26605
 248 00ac 6A670000 		.word	26474
 249 00b0 E8660000 		.word	26344
 250 00b4 67660000 		.word	26215
 251 00b8 E6650000 		.word	26086
 252 00bc 66650000 		.word	25958
 253 00c0 E7640000 		.word	25831
 254 00c4 68640000 		.word	25704
 255 00c8 EA630000 		.word	25578
 256 00cc 6D630000 		.word	25453
 257 00d0 F0620000 		.word	25328
 258 00d4 74620000 		.word	25204
 259 00d8 F9610000 		.word	25081
ARM GAS  C:\Users\SWAPNIL\AppData\Local\Temp\cc4Y72JG.s 			page 9


 260 00dc 7E610000 		.word	24958
 261 00e0 04610000 		.word	24836
 262 00e4 8B600000 		.word	24715
 263 00e8 12600000 		.word	24594
 264 00ec 9A5F0000 		.word	24474
 265 00f0 235F0000 		.word	24355
 266 00f4 AC5E0000 		.word	24236
 267 00f8 365E0000 		.word	24118
 268 00fc C15D0000 		.word	24001
 269 0100 4C5D0000 		.word	23884
 270 0104 D75C0000 		.word	23767
 271 0108 645C0000 		.word	23652
 272 010c F15B0000 		.word	23537
 273 0110 7E5B0000 		.word	23422
 274 0114 0D5B0000 		.word	23309
 275 0118 9B5A0000 		.word	23195
 276 011c 2B5A0000 		.word	23083
 277 0120 BB590000 		.word	22971
 278 0124 4C590000 		.word	22860
 279 0128 DD580000 		.word	22749
 280 012c 6F580000 		.word	22639
 281 0130 01580000 		.word	22529
 282 0134 94570000 		.word	22420
 283 0138 27570000 		.word	22311
 284 013c BB560000 		.word	22203
 285 0140 50560000 		.word	22096
 286 0144 E5550000 		.word	21989
 287 0148 7B550000 		.word	21883
 288 014c 12550000 		.word	21778
 289 0150 A8540000 		.word	21672
 290 0154 40540000 		.word	21568
 291 0158 D8530000 		.word	21464
 292 015c 71530000 		.word	21361
 293 0160 0A530000 		.word	21258
 294 0164 A3520000 		.word	21155
 295 0168 3E520000 		.word	21054
 296 016c D8510000 		.word	20952
 297 0170 74510000 		.word	20852
 298 0174 0F510000 		.word	20751
 299 0178 AC500000 		.word	20652
 300 017c 49500000 		.word	20553
 301 0180 E64F0000 		.word	20454
 302 0184 844F0000 		.word	20356
 303 0188 224F0000 		.word	20258
 304 018c C14E0000 		.word	20161
 305 0190 614E0000 		.word	20065
 306 0194 004E0000 		.word	19968
 307 0198 A14D0000 		.word	19873
 308 019c 424D0000 		.word	19778
 309 01a0 E34C0000 		.word	19683
 310 01a4 854C0000 		.word	19589
 311 01a8 284C0000 		.word	19496
 312 01ac CA4B0000 		.word	19402
 313 01b0 6E4B0000 		.word	19310
 314 01b4 124B0000 		.word	19218
 315 01b8 B64A0000 		.word	19126
 316 01bc 5B4A0000 		.word	19035
ARM GAS  C:\Users\SWAPNIL\AppData\Local\Temp\cc4Y72JG.s 			page 10


 317 01c0 004A0000 		.word	18944
 318 01c4 A6490000 		.word	18854
 319 01c8 4C490000 		.word	18764
 320 01cc F3480000 		.word	18675
 321 01d0 9A480000 		.word	18586
 322 01d4 42480000 		.word	18498
 323 01d8 EA470000 		.word	18410
 324 01dc 93470000 		.word	18323
 325 01e0 3C470000 		.word	18236
 326 01e4 E5460000 		.word	18149
 327 01e8 8F460000 		.word	18063
 328 01ec 39460000 		.word	17977
 329 01f0 E4450000 		.word	17892
 330 01f4 8F450000 		.word	17807
 331 01f8 3B450000 		.word	17723
 332 01fc E7440000 		.word	17639
 333 0200 94440000 		.word	17556
 334 0204 41440000 		.word	17473
 335 0208 EE430000 		.word	17390
 336 020c 9C430000 		.word	17308
 337 0210 4A430000 		.word	17226
 338 0214 F9420000 		.word	17145
 339 0218 A8420000 		.word	17064
 340 021c 58420000 		.word	16984
 341 0220 08420000 		.word	16904
 342 0224 B8410000 		.word	16824
 343 0228 69410000 		.word	16745
 344 022c 1A410000 		.word	16666
 345 0230 CC400000 		.word	16588
 346 0234 7E400000 		.word	16510
 347 0238 30400000 		.word	16432
 348 023c E33F0000 		.word	16355
 349 0240 963F0000 		.word	16278
 350 0244 4A3F0000 		.word	16202
 351 0248 FD3E0000 		.word	16125
 352 024c B23E0000 		.word	16050
 353 0250 673E0000 		.word	15975
 354 0254 1C3E0000 		.word	15900
 355 0258 D13D0000 		.word	15825
 356 025c 873D0000 		.word	15751
 357 0260 3E3D0000 		.word	15678
 358 0264 F43C0000 		.word	15604
 359 0268 AB3C0000 		.word	15531
 360 026c 633C0000 		.word	15459
 361 0270 1A3C0000 		.word	15386
 362 0274 D33B0000 		.word	15315
 363 0278 8B3B0000 		.word	15243
 364 027c 443B0000 		.word	15172
 365 0280 FD3A0000 		.word	15101
 366 0284 B73A0000 		.word	15031
 367 0288 713A0000 		.word	14961
 368 028c 2B3A0000 		.word	14891
 369 0290 E6390000 		.word	14822
 370 0294 A1390000 		.word	14753
 371 0298 5C390000 		.word	14684
 372 029c 18390000 		.word	14616
 373 02a0 D4380000 		.word	14548
ARM GAS  C:\Users\SWAPNIL\AppData\Local\Temp\cc4Y72JG.s 			page 11


 374 02a4 91380000 		.word	14481
 375 02a8 4D380000 		.word	14413
 376 02ac 0B380000 		.word	14347
 377 02b0 C8370000 		.word	14280
 378 02b4 86370000 		.word	14214
 379 02b8 44370000 		.word	14148
 380 02bc 02370000 		.word	14082
 381 02c0 C1360000 		.word	14017
 382 02c4 80360000 		.word	13952
 383 02c8 40360000 		.word	13888
 384 02cc 00360000 		.word	13824
 385 02d0 C0350000 		.word	13760
 386 02d4 80350000 		.word	13696
 387 02d8 41350000 		.word	13633
 388 02dc 02350000 		.word	13570
 389 02e0 C3340000 		.word	13507
 390 02e4 85340000 		.word	13445
 391 02e8 47340000 		.word	13383
 392 02ec 0A340000 		.word	13322
 393 02f0 CC330000 		.word	13260
 394 02f4 8F330000 		.word	13199
 395 02f8 52330000 		.word	13138
 396 02fc 16330000 		.word	13078
 397 0300 DA320000 		.word	13018
 398 0304 9E320000 		.word	12958
 399 0308 63320000 		.word	12899
 400 030c 27320000 		.word	12839
 401 0310 EC310000 		.word	12780
 402 0314 B2310000 		.word	12722
 403 0318 77310000 		.word	12663
 404 031c 3D310000 		.word	12605
 405 0320 04310000 		.word	12548
 406 0324 CA300000 		.word	12490
 407 0328 91300000 		.word	12433
 408 032c 58300000 		.word	12376
 409 0330 20300000 		.word	12320
 410 0334 E72F0000 		.word	12263
 411 0338 AF2F0000 		.word	12207
 412 033c 782F0000 		.word	12152
 413 0340 402F0000 		.word	12096
 414 0344 092F0000 		.word	12041
 415 0348 D22E0000 		.word	11986
 416 034c 9B2E0000 		.word	11931
 417 0350 652E0000 		.word	11877
 418 0354 2F2E0000 		.word	11823
 419 0358 F92D0000 		.word	11769
 420 035c C42D0000 		.word	11716
 421 0360 8E2D0000 		.word	11662
 422 0364 592D0000 		.word	11609
 423 0368 252D0000 		.word	11557
 424 036c F02C0000 		.word	11504
 425 0370 BC2C0000 		.word	11452
 426 0374 882C0000 		.word	11400
 427 0378 542C0000 		.word	11348
 428 037c 212C0000 		.word	11297
 429 0380 EE2B0000 		.word	11246
 430 0384 BB2B0000 		.word	11195
ARM GAS  C:\Users\SWAPNIL\AppData\Local\Temp\cc4Y72JG.s 			page 12


 431 0388 882B0000 		.word	11144
 432 038c 552B0000 		.word	11093
 433 0390 232B0000 		.word	11043
 434 0394 F12A0000 		.word	10993
 435 0398 C02A0000 		.word	10944
 436 039c 8E2A0000 		.word	10894
 437 03a0 5D2A0000 		.word	10845
 438 03a4 2C2A0000 		.word	10796
 439 03a8 FB290000 		.word	10747
 440 03ac CB290000 		.word	10699
 441 03b0 9B290000 		.word	10651
 442 03b4 6B290000 		.word	10603
 443 03b8 3B290000 		.word	10555
 444 03bc 0B290000 		.word	10507
 445 03c0 DC280000 		.word	10460
 446 03c4 AD280000 		.word	10413
 447 03c8 7E280000 		.word	10366
 448 03cc 50280000 		.word	10320
 449 03d0 21280000 		.word	10273
 450 03d4 F3270000 		.word	10227
 451 03d8 C5270000 		.word	10181
 452 03dc 98270000 		.word	10136
 453 03e0 6A270000 		.word	10090
 454 03e4 3D270000 		.word	10045
 455 03e8 10270000 		.word	10000
 456 03ec E3260000 		.word	9955
 457 03f0 B7260000 		.word	9911
 458 03f4 8A260000 		.word	9866
 459 03f8 5E260000 		.word	9822
 460 03fc 32260000 		.word	9778
 461 0400 07260000 		.word	9735
 462 0404 DB250000 		.word	9691
 463 0408 B0250000 		.word	9648
 464 040c 85250000 		.word	9605
 465 0410 5A250000 		.word	9562
 466 0414 2F250000 		.word	9519
 467 0418 05250000 		.word	9477
 468 041c DB240000 		.word	9435
 469 0420 B1240000 		.word	9393
 470 0424 87240000 		.word	9351
 471 0428 5D240000 		.word	9309
 472 042c 34240000 		.word	9268
 473 0430 0B240000 		.word	9227
 474 0434 E2230000 		.word	9186
 475 0438 B9230000 		.word	9145
 476 043c 90230000 		.word	9104
 477 0440 68230000 		.word	9064
 478 0444 40230000 		.word	9024
 479 0448 18230000 		.word	8984
 480 044c F0220000 		.word	8944
 481 0450 C8220000 		.word	8904
 482 0454 A1220000 		.word	8865
 483 0458 7A220000 		.word	8826
 484 045c 53220000 		.word	8787
 485 0460 2C220000 		.word	8748
 486 0464 05220000 		.word	8709
 487 0468 DF210000 		.word	8671
ARM GAS  C:\Users\SWAPNIL\AppData\Local\Temp\cc4Y72JG.s 			page 13


 488 046c B8210000 		.word	8632
 489 0470 92210000 		.word	8594
 490 0474 6C210000 		.word	8556
 491 0478 47210000 		.word	8519
 492 047c 21210000 		.word	8481
 493 0480 FC200000 		.word	8444
 494 0484 D7200000 		.word	8407
 495 0488 B2200000 		.word	8370
 496 048c 8D200000 		.word	8333
 497 0490 68200000 		.word	8296
 498 0494 44200000 		.word	8260
 499 0498 1F200000 		.word	8223
 500 049c FB1F0000 		.word	8187
 501 04a0 D71F0000 		.word	8151
 502 04a4 B41F0000 		.word	8116
 503 04a8 901F0000 		.word	8080
 504 04ac 6D1F0000 		.word	8045
 505 04b0 491F0000 		.word	8009
 506 04b4 261F0000 		.word	7974
 507 04b8 031F0000 		.word	7939
 508 04bc E01E0000 		.word	7904
 509 04c0 BE1E0000 		.word	7870
 510 04c4 9C1E0000 		.word	7836
 511 04c8 791E0000 		.word	7801
 512 04cc 571E0000 		.word	7767
 513 04d0 351E0000 		.word	7733
 514 04d4 131E0000 		.word	7699
 515 04d8 F21D0000 		.word	7666
 516 04dc D01D0000 		.word	7632
 517 04e0 AF1D0000 		.word	7599
 518 04e4 8E1D0000 		.word	7566
 519 04e8 6D1D0000 		.word	7533
 520 04ec 4C1D0000 		.word	7500
 521 04f0 2C1D0000 		.word	7468
 522 04f4 0B1D0000 		.word	7435
 523 04f8 EB1C0000 		.word	7403
 524 04fc CB1C0000 		.word	7371
 525 0500 AB1C0000 		.word	7339
 526 0504 8B1C0000 		.word	7307
 527 0508 6B1C0000 		.word	7275
 528 050c 4C1C0000 		.word	7244
 529 0510 2C1C0000 		.word	7212
 530 0514 0D1C0000 		.word	7181
 531 0518 EE1B0000 		.word	7150
 532 051c CF1B0000 		.word	7119
 533 0520 B01B0000 		.word	7088
 534 0524 911B0000 		.word	7057
 535 0528 731B0000 		.word	7027
 536 052c 541B0000 		.word	6996
 537 0530 361B0000 		.word	6966
 538 0534 181B0000 		.word	6936
 539 0538 FA1A0000 		.word	6906
 540 053c DC1A0000 		.word	6876
 541 0540 BF1A0000 		.word	6847
 542 0544 A11A0000 		.word	6817
 543 0548 841A0000 		.word	6788
 544 054c 661A0000 		.word	6758
ARM GAS  C:\Users\SWAPNIL\AppData\Local\Temp\cc4Y72JG.s 			page 14


 545 0550 491A0000 		.word	6729
 546 0554 2C1A0000 		.word	6700
 547 0558 101A0000 		.word	6672
 548 055c F3190000 		.word	6643
 549 0560 D6190000 		.word	6614
 550 0564 BA190000 		.word	6586
 551 0568 9E190000 		.word	6558
 552 056c 81190000 		.word	6529
 553 0570 65190000 		.word	6501
 554 0574 4A190000 		.word	6474
 555 0578 2E190000 		.word	6446
 556 057c 12190000 		.word	6418
 557 0580 F7180000 		.word	6391
 558 0584 DB180000 		.word	6363
 559 0588 C0180000 		.word	6336
 560 058c A5180000 		.word	6309
 561 0590 8A180000 		.word	6282
 562 0594 6F180000 		.word	6255
 563 0598 54180000 		.word	6228
 564 059c 3A180000 		.word	6202
 565 05a0 1F180000 		.word	6175
 566 05a4 05180000 		.word	6149
 567 05a8 EB170000 		.word	6123
 568 05ac D1170000 		.word	6097
 569 05b0 B7170000 		.word	6071
 570 05b4 9D170000 		.word	6045
 571 05b8 83170000 		.word	6019
 572 05bc 69170000 		.word	5993
 573 05c0 50170000 		.word	5968
 574 05c4 37170000 		.word	5943
 575 05c8 1D170000 		.word	5917
 576 05cc 04170000 		.word	5892
 577 05d0 EB160000 		.word	5867
 578 05d4 D2160000 		.word	5842
 579 05d8 B9160000 		.word	5817
 580 05dc A1160000 		.word	5793
 581 05e0 88160000 		.word	5768
 582 05e4 70160000 		.word	5744
 583 05e8 57160000 		.word	5719
 584 05ec 3F160000 		.word	5695
 585 05f0 27160000 		.word	5671
 586 05f4 0F160000 		.word	5647
 587 05f8 F7150000 		.word	5623
 588 05fc DF150000 		.word	5599
 589 0600 C8150000 		.word	5576
 590 0604 B0150000 		.word	5552
 591 0608 99150000 		.word	5529
 592 060c 82150000 		.word	5506
 593 0610 6A150000 		.word	5482
 594 0614 53150000 		.word	5459
 595 0618 3C150000 		.word	5436
 596 061c 25150000 		.word	5413
 597 0620 0F150000 		.word	5391
 598 0624 F8140000 		.word	5368
 599 0628 E1140000 		.word	5345
 600 062c CB140000 		.word	5323
 601 0630 B4140000 		.word	5300
ARM GAS  C:\Users\SWAPNIL\AppData\Local\Temp\cc4Y72JG.s 			page 15


 602 0634 9E140000 		.word	5278
 603 0638 88140000 		.word	5256
 604 063c 72140000 		.word	5234
 605 0640 5C140000 		.word	5212
 606 0644 46140000 		.word	5190
 607 0648 30140000 		.word	5168
 608 064c 1B140000 		.word	5147
 609 0650 05140000 		.word	5125
 610 0654 F0130000 		.word	5104
 611 0658 DA130000 		.word	5082
 612 065c C5130000 		.word	5061
 613 0660 B0130000 		.word	5040
 614 0664 9B130000 		.word	5019
 615 0668 86130000 		.word	4998
 616 066c 71130000 		.word	4977
 617 0670 5C130000 		.word	4956
 618 0674 48130000 		.word	4936
 619 0678 33130000 		.word	4915
 620 067c 1E130000 		.word	4894
 621 0680 0A130000 		.word	4874
 622 0684 F6120000 		.word	4854
 623 0688 E2120000 		.word	4834
 624 068c CD120000 		.word	4813
 625 0690 B9120000 		.word	4793
 626 0694 A5120000 		.word	4773
 627 0698 92120000 		.word	4754
 628 069c 7E120000 		.word	4734
 629 06a0 6A120000 		.word	4714
 630 06a4 57120000 		.word	4695
 631 06a8 43120000 		.word	4675
 632 06ac 30120000 		.word	4656
 633 06b0 1D120000 		.word	4637
 634 06b4 09120000 		.word	4617
 635 06b8 F6110000 		.word	4598
 636 06bc E3110000 		.word	4579
 637 06c0 D0110000 		.word	4560
 638 06c4 BD110000 		.word	4541
 639 06c8 AB110000 		.word	4523
 640 06cc 98110000 		.word	4504
 641 06d0 85110000 		.word	4485
 642 06d4 73110000 		.word	4467
 643 06d8 60110000 		.word	4448
 644 06dc 4E110000 		.word	4430
 645 06e0 3C110000 		.word	4412
 646 06e4 29110000 		.word	4393
 647 06e8 17110000 		.word	4375
 648 06ec 05110000 		.word	4357
 649 06f0 F3100000 		.word	4339
 650 06f4 E2100000 		.word	4322
 651 06f8 D0100000 		.word	4304
 652 06fc BE100000 		.word	4286
 653 0700 AC100000 		.word	4268
 654 0704 9B100000 		.word	4251
 655 0708 89100000 		.word	4233
 656 070c 78100000 		.word	4216
 657 0710 67100000 		.word	4199
 658 0714 56100000 		.word	4182
ARM GAS  C:\Users\SWAPNIL\AppData\Local\Temp\cc4Y72JG.s 			page 16


 659 0718 44100000 		.word	4164
 660 071c 33100000 		.word	4147
 661 0720 22100000 		.word	4130
 662 0724 12100000 		.word	4114
 663 0728 01100000 		.word	4097
 664 072c F00F0000 		.word	4080
 665 0730 DF0F0000 		.word	4063
 666 0734 CF0F0000 		.word	4047
 667 0738 BE0F0000 		.word	4030
 668 073c AE0F0000 		.word	4014
 669 0740 9D0F0000 		.word	3997
 670 0744 8D0F0000 		.word	3981
 671 0748 7D0F0000 		.word	3965
 672 074c 6D0F0000 		.word	3949
 673 0750 5C0F0000 		.word	3932
 674 0754 4C0F0000 		.word	3916
 675 0758 3D0F0000 		.word	3901
 676 075c 2D0F0000 		.word	3885
 677 0760 1D0F0000 		.word	3869
 678 0764 0D0F0000 		.word	3853
 679 0768 FD0E0000 		.word	3837
 680 076c EE0E0000 		.word	3822
 681 0770 DE0E0000 		.word	3806
 682 0774 CF0E0000 		.word	3791
 683 0778 BF0E0000 		.word	3775
 684 077c B00E0000 		.word	3760
 685 0780 A10E0000 		.word	3745
 686 0784 920E0000 		.word	3730
 687 0788 830E0000 		.word	3715
 688 078c 740E0000 		.word	3700
 689 0790 650E0000 		.word	3685
 690 0794 560E0000 		.word	3670
 691 0798 470E0000 		.word	3655
 692 079c 380E0000 		.word	3640
 693 07a0 290E0000 		.word	3625
 694 07a4 1B0E0000 		.word	3611
 695 07a8 0C0E0000 		.word	3596
 696 07ac FE0D0000 		.word	3582
 697 07b0 EF0D0000 		.word	3567
 698 07b4 E10D0000 		.word	3553
 699 07b8 D30D0000 		.word	3539
 700 07bc C40D0000 		.word	3524
 701 07c0 B60D0000 		.word	3510
 702 07c4 A80D0000 		.word	3496
 703 07c8 9A0D0000 		.word	3482
 704 07cc 8C0D0000 		.word	3468
 705 07d0 7E0D0000 		.word	3454
 706              		.text
 707              	.Letext0:
 708              		.file 2 "Generated_Source\\PSoC5\\cytypes.h"
 709              		.section	.debug_info,"",%progbits
 710              	.Ldebug_info0:
 711 0000 A0010000 		.4byte	0x1a0
 712 0004 0400     		.2byte	0x4
 713 0006 00000000 		.4byte	.Ldebug_abbrev0
 714 000a 04       		.byte	0x4
 715 000b 01       		.uleb128 0x1
ARM GAS  C:\Users\SWAPNIL\AppData\Local\Temp\cc4Y72JG.s 			page 17


 716 000c 63000000 		.4byte	.LASF28
 717 0010 0C       		.byte	0xc
 718 0011 05000000 		.4byte	.LASF29
 719 0015 BF010000 		.4byte	.LASF30
 720 0019 00000000 		.4byte	.Ldebug_ranges0+0
 721 001d 00000000 		.4byte	0
 722 0021 00000000 		.4byte	.Ldebug_line0
 723 0025 02       		.uleb128 0x2
 724 0026 04       		.byte	0x4
 725 0027 05       		.byte	0x5
 726 0028 696E7400 		.ascii	"int\000"
 727 002c 03       		.uleb128 0x3
 728 002d 04       		.byte	0x4
 729 002e 07       		.byte	0x7
 730 002f 30010000 		.4byte	.LASF0
 731 0033 03       		.uleb128 0x3
 732 0034 08       		.byte	0x8
 733 0035 05       		.byte	0x5
 734 0036 B1010000 		.4byte	.LASF1
 735 003a 03       		.uleb128 0x3
 736 003b 08       		.byte	0x8
 737 003c 04       		.byte	0x4
 738 003d 1E020000 		.4byte	.LASF2
 739 0041 03       		.uleb128 0x3
 740 0042 01       		.byte	0x1
 741 0043 06       		.byte	0x6
 742 0044 2A020000 		.4byte	.LASF3
 743 0048 03       		.uleb128 0x3
 744 0049 01       		.byte	0x1
 745 004a 08       		.byte	0x8
 746 004b 55000000 		.4byte	.LASF4
 747 004f 03       		.uleb128 0x3
 748 0050 02       		.byte	0x2
 749 0051 05       		.byte	0x5
 750 0052 06020000 		.4byte	.LASF5
 751 0056 03       		.uleb128 0x3
 752 0057 02       		.byte	0x2
 753 0058 07       		.byte	0x7
 754 0059 36000000 		.4byte	.LASF6
 755 005d 03       		.uleb128 0x3
 756 005e 04       		.byte	0x4
 757 005f 05       		.byte	0x5
 758 0060 10020000 		.4byte	.LASF7
 759 0064 03       		.uleb128 0x3
 760 0065 04       		.byte	0x4
 761 0066 07       		.byte	0x7
 762 0067 F7000000 		.4byte	.LASF8
 763 006b 03       		.uleb128 0x3
 764 006c 08       		.byte	0x8
 765 006d 07       		.byte	0x7
 766 006e 3D010000 		.4byte	.LASF9
 767 0072 03       		.uleb128 0x3
 768 0073 04       		.byte	0x4
 769 0074 07       		.byte	0x7
 770 0075 8C010000 		.4byte	.LASF10
 771 0079 03       		.uleb128 0x3
 772 007a 01       		.byte	0x1
ARM GAS  C:\Users\SWAPNIL\AppData\Local\Temp\cc4Y72JG.s 			page 18


 773 007b 08       		.byte	0x8
 774 007c 00000000 		.4byte	.LASF11
 775 0080 04       		.uleb128 0x4
 776 0081 22010000 		.4byte	.LASF12
 777 0085 02       		.byte	0x2
 778 0086 E901     		.2byte	0x1e9
 779 0088 56000000 		.4byte	0x56
 780 008c 04       		.uleb128 0x4
 781 008d 29010000 		.4byte	.LASF13
 782 0091 02       		.byte	0x2
 783 0092 EA01     		.2byte	0x1ea
 784 0094 64000000 		.4byte	0x64
 785 0098 04       		.uleb128 0x4
 786 0099 F1000000 		.4byte	.LASF14
 787 009d 02       		.byte	0x2
 788 009e EC01     		.2byte	0x1ec
 789 00a0 4F000000 		.4byte	0x4f
 790 00a4 04       		.uleb128 0x4
 791 00a5 0E010000 		.4byte	.LASF15
 792 00a9 02       		.byte	0x2
 793 00aa ED01     		.2byte	0x1ed
 794 00ac 5D000000 		.4byte	0x5d
 795 00b0 03       		.uleb128 0x3
 796 00b1 04       		.byte	0x4
 797 00b2 04       		.byte	0x4
 798 00b3 4F000000 		.4byte	.LASF16
 799 00b7 03       		.uleb128 0x3
 800 00b8 08       		.byte	0x8
 801 00b9 04       		.byte	0x4
 802 00ba 1B010000 		.4byte	.LASF17
 803 00be 05       		.uleb128 0x5
 804 00bf 60010000 		.4byte	.LASF22
 805 00c3 01       		.byte	0x1
 806 00c4 2A       		.byte	0x2a
 807 00c5 8C000000 		.4byte	0x8c
 808 00c9 00000000 		.4byte	.LFB0
 809 00cd 24000000 		.4byte	.LFE0-.LFB0
 810 00d1 01       		.uleb128 0x1
 811 00d2 9C       		.byte	0x9c
 812 00d3 14010000 		.4byte	0x114
 813 00d7 06       		.uleb128 0x6
 814 00d8 2B000000 		.4byte	.LASF18
 815 00dc 01       		.byte	0x1
 816 00dd 2A       		.byte	0x2a
 817 00de 98000000 		.4byte	0x98
 818 00e2 00000000 		.4byte	.LLST0
 819 00e6 06       		.uleb128 0x6
 820 00e7 54010000 		.4byte	.LASF19
 821 00eb 01       		.byte	0x1
 822 00ec 2A       		.byte	0x2a
 823 00ed 98000000 		.4byte	0x98
 824 00f1 21000000 		.4byte	.LLST1
 825 00f5 07       		.uleb128 0x7
 826 00f6 19020000 		.4byte	.LASF20
 827 00fa 01       		.byte	0x1
 828 00fb 2D       		.byte	0x2d
 829 00fc A4000000 		.4byte	0xa4
ARM GAS  C:\Users\SWAPNIL\AppData\Local\Temp\cc4Y72JG.s 			page 19


 830 0100 42000000 		.4byte	.LLST2
 831 0104 07       		.uleb128 0x7
 832 0105 09010000 		.4byte	.LASF21
 833 0109 01       		.byte	0x1
 834 010a 2E       		.byte	0x2e
 835 010b 98000000 		.4byte	0x98
 836 010f 70000000 		.4byte	.LLST3
 837 0113 00       		.byte	0
 838 0114 05       		.uleb128 0x5
 839 0115 95010000 		.4byte	.LASF23
 840 0119 01       		.byte	0x1
 841 011a 56       		.byte	0x56
 842 011b 98000000 		.4byte	0x98
 843 011f 00000000 		.4byte	.LFB1
 844 0123 84000000 		.4byte	.LFE1-.LFB1
 845 0127 01       		.uleb128 0x1
 846 0128 9C       		.byte	0x9c
 847 0129 88010000 		.4byte	0x188
 848 012d 06       		.uleb128 0x6
 849 012e 19020000 		.4byte	.LASF20
 850 0132 01       		.byte	0x1
 851 0133 56       		.byte	0x56
 852 0134 8C000000 		.4byte	0x8c
 853 0138 A7000000 		.4byte	.LLST4
 854 013c 08       		.uleb128 0x8
 855 013d 14010000 		.4byte	.LASF24
 856 0141 01       		.byte	0x1
 857 0142 58       		.byte	0x58
 858 0143 98000000 		.4byte	0x98
 859 0147 01       		.uleb128 0x1
 860 0148 50       		.byte	0x50
 861 0149 08       		.uleb128 0x8
 862 014a 7B010000 		.4byte	.LASF25
 863 014e 01       		.byte	0x1
 864 014f 59       		.byte	0x59
 865 0150 9E010000 		.4byte	0x19e
 866 0154 05       		.uleb128 0x5
 867 0155 03       		.byte	0x3
 868 0156 00000000 		.4byte	Thermistor_1_LUT.4945
 869 015a 09       		.uleb128 0x9
 870 015b 6D696400 		.ascii	"mid\000"
 871 015f 01       		.byte	0x1
 872 0160 94       		.byte	0x94
 873 0161 80000000 		.4byte	0x80
 874 0165 C8000000 		.4byte	.LLST5
 875 0169 07       		.uleb128 0x7
 876 016a 49000000 		.4byte	.LASF26
 877 016e 01       		.byte	0x1
 878 016f 95       		.byte	0x95
 879 0170 80000000 		.4byte	0x80
 880 0174 F3000000 		.4byte	.LLST6
 881 0178 07       		.uleb128 0x7
 882 0179 36020000 		.4byte	.LASF27
 883 017d 01       		.byte	0x1
 884 017e 96       		.byte	0x96
 885 017f 80000000 		.4byte	0x80
 886 0183 12010000 		.4byte	.LLST7
ARM GAS  C:\Users\SWAPNIL\AppData\Local\Temp\cc4Y72JG.s 			page 20


 887 0187 00       		.byte	0
 888 0188 0A       		.uleb128 0xa
 889 0189 99010000 		.4byte	0x199
 890 018d 99010000 		.4byte	0x199
 891 0191 0B       		.uleb128 0xb
 892 0192 72000000 		.4byte	0x72
 893 0196 F401     		.2byte	0x1f4
 894 0198 00       		.byte	0
 895 0199 0C       		.uleb128 0xc
 896 019a 8C000000 		.4byte	0x8c
 897 019e 0C       		.uleb128 0xc
 898 019f 88010000 		.4byte	0x188
 899 01a3 00       		.byte	0
 900              		.section	.debug_abbrev,"",%progbits
 901              	.Ldebug_abbrev0:
 902 0000 01       		.uleb128 0x1
 903 0001 11       		.uleb128 0x11
 904 0002 01       		.byte	0x1
 905 0003 25       		.uleb128 0x25
 906 0004 0E       		.uleb128 0xe
 907 0005 13       		.uleb128 0x13
 908 0006 0B       		.uleb128 0xb
 909 0007 03       		.uleb128 0x3
 910 0008 0E       		.uleb128 0xe
 911 0009 1B       		.uleb128 0x1b
 912 000a 0E       		.uleb128 0xe
 913 000b 55       		.uleb128 0x55
 914 000c 17       		.uleb128 0x17
 915 000d 11       		.uleb128 0x11
 916 000e 01       		.uleb128 0x1
 917 000f 10       		.uleb128 0x10
 918 0010 17       		.uleb128 0x17
 919 0011 00       		.byte	0
 920 0012 00       		.byte	0
 921 0013 02       		.uleb128 0x2
 922 0014 24       		.uleb128 0x24
 923 0015 00       		.byte	0
 924 0016 0B       		.uleb128 0xb
 925 0017 0B       		.uleb128 0xb
 926 0018 3E       		.uleb128 0x3e
 927 0019 0B       		.uleb128 0xb
 928 001a 03       		.uleb128 0x3
 929 001b 08       		.uleb128 0x8
 930 001c 00       		.byte	0
 931 001d 00       		.byte	0
 932 001e 03       		.uleb128 0x3
 933 001f 24       		.uleb128 0x24
 934 0020 00       		.byte	0
 935 0021 0B       		.uleb128 0xb
 936 0022 0B       		.uleb128 0xb
 937 0023 3E       		.uleb128 0x3e
 938 0024 0B       		.uleb128 0xb
 939 0025 03       		.uleb128 0x3
 940 0026 0E       		.uleb128 0xe
 941 0027 00       		.byte	0
 942 0028 00       		.byte	0
 943 0029 04       		.uleb128 0x4
ARM GAS  C:\Users\SWAPNIL\AppData\Local\Temp\cc4Y72JG.s 			page 21


 944 002a 16       		.uleb128 0x16
 945 002b 00       		.byte	0
 946 002c 03       		.uleb128 0x3
 947 002d 0E       		.uleb128 0xe
 948 002e 3A       		.uleb128 0x3a
 949 002f 0B       		.uleb128 0xb
 950 0030 3B       		.uleb128 0x3b
 951 0031 05       		.uleb128 0x5
 952 0032 49       		.uleb128 0x49
 953 0033 13       		.uleb128 0x13
 954 0034 00       		.byte	0
 955 0035 00       		.byte	0
 956 0036 05       		.uleb128 0x5
 957 0037 2E       		.uleb128 0x2e
 958 0038 01       		.byte	0x1
 959 0039 3F       		.uleb128 0x3f
 960 003a 19       		.uleb128 0x19
 961 003b 03       		.uleb128 0x3
 962 003c 0E       		.uleb128 0xe
 963 003d 3A       		.uleb128 0x3a
 964 003e 0B       		.uleb128 0xb
 965 003f 3B       		.uleb128 0x3b
 966 0040 0B       		.uleb128 0xb
 967 0041 27       		.uleb128 0x27
 968 0042 19       		.uleb128 0x19
 969 0043 49       		.uleb128 0x49
 970 0044 13       		.uleb128 0x13
 971 0045 11       		.uleb128 0x11
 972 0046 01       		.uleb128 0x1
 973 0047 12       		.uleb128 0x12
 974 0048 06       		.uleb128 0x6
 975 0049 40       		.uleb128 0x40
 976 004a 18       		.uleb128 0x18
 977 004b 9742     		.uleb128 0x2117
 978 004d 19       		.uleb128 0x19
 979 004e 01       		.uleb128 0x1
 980 004f 13       		.uleb128 0x13
 981 0050 00       		.byte	0
 982 0051 00       		.byte	0
 983 0052 06       		.uleb128 0x6
 984 0053 05       		.uleb128 0x5
 985 0054 00       		.byte	0
 986 0055 03       		.uleb128 0x3
 987 0056 0E       		.uleb128 0xe
 988 0057 3A       		.uleb128 0x3a
 989 0058 0B       		.uleb128 0xb
 990 0059 3B       		.uleb128 0x3b
 991 005a 0B       		.uleb128 0xb
 992 005b 49       		.uleb128 0x49
 993 005c 13       		.uleb128 0x13
 994 005d 02       		.uleb128 0x2
 995 005e 17       		.uleb128 0x17
 996 005f 00       		.byte	0
 997 0060 00       		.byte	0
 998 0061 07       		.uleb128 0x7
 999 0062 34       		.uleb128 0x34
 1000 0063 00       		.byte	0
ARM GAS  C:\Users\SWAPNIL\AppData\Local\Temp\cc4Y72JG.s 			page 22


 1001 0064 03       		.uleb128 0x3
 1002 0065 0E       		.uleb128 0xe
 1003 0066 3A       		.uleb128 0x3a
 1004 0067 0B       		.uleb128 0xb
 1005 0068 3B       		.uleb128 0x3b
 1006 0069 0B       		.uleb128 0xb
 1007 006a 49       		.uleb128 0x49
 1008 006b 13       		.uleb128 0x13
 1009 006c 02       		.uleb128 0x2
 1010 006d 17       		.uleb128 0x17
 1011 006e 00       		.byte	0
 1012 006f 00       		.byte	0
 1013 0070 08       		.uleb128 0x8
 1014 0071 34       		.uleb128 0x34
 1015 0072 00       		.byte	0
 1016 0073 03       		.uleb128 0x3
 1017 0074 0E       		.uleb128 0xe
 1018 0075 3A       		.uleb128 0x3a
 1019 0076 0B       		.uleb128 0xb
 1020 0077 3B       		.uleb128 0x3b
 1021 0078 0B       		.uleb128 0xb
 1022 0079 49       		.uleb128 0x49
 1023 007a 13       		.uleb128 0x13
 1024 007b 02       		.uleb128 0x2
 1025 007c 18       		.uleb128 0x18
 1026 007d 00       		.byte	0
 1027 007e 00       		.byte	0
 1028 007f 09       		.uleb128 0x9
 1029 0080 34       		.uleb128 0x34
 1030 0081 00       		.byte	0
 1031 0082 03       		.uleb128 0x3
 1032 0083 08       		.uleb128 0x8
 1033 0084 3A       		.uleb128 0x3a
 1034 0085 0B       		.uleb128 0xb
 1035 0086 3B       		.uleb128 0x3b
 1036 0087 0B       		.uleb128 0xb
 1037 0088 49       		.uleb128 0x49
 1038 0089 13       		.uleb128 0x13
 1039 008a 02       		.uleb128 0x2
 1040 008b 17       		.uleb128 0x17
 1041 008c 00       		.byte	0
 1042 008d 00       		.byte	0
 1043 008e 0A       		.uleb128 0xa
 1044 008f 01       		.uleb128 0x1
 1045 0090 01       		.byte	0x1
 1046 0091 49       		.uleb128 0x49
 1047 0092 13       		.uleb128 0x13
 1048 0093 01       		.uleb128 0x1
 1049 0094 13       		.uleb128 0x13
 1050 0095 00       		.byte	0
 1051 0096 00       		.byte	0
 1052 0097 0B       		.uleb128 0xb
 1053 0098 21       		.uleb128 0x21
 1054 0099 00       		.byte	0
 1055 009a 49       		.uleb128 0x49
 1056 009b 13       		.uleb128 0x13
 1057 009c 2F       		.uleb128 0x2f
ARM GAS  C:\Users\SWAPNIL\AppData\Local\Temp\cc4Y72JG.s 			page 23


 1058 009d 05       		.uleb128 0x5
 1059 009e 00       		.byte	0
 1060 009f 00       		.byte	0
 1061 00a0 0C       		.uleb128 0xc
 1062 00a1 26       		.uleb128 0x26
 1063 00a2 00       		.byte	0
 1064 00a3 49       		.uleb128 0x49
 1065 00a4 13       		.uleb128 0x13
 1066 00a5 00       		.byte	0
 1067 00a6 00       		.byte	0
 1068 00a7 00       		.byte	0
 1069              		.section	.debug_loc,"",%progbits
 1070              	.Ldebug_loc0:
 1071              	.LLST0:
 1072 0000 00000000 		.4byte	.LVL0
 1073 0004 0A000000 		.4byte	.LVL2
 1074 0008 0100     		.2byte	0x1
 1075 000a 50       		.byte	0x50
 1076 000b 0A000000 		.4byte	.LVL2
 1077 000f 24000000 		.4byte	.LFE0
 1078 0013 0400     		.2byte	0x4
 1079 0015 F3       		.byte	0xf3
 1080 0016 01       		.uleb128 0x1
 1081 0017 50       		.byte	0x50
 1082 0018 9F       		.byte	0x9f
 1083 0019 00000000 		.4byte	0
 1084 001d 00000000 		.4byte	0
 1085              	.LLST1:
 1086 0021 00000000 		.4byte	.LVL0
 1087 0025 08000000 		.4byte	.LVL1
 1088 0029 0100     		.2byte	0x1
 1089 002b 51       		.byte	0x51
 1090 002c 08000000 		.4byte	.LVL1
 1091 0030 24000000 		.4byte	.LFE0
 1092 0034 0400     		.2byte	0x4
 1093 0036 F3       		.byte	0xf3
 1094 0037 01       		.uleb128 0x1
 1095 0038 51       		.byte	0x51
 1096 0039 9F       		.byte	0x9f
 1097 003a 00000000 		.4byte	0
 1098 003e 00000000 		.4byte	0
 1099              	.LLST2:
 1100 0042 08000000 		.4byte	.LVL1
 1101 0046 1E000000 		.4byte	.LVL9
 1102 004a 0100     		.2byte	0x1
 1103 004c 51       		.byte	0x51
 1104 004d 1E000000 		.4byte	.LVL9
 1105 0051 22000000 		.4byte	.LVL10
 1106 0055 0600     		.2byte	0x6
 1107 0057 71       		.byte	0x71
 1108 0058 00       		.sleb128 0
 1109 0059 70       		.byte	0x70
 1110 005a 00       		.sleb128 0
 1111 005b 1B       		.byte	0x1b
 1112 005c 9F       		.byte	0x9f
 1113 005d 22000000 		.4byte	.LVL10
 1114 0061 24000000 		.4byte	.LFE0
ARM GAS  C:\Users\SWAPNIL\AppData\Local\Temp\cc4Y72JG.s 			page 24


 1115 0065 0100     		.2byte	0x1
 1116 0067 50       		.byte	0x50
 1117 0068 00000000 		.4byte	0
 1118 006c 00000000 		.4byte	0
 1119              	.LLST3:
 1120 0070 0E000000 		.4byte	.LVL3
 1121 0074 14000000 		.4byte	.LVL5
 1122 0078 0100     		.2byte	0x1
 1123 007a 53       		.byte	0x53
 1124 007b 14000000 		.4byte	.LVL5
 1125 007f 16000000 		.4byte	.LVL6
 1126 0083 0400     		.2byte	0x4
 1127 0085 73       		.byte	0x73
 1128 0086 00       		.sleb128 0
 1129 0087 1F       		.byte	0x1f
 1130 0088 9F       		.byte	0x9f
 1131 0089 16000000 		.4byte	.LVL6
 1132 008d 18000000 		.4byte	.LVL7
 1133 0091 0100     		.2byte	0x1
 1134 0093 53       		.byte	0x53
 1135 0094 1C000000 		.4byte	.LVL8
 1136 0098 24000000 		.4byte	.LFE0
 1137 009c 0100     		.2byte	0x1
 1138 009e 53       		.byte	0x53
 1139 009f 00000000 		.4byte	0
 1140 00a3 00000000 		.4byte	0
 1141              	.LLST4:
 1142 00a7 00000000 		.4byte	.LVL11
 1143 00ab 6C000000 		.4byte	.LVL24
 1144 00af 0100     		.2byte	0x1
 1145 00b1 50       		.byte	0x50
 1146 00b2 6C000000 		.4byte	.LVL24
 1147 00b6 84000000 		.4byte	.LFE1
 1148 00ba 0400     		.2byte	0x4
 1149 00bc F3       		.byte	0xf3
 1150 00bd 01       		.uleb128 0x1
 1151 00be 50       		.byte	0x50
 1152 00bf 9F       		.byte	0x9f
 1153 00c0 00000000 		.4byte	0
 1154 00c4 00000000 		.4byte	0
 1155              	.LLST5:
 1156 00c8 10000000 		.4byte	.LVL14
 1157 00cc 26000000 		.4byte	.LVL15
 1158 00d0 0100     		.2byte	0x1
 1159 00d2 52       		.byte	0x52
 1160 00d3 26000000 		.4byte	.LVL15
 1161 00d7 2A000000 		.4byte	.LVL17
 1162 00db 0300     		.2byte	0x3
 1163 00dd 72       		.byte	0x72
 1164 00de 7F       		.sleb128 -1
 1165 00df 9F       		.byte	0x9f
 1166 00e0 2A000000 		.4byte	.LVL17
 1167 00e4 2E000000 		.4byte	.LVL19
 1168 00e8 0100     		.2byte	0x1
 1169 00ea 52       		.byte	0x52
 1170 00eb 00000000 		.4byte	0
 1171 00ef 00000000 		.4byte	0
ARM GAS  C:\Users\SWAPNIL\AppData\Local\Temp\cc4Y72JG.s 			page 25


 1172              	.LLST6:
 1173 00f3 02000000 		.4byte	.LVL12
 1174 00f7 0A000000 		.4byte	.LVL13
 1175 00fb 0200     		.2byte	0x2
 1176 00fd 30       		.byte	0x30
 1177 00fe 9F       		.byte	0x9f
 1178 00ff 0A000000 		.4byte	.LVL13
 1179 0103 46000000 		.4byte	.LVL21
 1180 0107 0100     		.2byte	0x1
 1181 0109 54       		.byte	0x54
 1182 010a 00000000 		.4byte	0
 1183 010e 00000000 		.4byte	0
 1184              	.LLST7:
 1185 0112 02000000 		.4byte	.LVL12
 1186 0116 0A000000 		.4byte	.LVL13
 1187 011a 0400     		.2byte	0x4
 1188 011c 0A       		.byte	0xa
 1189 011d F401     		.2byte	0x1f4
 1190 011f 9F       		.byte	0x9f
 1191 0120 0A000000 		.4byte	.LVL13
 1192 0124 2C000000 		.4byte	.LVL18
 1193 0128 0100     		.2byte	0x1
 1194 012a 51       		.byte	0x51
 1195 012b 2E000000 		.4byte	.LVL19
 1196 012f 34000000 		.4byte	.LVL20
 1197 0133 0100     		.2byte	0x1
 1198 0135 51       		.byte	0x51
 1199 0136 34000000 		.4byte	.LVL20
 1200 013a 56000000 		.4byte	.LVL22
 1201 013e 0100     		.2byte	0x1
 1202 0140 52       		.byte	0x52
 1203 0141 58000000 		.4byte	.LVL23
 1204 0145 72000000 		.4byte	.LVL25
 1205 0149 0100     		.2byte	0x1
 1206 014b 52       		.byte	0x52
 1207 014c 74000000 		.4byte	.LVL26
 1208 0150 78000000 		.4byte	.LVL27
 1209 0154 0100     		.2byte	0x1
 1210 0156 52       		.byte	0x52
 1211 0157 00000000 		.4byte	0
 1212 015b 00000000 		.4byte	0
 1213              		.section	.debug_aranges,"",%progbits
 1214 0000 24000000 		.4byte	0x24
 1215 0004 0200     		.2byte	0x2
 1216 0006 00000000 		.4byte	.Ldebug_info0
 1217 000a 04       		.byte	0x4
 1218 000b 00       		.byte	0
 1219 000c 0000     		.2byte	0
 1220 000e 0000     		.2byte	0
 1221 0010 00000000 		.4byte	.LFB0
 1222 0014 24000000 		.4byte	.LFE0-.LFB0
 1223 0018 00000000 		.4byte	.LFB1
 1224 001c 84000000 		.4byte	.LFE1-.LFB1
 1225 0020 00000000 		.4byte	0
 1226 0024 00000000 		.4byte	0
 1227              		.section	.debug_ranges,"",%progbits
 1228              	.Ldebug_ranges0:
ARM GAS  C:\Users\SWAPNIL\AppData\Local\Temp\cc4Y72JG.s 			page 26


 1229 0000 00000000 		.4byte	.LFB0
 1230 0004 24000000 		.4byte	.LFE0
 1231 0008 00000000 		.4byte	.LFB1
 1232 000c 84000000 		.4byte	.LFE1
 1233 0010 00000000 		.4byte	0
 1234 0014 00000000 		.4byte	0
 1235              		.section	.debug_line,"",%progbits
 1236              	.Ldebug_line0:
 1237 0000 B9000000 		.section	.debug_str,"MS",%progbits,1
 1237      02004900 
 1237      00000201 
 1237      FB0E0D00 
 1237      01010101 
 1238              	.LASF11:
 1239 0000 63686172 		.ascii	"char\000"
 1239      00
 1240              	.LASF29:
 1241 0005 47656E65 		.ascii	"Generated_Source\\PSoC5\\Thermistor_1.c\000"
 1241      72617465 
 1241      645F536F 
 1241      75726365 
 1241      5C50536F 
 1242              	.LASF18:
 1243 002b 76526566 		.ascii	"vReference\000"
 1243      6572656E 
 1243      636500
 1244              	.LASF6:
 1245 0036 73686F72 		.ascii	"short unsigned int\000"
 1245      7420756E 
 1245      7369676E 
 1245      65642069 
 1245      6E7400
 1246              	.LASF26:
 1247 0049 66697273 		.ascii	"first\000"
 1247      7400
 1248              	.LASF16:
 1249 004f 666C6F61 		.ascii	"float\000"
 1249      7400
 1250              	.LASF4:
 1251 0055 756E7369 		.ascii	"unsigned char\000"
 1251      676E6564 
 1251      20636861 
 1251      7200
 1252              	.LASF28:
 1253 0063 474E5520 		.ascii	"GNU C11 5.4.1 20160609 (release) [ARM/embedded-5-br"
 1253      43313120 
 1253      352E342E 
 1253      31203230 
 1253      31363036 
 1254 0096 616E6368 		.ascii	"anch revision 237715] -mcpu=cortex-m3 -mthumb -g -O"
 1254      20726576 
 1254      6973696F 
 1254      6E203233 
 1254      37373135 
 1255 00c9 67202D66 		.ascii	"g -ffunction-sections -ffat-lto-objects\000"
 1255      66756E63 
 1255      74696F6E 
ARM GAS  C:\Users\SWAPNIL\AppData\Local\Temp\cc4Y72JG.s 			page 27


 1255      2D736563 
 1255      74696F6E 
 1256              	.LASF14:
 1257 00f1 696E7431 		.ascii	"int16\000"
 1257      3600
 1258              	.LASF8:
 1259 00f7 6C6F6E67 		.ascii	"long unsigned int\000"
 1259      20756E73 
 1259      69676E65 
 1259      6420696E 
 1259      7400
 1260              	.LASF21:
 1261 0109 74656D70 		.ascii	"temp\000"
 1261      00
 1262              	.LASF15:
 1263 010e 696E7433 		.ascii	"int32\000"
 1263      3200
 1264              	.LASF24:
 1265 0114 74656D70 		.ascii	"tempTR\000"
 1265      545200
 1266              	.LASF17:
 1267 011b 646F7562 		.ascii	"double\000"
 1267      6C6500
 1268              	.LASF12:
 1269 0122 75696E74 		.ascii	"uint16\000"
 1269      313600
 1270              	.LASF13:
 1271 0129 75696E74 		.ascii	"uint32\000"
 1271      333200
 1272              	.LASF0:
 1273 0130 756E7369 		.ascii	"unsigned int\000"
 1273      676E6564 
 1273      20696E74 
 1273      00
 1274              	.LASF9:
 1275 013d 6C6F6E67 		.ascii	"long long unsigned int\000"
 1275      206C6F6E 
 1275      6720756E 
 1275      7369676E 
 1275      65642069 
 1276              	.LASF19:
 1277 0154 76546865 		.ascii	"vThermistor\000"
 1277      726D6973 
 1277      746F7200 
 1278              	.LASF22:
 1279 0160 54686572 		.ascii	"Thermistor_1_GetResistance\000"
 1279      6D697374 
 1279      6F725F31 
 1279      5F476574 
 1279      52657369 
 1280              	.LASF25:
 1281 017b 54686572 		.ascii	"Thermistor_1_LUT\000"
 1281      6D697374 
 1281      6F725F31 
 1281      5F4C5554 
 1281      00
 1282              	.LASF10:
ARM GAS  C:\Users\SWAPNIL\AppData\Local\Temp\cc4Y72JG.s 			page 28


 1283 018c 73697A65 		.ascii	"sizetype\000"
 1283      74797065 
 1283      00
 1284              	.LASF23:
 1285 0195 54686572 		.ascii	"Thermistor_1_GetTemperature\000"
 1285      6D697374 
 1285      6F725F31 
 1285      5F476574 
 1285      54656D70 
 1286              	.LASF1:
 1287 01b1 6C6F6E67 		.ascii	"long long int\000"
 1287      206C6F6E 
 1287      6720696E 
 1287      7400
 1288              	.LASF30:
 1289 01bf 433A5C55 		.ascii	"C:\\Users\\SWAPNIL\\Documents\\PSoC Creator\\Worksp"
 1289      73657273 
 1289      5C535741 
 1289      504E494C 
 1289      5C446F63 
 1290 01ed 61636530 		.ascii	"ace01\\Assignment_1.cydsn\000"
 1290      315C4173 
 1290      7369676E 
 1290      6D656E74 
 1290      5F312E63 
 1291              	.LASF5:
 1292 0206 73686F72 		.ascii	"short int\000"
 1292      7420696E 
 1292      7400
 1293              	.LASF7:
 1294 0210 6C6F6E67 		.ascii	"long int\000"
 1294      20696E74 
 1294      00
 1295              	.LASF20:
 1296 0219 72657354 		.ascii	"resT\000"
 1296      00
 1297              	.LASF2:
 1298 021e 6C6F6E67 		.ascii	"long double\000"
 1298      20646F75 
 1298      626C6500 
 1299              	.LASF3:
 1300 022a 7369676E 		.ascii	"signed char\000"
 1300      65642063 
 1300      68617200 
 1301              	.LASF27:
 1302 0236 6C617374 		.ascii	"last\000"
 1302      00
 1303              		.ident	"GCC: (GNU Tools for ARM Embedded Processors) 5.4.1 20160609 (release) [ARM/embedded-5-bran
