ARM GAS  C:\Users\SWAPNIL\AppData\Local\Temp\cc8kZQvf.s 			page 1


   1              		.syntax unified
   2              		.cpu cortex-m3
   3              		.fpu softvfp
   4              		.eabi_attribute 20, 1
   5              		.eabi_attribute 21, 1
   6              		.eabi_attribute 23, 3
   7              		.eabi_attribute 24, 1
   8              		.eabi_attribute 25, 1
   9              		.eabi_attribute 26, 1
  10              		.eabi_attribute 30, 1
  11              		.eabi_attribute 34, 1
  12              		.eabi_attribute 18, 4
  13              		.thumb
  14              		.syntax unified
  15              		.file	"cymetadata.c"
  16              		.text
  17              	.Ltext0:
  18              		.cfi_sections	.debug_frame
  19              		.global	cy_metadata
  20              		.global	cy_meta_flashprotect
  21              		.global	cy_meta_wonvl
  22              		.global	cy_meta_custnvl
  23              		.global	cy_meta_configecc
  24              		.section	.cyconfigecc,"a",%progbits
  25              		.align	2
  26              		.type	cy_meta_configecc, %object
  27              		.size	cy_meta_configecc, 668
  28              	cy_meta_configecc:
  29 0000 02       		.byte	2
  30 0001 65       		.byte	101
  31 0002 00       		.byte	0
  32 0003 40       		.byte	64
  33 0004 1E       		.byte	30
  34 0005 06       		.byte	6
  35 0006 01       		.byte	1
  36 0007 40       		.byte	64
  37 0008 14       		.byte	20
  38 0009 07       		.byte	7
  39 000a 01       		.byte	1
  40 000b 40       		.byte	64
  41 000c 49       		.byte	73
  42 000d 14       		.byte	20
  43 000e 01       		.byte	1
  44 000f 40       		.byte	64
  45 0010 3A       		.byte	58
  46 0011 15       		.byte	21
  47 0012 01       		.byte	1
  48 0013 40       		.byte	64
  49 0014 3E       		.byte	62
  50 0015 16       		.byte	22
  51 0016 01       		.byte	1
  52 0017 40       		.byte	64
  53 0018 2E       		.byte	46
  54 0019 17       		.byte	23
  55 001a 01       		.byte	1
  56 001b 40       		.byte	64
  57 001c 08       		.byte	8
ARM GAS  C:\Users\SWAPNIL\AppData\Local\Temp\cc8kZQvf.s 			page 2


  58 001d 49       		.byte	73
  59 001e 01       		.byte	1
  60 001f 40       		.byte	64
  61 0020 04       		.byte	4
  62 0021 50       		.byte	80
  63 0022 01       		.byte	1
  64 0023 40       		.byte	64
  65 0024 85       		.byte	-123
  66 0025 6F       		.byte	111
  67 0026 86       		.byte	-122
  68 0027 0F       		.byte	15
  69 0028 84       		.byte	-124
  70 0029 80       		.byte	-128
  71 002a 86       		.byte	-122
  72 002b 1F       		.byte	31
  73 002c 88       		.byte	-120
  74 002d CC       		.byte	-52
  75 002e 8A       		.byte	-118
  76 002f 21       		.byte	33
  77 0030 8C       		.byte	-116
  78 0031 CC       		.byte	-52
  79 0032 8D       		.byte	-115
  80 0033 01       		.byte	1
  81 0034 8E       		.byte	-114
  82 0035 12       		.byte	18
  83 0036 8F       		.byte	-113
  84 0037 02       		.byte	2
  85 0038 90       		.byte	-112
  86 0039 77       		.byte	119
  87 003a 94       		.byte	-108
  88 003b BB       		.byte	-69
  89 003c 95       		.byte	-107
  90 003d 02       		.byte	2
  91 003e 96       		.byte	-106
  92 003f 44       		.byte	68
  93 0040 97       		.byte	-105
  94 0041 01       		.byte	1
  95 0042 99       		.byte	-103
  96 0043 01       		.byte	1
  97 0044 9B       		.byte	-101
  98 0045 0A       		.byte	10
  99 0046 9D       		.byte	-99
 100 0047 01       		.byte	1
 101 0048 9F       		.byte	-97
 102 0049 06       		.byte	6
 103 004a A8       		.byte	-88
 104 004b 08       		.byte	8
 105 004c AA       		.byte	-86
 106 004d F1       		.byte	-15
 107 004e AF       		.byte	-81
 108 004f 10       		.byte	16
 109 0050 B0       		.byte	-80
 110 0051 0F       		.byte	15
 111 0052 B1       		.byte	-79
 112 0053 04       		.byte	4
 113 0054 B3       		.byte	-77
 114 0055 03       		.byte	3
ARM GAS  C:\Users\SWAPNIL\AppData\Local\Temp\cc8kZQvf.s 			page 3


 115 0056 B4       		.byte	-76
 116 0057 F0       		.byte	-16
 117 0058 B5       		.byte	-75
 118 0059 10       		.byte	16
 119 005a B7       		.byte	-73
 120 005b 08       		.byte	8
 121 005c BB       		.byte	-69
 122 005d 08       		.byte	8
 123 005e D8       		.byte	-40
 124 005f 04       		.byte	4
 125 0060 D9       		.byte	-39
 126 0061 04       		.byte	4
 127 0062 DF       		.byte	-33
 128 0063 01       		.byte	1
 129 0064 00       		.byte	0
 130 0065 04       		.byte	4
 131 0066 01       		.byte	1
 132 0067 20       		.byte	32
 133 0068 03       		.byte	3
 134 0069 02       		.byte	2
 135 006a 0B       		.byte	11
 136 006b 50       		.byte	80
 137 006c 12       		.byte	18
 138 006d 08       		.byte	8
 139 006e 19       		.byte	25
 140 006f 22       		.byte	34
 141 0070 1B       		.byte	27
 142 0071 02       		.byte	2
 143 0072 20       		.byte	32
 144 0073 40       		.byte	64
 145 0074 21       		.byte	33
 146 0075 24       		.byte	36
 147 0076 22       		.byte	34
 148 0077 48       		.byte	72
 149 0078 2A       		.byte	42
 150 0079 80       		.byte	-128
 151 007a 31       		.byte	49
 152 007b 20       		.byte	32
 153 007c 32       		.byte	50
 154 007d 48       		.byte	72
 155 007e 38       		.byte	56
 156 007f 40       		.byte	64
 157 0080 C0       		.byte	-64
 158 0081 07       		.byte	7
 159 0082 C2       		.byte	-62
 160 0083 0C       		.byte	12
 161 0084 C4       		.byte	-60
 162 0085 02       		.byte	2
 163 0086 CA       		.byte	-54
 164 0087 08       		.byte	8
 165 0088 CC       		.byte	-52
 166 0089 0E       		.byte	14
 167 008a CE       		.byte	-50
 168 008b 08       		.byte	8
 169 008c 07       		.byte	7
 170 008d 19       		.byte	25
 171 008e 08       		.byte	8
ARM GAS  C:\Users\SWAPNIL\AppData\Local\Temp\cc8kZQvf.s 			page 4


 172 008f 01       		.byte	1
 173 0090 09       		.byte	9
 174 0091 02       		.byte	2
 175 0092 0B       		.byte	11
 176 0093 04       		.byte	4
 177 0094 11       		.byte	17
 178 0095 63       		.byte	99
 179 0096 15       		.byte	21
 180 0097 06       		.byte	6
 181 0098 19       		.byte	25
 182 0099 A6       		.byte	-90
 183 009a 1B       		.byte	27
 184 009b 01       		.byte	1
 185 009c 1D       		.byte	29
 186 009d 08       		.byte	8
 187 009e 23       		.byte	35
 188 009f 08       		.byte	8
 189 00a0 26       		.byte	38
 190 00a1 03       		.byte	3
 191 00a2 29       		.byte	41
 192 00a3 C7       		.byte	-57
 193 00a4 2D       		.byte	45
 194 00a5 C5       		.byte	-59
 195 00a6 2F       		.byte	47
 196 00a7 02       		.byte	2
 197 00a8 30       		.byte	48
 198 00a9 01       		.byte	1
 199 00aa 31       		.byte	49
 200 00ab E0       		.byte	-32
 201 00ac 32       		.byte	50
 202 00ad 02       		.byte	2
 203 00ae 33       		.byte	51
 204 00af 07       		.byte	7
 205 00b0 35       		.byte	53
 206 00b1 08       		.byte	8
 207 00b2 37       		.byte	55
 208 00b3 10       		.byte	16
 209 00b4 39       		.byte	57
 210 00b5 02       		.byte	2
 211 00b6 3E       		.byte	62
 212 00b7 01       		.byte	1
 213 00b8 3F       		.byte	63
 214 00b9 10       		.byte	16
 215 00ba 52       		.byte	82
 216 00bb 80       		.byte	-128
 217 00bc 58       		.byte	88
 218 00bd 04       		.byte	4
 219 00be 59       		.byte	89
 220 00bf 04       		.byte	4
 221 00c0 5B       		.byte	91
 222 00c1 04       		.byte	4
 223 00c2 5F       		.byte	95
 224 00c3 01       		.byte	1
 225 00c4 83       		.byte	-125
 226 00c5 06       		.byte	6
 227 00c6 90       		.byte	-112
 228 00c7 01       		.byte	1
ARM GAS  C:\Users\SWAPNIL\AppData\Local\Temp\cc8kZQvf.s 			page 5


 229 00c8 98       		.byte	-104
 230 00c9 03       		.byte	3
 231 00ca 99       		.byte	-103
 232 00cb 04       		.byte	4
 233 00cc 9C       		.byte	-100
 234 00cd 03       		.byte	3
 235 00ce A3       		.byte	-93
 236 00cf 01       		.byte	1
 237 00d0 A5       		.byte	-91
 238 00d1 01       		.byte	1
 239 00d2 AE       		.byte	-82
 240 00d3 04       		.byte	4
 241 00d4 B2       		.byte	-78
 242 00d5 02       		.byte	2
 243 00d6 B3       		.byte	-77
 244 00d7 04       		.byte	4
 245 00d8 B4       		.byte	-76
 246 00d9 04       		.byte	4
 247 00da B5       		.byte	-75
 248 00db 02       		.byte	2
 249 00dc B6       		.byte	-74
 250 00dd 01       		.byte	1
 251 00de B7       		.byte	-73
 252 00df 01       		.byte	1
 253 00e0 B8       		.byte	-72
 254 00e1 88       		.byte	-120
 255 00e2 BE       		.byte	-66
 256 00e3 40       		.byte	64
 257 00e4 BF       		.byte	-65
 258 00e5 44       		.byte	68
 259 00e6 C0       		.byte	-64
 260 00e7 21       		.byte	33
 261 00e8 C1       		.byte	-63
 262 00e9 05       		.byte	5
 263 00ea C5       		.byte	-59
 264 00eb 32       		.byte	50
 265 00ec C6       		.byte	-58
 266 00ed C0       		.byte	-64
 267 00ee C7       		.byte	-57
 268 00ef 4E       		.byte	78
 269 00f0 C8       		.byte	-56
 270 00f1 3B       		.byte	59
 271 00f2 C9       		.byte	-55
 272 00f3 FF       		.byte	-1
 273 00f4 CA       		.byte	-54
 274 00f5 FF       		.byte	-1
 275 00f6 CB       		.byte	-53
 276 00f7 FF       		.byte	-1
 277 00f8 CD       		.byte	-51
 278 00f9 A0       		.byte	-96
 279 00fa CF       		.byte	-49
 280 00fb 01       		.byte	1
 281 00fc D0       		.byte	-48
 282 00fd 18       		.byte	24
 283 00fe D4       		.byte	-44
 284 00ff 0F       		.byte	15
 285 0100 D8       		.byte	-40
ARM GAS  C:\Users\SWAPNIL\AppData\Local\Temp\cc8kZQvf.s 			page 6


 286 0101 04       		.byte	4
 287 0102 D9       		.byte	-39
 288 0103 04       		.byte	4
 289 0104 DA       		.byte	-38
 290 0105 04       		.byte	4
 291 0106 DB       		.byte	-37
 292 0107 04       		.byte	4
 293 0108 DF       		.byte	-33
 294 0109 05       		.byte	5
 295 010a E0       		.byte	-32
 296 010b 40       		.byte	64
 297 010c E2       		.byte	-30
 298 010d 80       		.byte	-128
 299 010e E4       		.byte	-28
 300 010f 40       		.byte	64
 301 0110 E5       		.byte	-27
 302 0111 40       		.byte	64
 303 0112 E6       		.byte	-26
 304 0113 80       		.byte	-128
 305 0114 E8       		.byte	-24
 306 0115 40       		.byte	64
 307 0116 EA       		.byte	-22
 308 0117 80       		.byte	-128
 309 0118 EC       		.byte	-20
 310 0119 40       		.byte	64
 311 011a ED       		.byte	-19
 312 011b 20       		.byte	32
 313 011c EE       		.byte	-18
 314 011d 80       		.byte	-128
 315 011e 00       		.byte	0
 316 011f 10       		.byte	16
 317 0120 0F       		.byte	15
 318 0121 4A       		.byte	74
 319 0122 10       		.byte	16
 320 0123 20       		.byte	32
 321 0124 16       		.byte	22
 322 0125 02       		.byte	2
 323 0126 18       		.byte	24
 324 0127 10       		.byte	16
 325 0128 19       		.byte	25
 326 0129 02       		.byte	2
 327 012a 1D       		.byte	29
 328 012b 94       		.byte	-108
 329 012c 1F       		.byte	31
 330 012d 20       		.byte	32
 331 012e 21       		.byte	33
 332 012f 24       		.byte	36
 333 0130 22       		.byte	34
 334 0131 42       		.byte	66
 335 0132 23       		.byte	35
 336 0133 40       		.byte	64
 337 0134 26       		.byte	38
 338 0135 64       		.byte	100
 339 0136 29       		.byte	41
 340 0137 21       		.byte	33
 341 0138 2B       		.byte	43
 342 0139 02       		.byte	2
ARM GAS  C:\Users\SWAPNIL\AppData\Local\Temp\cc8kZQvf.s 			page 7


 343 013a 2E       		.byte	46
 344 013b 02       		.byte	2
 345 013c 2F       		.byte	47
 346 013d 20       		.byte	32
 347 013e 32       		.byte	50
 348 013f 5A       		.byte	90
 349 0140 36       		.byte	54
 350 0141 20       		.byte	32
 351 0142 39       		.byte	57
 352 0143 08       		.byte	8
 353 0144 3B       		.byte	59
 354 0145 20       		.byte	32
 355 0146 3F       		.byte	63
 356 0147 02       		.byte	2
 357 0148 45       		.byte	69
 358 0149 A0       		.byte	-96
 359 014a 4C       		.byte	76
 360 014b 20       		.byte	32
 361 014c 4E       		.byte	78
 362 014d 01       		.byte	1
 363 014e 4F       		.byte	79
 364 014f 0A       		.byte	10
 365 0150 56       		.byte	86
 366 0151 1A       		.byte	26
 367 0152 5D       		.byte	93
 368 0153 12       		.byte	18
 369 0154 5E       		.byte	94
 370 0155 88       		.byte	-120
 371 0156 66       		.byte	102
 372 0157 18       		.byte	24
 373 0158 71       		.byte	113
 374 0159 01       		.byte	1
 375 015a 79       		.byte	121
 376 015b 10       		.byte	16
 377 015c 7B       		.byte	123
 378 015d 04       		.byte	4
 379 015e 7E       		.byte	126
 380 015f 02       		.byte	2
 381 0160 86       		.byte	-122
 382 0161 80       		.byte	-128
 383 0162 89       		.byte	-119
 384 0163 04       		.byte	4
 385 0164 8B       		.byte	-117
 386 0165 40       		.byte	64
 387 0166 92       		.byte	-110
 388 0167 22       		.byte	34
 389 0168 93       		.byte	-109
 390 0169 20       		.byte	32
 391 016a 95       		.byte	-107
 392 016b 04       		.byte	4
 393 016c 97       		.byte	-105
 394 016d 40       		.byte	64
 395 016e 99       		.byte	-103
 396 016f 20       		.byte	32
 397 0170 9D       		.byte	-99
 398 0171 14       		.byte	20
 399 0172 9E       		.byte	-98
ARM GAS  C:\Users\SWAPNIL\AppData\Local\Temp\cc8kZQvf.s 			page 8


 400 0173 80       		.byte	-128
 401 0174 A2       		.byte	-94
 402 0175 08       		.byte	8
 403 0176 A3       		.byte	-93
 404 0177 02       		.byte	2
 405 0178 A7       		.byte	-89
 406 0179 20       		.byte	32
 407 017a A8       		.byte	-88
 408 017b 01       		.byte	1
 409 017c C0       		.byte	-64
 410 017d 02       		.byte	2
 411 017e C2       		.byte	-62
 412 017f D0       		.byte	-48
 413 0180 C4       		.byte	-60
 414 0181 84       		.byte	-124
 415 0182 CA       		.byte	-54
 416 0183 CD       		.byte	-51
 417 0184 CC       		.byte	-52
 418 0185 2F       		.byte	47
 419 0186 CE       		.byte	-50
 420 0187 86       		.byte	-122
 421 0188 D0       		.byte	-48
 422 0189 30       		.byte	48
 423 018a D2       		.byte	-46
 424 018b 10       		.byte	16
 425 018c D6       		.byte	-42
 426 018d F0       		.byte	-16
 427 018e D8       		.byte	-40
 428 018f 60       		.byte	96
 429 0190 DE       		.byte	-34
 430 0191 10       		.byte	16
 431 0192 02       		.byte	2
 432 0193 01       		.byte	1
 433 0194 06       		.byte	6
 434 0195 08       		.byte	8
 435 0196 08       		.byte	8
 436 0197 08       		.byte	8
 437 0198 0B       		.byte	11
 438 0199 04       		.byte	4
 439 019a 0C       		.byte	12
 440 019b 08       		.byte	8
 441 019c 0F       		.byte	15
 442 019d 02       		.byte	2
 443 019e 13       		.byte	19
 444 019f 01       		.byte	1
 445 01a0 17       		.byte	23
 446 01a1 02       		.byte	2
 447 01a2 18       		.byte	24
 448 01a3 04       		.byte	4
 449 01a4 1A       		.byte	26
 450 01a5 02       		.byte	2
 451 01a6 1C       		.byte	28
 452 01a7 02       		.byte	2
 453 01a8 1E       		.byte	30
 454 01a9 04       		.byte	4
 455 01aa 24       		.byte	36
 456 01ab 02       		.byte	2
ARM GAS  C:\Users\SWAPNIL\AppData\Local\Temp\cc8kZQvf.s 			page 9


 457 01ac 25       		.byte	37
 458 01ad 02       		.byte	2
 459 01ae 26       		.byte	38
 460 01af 04       		.byte	4
 461 01b0 28       		.byte	40
 462 01b1 02       		.byte	2
 463 01b2 2A       		.byte	42
 464 01b3 04       		.byte	4
 465 01b4 32       		.byte	50
 466 01b5 08       		.byte	8
 467 01b6 33       		.byte	51
 468 01b7 04       		.byte	4
 469 01b8 34       		.byte	52
 470 01b9 06       		.byte	6
 471 01ba 35       		.byte	53
 472 01bb 01       		.byte	1
 473 01bc 36       		.byte	54
 474 01bd 01       		.byte	1
 475 01be 37       		.byte	55
 476 01bf 02       		.byte	2
 477 01c0 3A       		.byte	58
 478 01c1 20       		.byte	32
 479 01c2 3E       		.byte	62
 480 01c3 04       		.byte	4
 481 01c4 3F       		.byte	63
 482 01c5 40       		.byte	64
 483 01c6 54       		.byte	84
 484 01c7 0F       		.byte	15
 485 01c8 58       		.byte	88
 486 01c9 04       		.byte	4
 487 01ca 59       		.byte	89
 488 01cb 04       		.byte	4
 489 01cc 5B       		.byte	91
 490 01cd 04       		.byte	4
 491 01ce 5F       		.byte	95
 492 01cf 01       		.byte	1
 493 01d0 80       		.byte	-128
 494 01d1 9E       		.byte	-98
 495 01d2 82       		.byte	-126
 496 01d3 60       		.byte	96
 497 01d4 84       		.byte	-124
 498 01d5 30       		.byte	48
 499 01d6 85       		.byte	-123
 500 01d7 31       		.byte	49
 501 01d8 86       		.byte	-122
 502 01d9 C9       		.byte	-55
 503 01da 87       		.byte	-121
 504 01db C2       		.byte	-62
 505 01dc 88       		.byte	-120
 506 01dd CF       		.byte	-49
 507 01de 89       		.byte	-119
 508 01df 54       		.byte	84
 509 01e0 8A       		.byte	-118
 510 01e1 30       		.byte	48
 511 01e2 8B       		.byte	-117
 512 01e3 A0       		.byte	-96
 513 01e4 8D       		.byte	-115
ARM GAS  C:\Users\SWAPNIL\AppData\Local\Temp\cc8kZQvf.s 			page 10


 514 01e5 77       		.byte	119
 515 01e6 8E       		.byte	-114
 516 01e7 0F       		.byte	15
 517 01e8 90       		.byte	-112
 518 01e9 73       		.byte	115
 519 01ea 93       		.byte	-109
 520 01eb 07       		.byte	7
 521 01ec 94       		.byte	-108
 522 01ed FD       		.byte	-3
 523 01ee 96       		.byte	-106
 524 01ef 02       		.byte	2
 525 01f0 99       		.byte	-103
 526 01f1 F7       		.byte	-9
 527 01f2 A1       		.byte	-95
 528 01f3 A1       		.byte	-95
 529 01f4 A3       		.byte	-93
 530 01f5 52       		.byte	82
 531 01f6 A7       		.byte	-89
 532 01f7 08       		.byte	8
 533 01f8 A8       		.byte	-88
 534 01f9 94       		.byte	-108
 535 01fa A9       		.byte	-87
 536 01fb C0       		.byte	-64
 537 01fc AA       		.byte	-86
 538 01fd 60       		.byte	96
 539 01fe AB       		.byte	-85
 540 01ff 34       		.byte	52
 541 0200 B1       		.byte	-79
 542 0201 0F       		.byte	15
 543 0202 B2       		.byte	-78
 544 0203 FF       		.byte	-1
 545 0204 B3       		.byte	-77
 546 0205 F0       		.byte	-16
 547 0206 BE       		.byte	-66
 548 0207 04       		.byte	4
 549 0208 D8       		.byte	-40
 550 0209 04       		.byte	4
 551 020a D9       		.byte	-39
 552 020b 04       		.byte	4
 553 020c DF       		.byte	-33
 554 020d 01       		.byte	1
 555 020e 00       		.byte	0
 556 020f 44       		.byte	68
 557 0210 01       		.byte	1
 558 0211 22       		.byte	34
 559 0212 04       		.byte	4
 560 0213 42       		.byte	66
 561 0214 05       		.byte	5
 562 0215 14       		.byte	20
 563 0216 0A       		.byte	10
 564 0217 20       		.byte	32
 565 0218 0B       		.byte	11
 566 0219 50       		.byte	80
 567 021a 0E       		.byte	14
 568 021b 0A       		.byte	10
 569 021c 12       		.byte	18
 570 021d 08       		.byte	8
ARM GAS  C:\Users\SWAPNIL\AppData\Local\Temp\cc8kZQvf.s 			page 11


 571 021e 17       		.byte	23
 572 021f 28       		.byte	40
 573 0220 19       		.byte	25
 574 0221 08       		.byte	8
 575 0222 1C       		.byte	28
 576 0223 04       		.byte	4
 577 0224 1E       		.byte	30
 578 0225 2A       		.byte	42
 579 0226 1F       		.byte	31
 580 0227 10       		.byte	16
 581 0228 20       		.byte	32
 582 0229 40       		.byte	64
 583 022a 22       		.byte	34
 584 022b 01       		.byte	1
 585 022c 23       		.byte	35
 586 022d 10       		.byte	16
 587 022e 25       		.byte	37
 588 022f 10       		.byte	16
 589 0230 26       		.byte	38
 590 0231 40       		.byte	64
 591 0232 27       		.byte	39
 592 0233 28       		.byte	40
 593 0234 29       		.byte	41
 594 0235 2A       		.byte	42
 595 0236 2F       		.byte	47
 596 0237 20       		.byte	32
 597 0238 32       		.byte	50
 598 0239 11       		.byte	17
 599 023a 35       		.byte	53
 600 023b 04       		.byte	4
 601 023c 36       		.byte	54
 602 023d 01       		.byte	1
 603 023e 39       		.byte	57
 604 023f 08       		.byte	8
 605 0240 3B       		.byte	59
 606 0241 60       		.byte	96
 607 0242 3C       		.byte	60
 608 0243 40       		.byte	64
 609 0244 3D       		.byte	61
 610 0245 20       		.byte	32
 611 0246 5D       		.byte	93
 612 0247 05       		.byte	5
 613 0248 5E       		.byte	94
 614 0249 A0       		.byte	-96
 615 024a 85       		.byte	-123
 616 024b 01       		.byte	1
 617 024c 87       		.byte	-121
 618 024d 10       		.byte	16
 619 024e 91       		.byte	-111
 620 024f 08       		.byte	8
 621 0250 94       		.byte	-108
 622 0251 04       		.byte	4
 623 0252 97       		.byte	-105
 624 0253 50       		.byte	80
 625 0254 99       		.byte	-103
 626 0255 22       		.byte	34
 627 0256 9E       		.byte	-98
ARM GAS  C:\Users\SWAPNIL\AppData\Local\Temp\cc8kZQvf.s 			page 12


 628 0257 80       		.byte	-128
 629 0258 A2       		.byte	-94
 630 0259 08       		.byte	8
 631 025a A3       		.byte	-93
 632 025b 02       		.byte	2
 633 025c C0       		.byte	-64
 634 025d FF       		.byte	-1
 635 025e C2       		.byte	-62
 636 025f CC       		.byte	-52
 637 0260 C4       		.byte	-60
 638 0261 62       		.byte	98
 639 0262 CA       		.byte	-54
 640 0263 47       		.byte	71
 641 0264 CC       		.byte	-52
 642 0265 C5       		.byte	-59
 643 0266 CE       		.byte	-50
 644 0267 3E       		.byte	62
 645 0268 D6       		.byte	-42
 646 0269 F0       		.byte	-16
 647 026a 02       		.byte	2
 648 026b 10       		.byte	16
 649 026c 05       		.byte	5
 650 026d 02       		.byte	2
 651 026e 86       		.byte	-122
 652 026f 10       		.byte	16
 653 0270 9D       		.byte	-99
 654 0271 02       		.byte	2
 655 0272 A9       		.byte	-87
 656 0273 02       		.byte	2
 657 0274 C0       		.byte	-64
 658 0275 30       		.byte	48
 659 0276 E0       		.byte	-32
 660 0277 40       		.byte	64
 661 0278 EC       		.byte	-20
 662 0279 20       		.byte	32
 663 027a 00       		.byte	0
 664 027b 01       		.byte	1
 665 027c 0A       		.byte	10
 666 027d 01       		.byte	1
 667 027e 10       		.byte	16
 668 027f 01       		.byte	1
 669 0280 1A       		.byte	26
 670 0281 01       		.byte	1
 671 0282 00       		.byte	0
 672 0283 00       		.byte	0
 673 0284 00       		.byte	0
 674 0285 7F       		.byte	127
 675 0286 7F       		.byte	127
 676 0287 00       		.byte	0
 677 0288 00       		.byte	0
 678 0289 00       		.byte	0
 679 028a 00       		.byte	0
 680 028b 00       		.byte	0
 681 028c 00       		.byte	0
 682 028d 0B       		.byte	11
 683 028e 0B       		.byte	11
 684 028f 00       		.byte	0
ARM GAS  C:\Users\SWAPNIL\AppData\Local\Temp\cc8kZQvf.s 			page 13


 685 0290 00       		.byte	0
 686 0291 00       		.byte	0
 687 0292 00       		.byte	0
 688 0293 00       		.byte	0
 689 0294 03       		.byte	3
 690 0295 00       		.byte	0
 691 0296 00       		.byte	0
 692 0297 00       		.byte	0
 693 0298 00       		.byte	0
 694 0299 00       		.byte	0
 695 029a 00       		.byte	0
 696 029b 00       		.byte	0
 697              		.section	.cywolatch,"a",%progbits
 698              		.align	2
 699              		.type	cy_meta_wonvl, %object
 700              		.size	cy_meta_wonvl, 4
 701              	cy_meta_wonvl:
 702 0000 BC       		.byte	-68
 703 0001 90       		.byte	-112
 704 0002 AC       		.byte	-84
 705 0003 AF       		.byte	-81
 706              		.section	.cycustnvl,"a",%progbits
 707              		.align	2
 708              		.type	cy_meta_custnvl, %object
 709              		.size	cy_meta_custnvl, 4
 710              	cy_meta_custnvl:
 711 0000 00       		.byte	0
 712 0001 00       		.byte	0
 713 0002 40       		.byte	64
 714 0003 05       		.byte	5
 715              		.section	.cymeta,"a",%progbits
 716              		.align	2
 717              		.type	cy_metadata, %object
 718              		.size	cy_metadata, 12
 719              	cy_metadata:
 720 0000 00       		.byte	0
 721 0001 01       		.byte	1
 722 0002 2E       		.byte	46
 723 0003 12       		.byte	18
 724 0004 30       		.byte	48
 725 0005 69       		.byte	105
 726 0006 00       		.byte	0
 727 0007 01       		.byte	1
 728 0008 00       		.byte	0
 729 0009 00       		.byte	0
 730 000a 00       		.byte	0
 731 000b 00       		.byte	0
 732              		.section	.cyflashprotect,"a",%progbits
 733              		.align	2
 734              		.type	cy_meta_flashprotect, %object
 735              		.size	cy_meta_flashprotect, 256
 736              	cy_meta_flashprotect:
 737 0000 00000000 		.space	256
 737      00000000 
 737      00000000 
 737      00000000 
 737      00000000 
ARM GAS  C:\Users\SWAPNIL\AppData\Local\Temp\cc8kZQvf.s 			page 14


 738              		.text
 739              	.Letext0:
 740              		.file 1 "c:\\program files (x86)\\cypress\\psoc creator\\4.4\\psoc creator\\import\\gnu\\arm\\5.4.
 741              		.file 2 "c:\\program files (x86)\\cypress\\psoc creator\\4.4\\psoc creator\\import\\gnu\\arm\\5.4.
 742              		.file 3 "Generated_Source\\PSoC5\\cymetadata.c"
 743              		.section	.debug_info,"",%progbits
 744              	.Ldebug_info0:
 745 0000 31010000 		.4byte	0x131
 746 0004 0400     		.2byte	0x4
 747 0006 00000000 		.4byte	.Ldebug_abbrev0
 748 000a 04       		.byte	0x4
 749 000b 01       		.uleb128 0x1
 750 000c 24000000 		.4byte	.LASF17
 751 0010 0C       		.byte	0xc
 752 0011 C2010000 		.4byte	.LASF18
 753 0015 D7000000 		.4byte	.LASF19
 754 0019 00000000 		.4byte	.Ldebug_line0
 755 001d 02       		.uleb128 0x2
 756 001e 01       		.byte	0x1
 757 001f 06       		.byte	0x6
 758 0020 B6010000 		.4byte	.LASF0
 759 0024 03       		.uleb128 0x3
 760 0025 00000000 		.4byte	.LASF9
 761 0029 01       		.byte	0x1
 762 002a 1D       		.byte	0x1d
 763 002b 2F000000 		.4byte	0x2f
 764 002f 02       		.uleb128 0x2
 765 0030 01       		.byte	0x1
 766 0031 08       		.byte	0x8
 767 0032 16000000 		.4byte	.LASF1
 768 0036 02       		.uleb128 0x2
 769 0037 02       		.byte	0x2
 770 0038 05       		.byte	0x5
 771 0039 A3010000 		.4byte	.LASF2
 772 003d 02       		.uleb128 0x2
 773 003e 02       		.byte	0x2
 774 003f 07       		.byte	0x7
 775 0040 C4000000 		.4byte	.LASF3
 776 0044 02       		.uleb128 0x2
 777 0045 04       		.byte	0x4
 778 0046 05       		.byte	0x5
 779 0047 AD010000 		.4byte	.LASF4
 780 004b 02       		.uleb128 0x2
 781 004c 04       		.byte	0x4
 782 004d 07       		.byte	0x7
 783 004e B2000000 		.4byte	.LASF5
 784 0052 02       		.uleb128 0x2
 785 0053 08       		.byte	0x8
 786 0054 05       		.byte	0x5
 787 0055 95010000 		.4byte	.LASF6
 788 0059 02       		.uleb128 0x2
 789 005a 08       		.byte	0x8
 790 005b 07       		.byte	0x7
 791 005c 4A010000 		.4byte	.LASF7
 792 0060 04       		.uleb128 0x4
 793 0061 04       		.byte	0x4
 794 0062 05       		.byte	0x5
ARM GAS  C:\Users\SWAPNIL\AppData\Local\Temp\cc8kZQvf.s 			page 15


 795 0063 696E7400 		.ascii	"int\000"
 796 0067 02       		.uleb128 0x2
 797 0068 04       		.byte	0x4
 798 0069 07       		.byte	0x7
 799 006a 3D010000 		.4byte	.LASF8
 800 006e 03       		.uleb128 0x3
 801 006f 61010000 		.4byte	.LASF10
 802 0073 02       		.byte	0x2
 803 0074 18       		.byte	0x18
 804 0075 24000000 		.4byte	0x24
 805 0079 05       		.uleb128 0x5
 806 007a 91000000 		.4byte	0x91
 807 007e 8A000000 		.4byte	0x8a
 808 0082 06       		.uleb128 0x6
 809 0083 8A000000 		.4byte	0x8a
 810 0087 9B02     		.2byte	0x29b
 811 0089 00       		.byte	0
 812 008a 02       		.uleb128 0x2
 813 008b 04       		.byte	0x4
 814 008c 07       		.byte	0x7
 815 008d 8C010000 		.4byte	.LASF11
 816 0091 07       		.uleb128 0x7
 817 0092 6E000000 		.4byte	0x6e
 818 0096 08       		.uleb128 0x8
 819 0097 2B010000 		.4byte	.LASF12
 820 009b 03       		.byte	0x3
 821 009c 1F       		.byte	0x1f
 822 009d A7000000 		.4byte	0xa7
 823 00a1 05       		.uleb128 0x5
 824 00a2 03       		.byte	0x3
 825 00a3 00000000 		.4byte	cy_meta_configecc
 826 00a7 07       		.uleb128 0x7
 827 00a8 79000000 		.4byte	0x79
 828 00ac 05       		.uleb128 0x5
 829 00ad 91000000 		.4byte	0x91
 830 00b1 BC000000 		.4byte	0xbc
 831 00b5 09       		.uleb128 0x9
 832 00b6 8A000000 		.4byte	0x8a
 833 00ba 03       		.byte	0x3
 834 00bb 00       		.byte	0
 835 00bc 08       		.uleb128 0x8
 836 00bd 1B010000 		.4byte	.LASF13
 837 00c1 03       		.byte	0x3
 838 00c2 80       		.byte	0x80
 839 00c3 CD000000 		.4byte	0xcd
 840 00c7 05       		.uleb128 0x5
 841 00c8 03       		.byte	0x3
 842 00c9 00000000 		.4byte	cy_meta_custnvl
 843 00cd 07       		.uleb128 0x7
 844 00ce AC000000 		.4byte	0xac
 845 00d2 08       		.uleb128 0x8
 846 00d3 7E010000 		.4byte	.LASF14
 847 00d7 03       		.byte	0x3
 848 00d8 8E       		.byte	0x8e
 849 00d9 E3000000 		.4byte	0xe3
 850 00dd 05       		.uleb128 0x5
 851 00de 03       		.byte	0x3
ARM GAS  C:\Users\SWAPNIL\AppData\Local\Temp\cc8kZQvf.s 			page 16


 852 00df 00000000 		.4byte	cy_meta_wonvl
 853 00e3 07       		.uleb128 0x7
 854 00e4 AC000000 		.4byte	0xac
 855 00e8 05       		.uleb128 0x5
 856 00e9 91000000 		.4byte	0x91
 857 00ed F8000000 		.4byte	0xf8
 858 00f1 09       		.uleb128 0x9
 859 00f2 8A000000 		.4byte	0x8a
 860 00f6 FF       		.byte	0xff
 861 00f7 00       		.byte	0
 862 00f8 08       		.uleb128 0x8
 863 00f9 69010000 		.4byte	.LASF15
 864 00fd 03       		.byte	0x3
 865 00fe 9C       		.byte	0x9c
 866 00ff 09010000 		.4byte	0x109
 867 0103 05       		.uleb128 0x5
 868 0104 03       		.byte	0x3
 869 0105 00000000 		.4byte	cy_meta_flashprotect
 870 0109 07       		.uleb128 0x7
 871 010a E8000000 		.4byte	0xe8
 872 010e 05       		.uleb128 0x5
 873 010f 91000000 		.4byte	0x91
 874 0113 1E010000 		.4byte	0x11e
 875 0117 09       		.uleb128 0x9
 876 0118 8A000000 		.4byte	0x8a
 877 011c 0B       		.byte	0xb
 878 011d 00       		.byte	0
 879 011e 08       		.uleb128 0x8
 880 011f 0A000000 		.4byte	.LASF16
 881 0123 03       		.byte	0x3
 882 0124 C9       		.byte	0xc9
 883 0125 2F010000 		.4byte	0x12f
 884 0129 05       		.uleb128 0x5
 885 012a 03       		.byte	0x3
 886 012b 00000000 		.4byte	cy_metadata
 887 012f 07       		.uleb128 0x7
 888 0130 0E010000 		.4byte	0x10e
 889 0134 00       		.byte	0
 890              		.section	.debug_abbrev,"",%progbits
 891              	.Ldebug_abbrev0:
 892 0000 01       		.uleb128 0x1
 893 0001 11       		.uleb128 0x11
 894 0002 01       		.byte	0x1
 895 0003 25       		.uleb128 0x25
 896 0004 0E       		.uleb128 0xe
 897 0005 13       		.uleb128 0x13
 898 0006 0B       		.uleb128 0xb
 899 0007 03       		.uleb128 0x3
 900 0008 0E       		.uleb128 0xe
 901 0009 1B       		.uleb128 0x1b
 902 000a 0E       		.uleb128 0xe
 903 000b 10       		.uleb128 0x10
 904 000c 17       		.uleb128 0x17
 905 000d 00       		.byte	0
 906 000e 00       		.byte	0
 907 000f 02       		.uleb128 0x2
 908 0010 24       		.uleb128 0x24
ARM GAS  C:\Users\SWAPNIL\AppData\Local\Temp\cc8kZQvf.s 			page 17


 909 0011 00       		.byte	0
 910 0012 0B       		.uleb128 0xb
 911 0013 0B       		.uleb128 0xb
 912 0014 3E       		.uleb128 0x3e
 913 0015 0B       		.uleb128 0xb
 914 0016 03       		.uleb128 0x3
 915 0017 0E       		.uleb128 0xe
 916 0018 00       		.byte	0
 917 0019 00       		.byte	0
 918 001a 03       		.uleb128 0x3
 919 001b 16       		.uleb128 0x16
 920 001c 00       		.byte	0
 921 001d 03       		.uleb128 0x3
 922 001e 0E       		.uleb128 0xe
 923 001f 3A       		.uleb128 0x3a
 924 0020 0B       		.uleb128 0xb
 925 0021 3B       		.uleb128 0x3b
 926 0022 0B       		.uleb128 0xb
 927 0023 49       		.uleb128 0x49
 928 0024 13       		.uleb128 0x13
 929 0025 00       		.byte	0
 930 0026 00       		.byte	0
 931 0027 04       		.uleb128 0x4
 932 0028 24       		.uleb128 0x24
 933 0029 00       		.byte	0
 934 002a 0B       		.uleb128 0xb
 935 002b 0B       		.uleb128 0xb
 936 002c 3E       		.uleb128 0x3e
 937 002d 0B       		.uleb128 0xb
 938 002e 03       		.uleb128 0x3
 939 002f 08       		.uleb128 0x8
 940 0030 00       		.byte	0
 941 0031 00       		.byte	0
 942 0032 05       		.uleb128 0x5
 943 0033 01       		.uleb128 0x1
 944 0034 01       		.byte	0x1
 945 0035 49       		.uleb128 0x49
 946 0036 13       		.uleb128 0x13
 947 0037 01       		.uleb128 0x1
 948 0038 13       		.uleb128 0x13
 949 0039 00       		.byte	0
 950 003a 00       		.byte	0
 951 003b 06       		.uleb128 0x6
 952 003c 21       		.uleb128 0x21
 953 003d 00       		.byte	0
 954 003e 49       		.uleb128 0x49
 955 003f 13       		.uleb128 0x13
 956 0040 2F       		.uleb128 0x2f
 957 0041 05       		.uleb128 0x5
 958 0042 00       		.byte	0
 959 0043 00       		.byte	0
 960 0044 07       		.uleb128 0x7
 961 0045 26       		.uleb128 0x26
 962 0046 00       		.byte	0
 963 0047 49       		.uleb128 0x49
 964 0048 13       		.uleb128 0x13
 965 0049 00       		.byte	0
ARM GAS  C:\Users\SWAPNIL\AppData\Local\Temp\cc8kZQvf.s 			page 18


 966 004a 00       		.byte	0
 967 004b 08       		.uleb128 0x8
 968 004c 34       		.uleb128 0x34
 969 004d 00       		.byte	0
 970 004e 03       		.uleb128 0x3
 971 004f 0E       		.uleb128 0xe
 972 0050 3A       		.uleb128 0x3a
 973 0051 0B       		.uleb128 0xb
 974 0052 3B       		.uleb128 0x3b
 975 0053 0B       		.uleb128 0xb
 976 0054 49       		.uleb128 0x49
 977 0055 13       		.uleb128 0x13
 978 0056 3F       		.uleb128 0x3f
 979 0057 19       		.uleb128 0x19
 980 0058 02       		.uleb128 0x2
 981 0059 18       		.uleb128 0x18
 982 005a 00       		.byte	0
 983 005b 00       		.byte	0
 984 005c 09       		.uleb128 0x9
 985 005d 21       		.uleb128 0x21
 986 005e 00       		.byte	0
 987 005f 49       		.uleb128 0x49
 988 0060 13       		.uleb128 0x13
 989 0061 2F       		.uleb128 0x2f
 990 0062 0B       		.uleb128 0xb
 991 0063 00       		.byte	0
 992 0064 00       		.byte	0
 993 0065 00       		.byte	0
 994              		.section	.debug_aranges,"",%progbits
 995 0000 14000000 		.4byte	0x14
 996 0004 0200     		.2byte	0x2
 997 0006 00000000 		.4byte	.Ldebug_info0
 998 000a 04       		.byte	0x4
 999 000b 00       		.byte	0
 1000 000c 0000     		.2byte	0
 1001 000e 0000     		.2byte	0
 1002 0010 00000000 		.4byte	0
 1003 0014 00000000 		.4byte	0
 1004              		.section	.debug_line,"",%progbits
 1005              	.Ldebug_line0:
 1006 0000 3D010000 		.section	.debug_str,"MS",%progbits,1
 1006      02003701 
 1006      00000201 
 1006      FB0E0D00 
 1006      01010101 
 1007              	.LASF9:
 1008 0000 5F5F7569 		.ascii	"__uint8_t\000"
 1008      6E74385F 
 1008      7400
 1009              	.LASF16:
 1010 000a 63795F6D 		.ascii	"cy_metadata\000"
 1010      65746164 
 1010      61746100 
 1011              	.LASF1:
 1012 0016 756E7369 		.ascii	"unsigned char\000"
 1012      676E6564 
 1012      20636861 
ARM GAS  C:\Users\SWAPNIL\AppData\Local\Temp\cc8kZQvf.s 			page 19


 1012      7200
 1013              	.LASF17:
 1014 0024 474E5520 		.ascii	"GNU C11 5.4.1 20160609 (release) [ARM/embedded-5-br"
 1014      43313120 
 1014      352E342E 
 1014      31203230 
 1014      31363036 
 1015 0057 616E6368 		.ascii	"anch revision 237715] -mcpu=cortex-m3 -mthumb -g -O"
 1015      20726576 
 1015      6973696F 
 1015      6E203233 
 1015      37373135 
 1016 008a 67202D66 		.ascii	"g -ffunction-sections -ffat-lto-objects\000"
 1016      66756E63 
 1016      74696F6E 
 1016      2D736563 
 1016      74696F6E 
 1017              	.LASF5:
 1018 00b2 6C6F6E67 		.ascii	"long unsigned int\000"
 1018      20756E73 
 1018      69676E65 
 1018      6420696E 
 1018      7400
 1019              	.LASF3:
 1020 00c4 73686F72 		.ascii	"short unsigned int\000"
 1020      7420756E 
 1020      7369676E 
 1020      65642069 
 1020      6E7400
 1021              	.LASF19:
 1022 00d7 433A5C55 		.ascii	"C:\\Users\\SWAPNIL\\Documents\\PSoC Creator\\Lab3_P"
 1022      73657273 
 1022      5C535741 
 1022      504E494C 
 1022      5C446F63 
 1023 0105 61727432 		.ascii	"art2\\Lab3_Part2.cydsn\000"
 1023      5C4C6162 
 1023      335F5061 
 1023      7274322E 
 1023      63796473 
 1024              	.LASF13:
 1025 011b 63795F6D 		.ascii	"cy_meta_custnvl\000"
 1025      6574615F 
 1025      63757374 
 1025      6E766C00 
 1026              	.LASF12:
 1027 012b 63795F6D 		.ascii	"cy_meta_configecc\000"
 1027      6574615F 
 1027      636F6E66 
 1027      69676563 
 1027      6300
 1028              	.LASF8:
 1029 013d 756E7369 		.ascii	"unsigned int\000"
 1029      676E6564 
 1029      20696E74 
 1029      00
 1030              	.LASF7:
ARM GAS  C:\Users\SWAPNIL\AppData\Local\Temp\cc8kZQvf.s 			page 20


 1031 014a 6C6F6E67 		.ascii	"long long unsigned int\000"
 1031      206C6F6E 
 1031      6720756E 
 1031      7369676E 
 1031      65642069 
 1032              	.LASF10:
 1033 0161 75696E74 		.ascii	"uint8_t\000"
 1033      385F7400 
 1034              	.LASF15:
 1035 0169 63795F6D 		.ascii	"cy_meta_flashprotect\000"
 1035      6574615F 
 1035      666C6173 
 1035      6870726F 
 1035      74656374 
 1036              	.LASF14:
 1037 017e 63795F6D 		.ascii	"cy_meta_wonvl\000"
 1037      6574615F 
 1037      776F6E76 
 1037      6C00
 1038              	.LASF11:
 1039 018c 73697A65 		.ascii	"sizetype\000"
 1039      74797065 
 1039      00
 1040              	.LASF6:
 1041 0195 6C6F6E67 		.ascii	"long long int\000"
 1041      206C6F6E 
 1041      6720696E 
 1041      7400
 1042              	.LASF2:
 1043 01a3 73686F72 		.ascii	"short int\000"
 1043      7420696E 
 1043      7400
 1044              	.LASF4:
 1045 01ad 6C6F6E67 		.ascii	"long int\000"
 1045      20696E74 
 1045      00
 1046              	.LASF0:
 1047 01b6 7369676E 		.ascii	"signed char\000"
 1047      65642063 
 1047      68617200 
 1048              	.LASF18:
 1049 01c2 47656E65 		.ascii	"Generated_Source\\PSoC5\\cymetadata.c\000"
 1049      72617465 
 1049      645F536F 
 1049      75726365 
 1049      5C50536F 
 1050              		.ident	"GCC: (GNU Tools for ARM Embedded Processors) 5.4.1 20160609 (release) [ARM/embedded-5-bran
